Rc files read:
  NONE
Latexmk: This is Latexmk, John Collins, 15 June 2025. Version 4.87.
No existing .aux file, so I'll make a simple one, and require run of *latex.
Latexmk: applying rule 'pdflatex'...
Rule 'pdflatex':  Reasons for rerun
Category 'other':
  Rerun of 'pdflatex' forced or previously required:
    Reason or flag: 'Initial setup'

------------
Run number 1 of rule 'pdflatex'
------------
------------
Running 'pdflatex  -file-line-error -interaction=nonstopmode -recorder  "/tmp/tmpsravxmct/tmpindalxux"'
------------
This is pdfTeX, Version 3.141592653-2.6-1.40.28 (TeX Live 2025) (preloaded format=pdflatex)
 restricted \write18 enabled.
entering extended mode
(/tmp/tmpsravxmct/tmpindalxux
LaTeX2e <2025-06-01> patch level 1
L3 programming layer <2025-06-30>

/tmp/tmpsravxmct/tmpindalxux:1: LaTeX Error: Missing \begin{document}.

See the LaTeX manual or LaTeX Companion for explanation.
Type  H <return>  for immediate help.
 ...                                              
                                                  
l.1 P
     ara remover o rótulo de arestas de destino de diferentes \(\text{runs}...
Missing character: There is no P in font nullfont!
Missing character: There is no a in font nullfont!
Missing character: There is no r in font nullfont!
Missing character: There is no a in font nullfont!
Missing character: There is no r in font nullfont!
Missing character: There is no e in font nullfont!
Missing character: There is no m in font nullfont!
Missing character: There is no o in font nullfont!
Missing character: There is no v in font nullfont!
Missing character: There is no e in font nullfont!
Missing character: There is no r in font nullfont!
Missing character: There is no o in font nullfont!
Missing character: There is no r in font nullfont!

LaTeX Font Warning: Font shape `/cmr/m/n' undefined
(Font)              using `/cmr/m/n' instead on input line 1.

/tmp/tmpsravxmct/tmpindalxux:1: Corrupted NFSS tables.
wrong@fontshape ...message {Corrupted NFSS tables}
                                                  error@fontshape else let f...
l.1 Para remover o ró
                      tulo de arestas de destino de diferentes \(\text{runs}...

LaTeX Font Warning: Font shape `/cmr/m/n' undefined
(Font)              using `OT1/cmr/m/n' instead on input line 1.

Missing character: There is no t in font nullfont!
Missing character: There is no u in font nullfont!
Missing character: There is no l in font nullfont!
Missing character: There is no o in font nullfont!
Missing character: There is no d in font nullfont!
Missing character: There is no e in font nullfont!
Missing character: There is no a in font nullfont!
Missing character: There is no r in font nullfont!
Missing character: There is no e in font nullfont!
Missing character: There is no s in font nullfont!
Missing character: There is no t in font nullfont!
Missing character: There is no a in font nullfont!
Missing character: There is no s in font nullfont!
Missing character: There is no d in font nullfont!
Missing character: There is no e in font nullfont!
Missing character: There is no d in font nullfont!
Missing character: There is no e in font nullfont!
Missing character: There is no s in font nullfont!
Missing character: There is no t in font nullfont!
Missing character: There is no i in font nullfont!
Missing character: There is no n in font nullfont!
Missing character: There is no o in font nullfont!
Missing character: There is no d in font nullfont!
Missing character: There is no e in font nullfont!
Missing character: There is no d in font nullfont!
Missing character: There is no i in font nullfont!
Missing character: There is no f in font nullfont!
Missing character: There is no e in font nullfont!
Missing character: There is no r in font nullfont!
Missing character: There is no e in font nullfont!
Missing character: There is no n in font nullfont!
Missing character: There is no t in font nullfont!
Missing character: There is no e in font nullfont!
Missing character: There is no s in font nullfont!
/tmp/tmpsravxmct/tmpindalxux:1: Undefined control sequence.
l.1 ...de arestas de destino de diferentes \(\text
                                                  {runs}\) de um mesmo ciclo...
Missing character: There is no d in font nullfont!
Missing character: There is no e in font nullfont!
Missing character: There is no u in font nullfont!
Missing character: There is no m in font nullfont!
Missing character: There is no m in font nullfont!
Missing character: There is no e in font nullfont!
Missing character: There is no s in font nullfont!
Missing character: There is no m in font nullfont!
Missing character: There is no o in font nullfont!
Missing character: There is no c in font nullfont!
Missing character: There is no i in font nullfont!
Missing character: There is no c in font nullfont!
Missing character: There is no l in font nullfont!
Missing character: There is no o in font nullfont!
Missing character: There is no , in font nullfont!
Missing character: There is no p in font nullfont!
Missing character: There is no o in font nullfont!
Missing character: There is no d in font nullfont!
Missing character: There is no e in font nullfont!
Missing character: There is no m in font nullfont!
Missing character: There is no o in font nullfont!
Missing character: There is no s in font nullfont!
Missing character: There is no u in font nullfont!
Missing character: There is no s in font nullfont!
Missing character: There is no a in font nullfont!
Missing character: There is no r in font nullfont!
Missing character: There is no o in font nullfont!
Missing character: There is no p in font nullfont!
Missing character: There is no a in font nullfont!
Missing character: There is no c in font nullfont!
Missing character: There is no o in font nullfont!
Missing character: There is no t in font nullfont!
Missing character: There is no e in font nullfont!
Missing character: There is no ` in font nullfont!
Missing character: There is no t in font nullfont!
Missing character: There is no i in font nullfont!
Missing character: There is no k in font nullfont!
Missing character: There is no z in font nullfont!
Missing character: There is no ` in font nullfont!
Missing character: There is no p in font nullfont!
Missing character: There is no a in font nullfont!
Missing character: There is no r in font nullfont!
Missing character: There is no a in font nullfont!
Missing character: There is no c in font nullfont!
Missing character: There is no r in font nullfont!
Missing character: There is no i in font nullfont!
Missing character: There is no a in font nullfont!
Missing character: There is no r in font nullfont!
Missing character: There is no u in font nullfont!
Missing character: There is no m in font nullfont!
Missing character: There is no g in font nullfont!
Missing character: There is no r in font nullfont!
Missing character: There is no f in font nullfont!
Missing character: There is no i in font nullfont!
Missing character: There is no c in font nullfont!
Missing character: There is no o in font nullfont!
Missing character: There is no r in font nullfont!
Missing character: There is no e in font nullfont!
Missing character: There is no p in font nullfont!
Missing character: There is no r in font nullfont!
Missing character: There is no e in font nullfont!
Missing character: There is no s in font nullfont!
Missing character: There is no e in font nullfont!
Missing character: There is no n in font nullfont!
Missing character: There is no t in font nullfont!
Missing character: There is no a in font nullfont!
Missing character: There is no n in font nullfont!
Missing character: There is no d in font nullfont!
Missing character: There is no o in font nullfont!
Missing character: There is no o in font nullfont!
Missing character: There is no c in font nullfont!
Missing character: There is no i in font nullfont!
Missing character: There is no c in font nullfont!
Missing character: There is no l in font nullfont!
Missing character: There is no o in font nullfont!
Missing character: There is no e in font nullfont!
Missing character: There is no a in font nullfont!
Missing character: There is no s in font nullfont!
Missing character: There is no a in font nullfont!
Missing character: There is no r in font nullfont!
Missing character: There is no e in font nullfont!
Missing character: There is no s in font nullfont!
Missing character: There is no t in font nullfont!
Missing character: There is no a in font nullfont!
Missing character: There is no s in font nullfont!
Missing character: There is no c in font nullfont!
Missing character: There is no o in font nullfont!
Missing character: There is no r in font nullfont!
Missing character: There is no r in font nullfont!
Missing character: There is no e in font nullfont!
Missing character: There is no s in font nullfont!
Missing character: There is no p in font nullfont!
Missing character: There is no o in font nullfont!
Missing character: There is no n in font nullfont!
Missing character: There is no d in font nullfont!
Missing character: There is no e in font nullfont!
Missing character: There is no n in font nullfont!
Missing character: There is no t in font nullfont!
Missing character: There is no e in font nullfont!
Missing character: There is no s in font nullfont!
Missing character: There is no . in font nullfont!
Missing character: There is no V in font nullfont!
Missing character: There is no a in font nullfont!
Missing character: There is no m in font nullfont!
Missing character: There is no o in font nullfont!
Missing character: There is no s in font nullfont!
Missing character: There is no c in font nullfont!
Missing character: There is no o in font nullfont!
Missing character: There is no n in font nullfont!
Missing character: There is no s in font nullfont!
Missing character: There is no i in font nullfont!
Missing character: There is no d in font nullfont!
Missing character: There is no e in font nullfont!
Missing character: There is no r in font nullfont!
Missing character: There is no a in font nullfont!
Missing character: There is no r in font nullfont!
Missing character: There is no o in font nullfont!
Missing character: There is no e in font nullfont!
Missing character: There is no x in font nullfont!
Missing character: There is no e in font nullfont!
Missing character: There is no m in font nullfont!
Missing character: There is no p in font nullfont!
Missing character: There is no l in font nullfont!
Missing character: There is no o in font nullfont!
Missing character: There is no f in font nullfont!
Missing character: There is no o in font nullfont!
Missing character: There is no r in font nullfont!
Missing character: There is no n in font nullfont!
Missing character: There is no e in font nullfont!
Missing character: There is no c in font nullfont!
Missing character: There is no i in font nullfont!
Missing character: There is no d in font nullfont!
Missing character: There is no o in font nullfont!
Missing character: There is no : in font nullfont!

Overfull \hbox (20.0pt too wide) in paragraph at lines 1--3
[]

Overfull \hbox (10.00003pt too wide) in paragraph at lines 1--3
\/cmr/m/n/10 ^^So

Overfull \hbox (21.2038pt too wide) in paragraph at lines 1--3
[]$

Overfull \hbox (5.00002pt too wide) in paragraph at lines 1--3
\/cmr/m/n/10 ^^Sa

/tmp/tmpsravxmct/tmpindalxux:4: LaTeX Error: Missing \begin{document}.

See the LaTeX manual or LaTeX Companion for explanation.
Type  H <return>  for immediate help.
 ...                                              
                                                  
l.4 \[
       A = (0~\alpha~11~9~7~5~3~\alpha~2~13) \]

Overfull \hbox (20.0pt too wide) in paragraph at lines 4--4
[][] 

Overfull \hbox (91.47926pt too wide) detected at line 4
\OML/cmm/m/it/10 A \/cmr/m/n/10 = (0 \OML/cmm/m/it/10  \/cmr/m/n/10 11 9 7 5 3 \OML/cmm/m/it/10  \/cmr/m/n/10 2 13)

Overfull \hbox (29.3356pt too wide) detected at line 5
\OML/cmm/m/it/10 n \/cmr/m/n/10 = 12

/tmp/tmpsravxmct/tmpindalxux:7: LaTeX Error: Missing \begin{document}.

See the LaTeX manual or LaTeX Companion for explanation.
Type  H <return>  for immediate help.
 ...                                              
                                                  
l.7 A
      operação aplicada em \(A\) é a inserção \(\phi(0, (1~4~8))\).
Missing character: There is no A in font nullfont!
Missing character: There is no o in font nullfont!
Missing character: There is no p in font nullfont!
Missing character: There is no e in font nullfont!
Missing character: There is no r in font nullfont!
Missing character: There is no a in font nullfont!
Missing character: There is no o in font nullfont!
Missing character: There is no a in font nullfont!
Missing character: There is no p in font nullfont!
Missing character: There is no l in font nullfont!
Missing character: There is no i in font nullfont!
Missing character: There is no c in font nullfont!
Missing character: There is no a in font nullfont!
Missing character: There is no d in font nullfont!
Missing character: There is no a in font nullfont!
Missing character: There is no e in font nullfont!
Missing character: There is no m in font nullfont!
Missing character: There is no a in font nullfont!
Missing character: There is no i in font nullfont!
Missing character: There is no n in font nullfont!
Missing character: There is no s in font nullfont!
Missing character: There is no e in font nullfont!
Missing character: There is no r in font nullfont!
Missing character: There is no o in font nullfont!
Missing character: There is no . in font nullfont!

Overfull \hbox (20.0pt too wide) in paragraph at lines 7--8
[]

Overfull \hbox (9.44446pt too wide) in paragraph at lines 7--8
\/cmr/m/n/10 ^^Xc~a

Overfull \hbox (7.50002pt too wide) in paragraph at lines 7--8
\OML/cmm/m/it/10 A$

Overfull \hbox (4.44444pt too wide) in paragraph at lines 7--8
\/cmr/m/n/10 ^^Se

Overfull \hbox (9.44446pt too wide) in paragraph at lines 7--8
\/cmr/m/n/10 ^^Xc~a

Overfull \hbox (45.95842pt too wide) in paragraph at lines 7--8
\OML/cmm/m/it/10 ^^^\/cmr/m/n/10 (0\OML/cmm/m/it/10 ; \/cmr/m/n/10 (1 4 8))$ 

/tmp/tmpsravxmct/tmpindalxux:9: LaTeX Error: Missing \begin{document}.

See the LaTeX manual or LaTeX Companion for explanation.
Type  H <return>  for immediate help.
 ...                                              
                                                  
l.9 V
     amos criar um código TikZ para representar este ciclo e destacar as ar...
Missing character: There is no V in font nullfont!
Missing character: There is no a in font nullfont!
Missing character: There is no m in font nullfont!
Missing character: There is no o in font nullfont!
Missing character: There is no s in font nullfont!
Missing character: There is no c in font nullfont!
Missing character: There is no r in font nullfont!
Missing character: There is no i in font nullfont!
Missing character: There is no a in font nullfont!
Missing character: There is no r in font nullfont!
Missing character: There is no u in font nullfont!
Missing character: There is no m in font nullfont!
Missing character: There is no c in font nullfont!
Missing character: There is no d in font nullfont!
Missing character: There is no i in font nullfont!
Missing character: There is no g in font nullfont!
Missing character: There is no o in font nullfont!
Missing character: There is no T in font nullfont!
Missing character: There is no i in font nullfont!
Missing character: There is no k in font nullfont!
Missing character: There is no Z in font nullfont!
Missing character: There is no p in font nullfont!
Missing character: There is no a in font nullfont!
Missing character: There is no r in font nullfont!
Missing character: There is no a in font nullfont!
Missing character: There is no r in font nullfont!
Missing character: There is no e in font nullfont!
Missing character: There is no p in font nullfont!
Missing character: There is no r in font nullfont!
Missing character: There is no e in font nullfont!
Missing character: There is no s in font nullfont!
Missing character: There is no e in font nullfont!
Missing character: There is no n in font nullfont!
Missing character: There is no t in font nullfont!
Missing character: There is no a in font nullfont!
Missing character: There is no r in font nullfont!
Missing character: There is no e in font nullfont!
Missing character: There is no s in font nullfont!
Missing character: There is no t in font nullfont!
Missing character: There is no e in font nullfont!
Missing character: There is no c in font nullfont!
Missing character: There is no i in font nullfont!
Missing character: There is no c in font nullfont!
Missing character: There is no l in font nullfont!
Missing character: There is no o in font nullfont!
Missing character: There is no e in font nullfont!
Missing character: There is no d in font nullfont!
Missing character: There is no e in font nullfont!
Missing character: There is no s in font nullfont!
Missing character: There is no t in font nullfont!
Missing character: There is no a in font nullfont!
Missing character: There is no c in font nullfont!
Missing character: There is no a in font nullfont!
Missing character: There is no r in font nullfont!
Missing character: There is no a in font nullfont!
Missing character: There is no s in font nullfont!
Missing character: There is no a in font nullfont!
Missing character: There is no r in font nullfont!
Missing character: There is no e in font nullfont!
Missing character: There is no s in font nullfont!
Missing character: There is no t in font nullfont!
Missing character: There is no a in font nullfont!
Missing character: There is no s in font nullfont!
Missing character: There is no d in font nullfont!
Missing character: There is no e in font nullfont!
Missing character: There is no d in font nullfont!
Missing character: There is no e in font nullfont!
Missing character: There is no s in font nullfont!
Missing character: There is no t in font nullfont!
Missing character: There is no i in font nullfont!
Missing character: There is no n in font nullfont!
Missing character: There is no o in font nullfont!
Missing character: There is no d in font nullfont!
Missing character: There is no a in font nullfont!
Missing character: There is no s in font nullfont!
Missing character: There is no d in font nullfont!
Missing character: There is no i in font nullfont!
Missing character: There is no f in font nullfont!
Missing character: There is no e in font nullfont!
Missing character: There is no r in font nullfont!
Missing character: There is no e in font nullfont!
Missing character: There is no n in font nullfont!
Missing character: There is no t in font nullfont!
Missing character: There is no e in font nullfont!
Missing character: There is no s in font nullfont!
/tmp/tmpsravxmct/tmpindalxux:9: Undefined control sequence.
l.9 ...s arestas de destino das diferentes \(\text
                                                  {runs}\):
Missing character: There is no : in font nullfont!

Overfull \hbox (20.0pt too wide) in paragraph at lines 9--10
[]

Overfull \hbox (5.00002pt too wide) in paragraph at lines 9--10
\/cmr/m/n/10 ^^So

Overfull \hbox (21.2038pt too wide) in paragraph at lines 9--10
[]$ 

/tmp/tmpsravxmct/tmpindalxux:11: LaTeX Error: Missing \begin{document}.

See the LaTeX manual or LaTeX Companion for explanation.
Type  H <return>  for immediate help.
 ...                                              
                                                  
l.11 `
      ``latex
Missing character: There is no ` in font nullfont!
Missing character: There is no ` in font nullfont!
Missing character: There is no ` in font nullfont!
Missing character: There is no l in font nullfont!
Missing character: There is no a in font nullfont!
Missing character: There is no t in font nullfont!
Missing character: There is no e in font nullfont!
Missing character: There is no x in font nullfont!
(/home/yuwenhan/Software/texlive/2025/texmf-dist/tex/latex/standalone/standalone.cls
Document Class: standalone 2025/02/22 v1.5a Class to compile TeX sub-files standalone
(/home/yuwenhan/Software/texlive/2025/texmf-dist/tex/latex/tools/shellesc.sty) (/home/yuwenhan/Software/texlive/2025/texmf-dist/tex/generic/iftex/ifluatex.sty
Overfull \hbox (20.0pt too wide) in paragraph at lines 11--2
[]
(/home/yuwenhan/Software/texlive/2025/texmf-dist/tex/generic/iftex/iftex.sty)) (/home/yuwenhan/Software/texlive/2025/texmf-dist/tex/latex/xkeyval/xkeyval.sty (/home/yuwenhan/Software/texlive/2025/texmf-dist/tex/generic/xkeyval/xkeyval.tex (/home/yuwenhan/Software/texlive/2025/texmf-dist/tex/generic/xkeyval/xkvutils.tex (/home/yuwenhan/Software/texlive/2025/texmf-dist/tex/generic/xkeyval/keyval.tex)))) (/home/yuwenhan/Software/texlive/2025/texmf-dist/tex/latex/standalone/standalone.cfg) (/home/yuwenhan/Software/texlive/2025/texmf-dist/tex/latex/base/article.cls
Document Class: article 2025/01/22 v1.4n Standard LaTeX document class
(/home/yuwenhan/Software/texlive/2025/texmf-dist/tex/latex/base/size10.clo)
[1{/home/yuwenhan/Software/texlive/2025/texmf-var/fonts/map/pdftex/updmap/pdftex.map}])) (/home/yuwenhan/Software/texlive/2025/texmf-dist/tex/latex/pgf/frontendlayer/tikz.sty (/home/yuwenhan/Software/texlive/2025/texmf-dist/tex/latex/pgf/basiclayer/pgf.sty (/home/yuwenhan/Software/texlive/2025/texmf-dist/tex/latex/pgf/utilities/pgfrcs.sty (/home/yuwenhan/Software/texlive/2025/texmf-dist/tex/generic/pgf/utilities/pgfutil-common.tex) (/home/yuwenhan/Software/texlive/2025/texmf-dist/tex/generic/pgf/utilities/pgfutil-latex.def) (/home/yuwenhan/Software/texlive/2025/texmf-dist/tex/generic/pgf/utilities/pgfrcs.code.tex (/home/yuwenhan/Software/texlive/2025/texmf-dist/tex/generic/pgf/pgf.revision.tex))) (/home/yuwenhan/Software/texlive/2025/texmf-dist/tex/latex/pgf/basiclayer/pgfcore.sty (/home/yuwenhan/Software/texlive/2025/texmf-dist/tex/latex/graphics/graphicx.sty (/home/yuwenhan/Software/texlive/2025/texmf-dist/tex/latex/graphics/graphics.sty
(/home/yuwenhan/Software/texlive/2025/texmf-dist/tex/latex/graphics/trig.sty) (/home/yuwenhan/Software/texlive/2025/texmf-dist/tex/latex/graphics-cfg/graphics.cfg) (/home/yuwenhan/Software/texlive/2025/texmf-dist/tex/latex/graphics-def/pdftex.def))) (/home/yuwenhan/Software/texlive/2025/texmf-dist/tex/latex/pgf/systemlayer/pgfsys.sty (/home/yuwenhan/Software/texlive/2025/texmf-dist/tex/generic/pgf/systemlayer/pgfsys.code.tex (/home/yuwenhan/Software/texlive/2025/texmf-dist/tex/generic/pgf/utilities/pgfkeys.code.tex (/home/yuwenhan/Software/texlive/2025/texmf-dist/tex/generic/pgf/utilities/pgfkeyslibraryfiltered.code.tex)) (/home/yuwenhan/Software/texlive/2025/texmf-dist/tex/generic/pgf/systemlayer/pgf.cfg) (/home/yuwenhan/Software/texlive/2025/texmf-dist/tex/generic/pgf/systemlayer/pgfsys-pdftex.def (/home/yuwenhan/Software/texlive/2025/texmf-dist/tex/generic/pgf/systemlayer/pgfsys-common-pdf.def)))
(/home/yuwenhan/Software/texlive/2025/texmf-dist/tex/generic/pgf/systemlayer/pgfsyssoftpath.code.tex) (/home/yuwenhan/Software/texlive/2025/texmf-dist/tex/generic/pgf/systemlayer/pgfsysprotocol.code.tex)) (/home/yuwenhan/Software/texlive/2025/texmf-dist/tex/latex/xcolor/xcolor.sty (/home/yuwenhan/Software/texlive/2025/texmf-dist/tex/latex/graphics-cfg/color.cfg) (/home/yuwenhan/Software/texlive/2025/texmf-dist/tex/latex/graphics/mathcolor.ltx)) (/home/yuwenhan/Software/texlive/2025/texmf-dist/tex/generic/pgf/basiclayer/pgfcore.code.tex (/home/yuwenhan/Software/texlive/2025/texmf-dist/tex/generic/pgf/math/pgfmath.code.tex (/home/yuwenhan/Software/texlive/2025/texmf-dist/tex/generic/pgf/math/pgfmathutil.code.tex) (/home/yuwenhan/Software/texlive/2025/texmf-dist/tex/generic/pgf/math/pgfmathparser.code.tex) (/home/yuwenhan/Software/texlive/2025/texmf-dist/tex/generic/pgf/math/pgfmathfunctions.code.tex)
(/home/yuwenhan/Software/texlive/2025/texmf-dist/tex/generic/pgf/math/pgfmathfunctions.basic.code.tex) (/home/yuwenhan/Software/texlive/2025/texmf-dist/tex/generic/pgf/math/pgfmathfunctions.trigonometric.code.tex) (/home/yuwenhan/Software/texlive/2025/texmf-dist/tex/generic/pgf/math/pgfmathfunctions.random.code.tex) (/home/yuwenhan/Software/texlive/2025/texmf-dist/tex/generic/pgf/math/pgfmathfunctions.comparison.code.tex) (/home/yuwenhan/Software/texlive/2025/texmf-dist/tex/generic/pgf/math/pgfmathfunctions.base.code.tex) (/home/yuwenhan/Software/texlive/2025/texmf-dist/tex/generic/pgf/math/pgfmathfunctions.round.code.tex) (/home/yuwenhan/Software/texlive/2025/texmf-dist/tex/generic/pgf/math/pgfmathfunctions.misc.code.tex) (/home/yuwenhan/Software/texlive/2025/texmf-dist/tex/generic/pgf/math/pgfmathfunctions.integerarithmetics.code.tex) (/home/yuwenhan/Software/texlive/2025/texmf-dist/tex/generic/pgf/math/pgfmathcalc.code.tex)
(/home/yuwenhan/Software/texlive/2025/texmf-dist/tex/generic/pgf/math/pgfmathfloat.code.tex)) (/home/yuwenhan/Software/texlive/2025/texmf-dist/tex/generic/pgf/math/pgfint.code.tex) (/home/yuwenhan/Software/texlive/2025/texmf-dist/tex/generic/pgf/basiclayer/pgfcorepoints.code.tex) (/home/yuwenhan/Software/texlive/2025/texmf-dist/tex/generic/pgf/basiclayer/pgfcorepathconstruct.code.tex) (/home/yuwenhan/Software/texlive/2025/texmf-dist/tex/generic/pgf/basiclayer/pgfcorepathusage.code.tex) (/home/yuwenhan/Software/texlive/2025/texmf-dist/tex/generic/pgf/basiclayer/pgfcorescopes.code.tex) (/home/yuwenhan/Software/texlive/2025/texmf-dist/tex/generic/pgf/basiclayer/pgfcoregraphicstate.code.tex) (/home/yuwenhan/Software/texlive/2025/texmf-dist/tex/generic/pgf/basiclayer/pgfcoretransformations.code.tex) (/home/yuwenhan/Software/texlive/2025/texmf-dist/tex/generic/pgf/basiclayer/pgfcorequick.code.tex)
(/home/yuwenhan/Software/texlive/2025/texmf-dist/tex/generic/pgf/basiclayer/pgfcoreobjects.code.tex) (/home/yuwenhan/Software/texlive/2025/texmf-dist/tex/generic/pgf/basiclayer/pgfcorepathprocessing.code.tex) (/home/yuwenhan/Software/texlive/2025/texmf-dist/tex/generic/pgf/basiclayer/pgfcorearrows.code.tex) (/home/yuwenhan/Software/texlive/2025/texmf-dist/tex/generic/pgf/basiclayer/pgfcoreshade.code.tex) (/home/yuwenhan/Software/texlive/2025/texmf-dist/tex/generic/pgf/basiclayer/pgfcoreimage.code.tex) (/home/yuwenhan/Software/texlive/2025/texmf-dist/tex/generic/pgf/basiclayer/pgfcoreexternal.code.tex) (/home/yuwenhan/Software/texlive/2025/texmf-dist/tex/generic/pgf/basiclayer/pgfcorelayers.code.tex) (/home/yuwenhan/Software/texlive/2025/texmf-dist/tex/generic/pgf/basiclayer/pgfcoretransparency.code.tex) (/home/yuwenhan/Software/texlive/2025/texmf-dist/tex/generic/pgf/basiclayer/pgfcorepatterns.code.tex)
(/home/yuwenhan/Software/texlive/2025/texmf-dist/tex/generic/pgf/basiclayer/pgfcorerdf.code.tex))) (/home/yuwenhan/Software/texlive/2025/texmf-dist/tex/generic/pgf/modules/pgfmoduleshapes.code.tex) (/home/yuwenhan/Software/texlive/2025/texmf-dist/tex/generic/pgf/modules/pgfmoduleplot.code.tex) (/home/yuwenhan/Software/texlive/2025/texmf-dist/tex/latex/pgf/compatibility/pgfcomp-version-0-65.sty) (/home/yuwenhan/Software/texlive/2025/texmf-dist/tex/latex/pgf/compatibility/pgfcomp-version-1-18.sty)) (/home/yuwenhan/Software/texlive/2025/texmf-dist/tex/latex/pgf/utilities/pgffor.sty (/home/yuwenhan/Software/texlive/2025/texmf-dist/tex/latex/pgf/utilities/pgfkeys.sty (/home/yuwenhan/Software/texlive/2025/texmf-dist/tex/generic/pgf/utilities/pgfkeys.code.tex)) (/home/yuwenhan/Software/texlive/2025/texmf-dist/tex/latex/pgf/math/pgfmath.sty (/home/yuwenhan/Software/texlive/2025/texmf-dist/tex/generic/pgf/math/pgfmath.code.tex))
(/home/yuwenhan/Software/texlive/2025/texmf-dist/tex/generic/pgf/utilities/pgffor.code.tex)) (/home/yuwenhan/Software/texlive/2025/texmf-dist/tex/generic/pgf/frontendlayer/tikz/tikz.code.tex (/home/yuwenhan/Software/texlive/2025/texmf-dist/tex/generic/pgf/libraries/pgflibraryplothandlers.code.tex) (/home/yuwenhan/Software/texlive/2025/texmf-dist/tex/generic/pgf/modules/pgfmodulematrix.code.tex) (/home/yuwenhan/Software/texlive/2025/texmf-dist/tex/generic/pgf/frontendlayer/tikz/libraries/tikzlibrarytopaths.code.tex))) (/home/yuwenhan/Software/texlive/2025/texmf-dist/tex/latex/l3backend/l3backend-pdftex.def) (./tmpindalxux.aux) (/home/yuwenhan/Software/texlive/2025/texmf-dist/tex/context/base/mkii/supp-pdf.mkii
[Loading MPS to PDF converter (version 2006.09.02).]
) (/home/yuwenhan/Software/texlive/2025/texmf-dist/tex/latex/epstopdf-pkg/epstopdf-base.sty (/home/yuwenhan/Software/texlive/2025/texmf-dist/tex/latex/latexconfig/epstopdf-sys.cfg)))
Runaway argument?
[ 
! File ended while scanning use of \tikz@collect@options.
<inserted text> 
                \par 
<*> /tmp/tmpsravxmct/tmpindalxux
                                
! Emergency stop.
<*> /tmp/tmpsravxmct/tmpindalxux
                                
!  ==> Fatal error occurred, no output PDF file produced!
Transcript written on tmpindalxux.log.
Latexmk: Getting log file 'tmpindalxux.log'
Latexmk: Examining 'tmpindalxux.fls'
Latexmk: Examining 'tmpindalxux.log'
Latexmk: applying rule 'pdflatex'...
Rule 'pdflatex':  Reasons for rerun
Changed files or newly in use/created:
  tmpindalxux.aux

------------
Run number 2 of rule 'pdflatex'
------------
------------
Running 'pdflatex  -file-line-error -interaction=nonstopmode -recorder  "/tmp/tmpsravxmct/tmpindalxux"'
------------
This is pdfTeX, Version 3.141592653-2.6-1.40.28 (TeX Live 2025) (preloaded format=pdflatex)
 restricted \write18 enabled.
entering extended mode
(/tmp/tmpsravxmct/tmpindalxux
LaTeX2e <2025-06-01> patch level 1
L3 programming layer <2025-06-30>

/tmp/tmpsravxmct/tmpindalxux:1: LaTeX Error: Missing \begin{document}.

See the LaTeX manual or LaTeX Companion for explanation.
Type  H <return>  for immediate help.
 ...                                              
                                                  
l.1 P
     ara remover o rótulo de arestas de destino de diferentes \(\text{runs}...
Missing character: There is no P in font nullfont!
Missing character: There is no a in font nullfont!
Missing character: There is no r in font nullfont!
Missing character: There is no a in font nullfont!
Missing character: There is no r in font nullfont!
Missing character: There is no e in font nullfont!
Missing character: There is no m in font nullfont!
Missing character: There is no o in font nullfont!
Missing character: There is no v in font nullfont!
Missing character: There is no e in font nullfont!
Missing character: There is no r in font nullfont!
Missing character: There is no o in font nullfont!
Missing character: There is no r in font nullfont!

LaTeX Font Warning: Font shape `/cmr/m/n' undefined
(Font)              using `/cmr/m/n' instead on input line 1.

/tmp/tmpsravxmct/tmpindalxux:1: Corrupted NFSS tables.
wrong@fontshape ...message {Corrupted NFSS tables}
                                                  error@fontshape else let f...
l.1 Para remover o ró
                      tulo de arestas de destino de diferentes \(\text{runs}...

LaTeX Font Warning: Font shape `/cmr/m/n' undefined
(Font)              using `OT1/cmr/m/n' instead on input line 1.

Missing character: There is no t in font nullfont!
Missing character: There is no u in font nullfont!
Missing character: There is no l in font nullfont!
Missing character: There is no o in font nullfont!
Missing character: There is no d in font nullfont!
Missing character: There is no e in font nullfont!
Missing character: There is no a in font nullfont!
Missing character: There is no r in font nullfont!
Missing character: There is no e in font nullfont!
Missing character: There is no s in font nullfont!
Missing character: There is no t in font nullfont!
Missing character: There is no a in font nullfont!
Missing character: There is no s in font nullfont!
Missing character: There is no d in font nullfont!
Missing character: There is no e in font nullfont!
Missing character: There is no d in font nullfont!
Missing character: There is no e in font nullfont!
Missing character: There is no s in font nullfont!
Missing character: There is no t in font nullfont!
Missing character: There is no i in font nullfont!
Missing character: There is no n in font nullfont!
Missing character: There is no o in font nullfont!
Missing character: There is no d in font nullfont!
Missing character: There is no e in font nullfont!
Missing character: There is no d in font nullfont!
Missing character: There is no i in font nullfont!
Missing character: There is no f in font nullfont!
Missing character: There is no e in font nullfont!
Missing character: There is no r in font nullfont!
Missing character: There is no e in font nullfont!
Missing character: There is no n in font nullfont!
Missing character: There is no t in font nullfont!
Missing character: There is no e in font nullfont!
Missing character: There is no s in font nullfont!
/tmp/tmpsravxmct/tmpindalxux:1: Undefined control sequence.
l.1 ...de arestas de destino de diferentes \(\text
                                                  {runs}\) de um mesmo ciclo...
Missing character: There is no d in font nullfont!
Missing character: There is no e in font nullfont!
Missing character: There is no u in font nullfont!
Missing character: There is no m in font nullfont!
Missing character: There is no m in font nullfont!
Missing character: There is no e in font nullfont!
Missing character: There is no s in font nullfont!
Missing character: There is no m in font nullfont!
Missing character: There is no o in font nullfont!
Missing character: There is no c in font nullfont!
Missing character: There is no i in font nullfont!
Missing character: There is no c in font nullfont!
Missing character: There is no l in font nullfont!
Missing character: There is no o in font nullfont!
Missing character: There is no , in font nullfont!
Missing character: There is no p in font nullfont!
Missing character: There is no o in font nullfont!
Missing character: There is no d in font nullfont!
Missing character: There is no e in font nullfont!
Missing character: There is no m in font nullfont!
Missing character: There is no o in font nullfont!
Missing character: There is no s in font nullfont!
Missing character: There is no u in font nullfont!
Missing character: There is no s in font nullfont!
Missing character: There is no a in font nullfont!
Missing character: There is no r in font nullfont!
Missing character: There is no o in font nullfont!
Missing character: There is no p in font nullfont!
Missing character: There is no a in font nullfont!
Missing character: There is no c in font nullfont!
Missing character: There is no o in font nullfont!
Missing character: There is no t in font nullfont!
Missing character: There is no e in font nullfont!
Missing character: There is no ` in font nullfont!
Missing character: There is no t in font nullfont!
Missing character: There is no i in font nullfont!
Missing character: There is no k in font nullfont!
Missing character: There is no z in font nullfont!
Missing character: There is no ` in font nullfont!
Missing character: There is no p in font nullfont!
Missing character: There is no a in font nullfont!
Missing character: There is no r in font nullfont!
Missing character: There is no a in font nullfont!
Missing character: There is no c in font nullfont!
Missing character: There is no r in font nullfont!
Missing character: There is no i in font nullfont!
Missing character: There is no a in font nullfont!
Missing character: There is no r in font nullfont!
Missing character: There is no u in font nullfont!
Missing character: There is no m in font nullfont!
Missing character: There is no g in font nullfont!
Missing character: There is no r in font nullfont!
Missing character: There is no f in font nullfont!
Missing character: There is no i in font nullfont!
Missing character: There is no c in font nullfont!
Missing character: There is no o in font nullfont!
Missing character: There is no r in font nullfont!
Missing character: There is no e in font nullfont!
Missing character: There is no p in font nullfont!
Missing character: There is no r in font nullfont!
Missing character: There is no e in font nullfont!
Missing character: There is no s in font nullfont!
Missing character: There is no e in font nullfont!
Missing character: There is no n in font nullfont!
Missing character: There is no t in font nullfont!
Missing character: There is no a in font nullfont!
Missing character: There is no n in font nullfont!
Missing character: There is no d in font nullfont!
Missing character: There is no o in font nullfont!
Missing character: There is no o in font nullfont!
Missing character: There is no c in font nullfont!
Missing character: There is no i in font nullfont!
Missing character: There is no c in font nullfont!
Missing character: There is no l in font nullfont!
Missing character: There is no o in font nullfont!
Missing character: There is no e in font nullfont!
Missing character: There is no a in font nullfont!
Missing character: There is no s in font nullfont!
Missing character: There is no a in font nullfont!
Missing character: There is no r in font nullfont!
Missing character: There is no e in font nullfont!
Missing character: There is no s in font nullfont!
Missing character: There is no t in font nullfont!
Missing character: There is no a in font nullfont!
Missing character: There is no s in font nullfont!
Missing character: There is no c in font nullfont!
Missing character: There is no o in font nullfont!
Missing character: There is no r in font nullfont!
Missing character: There is no r in font nullfont!
Missing character: There is no e in font nullfont!
Missing character: There is no s in font nullfont!
Missing character: There is no p in font nullfont!
Missing character: There is no o in font nullfont!
Missing character: There is no n in font nullfont!
Missing character: There is no d in font nullfont!
Missing character: There is no e in font nullfont!
Missing character: There is no n in font nullfont!
Missing character: There is no t in font nullfont!
Missing character: There is no e in font nullfont!
Missing character: There is no s in font nullfont!
Missing character: There is no . in font nullfont!
Missing character: There is no V in font nullfont!
Missing character: There is no a in font nullfont!
Missing character: There is no m in font nullfont!
Missing character: There is no o in font nullfont!
Missing character: There is no s in font nullfont!
Missing character: There is no c in font nullfont!
Missing character: There is no o in font nullfont!
Missing character: There is no n in font nullfont!
Missing character: There is no s in font nullfont!
Missing character: There is no i in font nullfont!
Missing character: There is no d in font nullfont!
Missing character: There is no e in font nullfont!
Missing character: There is no r in font nullfont!
Missing character: There is no a in font nullfont!
Missing character: There is no r in font nullfont!
Missing character: There is no o in font nullfont!
Missing character: There is no e in font nullfont!
Missing character: There is no x in font nullfont!
Missing character: There is no e in font nullfont!
Missing character: There is no m in font nullfont!
Missing character: There is no p in font nullfont!
Missing character: There is no l in font nullfont!
Missing character: There is no o in font nullfont!
Missing character: There is no f in font nullfont!
Missing character: There is no o in font nullfont!
Missing character: There is no r in font nullfont!
Missing character: There is no n in font nullfont!
Missing character: There is no e in font nullfont!
Missing character: There is no c in font nullfont!
Missing character: There is no i in font nullfont!
Missing character: There is no d in font nullfont!
Missing character: There is no o in font nullfont!
Missing character: There is no : in font nullfont!

Overfull \hbox (20.0pt too wide) in paragraph at lines 1--3
[]

Overfull \hbox (10.00003pt too wide) in paragraph at lines 1--3
\/cmr/m/n/10 ^^So

Overfull \hbox (21.2038pt too wide) in paragraph at lines 1--3
[]$

Overfull \hbox (5.00002pt too wide) in paragraph at lines 1--3
\/cmr/m/n/10 ^^Sa

/tmp/tmpsravxmct/tmpindalxux:4: LaTeX Error: Missing \begin{document}.

See the LaTeX manual or LaTeX Companion for explanation.
Type  H <return>  for immediate help.
 ...                                              
                                                  
l.4 \[
       A = (0~\alpha~11~9~7~5~3~\alpha~2~13) \]

Overfull \hbox (20.0pt too wide) in paragraph at lines 4--4
[][] 

Overfull \hbox (91.47926pt too wide) detected at line 4
\OML/cmm/m/it/10 A \/cmr/m/n/10 = (0 \OML/cmm/m/it/10  \/cmr/m/n/10 11 9 7 5 3 \OML/cmm/m/it/10  \/cmr/m/n/10 2 13)

Overfull \hbox (29.3356pt too wide) detected at line 5
\OML/cmm/m/it/10 n \/cmr/m/n/10 = 12

/tmp/tmpsravxmct/tmpindalxux:7: LaTeX Error: Missing \begin{document}.

See the LaTeX manual or LaTeX Companion for explanation.
Type  H <return>  for immediate help.
 ...                                              
                                                  
l.7 A
      operação aplicada em \(A\) é a inserção \(\phi(0, (1~4~8))\).
Missing character: There is no A in font nullfont!
Missing character: There is no o in font nullfont!
Missing character: There is no p in font nullfont!
Missing character: There is no e in font nullfont!
Missing character: There is no r in font nullfont!
Missing character: There is no a in font nullfont!
Missing character: There is no o in font nullfont!
Missing character: There is no a in font nullfont!
Missing character: There is no p in font nullfont!
Missing character: There is no l in font nullfont!
Missing character: There is no i in font nullfont!
Missing character: There is no c in font nullfont!
Missing character: There is no a in font nullfont!
Missing character: There is no d in font nullfont!
Missing character: There is no a in font nullfont!
Missing character: There is no e in font nullfont!
Missing character: There is no m in font nullfont!
Missing character: There is no a in font nullfont!
Missing character: There is no i in font nullfont!
Missing character: There is no n in font nullfont!
Missing character: There is no s in font nullfont!
Missing character: There is no e in font nullfont!
Missing character: There is no r in font nullfont!
Missing character: There is no o in font nullfont!
Missing character: There is no . in font nullfont!

Overfull \hbox (20.0pt too wide) in paragraph at lines 7--8
[]

Overfull \hbox (9.44446pt too wide) in paragraph at lines 7--8
\/cmr/m/n/10 ^^Xc~a

Overfull \hbox (7.50002pt too wide) in paragraph at lines 7--8
\OML/cmm/m/it/10 A$

Overfull \hbox (4.44444pt too wide) in paragraph at lines 7--8
\/cmr/m/n/10 ^^Se

Overfull \hbox (9.44446pt too wide) in paragraph at lines 7--8
\/cmr/m/n/10 ^^Xc~a

Overfull \hbox (45.95842pt too wide) in paragraph at lines 7--8
\OML/cmm/m/it/10 ^^^\/cmr/m/n/10 (0\OML/cmm/m/it/10 ; \/cmr/m/n/10 (1 4 8))$ 

/tmp/tmpsravxmct/tmpindalxux:9: LaTeX Error: Missing \begin{document}.

See the LaTeX manual or LaTeX Companion for explanation.
Type  H <return>  for immediate help.
 ...                                              
                                                  
l.9 V
     amos criar um código TikZ para representar este ciclo e destacar as ar...
Missing character: There is no V in font nullfont!
Missing character: There is no a in font nullfont!
Missing character: There is no m in font nullfont!
Missing character: There is no o in font nullfont!
Missing character: There is no s in font nullfont!
Missing character: There is no c in font nullfont!
Missing character: There is no r in font nullfont!
Missing character: There is no i in font nullfont!
Missing character: There is no a in font nullfont!
Missing character: There is no r in font nullfont!
Missing character: There is no u in font nullfont!
Missing character: There is no m in font nullfont!
Missing character: There is no c in font nullfont!
Missing character: There is no d in font nullfont!
Missing character: There is no i in font nullfont!
Missing character: There is no g in font nullfont!
Missing character: There is no o in font nullfont!
Missing character: There is no T in font nullfont!
Missing character: There is no i in font nullfont!
Missing character: There is no k in font nullfont!
Missing character: There is no Z in font nullfont!
Missing character: There is no p in font nullfont!
Missing character: There is no a in font nullfont!
Missing character: There is no r in font nullfont!
Missing character: There is no a in font nullfont!
Missing character: There is no r in font nullfont!
Missing character: There is no e in font nullfont!
Missing character: There is no p in font nullfont!
Missing character: There is no r in font nullfont!
Missing character: There is no e in font nullfont!
Missing character: There is no s in font nullfont!
Missing character: There is no e in font nullfont!
Missing character: There is no n in font nullfont!
Missing character: There is no t in font nullfont!
Missing character: There is no a in font nullfont!
Missing character: There is no r in font nullfont!
Missing character: There is no e in font nullfont!
Missing character: There is no s in font nullfont!
Missing character: There is no t in font nullfont!
Missing character: There is no e in font nullfont!
Missing character: There is no c in font nullfont!
Missing character: There is no i in font nullfont!
Missing character: There is no c in font nullfont!
Missing character: There is no l in font nullfont!
Missing character: There is no o in font nullfont!
Missing character: There is no e in font nullfont!
Missing character: There is no d in font nullfont!
Missing character: There is no e in font nullfont!
Missing character: There is no s in font nullfont!
Missing character: There is no t in font nullfont!
Missing character: There is no a in font nullfont!
Missing character: There is no c in font nullfont!
Missing character: There is no a in font nullfont!
Missing character: There is no r in font nullfont!
Missing character: There is no a in font nullfont!
Missing character: There is no s in font nullfont!
Missing character: There is no a in font nullfont!
Missing character: There is no r in font nullfont!
Missing character: There is no e in font nullfont!
Missing character: There is no s in font nullfont!
Missing character: There is no t in font nullfont!
Missing character: There is no a in font nullfont!
Missing character: There is no s in font nullfont!
Missing character: There is no d in font nullfont!
Missing character: There is no e in font nullfont!
Missing character: There is no d in font nullfont!
Missing character: There is no e in font nullfont!
Missing character: There is no s in font nullfont!
Missing character: There is no t in font nullfont!
Missing character: There is no i in font nullfont!
Missing character: There is no n in font nullfont!
Missing character: There is no o in font nullfont!
Missing character: There is no d in font nullfont!
Missing character: There is no a in font nullfont!
Missing character: There is no s in font nullfont!
Missing character: There is no d in font nullfont!
Missing character: There is no i in font nullfont!
Missing character: There is no f in font nullfont!
Missing character: There is no e in font nullfont!
Missing character: There is no r in font nullfont!
Missing character: There is no e in font nullfont!
Missing character: There is no n in font nullfont!
Missing character: There is no t in font nullfont!
Missing character: There is no e in font nullfont!
Missing character: There is no s in font nullfont!
/tmp/tmpsravxmct/tmpindalxux:9: Undefined control sequence.
l.9 ...s arestas de destino das diferentes \(\text
                                                  {runs}\):
Missing character: There is no : in font nullfont!

Overfull \hbox (20.0pt too wide) in paragraph at lines 9--10
[]

Overfull \hbox (5.00002pt too wide) in paragraph at lines 9--10
\/cmr/m/n/10 ^^So

Overfull \hbox (21.2038pt too wide) in paragraph at lines 9--10
[]$ 

/tmp/tmpsravxmct/tmpindalxux:11: LaTeX Error: Missing \begin{document}.

See the LaTeX manual or LaTeX Companion for explanation.
Type  H <return>  for immediate help.
 ...                                              
                                                  
l.11 `
      ``latex
Missing character: There is no ` in font nullfont!
Missing character: There is no ` in font nullfont!
Missing character: There is no ` in font nullfont!
Missing character: There is no l in font nullfont!
Missing character: There is no a in font nullfont!
Missing character: There is no t in font nullfont!
Missing character: There is no e in font nullfont!
Missing character: There is no x in font nullfont!
(/home/yuwenhan/Software/texlive/2025/texmf-dist/tex/latex/standalone/standalone.cls
Document Class: standalone 2025/02/22 v1.5a Class to compile TeX sub-files standalone
(/home/yuwenhan/Software/texlive/2025/texmf-dist/tex/latex/tools/shellesc.sty) (/home/yuwenhan/Software/texlive/2025/texmf-dist/tex/generic/iftex/ifluatex.sty
Overfull \hbox (20.0pt too wide) in paragraph at lines 11--2
[]
(/home/yuwenhan/Software/texlive/2025/texmf-dist/tex/generic/iftex/iftex.sty)) (/home/yuwenhan/Software/texlive/2025/texmf-dist/tex/latex/xkeyval/xkeyval.sty (/home/yuwenhan/Software/texlive/2025/texmf-dist/tex/generic/xkeyval/xkeyval.tex (/home/yuwenhan/Software/texlive/2025/texmf-dist/tex/generic/xkeyval/xkvutils.tex (/home/yuwenhan/Software/texlive/2025/texmf-dist/tex/generic/xkeyval/keyval.tex)))) (/home/yuwenhan/Software/texlive/2025/texmf-dist/tex/latex/standalone/standalone.cfg) (/home/yuwenhan/Software/texlive/2025/texmf-dist/tex/latex/base/article.cls
Document Class: article 2025/01/22 v1.4n Standard LaTeX document class
(/home/yuwenhan/Software/texlive/2025/texmf-dist/tex/latex/base/size10.clo)
[1{/home/yuwenhan/Software/texlive/2025/texmf-var/fonts/map/pdftex/updmap/pdftex.map}])) (/home/yuwenhan/Software/texlive/2025/texmf-dist/tex/latex/pgf/frontendlayer/tikz.sty (/home/yuwenhan/Software/texlive/2025/texmf-dist/tex/latex/pgf/basiclayer/pgf.sty (/home/yuwenhan/Software/texlive/2025/texmf-dist/tex/latex/pgf/utilities/pgfrcs.sty (/home/yuwenhan/Software/texlive/2025/texmf-dist/tex/generic/pgf/utilities/pgfutil-common.tex) (/home/yuwenhan/Software/texlive/2025/texmf-dist/tex/generic/pgf/utilities/pgfutil-latex.def) (/home/yuwenhan/Software/texlive/2025/texmf-dist/tex/generic/pgf/utilities/pgfrcs.code.tex (/home/yuwenhan/Software/texlive/2025/texmf-dist/tex/generic/pgf/pgf.revision.tex))) (/home/yuwenhan/Software/texlive/2025/texmf-dist/tex/latex/pgf/basiclayer/pgfcore.sty (/home/yuwenhan/Software/texlive/2025/texmf-dist/tex/latex/graphics/graphicx.sty (/home/yuwenhan/Software/texlive/2025/texmf-dist/tex/latex/graphics/graphics.sty
(/home/yuwenhan/Software/texlive/2025/texmf-dist/tex/latex/graphics/trig.sty) (/home/yuwenhan/Software/texlive/2025/texmf-dist/tex/latex/graphics-cfg/graphics.cfg) (/home/yuwenhan/Software/texlive/2025/texmf-dist/tex/latex/graphics-def/pdftex.def))) (/home/yuwenhan/Software/texlive/2025/texmf-dist/tex/latex/pgf/systemlayer/pgfsys.sty (/home/yuwenhan/Software/texlive/2025/texmf-dist/tex/generic/pgf/systemlayer/pgfsys.code.tex (/home/yuwenhan/Software/texlive/2025/texmf-dist/tex/generic/pgf/utilities/pgfkeys.code.tex (/home/yuwenhan/Software/texlive/2025/texmf-dist/tex/generic/pgf/utilities/pgfkeyslibraryfiltered.code.tex)) (/home/yuwenhan/Software/texlive/2025/texmf-dist/tex/generic/pgf/systemlayer/pgf.cfg) (/home/yuwenhan/Software/texlive/2025/texmf-dist/tex/generic/pgf/systemlayer/pgfsys-pdftex.def (/home/yuwenhan/Software/texlive/2025/texmf-dist/tex/generic/pgf/systemlayer/pgfsys-common-pdf.def)))
(/home/yuwenhan/Software/texlive/2025/texmf-dist/tex/generic/pgf/systemlayer/pgfsyssoftpath.code.tex) (/home/yuwenhan/Software/texlive/2025/texmf-dist/tex/generic/pgf/systemlayer/pgfsysprotocol.code.tex)) (/home/yuwenhan/Software/texlive/2025/texmf-dist/tex/latex/xcolor/xcolor.sty (/home/yuwenhan/Software/texlive/2025/texmf-dist/tex/latex/graphics-cfg/color.cfg) (/home/yuwenhan/Software/texlive/2025/texmf-dist/tex/latex/graphics/mathcolor.ltx)) (/home/yuwenhan/Software/texlive/2025/texmf-dist/tex/generic/pgf/basiclayer/pgfcore.code.tex (/home/yuwenhan/Software/texlive/2025/texmf-dist/tex/generic/pgf/math/pgfmath.code.tex (/home/yuwenhan/Software/texlive/2025/texmf-dist/tex/generic/pgf/math/pgfmathutil.code.tex) (/home/yuwenhan/Software/texlive/2025/texmf-dist/tex/generic/pgf/math/pgfmathparser.code.tex) (/home/yuwenhan/Software/texlive/2025/texmf-dist/tex/generic/pgf/math/pgfmathfunctions.code.tex)
(/home/yuwenhan/Software/texlive/2025/texmf-dist/tex/generic/pgf/math/pgfmathfunctions.basic.code.tex) (/home/yuwenhan/Software/texlive/2025/texmf-dist/tex/generic/pgf/math/pgfmathfunctions.trigonometric.code.tex) (/home/yuwenhan/Software/texlive/2025/texmf-dist/tex/generic/pgf/math/pgfmathfunctions.random.code.tex) (/home/yuwenhan/Software/texlive/2025/texmf-dist/tex/generic/pgf/math/pgfmathfunctions.comparison.code.tex) (/home/yuwenhan/Software/texlive/2025/texmf-dist/tex/generic/pgf/math/pgfmathfunctions.base.code.tex) (/home/yuwenhan/Software/texlive/2025/texmf-dist/tex/generic/pgf/math/pgfmathfunctions.round.code.tex) (/home/yuwenhan/Software/texlive/2025/texmf-dist/tex/generic/pgf/math/pgfmathfunctions.misc.code.tex) (/home/yuwenhan/Software/texlive/2025/texmf-dist/tex/generic/pgf/math/pgfmathfunctions.integerarithmetics.code.tex) (/home/yuwenhan/Software/texlive/2025/texmf-dist/tex/generic/pgf/math/pgfmathcalc.code.tex)
(/home/yuwenhan/Software/texlive/2025/texmf-dist/tex/generic/pgf/math/pgfmathfloat.code.tex)) (/home/yuwenhan/Software/texlive/2025/texmf-dist/tex/generic/pgf/math/pgfint.code.tex) (/home/yuwenhan/Software/texlive/2025/texmf-dist/tex/generic/pgf/basiclayer/pgfcorepoints.code.tex) (/home/yuwenhan/Software/texlive/2025/texmf-dist/tex/generic/pgf/basiclayer/pgfcorepathconstruct.code.tex) (/home/yuwenhan/Software/texlive/2025/texmf-dist/tex/generic/pgf/basiclayer/pgfcorepathusage.code.tex) (/home/yuwenhan/Software/texlive/2025/texmf-dist/tex/generic/pgf/basiclayer/pgfcorescopes.code.tex) (/home/yuwenhan/Software/texlive/2025/texmf-dist/tex/generic/pgf/basiclayer/pgfcoregraphicstate.code.tex) (/home/yuwenhan/Software/texlive/2025/texmf-dist/tex/generic/pgf/basiclayer/pgfcoretransformations.code.tex) (/home/yuwenhan/Software/texlive/2025/texmf-dist/tex/generic/pgf/basiclayer/pgfcorequick.code.tex)
(/home/yuwenhan/Software/texlive/2025/texmf-dist/tex/generic/pgf/basiclayer/pgfcoreobjects.code.tex) (/home/yuwenhan/Software/texlive/2025/texmf-dist/tex/generic/pgf/basiclayer/pgfcorepathprocessing.code.tex) (/home/yuwenhan/Software/texlive/2025/texmf-dist/tex/generic/pgf/basiclayer/pgfcorearrows.code.tex) (/home/yuwenhan/Software/texlive/2025/texmf-dist/tex/generic/pgf/basiclayer/pgfcoreshade.code.tex) (/home/yuwenhan/Software/texlive/2025/texmf-dist/tex/generic/pgf/basiclayer/pgfcoreimage.code.tex) (/home/yuwenhan/Software/texlive/2025/texmf-dist/tex/generic/pgf/basiclayer/pgfcoreexternal.code.tex) (/home/yuwenhan/Software/texlive/2025/texmf-dist/tex/generic/pgf/basiclayer/pgfcorelayers.code.tex) (/home/yuwenhan/Software/texlive/2025/texmf-dist/tex/generic/pgf/basiclayer/pgfcoretransparency.code.tex) (/home/yuwenhan/Software/texlive/2025/texmf-dist/tex/generic/pgf/basiclayer/pgfcorepatterns.code.tex)
(/home/yuwenhan/Software/texlive/2025/texmf-dist/tex/generic/pgf/basiclayer/pgfcorerdf.code.tex))) (/home/yuwenhan/Software/texlive/2025/texmf-dist/tex/generic/pgf/modules/pgfmoduleshapes.code.tex) (/home/yuwenhan/Software/texlive/2025/texmf-dist/tex/generic/pgf/modules/pgfmoduleplot.code.tex) (/home/yuwenhan/Software/texlive/2025/texmf-dist/tex/latex/pgf/compatibility/pgfcomp-version-0-65.sty) (/home/yuwenhan/Software/texlive/2025/texmf-dist/tex/latex/pgf/compatibility/pgfcomp-version-1-18.sty)) (/home/yuwenhan/Software/texlive/2025/texmf-dist/tex/latex/pgf/utilities/pgffor.sty (/home/yuwenhan/Software/texlive/2025/texmf-dist/tex/latex/pgf/utilities/pgfkeys.sty (/home/yuwenhan/Software/texlive/2025/texmf-dist/tex/generic/pgf/utilities/pgfkeys.code.tex)) (/home/yuwenhan/Software/texlive/2025/texmf-dist/tex/latex/pgf/math/pgfmath.sty (/home/yuwenhan/Software/texlive/2025/texmf-dist/tex/generic/pgf/math/pgfmath.code.tex))
(/home/yuwenhan/Software/texlive/2025/texmf-dist/tex/generic/pgf/utilities/pgffor.code.tex)) (/home/yuwenhan/Software/texlive/2025/texmf-dist/tex/generic/pgf/frontendlayer/tikz/tikz.code.tex (/home/yuwenhan/Software/texlive/2025/texmf-dist/tex/generic/pgf/libraries/pgflibraryplothandlers.code.tex) (/home/yuwenhan/Software/texlive/2025/texmf-dist/tex/generic/pgf/modules/pgfmodulematrix.code.tex) (/home/yuwenhan/Software/texlive/2025/texmf-dist/tex/generic/pgf/frontendlayer/tikz/libraries/tikzlibrarytopaths.code.tex))) (/home/yuwenhan/Software/texlive/2025/texmf-dist/tex/latex/l3backend/l3backend-pdftex.def) (./tmpindalxux.aux) (/home/yuwenhan/Software/texlive/2025/texmf-dist/tex/context/base/mkii/supp-pdf.mkii
[Loading MPS to PDF converter (version 2006.09.02).]
) (/home/yuwenhan/Software/texlive/2025/texmf-dist/tex/latex/epstopdf-pkg/epstopdf-base.sty (/home/yuwenhan/Software/texlive/2025/texmf-dist/tex/latex/latexconfig/epstopdf-sys.cfg)))
Runaway argument?
[ 
! File ended while scanning use of \tikz@collect@options.
<inserted text> 
                \par 
<*> /tmp/tmpsravxmct/tmpindalxux
                                
! Emergency stop.
<*> /tmp/tmpsravxmct/tmpindalxux
                                
!  ==> Fatal error occurred, no output PDF file produced!
Transcript written on tmpindalxux.log.
Latexmk: Getting log file 'tmpindalxux.log'
Latexmk: Examining 'tmpindalxux.fls'
Latexmk: Examining 'tmpindalxux.log'
Latexmk: Summary of warnings from last run of *latex:
  =====Latex reported missing or unavailable character(s).
=====See log file for details.
Latexmk: Errors, in force_mode: so I tried finishing targets
Collected error summary (may duplicate other messages):
  pdflatex: Command for 'pdflatex' gave return code 1
      Refer to 'tmpindalxux.log' and/or above output for details

