Rc files read:
  NONE
Latexmk: This is Latexmk, John Collins, 15 June 2025. Version 4.87.
No existing .aux file, so I'll make a simple one, and require run of *latex.
Latexmk: applying rule 'pdflatex'...
Rule 'pdflatex':  Reasons for rerun
Category 'other':
  Rerun of 'pdflatex' forced or previously required:
    Reason or flag: 'Initial setup'

------------
Run number 1 of rule 'pdflatex'
------------
------------
Running 'pdflatex  -file-line-error -interaction=nonstopmode -recorder  "/tmp/tmp5b4h6bs7/tmp73c97ufj"'
------------
This is pdfTeX, Version 3.141592653-2.6-1.40.28 (TeX Live 2025) (preloaded format=pdflatex)
 restricted \write18 enabled.
entering extended mode
(/tmp/tmp5b4h6bs7/tmp73c97ufj
LaTeX2e <2025-06-01> patch level 1
L3 programming layer <2025-06-30>
(/home/yuwenhan/Software/texlive/2025/texmf-dist/tex/latex/base/article.cls
Document Class: article 2025/01/22 v1.4n Standard LaTeX document class
(/home/yuwenhan/Software/texlive/2025/texmf-dist/tex/latex/base/size10.clo)) (/home/yuwenhan/Software/texlive/2025/texmf-dist/tex/latex/base/inputenc.sty) (/home/yuwenhan/Software/texlive/2025/texmf-dist/tex/latex/lipsum/lipsum.sty (/home/yuwenhan/Software/texlive/2025/texmf-dist/tex/latex/l3packages/l3keys2e/l3keys2e.sty (/home/yuwenhan/Software/texlive/2025/texmf-dist/tex/latex/l3kernel/expl3.sty (/home/yuwenhan/Software/texlive/2025/texmf-dist/tex/latex/l3backend/l3backend-pdftex.def))) (/home/yuwenhan/Software/texlive/2025/texmf-dist/tex/latex/lipsum/lipsum.ltd.tex)) (/home/yuwenhan/Software/texlive/2025/texmf-dist/tex/latex/tcolorbox/tcolorbox.sty (/home/yuwenhan/Software/texlive/2025/texmf-dist/tex/latex/pgf/frontendlayer/tikz.sty (/home/yuwenhan/Software/texlive/2025/texmf-dist/tex/latex/pgf/basiclayer/pgf.sty (/home/yuwenhan/Software/texlive/2025/texmf-dist/tex/latex/pgf/utilities/pgfrcs.sty
(/home/yuwenhan/Software/texlive/2025/texmf-dist/tex/generic/pgf/utilities/pgfutil-common.tex) (/home/yuwenhan/Software/texlive/2025/texmf-dist/tex/generic/pgf/utilities/pgfutil-latex.def) (/home/yuwenhan/Software/texlive/2025/texmf-dist/tex/generic/pgf/utilities/pgfrcs.code.tex (/home/yuwenhan/Software/texlive/2025/texmf-dist/tex/generic/pgf/pgf.revision.tex))) (/home/yuwenhan/Software/texlive/2025/texmf-dist/tex/latex/pgf/basiclayer/pgfcore.sty (/home/yuwenhan/Software/texlive/2025/texmf-dist/tex/latex/graphics/graphicx.sty (/home/yuwenhan/Software/texlive/2025/texmf-dist/tex/latex/graphics/keyval.sty) (/home/yuwenhan/Software/texlive/2025/texmf-dist/tex/latex/graphics/graphics.sty (/home/yuwenhan/Software/texlive/2025/texmf-dist/tex/latex/graphics/trig.sty) (/home/yuwenhan/Software/texlive/2025/texmf-dist/tex/latex/graphics-cfg/graphics.cfg) (/home/yuwenhan/Software/texlive/2025/texmf-dist/tex/latex/graphics-def/pdftex.def)))
(/home/yuwenhan/Software/texlive/2025/texmf-dist/tex/latex/pgf/systemlayer/pgfsys.sty (/home/yuwenhan/Software/texlive/2025/texmf-dist/tex/generic/pgf/systemlayer/pgfsys.code.tex (/home/yuwenhan/Software/texlive/2025/texmf-dist/tex/generic/pgf/utilities/pgfkeys.code.tex (/home/yuwenhan/Software/texlive/2025/texmf-dist/tex/generic/pgf/utilities/pgfkeyslibraryfiltered.code.tex)) (/home/yuwenhan/Software/texlive/2025/texmf-dist/tex/generic/pgf/systemlayer/pgf.cfg) (/home/yuwenhan/Software/texlive/2025/texmf-dist/tex/generic/pgf/systemlayer/pgfsys-pdftex.def (/home/yuwenhan/Software/texlive/2025/texmf-dist/tex/generic/pgf/systemlayer/pgfsys-common-pdf.def))) (/home/yuwenhan/Software/texlive/2025/texmf-dist/tex/generic/pgf/systemlayer/pgfsyssoftpath.code.tex) (/home/yuwenhan/Software/texlive/2025/texmf-dist/tex/generic/pgf/systemlayer/pgfsysprotocol.code.tex)) (/home/yuwenhan/Software/texlive/2025/texmf-dist/tex/latex/xcolor/xcolor.sty
(/home/yuwenhan/Software/texlive/2025/texmf-dist/tex/latex/graphics-cfg/color.cfg) (/home/yuwenhan/Software/texlive/2025/texmf-dist/tex/latex/graphics/mathcolor.ltx)) (/home/yuwenhan/Software/texlive/2025/texmf-dist/tex/generic/pgf/basiclayer/pgfcore.code.tex (/home/yuwenhan/Software/texlive/2025/texmf-dist/tex/generic/pgf/math/pgfmath.code.tex (/home/yuwenhan/Software/texlive/2025/texmf-dist/tex/generic/pgf/math/pgfmathutil.code.tex) (/home/yuwenhan/Software/texlive/2025/texmf-dist/tex/generic/pgf/math/pgfmathparser.code.tex) (/home/yuwenhan/Software/texlive/2025/texmf-dist/tex/generic/pgf/math/pgfmathfunctions.code.tex) (/home/yuwenhan/Software/texlive/2025/texmf-dist/tex/generic/pgf/math/pgfmathfunctions.basic.code.tex) (/home/yuwenhan/Software/texlive/2025/texmf-dist/tex/generic/pgf/math/pgfmathfunctions.trigonometric.code.tex) (/home/yuwenhan/Software/texlive/2025/texmf-dist/tex/generic/pgf/math/pgfmathfunctions.random.code.tex)
(/home/yuwenhan/Software/texlive/2025/texmf-dist/tex/generic/pgf/math/pgfmathfunctions.comparison.code.tex) (/home/yuwenhan/Software/texlive/2025/texmf-dist/tex/generic/pgf/math/pgfmathfunctions.base.code.tex) (/home/yuwenhan/Software/texlive/2025/texmf-dist/tex/generic/pgf/math/pgfmathfunctions.round.code.tex) (/home/yuwenhan/Software/texlive/2025/texmf-dist/tex/generic/pgf/math/pgfmathfunctions.misc.code.tex) (/home/yuwenhan/Software/texlive/2025/texmf-dist/tex/generic/pgf/math/pgfmathfunctions.integerarithmetics.code.tex) (/home/yuwenhan/Software/texlive/2025/texmf-dist/tex/generic/pgf/math/pgfmathcalc.code.tex) (/home/yuwenhan/Software/texlive/2025/texmf-dist/tex/generic/pgf/math/pgfmathfloat.code.tex)) (/home/yuwenhan/Software/texlive/2025/texmf-dist/tex/generic/pgf/math/pgfint.code.tex) (/home/yuwenhan/Software/texlive/2025/texmf-dist/tex/generic/pgf/basiclayer/pgfcorepoints.code.tex)
(/home/yuwenhan/Software/texlive/2025/texmf-dist/tex/generic/pgf/basiclayer/pgfcorepathconstruct.code.tex) (/home/yuwenhan/Software/texlive/2025/texmf-dist/tex/generic/pgf/basiclayer/pgfcorepathusage.code.tex) (/home/yuwenhan/Software/texlive/2025/texmf-dist/tex/generic/pgf/basiclayer/pgfcorescopes.code.tex) (/home/yuwenhan/Software/texlive/2025/texmf-dist/tex/generic/pgf/basiclayer/pgfcoregraphicstate.code.tex) (/home/yuwenhan/Software/texlive/2025/texmf-dist/tex/generic/pgf/basiclayer/pgfcoretransformations.code.tex) (/home/yuwenhan/Software/texlive/2025/texmf-dist/tex/generic/pgf/basiclayer/pgfcorequick.code.tex) (/home/yuwenhan/Software/texlive/2025/texmf-dist/tex/generic/pgf/basiclayer/pgfcoreobjects.code.tex) (/home/yuwenhan/Software/texlive/2025/texmf-dist/tex/generic/pgf/basiclayer/pgfcorepathprocessing.code.tex) (/home/yuwenhan/Software/texlive/2025/texmf-dist/tex/generic/pgf/basiclayer/pgfcorearrows.code.tex)
(/home/yuwenhan/Software/texlive/2025/texmf-dist/tex/generic/pgf/basiclayer/pgfcoreshade.code.tex) (/home/yuwenhan/Software/texlive/2025/texmf-dist/tex/generic/pgf/basiclayer/pgfcoreimage.code.tex) (/home/yuwenhan/Software/texlive/2025/texmf-dist/tex/generic/pgf/basiclayer/pgfcoreexternal.code.tex) (/home/yuwenhan/Software/texlive/2025/texmf-dist/tex/generic/pgf/basiclayer/pgfcorelayers.code.tex) (/home/yuwenhan/Software/texlive/2025/texmf-dist/tex/generic/pgf/basiclayer/pgfcoretransparency.code.tex) (/home/yuwenhan/Software/texlive/2025/texmf-dist/tex/generic/pgf/basiclayer/pgfcorepatterns.code.tex) (/home/yuwenhan/Software/texlive/2025/texmf-dist/tex/generic/pgf/basiclayer/pgfcorerdf.code.tex))) (/home/yuwenhan/Software/texlive/2025/texmf-dist/tex/generic/pgf/modules/pgfmoduleshapes.code.tex) (/home/yuwenhan/Software/texlive/2025/texmf-dist/tex/generic/pgf/modules/pgfmoduleplot.code.tex)
(/home/yuwenhan/Software/texlive/2025/texmf-dist/tex/latex/pgf/compatibility/pgfcomp-version-0-65.sty) (/home/yuwenhan/Software/texlive/2025/texmf-dist/tex/latex/pgf/compatibility/pgfcomp-version-1-18.sty)) (/home/yuwenhan/Software/texlive/2025/texmf-dist/tex/latex/pgf/utilities/pgffor.sty (/home/yuwenhan/Software/texlive/2025/texmf-dist/tex/latex/pgf/utilities/pgfkeys.sty (/home/yuwenhan/Software/texlive/2025/texmf-dist/tex/generic/pgf/utilities/pgfkeys.code.tex)) (/home/yuwenhan/Software/texlive/2025/texmf-dist/tex/latex/pgf/math/pgfmath.sty (/home/yuwenhan/Software/texlive/2025/texmf-dist/tex/generic/pgf/math/pgfmath.code.tex)) (/home/yuwenhan/Software/texlive/2025/texmf-dist/tex/generic/pgf/utilities/pgffor.code.tex)) (/home/yuwenhan/Software/texlive/2025/texmf-dist/tex/generic/pgf/frontendlayer/tikz/tikz.code.tex (/home/yuwenhan/Software/texlive/2025/texmf-dist/tex/generic/pgf/libraries/pgflibraryplothandlers.code.tex)
(/home/yuwenhan/Software/texlive/2025/texmf-dist/tex/generic/pgf/modules/pgfmodulematrix.code.tex) (/home/yuwenhan/Software/texlive/2025/texmf-dist/tex/generic/pgf/frontendlayer/tikz/libraries/tikzlibrarytopaths.code.tex))) (/home/yuwenhan/Software/texlive/2025/texmf-dist/tex/latex/tools/verbatim.sty) (/home/yuwenhan/Software/texlive/2025/texmf-dist/tex/latex/environ/environ.sty (/home/yuwenhan/Software/texlive/2025/texmf-dist/tex/latex/trimspaces/trimspaces.sty)) (/home/yuwenhan/Software/texlive/2025/texmf-dist/tex/latex/etoolbox/etoolbox.sty)) (/home/yuwenhan/Software/texlive/2025/texmf-dist/tex/latex/hyperref/hyperref.sty (/home/yuwenhan/Software/texlive/2025/texmf-dist/tex/generic/iftex/iftex.sty) (/home/yuwenhan/Software/texlive/2025/texmf-dist/tex/latex/kvsetkeys/kvsetkeys.sty) (/home/yuwenhan/Software/texlive/2025/texmf-dist/tex/generic/kvdefinekeys/kvdefinekeys.sty) (/home/yuwenhan/Software/texlive/2025/texmf-dist/tex/generic/pdfescape/pdfescape.sty
(/home/yuwenhan/Software/texlive/2025/texmf-dist/tex/generic/ltxcmds/ltxcmds.sty) (/home/yuwenhan/Software/texlive/2025/texmf-dist/tex/generic/pdftexcmds/pdftexcmds.sty (/home/yuwenhan/Software/texlive/2025/texmf-dist/tex/generic/infwarerr/infwarerr.sty))) (/home/yuwenhan/Software/texlive/2025/texmf-dist/tex/latex/hycolor/hycolor.sty) (/home/yuwenhan/Software/texlive/2025/texmf-dist/tex/latex/hyperref/nameref.sty (/home/yuwenhan/Software/texlive/2025/texmf-dist/tex/latex/refcount/refcount.sty) (/home/yuwenhan/Software/texlive/2025/texmf-dist/tex/generic/gettitlestring/gettitlestring.sty (/home/yuwenhan/Software/texlive/2025/texmf-dist/tex/latex/kvoptions/kvoptions.sty))) (/home/yuwenhan/Software/texlive/2025/texmf-dist/tex/generic/stringenc/stringenc.sty) (/home/yuwenhan/Software/texlive/2025/texmf-dist/tex/latex/hyperref/pd1enc.def) (/home/yuwenhan/Software/texlive/2025/texmf-dist/tex/generic/intcalc/intcalc.sty)
(/home/yuwenhan/Software/texlive/2025/texmf-dist/tex/latex/hyperref/puenc.def) (/home/yuwenhan/Software/texlive/2025/texmf-dist/tex/latex/url/url.sty) (/home/yuwenhan/Software/texlive/2025/texmf-dist/tex/generic/bitset/bitset.sty (/home/yuwenhan/Software/texlive/2025/texmf-dist/tex/generic/bigintcalc/bigintcalc.sty))) (/home/yuwenhan/Software/texlive/2025/texmf-dist/tex/latex/hyperref/hpdftex.def (/home/yuwenhan/Software/texlive/2025/texmf-dist/tex/latex/rerunfilecheck/rerunfilecheck.sty (/home/yuwenhan/Software/texlive/2025/texmf-dist/tex/generic/uniquecounter/uniquecounter.sty))) (./tmp73c97ufj.aux) (/home/yuwenhan/Software/texlive/2025/texmf-dist/tex/context/base/mkii/supp-pdf.mkii
[Loading MPS to PDF converter (version 2006.09.02).]
) (/home/yuwenhan/Software/texlive/2025/texmf-dist/tex/latex/epstopdf-pkg/epstopdf-base.sty (/home/yuwenhan/Software/texlive/2025/texmf-dist/tex/latex/latexconfig/epstopdf-sys.cfg))

/tmp/tmp5b4h6bs7/tmp73c97ufj:12: Package pgfkeys Error: I do not know the key '/tcb/the 35th president of the USA from 1961 to 1963' and I am going to ignore it. Perhaps you misspelled it.

See the pgfkeys package documentation for explanation.
Type  H <return>  for immediate help.
 ...                                              
                                                  
l.12 ...th president of the USA from 1961 to 1963]
                                                  

[1{/home/yuwenhan/Software/texlive/2025/texmf-var/fonts/map/pdftex/updmap/pdftex.map}]
[2]
[3] (./tmp73c97ufj.aux)

Package rerunfilecheck Warning: File `tmp73c97ufj.out' has changed.
(rerunfilecheck)                Rerun to get outlines right
(rerunfilecheck)                or use package `bookmark'.

 )
(see the transcript file for additional information)</home/yuwenhan/Software/texlive/2025/texmf-dist/fonts/type1/public/amsfonts/cm/cmbx10.pfb></home/yuwenhan/Software/texlive/2025/texmf-dist/fonts/type1/public/amsfonts/cm/cmr10.pfb>
Output written on tmp73c97ufj.pdf (3 pages, 35618 bytes).
Transcript written on tmp73c97ufj.log.
Latexmk: Getting log file 'tmp73c97ufj.log'
Latexmk: Examining 'tmp73c97ufj.fls'
Latexmk: Examining 'tmp73c97ufj.log'
Latexmk: References changed.
Latexmk: Log file says output to 'tmp73c97ufj.pdf'
Latexmk: applying rule 'pdflatex'...
Rule 'pdflatex':  Reasons for rerun
Changed files or newly in use/created:
  tmp73c97ufj.aux
  tmp73c97ufj.out

------------
Run number 2 of rule 'pdflatex'
------------
------------
Running 'pdflatex  -file-line-error -interaction=nonstopmode -recorder  "/tmp/tmp5b4h6bs7/tmp73c97ufj"'
------------
This is pdfTeX, Version 3.141592653-2.6-1.40.28 (TeX Live 2025) (preloaded format=pdflatex)
 restricted \write18 enabled.
entering extended mode
(/tmp/tmp5b4h6bs7/tmp73c97ufj
LaTeX2e <2025-06-01> patch level 1
L3 programming layer <2025-06-30>
(/home/yuwenhan/Software/texlive/2025/texmf-dist/tex/latex/base/article.cls
Document Class: article 2025/01/22 v1.4n Standard LaTeX document class
(/home/yuwenhan/Software/texlive/2025/texmf-dist/tex/latex/base/size10.clo)) (/home/yuwenhan/Software/texlive/2025/texmf-dist/tex/latex/base/inputenc.sty) (/home/yuwenhan/Software/texlive/2025/texmf-dist/tex/latex/lipsum/lipsum.sty (/home/yuwenhan/Software/texlive/2025/texmf-dist/tex/latex/l3packages/l3keys2e/l3keys2e.sty (/home/yuwenhan/Software/texlive/2025/texmf-dist/tex/latex/l3kernel/expl3.sty (/home/yuwenhan/Software/texlive/2025/texmf-dist/tex/latex/l3backend/l3backend-pdftex.def))) (/home/yuwenhan/Software/texlive/2025/texmf-dist/tex/latex/lipsum/lipsum.ltd.tex)) (/home/yuwenhan/Software/texlive/2025/texmf-dist/tex/latex/tcolorbox/tcolorbox.sty (/home/yuwenhan/Software/texlive/2025/texmf-dist/tex/latex/pgf/frontendlayer/tikz.sty (/home/yuwenhan/Software/texlive/2025/texmf-dist/tex/latex/pgf/basiclayer/pgf.sty (/home/yuwenhan/Software/texlive/2025/texmf-dist/tex/latex/pgf/utilities/pgfrcs.sty
(/home/yuwenhan/Software/texlive/2025/texmf-dist/tex/generic/pgf/utilities/pgfutil-common.tex) (/home/yuwenhan/Software/texlive/2025/texmf-dist/tex/generic/pgf/utilities/pgfutil-latex.def) (/home/yuwenhan/Software/texlive/2025/texmf-dist/tex/generic/pgf/utilities/pgfrcs.code.tex (/home/yuwenhan/Software/texlive/2025/texmf-dist/tex/generic/pgf/pgf.revision.tex))) (/home/yuwenhan/Software/texlive/2025/texmf-dist/tex/latex/pgf/basiclayer/pgfcore.sty (/home/yuwenhan/Software/texlive/2025/texmf-dist/tex/latex/graphics/graphicx.sty (/home/yuwenhan/Software/texlive/2025/texmf-dist/tex/latex/graphics/keyval.sty) (/home/yuwenhan/Software/texlive/2025/texmf-dist/tex/latex/graphics/graphics.sty (/home/yuwenhan/Software/texlive/2025/texmf-dist/tex/latex/graphics/trig.sty) (/home/yuwenhan/Software/texlive/2025/texmf-dist/tex/latex/graphics-cfg/graphics.cfg) (/home/yuwenhan/Software/texlive/2025/texmf-dist/tex/latex/graphics-def/pdftex.def)))
(/home/yuwenhan/Software/texlive/2025/texmf-dist/tex/latex/pgf/systemlayer/pgfsys.sty (/home/yuwenhan/Software/texlive/2025/texmf-dist/tex/generic/pgf/systemlayer/pgfsys.code.tex (/home/yuwenhan/Software/texlive/2025/texmf-dist/tex/generic/pgf/utilities/pgfkeys.code.tex (/home/yuwenhan/Software/texlive/2025/texmf-dist/tex/generic/pgf/utilities/pgfkeyslibraryfiltered.code.tex)) (/home/yuwenhan/Software/texlive/2025/texmf-dist/tex/generic/pgf/systemlayer/pgf.cfg) (/home/yuwenhan/Software/texlive/2025/texmf-dist/tex/generic/pgf/systemlayer/pgfsys-pdftex.def (/home/yuwenhan/Software/texlive/2025/texmf-dist/tex/generic/pgf/systemlayer/pgfsys-common-pdf.def))) (/home/yuwenhan/Software/texlive/2025/texmf-dist/tex/generic/pgf/systemlayer/pgfsyssoftpath.code.tex) (/home/yuwenhan/Software/texlive/2025/texmf-dist/tex/generic/pgf/systemlayer/pgfsysprotocol.code.tex)) (/home/yuwenhan/Software/texlive/2025/texmf-dist/tex/latex/xcolor/xcolor.sty
(/home/yuwenhan/Software/texlive/2025/texmf-dist/tex/latex/graphics-cfg/color.cfg) (/home/yuwenhan/Software/texlive/2025/texmf-dist/tex/latex/graphics/mathcolor.ltx)) (/home/yuwenhan/Software/texlive/2025/texmf-dist/tex/generic/pgf/basiclayer/pgfcore.code.tex (/home/yuwenhan/Software/texlive/2025/texmf-dist/tex/generic/pgf/math/pgfmath.code.tex (/home/yuwenhan/Software/texlive/2025/texmf-dist/tex/generic/pgf/math/pgfmathutil.code.tex) (/home/yuwenhan/Software/texlive/2025/texmf-dist/tex/generic/pgf/math/pgfmathparser.code.tex) (/home/yuwenhan/Software/texlive/2025/texmf-dist/tex/generic/pgf/math/pgfmathfunctions.code.tex) (/home/yuwenhan/Software/texlive/2025/texmf-dist/tex/generic/pgf/math/pgfmathfunctions.basic.code.tex) (/home/yuwenhan/Software/texlive/2025/texmf-dist/tex/generic/pgf/math/pgfmathfunctions.trigonometric.code.tex) (/home/yuwenhan/Software/texlive/2025/texmf-dist/tex/generic/pgf/math/pgfmathfunctions.random.code.tex)
(/home/yuwenhan/Software/texlive/2025/texmf-dist/tex/generic/pgf/math/pgfmathfunctions.comparison.code.tex) (/home/yuwenhan/Software/texlive/2025/texmf-dist/tex/generic/pgf/math/pgfmathfunctions.base.code.tex) (/home/yuwenhan/Software/texlive/2025/texmf-dist/tex/generic/pgf/math/pgfmathfunctions.round.code.tex) (/home/yuwenhan/Software/texlive/2025/texmf-dist/tex/generic/pgf/math/pgfmathfunctions.misc.code.tex) (/home/yuwenhan/Software/texlive/2025/texmf-dist/tex/generic/pgf/math/pgfmathfunctions.integerarithmetics.code.tex) (/home/yuwenhan/Software/texlive/2025/texmf-dist/tex/generic/pgf/math/pgfmathcalc.code.tex) (/home/yuwenhan/Software/texlive/2025/texmf-dist/tex/generic/pgf/math/pgfmathfloat.code.tex)) (/home/yuwenhan/Software/texlive/2025/texmf-dist/tex/generic/pgf/math/pgfint.code.tex) (/home/yuwenhan/Software/texlive/2025/texmf-dist/tex/generic/pgf/basiclayer/pgfcorepoints.code.tex)
(/home/yuwenhan/Software/texlive/2025/texmf-dist/tex/generic/pgf/basiclayer/pgfcorepathconstruct.code.tex) (/home/yuwenhan/Software/texlive/2025/texmf-dist/tex/generic/pgf/basiclayer/pgfcorepathusage.code.tex) (/home/yuwenhan/Software/texlive/2025/texmf-dist/tex/generic/pgf/basiclayer/pgfcorescopes.code.tex) (/home/yuwenhan/Software/texlive/2025/texmf-dist/tex/generic/pgf/basiclayer/pgfcoregraphicstate.code.tex) (/home/yuwenhan/Software/texlive/2025/texmf-dist/tex/generic/pgf/basiclayer/pgfcoretransformations.code.tex) (/home/yuwenhan/Software/texlive/2025/texmf-dist/tex/generic/pgf/basiclayer/pgfcorequick.code.tex) (/home/yuwenhan/Software/texlive/2025/texmf-dist/tex/generic/pgf/basiclayer/pgfcoreobjects.code.tex) (/home/yuwenhan/Software/texlive/2025/texmf-dist/tex/generic/pgf/basiclayer/pgfcorepathprocessing.code.tex) (/home/yuwenhan/Software/texlive/2025/texmf-dist/tex/generic/pgf/basiclayer/pgfcorearrows.code.tex)
(/home/yuwenhan/Software/texlive/2025/texmf-dist/tex/generic/pgf/basiclayer/pgfcoreshade.code.tex) (/home/yuwenhan/Software/texlive/2025/texmf-dist/tex/generic/pgf/basiclayer/pgfcoreimage.code.tex) (/home/yuwenhan/Software/texlive/2025/texmf-dist/tex/generic/pgf/basiclayer/pgfcoreexternal.code.tex) (/home/yuwenhan/Software/texlive/2025/texmf-dist/tex/generic/pgf/basiclayer/pgfcorelayers.code.tex) (/home/yuwenhan/Software/texlive/2025/texmf-dist/tex/generic/pgf/basiclayer/pgfcoretransparency.code.tex) (/home/yuwenhan/Software/texlive/2025/texmf-dist/tex/generic/pgf/basiclayer/pgfcorepatterns.code.tex) (/home/yuwenhan/Software/texlive/2025/texmf-dist/tex/generic/pgf/basiclayer/pgfcorerdf.code.tex))) (/home/yuwenhan/Software/texlive/2025/texmf-dist/tex/generic/pgf/modules/pgfmoduleshapes.code.tex) (/home/yuwenhan/Software/texlive/2025/texmf-dist/tex/generic/pgf/modules/pgfmoduleplot.code.tex)
(/home/yuwenhan/Software/texlive/2025/texmf-dist/tex/latex/pgf/compatibility/pgfcomp-version-0-65.sty) (/home/yuwenhan/Software/texlive/2025/texmf-dist/tex/latex/pgf/compatibility/pgfcomp-version-1-18.sty)) (/home/yuwenhan/Software/texlive/2025/texmf-dist/tex/latex/pgf/utilities/pgffor.sty (/home/yuwenhan/Software/texlive/2025/texmf-dist/tex/latex/pgf/utilities/pgfkeys.sty (/home/yuwenhan/Software/texlive/2025/texmf-dist/tex/generic/pgf/utilities/pgfkeys.code.tex)) (/home/yuwenhan/Software/texlive/2025/texmf-dist/tex/latex/pgf/math/pgfmath.sty (/home/yuwenhan/Software/texlive/2025/texmf-dist/tex/generic/pgf/math/pgfmath.code.tex)) (/home/yuwenhan/Software/texlive/2025/texmf-dist/tex/generic/pgf/utilities/pgffor.code.tex)) (/home/yuwenhan/Software/texlive/2025/texmf-dist/tex/generic/pgf/frontendlayer/tikz/tikz.code.tex (/home/yuwenhan/Software/texlive/2025/texmf-dist/tex/generic/pgf/libraries/pgflibraryplothandlers.code.tex)
(/home/yuwenhan/Software/texlive/2025/texmf-dist/tex/generic/pgf/modules/pgfmodulematrix.code.tex) (/home/yuwenhan/Software/texlive/2025/texmf-dist/tex/generic/pgf/frontendlayer/tikz/libraries/tikzlibrarytopaths.code.tex))) (/home/yuwenhan/Software/texlive/2025/texmf-dist/tex/latex/tools/verbatim.sty) (/home/yuwenhan/Software/texlive/2025/texmf-dist/tex/latex/environ/environ.sty (/home/yuwenhan/Software/texlive/2025/texmf-dist/tex/latex/trimspaces/trimspaces.sty)) (/home/yuwenhan/Software/texlive/2025/texmf-dist/tex/latex/etoolbox/etoolbox.sty)) (/home/yuwenhan/Software/texlive/2025/texmf-dist/tex/latex/hyperref/hyperref.sty (/home/yuwenhan/Software/texlive/2025/texmf-dist/tex/generic/iftex/iftex.sty) (/home/yuwenhan/Software/texlive/2025/texmf-dist/tex/latex/kvsetkeys/kvsetkeys.sty) (/home/yuwenhan/Software/texlive/2025/texmf-dist/tex/generic/kvdefinekeys/kvdefinekeys.sty) (/home/yuwenhan/Software/texlive/2025/texmf-dist/tex/generic/pdfescape/pdfescape.sty
(/home/yuwenhan/Software/texlive/2025/texmf-dist/tex/generic/ltxcmds/ltxcmds.sty) (/home/yuwenhan/Software/texlive/2025/texmf-dist/tex/generic/pdftexcmds/pdftexcmds.sty (/home/yuwenhan/Software/texlive/2025/texmf-dist/tex/generic/infwarerr/infwarerr.sty))) (/home/yuwenhan/Software/texlive/2025/texmf-dist/tex/latex/hycolor/hycolor.sty) (/home/yuwenhan/Software/texlive/2025/texmf-dist/tex/latex/hyperref/nameref.sty (/home/yuwenhan/Software/texlive/2025/texmf-dist/tex/latex/refcount/refcount.sty) (/home/yuwenhan/Software/texlive/2025/texmf-dist/tex/generic/gettitlestring/gettitlestring.sty (/home/yuwenhan/Software/texlive/2025/texmf-dist/tex/latex/kvoptions/kvoptions.sty))) (/home/yuwenhan/Software/texlive/2025/texmf-dist/tex/generic/stringenc/stringenc.sty) (/home/yuwenhan/Software/texlive/2025/texmf-dist/tex/latex/hyperref/pd1enc.def) (/home/yuwenhan/Software/texlive/2025/texmf-dist/tex/generic/intcalc/intcalc.sty)
(/home/yuwenhan/Software/texlive/2025/texmf-dist/tex/latex/hyperref/puenc.def) (/home/yuwenhan/Software/texlive/2025/texmf-dist/tex/latex/url/url.sty) (/home/yuwenhan/Software/texlive/2025/texmf-dist/tex/generic/bitset/bitset.sty (/home/yuwenhan/Software/texlive/2025/texmf-dist/tex/generic/bigintcalc/bigintcalc.sty))) (/home/yuwenhan/Software/texlive/2025/texmf-dist/tex/latex/hyperref/hpdftex.def (/home/yuwenhan/Software/texlive/2025/texmf-dist/tex/latex/rerunfilecheck/rerunfilecheck.sty (/home/yuwenhan/Software/texlive/2025/texmf-dist/tex/generic/uniquecounter/uniquecounter.sty))) (./tmp73c97ufj.aux) (/home/yuwenhan/Software/texlive/2025/texmf-dist/tex/context/base/mkii/supp-pdf.mkii
[Loading MPS to PDF converter (version 2006.09.02).]
) (/home/yuwenhan/Software/texlive/2025/texmf-dist/tex/latex/epstopdf-pkg/epstopdf-base.sty (/home/yuwenhan/Software/texlive/2025/texmf-dist/tex/latex/latexconfig/epstopdf-sys.cfg)) (./tmp73c97ufj.out) (./tmp73c97ufj.out)

/tmp/tmp5b4h6bs7/tmp73c97ufj:12: Package pgfkeys Error: I do not know the key '/tcb/the 35th president of the USA from 1961 to 1963' and I am going to ignore it. Perhaps you misspelled it.

See the pgfkeys package documentation for explanation.
Type  H <return>  for immediate help.
 ...                                              
                                                  
l.12 ...th president of the USA from 1961 to 1963]
                                                  

[1{/home/yuwenhan/Software/texlive/2025/texmf-var/fonts/map/pdftex/updmap/pdftex.map}]
[2]
[3] (./tmp73c97ufj.aux) )
(see the transcript file for additional information)</home/yuwenhan/Software/texlive/2025/texmf-dist/fonts/type1/public/amsfonts/cm/cmbx10.pfb></home/yuwenhan/Software/texlive/2025/texmf-dist/fonts/type1/public/amsfonts/cm/cmr10.pfb>
Output written on tmp73c97ufj.pdf (3 pages, 35618 bytes).
Transcript written on tmp73c97ufj.log.
Latexmk: Getting log file 'tmp73c97ufj.log'
Latexmk: Examining 'tmp73c97ufj.fls'
Latexmk: Examining 'tmp73c97ufj.log'
Latexmk: Log file says output to 'tmp73c97ufj.pdf'
Latexmk: Errors, in force_mode: so I tried finishing targets
Collected error summary (may duplicate other messages):
  pdflatex: Command for 'pdflatex' gave return code 1
      Refer to 'tmp73c97ufj.log' and/or above output for details

