Rc files read:
  NONE
Latexmk: This is Latexmk, John Collins, 15 June 2025. Version 4.87.
No existing .aux file, so I'll make a simple one, and require run of *latex.
Latexmk: applying rule 'pdflatex'...
Rule 'pdflatex':  Reasons for rerun
Category 'other':
  Rerun of 'pdflatex' forced or previously required:
    Reason or flag: 'Initial setup'

------------
Run number 1 of rule 'pdflatex'
------------
------------
Running 'pdflatex  -file-line-error -interaction=nonstopmode -recorder  "/tmp/tmpks6xwvy6/tmp36kwp59t"'
------------
This is pdfTeX, Version 3.141592653-2.6-1.40.28 (TeX Live 2025) (preloaded format=pdflatex)
 restricted \write18 enabled.
entering extended mode
(/tmp/tmpks6xwvy6/tmp36kwp59t
LaTeX2e <2025-06-01> patch level 1
L3 programming layer <2025-06-30>
(/home/yuwenhan/Software/texlive/2025/texmf-dist/tex/latex/base/article.cls
Document Class: article 2025/01/22 v1.4n Standard LaTeX document class
(/home/yuwenhan/Software/texlive/2025/texmf-dist/tex/latex/base/size10.clo)) (/home/yuwenhan/Software/texlive/2025/texmf-dist/tex/latex/pgf/frontendlayer/tikz.sty (/home/yuwenhan/Software/texlive/2025/texmf-dist/tex/latex/pgf/basiclayer/pgf.sty (/home/yuwenhan/Software/texlive/2025/texmf-dist/tex/latex/pgf/utilities/pgfrcs.sty (/home/yuwenhan/Software/texlive/2025/texmf-dist/tex/generic/pgf/utilities/pgfutil-common.tex) (/home/yuwenhan/Software/texlive/2025/texmf-dist/tex/generic/pgf/utilities/pgfutil-latex.def) (/home/yuwenhan/Software/texlive/2025/texmf-dist/tex/generic/pgf/utilities/pgfrcs.code.tex (/home/yuwenhan/Software/texlive/2025/texmf-dist/tex/generic/pgf/pgf.revision.tex))) (/home/yuwenhan/Software/texlive/2025/texmf-dist/tex/latex/pgf/basiclayer/pgfcore.sty (/home/yuwenhan/Software/texlive/2025/texmf-dist/tex/latex/graphics/graphicx.sty (/home/yuwenhan/Software/texlive/2025/texmf-dist/tex/latex/graphics/keyval.sty)
(/home/yuwenhan/Software/texlive/2025/texmf-dist/tex/latex/graphics/graphics.sty (/home/yuwenhan/Software/texlive/2025/texmf-dist/tex/latex/graphics/trig.sty) (/home/yuwenhan/Software/texlive/2025/texmf-dist/tex/latex/graphics-cfg/graphics.cfg) (/home/yuwenhan/Software/texlive/2025/texmf-dist/tex/latex/graphics-def/pdftex.def))) (/home/yuwenhan/Software/texlive/2025/texmf-dist/tex/latex/pgf/systemlayer/pgfsys.sty (/home/yuwenhan/Software/texlive/2025/texmf-dist/tex/generic/pgf/systemlayer/pgfsys.code.tex (/home/yuwenhan/Software/texlive/2025/texmf-dist/tex/generic/pgf/utilities/pgfkeys.code.tex (/home/yuwenhan/Software/texlive/2025/texmf-dist/tex/generic/pgf/utilities/pgfkeyslibraryfiltered.code.tex)) (/home/yuwenhan/Software/texlive/2025/texmf-dist/tex/generic/pgf/systemlayer/pgf.cfg) (/home/yuwenhan/Software/texlive/2025/texmf-dist/tex/generic/pgf/systemlayer/pgfsys-pdftex.def (/home/yuwenhan/Software/texlive/2025/texmf-dist/tex/generic/pgf/systemlayer/pgfsys-common-pdf.def)))
(/home/yuwenhan/Software/texlive/2025/texmf-dist/tex/generic/pgf/systemlayer/pgfsyssoftpath.code.tex) (/home/yuwenhan/Software/texlive/2025/texmf-dist/tex/generic/pgf/systemlayer/pgfsysprotocol.code.tex)) (/home/yuwenhan/Software/texlive/2025/texmf-dist/tex/latex/xcolor/xcolor.sty (/home/yuwenhan/Software/texlive/2025/texmf-dist/tex/latex/graphics-cfg/color.cfg) (/home/yuwenhan/Software/texlive/2025/texmf-dist/tex/latex/graphics/mathcolor.ltx)) (/home/yuwenhan/Software/texlive/2025/texmf-dist/tex/generic/pgf/basiclayer/pgfcore.code.tex (/home/yuwenhan/Software/texlive/2025/texmf-dist/tex/generic/pgf/math/pgfmath.code.tex (/home/yuwenhan/Software/texlive/2025/texmf-dist/tex/generic/pgf/math/pgfmathutil.code.tex) (/home/yuwenhan/Software/texlive/2025/texmf-dist/tex/generic/pgf/math/pgfmathparser.code.tex) (/home/yuwenhan/Software/texlive/2025/texmf-dist/tex/generic/pgf/math/pgfmathfunctions.code.tex)
(/home/yuwenhan/Software/texlive/2025/texmf-dist/tex/generic/pgf/math/pgfmathfunctions.basic.code.tex) (/home/yuwenhan/Software/texlive/2025/texmf-dist/tex/generic/pgf/math/pgfmathfunctions.trigonometric.code.tex) (/home/yuwenhan/Software/texlive/2025/texmf-dist/tex/generic/pgf/math/pgfmathfunctions.random.code.tex) (/home/yuwenhan/Software/texlive/2025/texmf-dist/tex/generic/pgf/math/pgfmathfunctions.comparison.code.tex) (/home/yuwenhan/Software/texlive/2025/texmf-dist/tex/generic/pgf/math/pgfmathfunctions.base.code.tex) (/home/yuwenhan/Software/texlive/2025/texmf-dist/tex/generic/pgf/math/pgfmathfunctions.round.code.tex) (/home/yuwenhan/Software/texlive/2025/texmf-dist/tex/generic/pgf/math/pgfmathfunctions.misc.code.tex) (/home/yuwenhan/Software/texlive/2025/texmf-dist/tex/generic/pgf/math/pgfmathfunctions.integerarithmetics.code.tex) (/home/yuwenhan/Software/texlive/2025/texmf-dist/tex/generic/pgf/math/pgfmathcalc.code.tex)
(/home/yuwenhan/Software/texlive/2025/texmf-dist/tex/generic/pgf/math/pgfmathfloat.code.tex)) (/home/yuwenhan/Software/texlive/2025/texmf-dist/tex/generic/pgf/math/pgfint.code.tex) (/home/yuwenhan/Software/texlive/2025/texmf-dist/tex/generic/pgf/basiclayer/pgfcorepoints.code.tex) (/home/yuwenhan/Software/texlive/2025/texmf-dist/tex/generic/pgf/basiclayer/pgfcorepathconstruct.code.tex) (/home/yuwenhan/Software/texlive/2025/texmf-dist/tex/generic/pgf/basiclayer/pgfcorepathusage.code.tex) (/home/yuwenhan/Software/texlive/2025/texmf-dist/tex/generic/pgf/basiclayer/pgfcorescopes.code.tex) (/home/yuwenhan/Software/texlive/2025/texmf-dist/tex/generic/pgf/basiclayer/pgfcoregraphicstate.code.tex) (/home/yuwenhan/Software/texlive/2025/texmf-dist/tex/generic/pgf/basiclayer/pgfcoretransformations.code.tex) (/home/yuwenhan/Software/texlive/2025/texmf-dist/tex/generic/pgf/basiclayer/pgfcorequick.code.tex)
(/home/yuwenhan/Software/texlive/2025/texmf-dist/tex/generic/pgf/basiclayer/pgfcoreobjects.code.tex) (/home/yuwenhan/Software/texlive/2025/texmf-dist/tex/generic/pgf/basiclayer/pgfcorepathprocessing.code.tex) (/home/yuwenhan/Software/texlive/2025/texmf-dist/tex/generic/pgf/basiclayer/pgfcorearrows.code.tex) (/home/yuwenhan/Software/texlive/2025/texmf-dist/tex/generic/pgf/basiclayer/pgfcoreshade.code.tex) (/home/yuwenhan/Software/texlive/2025/texmf-dist/tex/generic/pgf/basiclayer/pgfcoreimage.code.tex) (/home/yuwenhan/Software/texlive/2025/texmf-dist/tex/generic/pgf/basiclayer/pgfcoreexternal.code.tex) (/home/yuwenhan/Software/texlive/2025/texmf-dist/tex/generic/pgf/basiclayer/pgfcorelayers.code.tex) (/home/yuwenhan/Software/texlive/2025/texmf-dist/tex/generic/pgf/basiclayer/pgfcoretransparency.code.tex) (/home/yuwenhan/Software/texlive/2025/texmf-dist/tex/generic/pgf/basiclayer/pgfcorepatterns.code.tex)
(/home/yuwenhan/Software/texlive/2025/texmf-dist/tex/generic/pgf/basiclayer/pgfcorerdf.code.tex))) (/home/yuwenhan/Software/texlive/2025/texmf-dist/tex/generic/pgf/modules/pgfmoduleshapes.code.tex) (/home/yuwenhan/Software/texlive/2025/texmf-dist/tex/generic/pgf/modules/pgfmoduleplot.code.tex) (/home/yuwenhan/Software/texlive/2025/texmf-dist/tex/latex/pgf/compatibility/pgfcomp-version-0-65.sty) (/home/yuwenhan/Software/texlive/2025/texmf-dist/tex/latex/pgf/compatibility/pgfcomp-version-1-18.sty)) (/home/yuwenhan/Software/texlive/2025/texmf-dist/tex/latex/pgf/utilities/pgffor.sty (/home/yuwenhan/Software/texlive/2025/texmf-dist/tex/latex/pgf/utilities/pgfkeys.sty (/home/yuwenhan/Software/texlive/2025/texmf-dist/tex/generic/pgf/utilities/pgfkeys.code.tex)) (/home/yuwenhan/Software/texlive/2025/texmf-dist/tex/latex/pgf/math/pgfmath.sty (/home/yuwenhan/Software/texlive/2025/texmf-dist/tex/generic/pgf/math/pgfmath.code.tex))
(/home/yuwenhan/Software/texlive/2025/texmf-dist/tex/generic/pgf/utilities/pgffor.code.tex)) (/home/yuwenhan/Software/texlive/2025/texmf-dist/tex/generic/pgf/frontendlayer/tikz/tikz.code.tex (/home/yuwenhan/Software/texlive/2025/texmf-dist/tex/generic/pgf/libraries/pgflibraryplothandlers.code.tex) (/home/yuwenhan/Software/texlive/2025/texmf-dist/tex/generic/pgf/modules/pgfmodulematrix.code.tex) (/home/yuwenhan/Software/texlive/2025/texmf-dist/tex/generic/pgf/frontendlayer/tikz/libraries/tikzlibrarytopaths.code.tex))) (/home/yuwenhan/Software/texlive/2025/texmf-dist/tex/generic/pgf/frontendlayer/tikz/libraries/tikzlibraryautomata.code.tex (/home/yuwenhan/Software/texlive/2025/texmf-dist/tex/generic/pgf/frontendlayer/tikz/libraries/tikzlibraryshapes.multipart.code.tex (/home/yuwenhan/Software/texlive/2025/texmf-dist/tex/generic/pgf/libraries/shapes/pgflibraryshapes.multipart.code.tex)))
(/home/yuwenhan/Software/texlive/2025/texmf-dist/tex/generic/pgf/frontendlayer/tikz/libraries/tikzlibrarypositioning.code.tex) (/home/yuwenhan/Software/texlive/2025/texmf-dist/tex/latex/l3backend/l3backend-pdftex.def) (./tmp36kwp59t.aux) (/home/yuwenhan/Software/texlive/2025/texmf-dist/tex/context/base/mkii/supp-pdf.mkii
[Loading MPS to PDF converter (version 2006.09.02).]
) (/home/yuwenhan/Software/texlive/2025/texmf-dist/tex/latex/epstopdf-pkg/epstopdf-base.sty (/home/yuwenhan/Software/texlive/2025/texmf-dist/tex/latex/latexconfig/epstopdf-sys.cfg))
/tmp/tmpks6xwvy6/tmp36kwp59t:16: Missing $ inserted.
<inserted text> 
                $
l.16 ...r_0 \& !r_1 \& r_m/!g_0 \& !g_1 \& g_m} ()
                                                  
/tmp/tmpks6xwvy6/tmp36kwp59t:16: Extra }, or forgotten $.
\pgf@let@token ...!r_1 \& r_m/!g_0 \& !g_1 \& g_m}
                                                  
l.16 ...r_0 \& !r_1 \& r_m/!g_0 \& !g_1 \& g_m} ()
                                                  
/tmp/tmpks6xwvy6/tmp36kwp59t:16: Extra }, or forgotten $.
\pgf@let@token ...@is@a@labeltrue }\tikz@tonodes }
                                                  
l.16 ...r_0 \& !r_1 \& r_m/!g_0 \& !g_1 \& g_m} ()
                                                  
/tmp/tmpks6xwvy6/tmp36kwp59t:16: Missing $ inserted.
<inserted text> 
                $
l.16 ...r_0 \& !r_1 \& r_m/!g_0 \& !g_1 \& g_m} ()
                                                  
/tmp/tmpks6xwvy6/tmp36kwp59t:16: Missing } inserted.
<inserted text> 
                }
l.16 ...r_0 \& !r_1 \& r_m/!g_0 \& !g_1 \& g_m} ()
                                                  

/tmp/tmpks6xwvy6/tmp36kwp59t:16: Package tikz Error: Giving up on this path. Did you forget a semicolon?.

See the tikz package documentation for explanation.
Type  H <return>  for immediate help.
 ...                                              
                                                  
l.16 ...r_0 \& !r_1 \& r_m/!g_0 \& !g_1 \& g_m} ()
                                                  
/tmp/tmpks6xwvy6/tmp36kwp59t:16: Extra }, or forgotten \endgroup.
\tikz@to@or@edge@function ...nterruptpath \egroup 
                                                  \egroup \egroup \global \s...
l.16 ...r_0 \& !r_1 \& r_m/!g_0 \& !g_1 \& g_m} ()
                                                  
/tmp/tmpks6xwvy6/tmp36kwp59t:16: Extra }, or forgotten \endgroup.
\tikz@to@or@edge@function ...path \egroup \egroup 
                                                  \egroup \global \setbox \t...
l.16 ...r_0 \& !r_1 \& r_m/!g_0 \& !g_1 \& g_m} ()
                                                  
/tmp/tmpks6xwvy6/tmp36kwp59t:16: Extra }, or forgotten \endgroup.
\tikz@to@or@edge@function ...roup \egroup \egroup 
                                                  \global \setbox \tikz@temp...
l.16 ...r_0 \& !r_1 \& r_m/!g_0 \& !g_1 \& g_m} ()
                                                  
/tmp/tmpks6xwvy6/tmp36kwp59t:16: Missing $ inserted.
<inserted text> 
                $
l.16 ...r_0 \& !r_1 \& r_m/!g_0 \& !g_1 \& g_m} ()
                                                  
/tmp/tmpks6xwvy6/tmp36kwp59t:16: Extra }, or forgotten $.
\tikz@temp ... \& !r_1 \& r_m/!g_0 \& !g_1 \& g_m}
                                                  
l.16 ...r_0 \& !r_1 \& r_m/!g_0 \& !g_1 \& g_m} ()
                                                  
/tmp/tmpks6xwvy6/tmp36kwp59t:17: Undefined control sequence.
\tikz@to@or@edge@function ...le@edge@quotes \path 
                                                  [style=every edge]\expanda...
l.17 ...\& !r_1 \& !r_m/g_0 \& !g_1 \& !g_m} (q_1)
                                                  
/tmp/tmpks6xwvy6/tmp36kwp59t:17: Missing $ inserted.
<inserted text> 
                $
l.17 ...\& !r_1 \& !r_m/g_0 \& !g_1 \& !g_m} (q_1)
                                                  
/tmp/tmpks6xwvy6/tmp36kwp59t:17: Missing $ inserted.
<inserted text> 
                $
l.17 ...\& !r_1 \& !r_m/g_0 \& !g_1 \& !g_m} (q_1)
                                                  
/tmp/tmpks6xwvy6/tmp36kwp59t:18: Undefined control sequence.
\tikz@to@or@edge@function ...le@edge@quotes \path 
                                                  [style=every edge]\expanda...
l.18 ... \& r_1 \& !r_m/!g_0 \& g_1 \& !g_m} (q_2)
                                                  
/tmp/tmpks6xwvy6/tmp36kwp59t:18: Missing $ inserted.
<inserted text> 
                $
l.18 ... \& r_1 \& !r_m/!g_0 \& g_1 \& !g_m} (q_2)
                                                  
/tmp/tmpks6xwvy6/tmp36kwp59t:18: Missing $ inserted.
<inserted text> 
                $
l.18 ... \& r_1 \& !r_m/!g_0 \& g_1 \& !g_m} (q_2)
                                                  
/tmp/tmpks6xwvy6/tmp36kwp59t:19: Undefined control sequence.
\tikz@to@or@edge@function ...le@edge@quotes \path 
                                                  [style=every edge]\expanda...
l.19 ...& !r_1 \& r_m)/!g_0 \& !g_1 \& !g_m} (q_3)
                                                  
/tmp/tmpks6xwvy6/tmp36kwp59t:19: Missing $ inserted.
<inserted text> 
                $
l.19 ...& !r_1 \& r_m)/!g_0 \& !g_1 \& !g_m} (q_3)
                                                  
/tmp/tmpks6xwvy6/tmp36kwp59t:19: Missing $ inserted.
<inserted text> 
                $
l.19 ...& !r_1 \& r_m)/!g_0 \& !g_1 \& !g_m} (q_3)
                                                  
/tmp/tmpks6xwvy6/tmp36kwp59t:20: Undefined control sequence.
\tikz@to@or@edge@function ...le@edge@quotes \path 
                                                  [style=every edge]\expanda...
l.20 ...{(!r_m \& !r_0)/g_0 \& !g_1 \& !g_m} (q_4)
                                                  
/tmp/tmpks6xwvy6/tmp36kwp59t:20: Missing $ inserted.
<inserted text> 
                $
l.20 ...{(!r_m \& !r_0)/g_0 \& !g_1 \& !g_m} (q_4)
                                                  
/tmp/tmpks6xwvy6/tmp36kwp59t:20: Missing $ inserted.
<inserted text> 
                $
l.20 ...{(!r_m \& !r_0)/g_0 \& !g_1 \& !g_m} (q_4)
                                                  
/tmp/tmpks6xwvy6/tmp36kwp59t:21: Undefined control sequence.
\tikz@to@or@edge@function ...le@edge@quotes \path 
                                                  [style=every edge]\expanda...
l.21 ...node {!r_m \& !r_1/!g_0 \& g_1 \& !g_m} ()
                                                  
/tmp/tmpks6xwvy6/tmp36kwp59t:21: Missing $ inserted.
<inserted text> 
                $
l.21 ...node {!r_m \& !r_1/!g_0 \& g_1 \& !g_m} ()
                                                  
/tmp/tmpks6xwvy6/tmp36kwp59t:21: Missing $ inserted.
<inserted text> 
                $
l.21 ...node {!r_m \& !r_1/!g_0 \& g_1 \& !g_m} ()
                                                  
/tmp/tmpks6xwvy6/tmp36kwp59t:22: Undefined control sequence.
\tikz@to@or@edge@function ...le@edge@quotes \path 
                                                  [style=every edge]\expanda...
l.22 ...ode {r_m \& !r_1/g_0 \& !g_1 \& g_m} (q_0)
                                                  
/tmp/tmpks6xwvy6/tmp36kwp59t:22: Missing $ inserted.
<inserted text> 
                $
l.22 ...ode {r_m \& !r_1/g_0 \& !g_1 \& g_m} (q_0)
                                                  
/tmp/tmpks6xwvy6/tmp36kwp59t:22: Missing $ inserted.
<inserted text> 
                $
l.22 ...ode {r_m \& !r_1/g_0 \& !g_1 \& g_m} (q_0)
                                                  
/tmp/tmpks6xwvy6/tmp36kwp59t:23: Undefined control sequence.
\tikz@to@or@edge@function ...le@edge@quotes \path 
                                                  [style=every edge]\expanda...
l.23 ...de {!r_m \& r_1/g_0 \& !g_1 \& !g_m} (q_2)
                                                  
/tmp/tmpks6xwvy6/tmp36kwp59t:23: Missing $ inserted.
<inserted text> 
                $
l.23 ...de {!r_m \& r_1/g_0 \& !g_1 \& !g_m} (q_2)
                                                  
/tmp/tmpks6xwvy6/tmp36kwp59t:23: Missing $ inserted.
<inserted text> 
                $
l.23 ...de {!r_m \& r_1/g_0 \& !g_1 \& !g_m} (q_2)
                                                  
/tmp/tmpks6xwvy6/tmp36kwp59t:24: Undefined control sequence.
\tikz@to@or@edge@function ...le@edge@quotes \path 
                                                  [style=every edge]\expanda...
l.24 ...ode {r_m \& r_1/!g_0 \& !g_1 \& g_m} (q_3)
                                                  
/tmp/tmpks6xwvy6/tmp36kwp59t:24: Missing $ inserted.
<inserted text> 
                $
l.24 ...ode {r_m \& r_1/!g_0 \& !g_1 \& g_m} (q_3)
                                                  
/tmp/tmpks6xwvy6/tmp36kwp59t:24: Missing $ inserted.
<inserted text> 
                $
l.24 ...ode {r_m \& r_1/!g_0 \& !g_1 \& g_m} (q_3)
                                                  
/tmp/tmpks6xwvy6/tmp36kwp59t:25: Undefined control sequence.
\tikz@to@or@edge@function ...le@edge@quotes \path 
                                                  [style=every edge]\expanda...
l.25 ...] node {r_m \& !r_0/g_0 \& !g_1 \& g_m} ()
                                                  
/tmp/tmpks6xwvy6/tmp36kwp59t:25: Missing $ inserted.
<inserted text> 
                $
l.25 ...] node {r_m \& !r_0/g_0 \& !g_1 \& g_m} ()
                                                  
/tmp/tmpks6xwvy6/tmp36kwp59t:25: Missing $ inserted.
<inserted text> 
                $
l.25 ...] node {r_m \& !r_0/g_0 \& !g_1 \& g_m} ()
                                                  
/tmp/tmpks6xwvy6/tmp36kwp59t:26: Undefined control sequence.
\tikz@to@or@edge@function ...le@edge@quotes \path 
                                                  [style=every edge]\expanda...
l.26 ...ode {r_m \& r_0/g_0 \& !g_1 \& !g_m} (q_0)
                                                  
/tmp/tmpks6xwvy6/tmp36kwp59t:26: Missing $ inserted.
<inserted text> 
                $
l.26 ...ode {r_m \& r_0/g_0 \& !g_1 \& !g_m} (q_0)
                                                  
/tmp/tmpks6xwvy6/tmp36kwp59t:26: Missing $ inserted.
<inserted text> 
                $
l.26 ...ode {r_m \& r_0/g_0 \& !g_1 \& !g_m} (q_0)
                                                  
/tmp/tmpks6xwvy6/tmp36kwp59t:27: Undefined control sequence.
\tikz@to@or@edge@function ...le@edge@quotes \path 
                                                  [style=every edge]\expanda...
l.27 ...eft] node {!r_m/!g_0 \& g_1 \& !g_m} (q_1)
                                                  
/tmp/tmpks6xwvy6/tmp36kwp59t:27: Missing $ inserted.
<inserted text> 
                $
l.27 ...eft] node {!r_m/!g_0 \& g_1 \& !g_m} (q_1)
                                                  
/tmp/tmpks6xwvy6/tmp36kwp59t:27: Missing $ inserted.
<inserted text> 
                $
l.27 ...eft] node {!r_m/!g_0 \& g_1 \& !g_m} (q_1)
                                                  
/tmp/tmpks6xwvy6/tmp36kwp59t:28: Undefined control sequence.
\tikz@to@or@edge@function ...le@edge@quotes \path 
                                                  [style=every edge]\expanda...
l.28 ...left] node {r_m/!g_0 \& !g_1 \& g_m} (q_4)
                                                  
/tmp/tmpks6xwvy6/tmp36kwp59t:28: Missing $ inserted.
<inserted text> 
                $
l.28 ...left] node {r_m/!g_0 \& !g_1 \& g_m} (q_4)
                                                  
/tmp/tmpks6xwvy6/tmp36kwp59t:28: Missing $ inserted.
<inserted text> 
                $
l.28 ...left] node {r_m/!g_0 \& !g_1 \& g_m} (q_4)
                                                  
/tmp/tmpks6xwvy6/tmp36kwp59t:29: Undefined control sequence.
\tikz@to@or@edge@function ...le@edge@quotes \path 
                                                  [style=every edge]\expanda...
l.29 ...p below] node {r_m/!g_0 \& !g_1 \& g_m} ()
                                                  
/tmp/tmpks6xwvy6/tmp36kwp59t:29: Missing $ inserted.
<inserted text> 
                $
l.29 ...p below] node {r_m/!g_0 \& !g_1 \& g_m} ()
                                                  
/tmp/tmpks6xwvy6/tmp36kwp59t:29: Missing $ inserted.
<inserted text> 
                $
l.29 ...p below] node {r_m/!g_0 \& !g_1 \& g_m} ()
                                                  
/tmp/tmpks6xwvy6/tmp36kwp59t:30: Undefined control sequence.
\tikz@to@or@edge@function ...le@edge@quotes \path 
                                                  [style=every edge]\expanda...
l.30 ...p below] node {r_m/!g_0 \& !g_1 \& g_m} ()
                                                  ;
/tmp/tmpks6xwvy6/tmp36kwp59t:30: Missing $ inserted.
<inserted text> 
                $
l.30 ...p below] node {r_m/!g_0 \& !g_1 \& g_m} ()
                                                  ;
/tmp/tmpks6xwvy6/tmp36kwp59t:30: Missing $ inserted.
<inserted text> 
                $
l.30 ...p below] node {r_m/!g_0 \& !g_1 \& g_m} ()
                                                  ;
/tmp/tmpks6xwvy6/tmp36kwp59t:30: Missing $ inserted.
<inserted text> 
                $
l.30 ... below] node {r_m/!g_0 \& !g_1 \& g_m} ();
                                                  
/tmp/tmpks6xwvy6/tmp36kwp59t:30: Missing } inserted.
<inserted text> 
                }
l.30 ... below] node {r_m/!g_0 \& !g_1 \& g_m} ();
                                                  

/tmp/tmpks6xwvy6/tmp36kwp59t:30: Package tikz Error: Giving up on this path. Did you forget a semicolon?.

See the tikz package documentation for explanation.
Type  H <return>  for immediate help.
 ...                                              
                                                  
l.30 ... below] node {r_m/!g_0 \& !g_1 \& g_m} ();
                                                  
/tmp/tmpks6xwvy6/tmp36kwp59t:30: Missing } inserted.
<inserted text> 
                }
l.30 ... below] node {r_m/!g_0 \& !g_1 \& g_m} ();
                                                  
/tmp/tmpks6xwvy6/tmp36kwp59t:30: Missing } inserted.
<inserted text> 
                }
l.30 ... below] node {r_m/!g_0 \& !g_1 \& g_m} ();
                                                  
/tmp/tmpks6xwvy6/tmp36kwp59t:30: Missing } inserted.
<inserted text> 
                }
l.30 ... below] node {r_m/!g_0 \& !g_1 \& g_m} ();
                                                  

Overfull \hbox (5041.6474pt too wide) in paragraph at lines 31--32
[][] 

[1{/home/yuwenhan/Software/texlive/2025/texmf-var/fonts/map/pdftex/updmap/pdftex.map}] (./tmp36kwp59t.aux) )
(see the transcript file for additional information)</home/yuwenhan/Software/texlive/2025/texmf-dist/fonts/type1/public/amsfonts/cm/cmmi10.pfb></home/yuwenhan/Software/texlive/2025/texmf-dist/fonts/type1/public/amsfonts/cm/cmr7.pfb>
Output written on tmp36kwp59t.pdf (1 page, 18321 bytes).
Transcript written on tmp36kwp59t.log.
Latexmk: Getting log file 'tmp36kwp59t.log'
Latexmk: Examining 'tmp36kwp59t.fls'
Latexmk: Examining 'tmp36kwp59t.log'
Latexmk: Log file says output to 'tmp36kwp59t.pdf'
Latexmk: Errors, in force_mode: so I tried finishing targets
Collected error summary (may duplicate other messages):
  pdflatex: Command for 'pdflatex' gave return code 1
      Refer to 'tmp36kwp59t.log' and/or above output for details

