Rc files read:
  NONE
Latexmk: This is Latexmk, John Collins, 15 June 2025. Version 4.87.
No existing .aux file, so I'll make a simple one, and require run of *latex.
Latexmk: applying rule 'pdflatex'...
Rule 'pdflatex':  Reasons for rerun
Category 'other':
  Rerun of 'pdflatex' forced or previously required:
    Reason or flag: 'Initial setup'

------------
Run number 1 of rule 'pdflatex'
------------
------------
Running 'pdflatex  -file-line-error -interaction=nonstopmode -recorder  "/tmp/tmpxequv4k4/tmp6kfc_xw8"'
------------
This is pdfTeX, Version 3.141592653-2.6-1.40.28 (TeX Live 2025) (preloaded format=pdflatex)
 restricted \write18 enabled.
entering extended mode
(/tmp/tmpxequv4k4/tmp6kfc_xw8
LaTeX2e <2025-06-01> patch level 1
L3 programming layer <2025-06-30>
(/home/yuwenhan/Software/texlive/2025/texmf-dist/tex/latex/base/article.cls
Document Class: article 2025/01/22 v1.4n Standard LaTeX document class
(/home/yuwenhan/Software/texlive/2025/texmf-dist/tex/latex/base/size10.clo)) (/home/yuwenhan/Software/texlive/2025/texmf-dist/tex/latex/caption/subcaption.sty (/home/yuwenhan/Software/texlive/2025/texmf-dist/tex/latex/caption/caption.sty (/home/yuwenhan/Software/texlive/2025/texmf-dist/tex/latex/caption/caption3.sty (/home/yuwenhan/Software/texlive/2025/texmf-dist/tex/latex/graphics/keyval.sty)))) (/home/yuwenhan/Software/texlive/2025/texmf-dist/tex/latex/graphics/graphicx.sty (/home/yuwenhan/Software/texlive/2025/texmf-dist/tex/latex/graphics/graphics.sty (/home/yuwenhan/Software/texlive/2025/texmf-dist/tex/latex/graphics/trig.sty) (/home/yuwenhan/Software/texlive/2025/texmf-dist/tex/latex/graphics-cfg/graphics.cfg) (/home/yuwenhan/Software/texlive/2025/texmf-dist/tex/latex/graphics-def/pdftex.def))) (/home/yuwenhan/Software/texlive/2025/texmf-dist/tex/latex/l3backend/l3backend-pdftex.def) (./tmp6kfc_xw8.aux)
(/home/yuwenhan/Software/texlive/2025/texmf-dist/tex/context/base/mkii/supp-pdf.mkii
[Loading MPS to PDF converter (version 2006.09.02).]
) (/home/yuwenhan/Software/texlive/2025/texmf-dist/tex/latex/epstopdf-pkg/epstopdf-base.sty (/home/yuwenhan/Software/texlive/2025/texmf-dist/tex/latex/latexconfig/epstopdf-sys.cfg))

LaTeX Warning: File `sample_201.png' not found on input line 11.


/tmp/tmpxequv4k4/tmp6kfc_xw8:11: Package pdftex.def Error: File `sample_201.png' not found: using draft setting.

See the pdftex.def package documentation for explanation.
Type  H <return>  for immediate help.
 ...                                              
                                                  
l.11 ...graphics[width=\linewidth]{sample_201.png}
                                                  

LaTeX Warning: File `sample_201.png' not found on input line 17.


/tmp/tmpxequv4k4/tmp6kfc_xw8:17: Package pdftex.def Error: File `sample_201.png' not found: using draft setting.

See the pdftex.def package documentation for explanation.
Type  H <return>  for immediate help.
 ...                                              
                                                  
l.17 ...graphics[width=\linewidth]{sample_201.png}
                                                  

LaTeX Warning: File `sample_201.png' not found on input line 23.


/tmp/tmpxequv4k4/tmp6kfc_xw8:23: Package pdftex.def Error: File `sample_201.png' not found: using draft setting.

See the pdftex.def package documentation for explanation.
Type  H <return>  for immediate help.
 ...                                              
                                                  
l.23 ...graphics[width=\linewidth]{sample_201.png}
                                                  

LaTeX Warning: File `sample_201.png' not found on input line 29.


/tmp/tmpxequv4k4/tmp6kfc_xw8:29: Package pdftex.def Error: File `sample_201.png' not found: using draft setting.

See the pdftex.def package documentation for explanation.
Type  H <return>  for immediate help.
 ...                                              
                                                  
l.29 ...graphics[width=\linewidth]{sample_201.png}
                                                  

LaTeX Warning: File `sample_201.png' not found on input line 35.


/tmp/tmpxequv4k4/tmp6kfc_xw8:35: Package pdftex.def Error: File `sample_201.png' not found: using draft setting.

See the pdftex.def package documentation for explanation.
Type  H <return>  for immediate help.
 ...                                              
                                                  
l.35 ...graphics[width=\linewidth]{sample_201.png}
                                                  

LaTeX Warning: `h' float specifier changed to `ht'.


LaTeX Warning: Reference `fig:sub1' on page 1 undefined on input line 44.


LaTeX Warning: Reference `fig:sub5' on page 1 undefined on input line 44.


[1{/home/yuwenhan/Software/texlive/2025/texmf-var/fonts/map/pdftex/updmap/pdftex.map}]
[2] (./tmp6kfc_xw8.aux)

LaTeX Warning: There were undefined references.


LaTeX Warning: Label(s) may have changed. Rerun to get cross-references right.

 )
(see the transcript file for additional information)</home/yuwenhan/Software/texlive/2025/texmf-dist/fonts/type1/public/amsfonts/cm/cmbx10.pfb></home/yuwenhan/Software/texlive/2025/texmf-dist/fonts/type1/public/amsfonts/cm/cmr10.pfb></home/yuwenhan/Software/texlive/2025/texmf-dist/fonts/type1/public/amsfonts/cm/cmr9.pfb></home/yuwenhan/Software/texlive/2025/texmf-dist/fonts/type1/public/amsfonts/cm/cmtt10.pfb>
Output written on tmp6kfc_xw8.pdf (2 pages, 47705 bytes).
Transcript written on tmp6kfc_xw8.log.
Latexmk: Getting log file 'tmp6kfc_xw8.log'
Latexmk: Examining 'tmp6kfc_xw8.fls'
Latexmk: Examining 'tmp6kfc_xw8.log'
Latexmk: References changed.
Latexmk: Log file says output to 'tmp6kfc_xw8.pdf'
Latexmk: applying rule 'pdflatex'...
Rule 'pdflatex':  Reasons for rerun
Changed files or newly in use/created:
  tmp6kfc_xw8.aux

------------
Run number 2 of rule 'pdflatex'
------------
------------
Running 'pdflatex  -file-line-error -interaction=nonstopmode -recorder  "/tmp/tmpxequv4k4/tmp6kfc_xw8"'
------------
This is pdfTeX, Version 3.141592653-2.6-1.40.28 (TeX Live 2025) (preloaded format=pdflatex)
 restricted \write18 enabled.
entering extended mode
(/tmp/tmpxequv4k4/tmp6kfc_xw8
LaTeX2e <2025-06-01> patch level 1
L3 programming layer <2025-06-30>
(/home/yuwenhan/Software/texlive/2025/texmf-dist/tex/latex/base/article.cls
Document Class: article 2025/01/22 v1.4n Standard LaTeX document class
(/home/yuwenhan/Software/texlive/2025/texmf-dist/tex/latex/base/size10.clo)) (/home/yuwenhan/Software/texlive/2025/texmf-dist/tex/latex/caption/subcaption.sty (/home/yuwenhan/Software/texlive/2025/texmf-dist/tex/latex/caption/caption.sty (/home/yuwenhan/Software/texlive/2025/texmf-dist/tex/latex/caption/caption3.sty (/home/yuwenhan/Software/texlive/2025/texmf-dist/tex/latex/graphics/keyval.sty)))) (/home/yuwenhan/Software/texlive/2025/texmf-dist/tex/latex/graphics/graphicx.sty (/home/yuwenhan/Software/texlive/2025/texmf-dist/tex/latex/graphics/graphics.sty (/home/yuwenhan/Software/texlive/2025/texmf-dist/tex/latex/graphics/trig.sty) (/home/yuwenhan/Software/texlive/2025/texmf-dist/tex/latex/graphics-cfg/graphics.cfg) (/home/yuwenhan/Software/texlive/2025/texmf-dist/tex/latex/graphics-def/pdftex.def))) (/home/yuwenhan/Software/texlive/2025/texmf-dist/tex/latex/l3backend/l3backend-pdftex.def) (./tmp6kfc_xw8.aux)
(/home/yuwenhan/Software/texlive/2025/texmf-dist/tex/context/base/mkii/supp-pdf.mkii
[Loading MPS to PDF converter (version 2006.09.02).]
) (/home/yuwenhan/Software/texlive/2025/texmf-dist/tex/latex/epstopdf-pkg/epstopdf-base.sty (/home/yuwenhan/Software/texlive/2025/texmf-dist/tex/latex/latexconfig/epstopdf-sys.cfg))

LaTeX Warning: File `sample_201.png' not found on input line 11.


/tmp/tmpxequv4k4/tmp6kfc_xw8:11: Package pdftex.def Error: File `sample_201.png' not found: using draft setting.

See the pdftex.def package documentation for explanation.
Type  H <return>  for immediate help.
 ...                                              
                                                  
l.11 ...graphics[width=\linewidth]{sample_201.png}
                                                  

LaTeX Warning: File `sample_201.png' not found on input line 17.


/tmp/tmpxequv4k4/tmp6kfc_xw8:17: Package pdftex.def Error: File `sample_201.png' not found: using draft setting.

See the pdftex.def package documentation for explanation.
Type  H <return>  for immediate help.
 ...                                              
                                                  
l.17 ...graphics[width=\linewidth]{sample_201.png}
                                                  

LaTeX Warning: File `sample_201.png' not found on input line 23.


/tmp/tmpxequv4k4/tmp6kfc_xw8:23: Package pdftex.def Error: File `sample_201.png' not found: using draft setting.

See the pdftex.def package documentation for explanation.
Type  H <return>  for immediate help.
 ...                                              
                                                  
l.23 ...graphics[width=\linewidth]{sample_201.png}
                                                  

LaTeX Warning: File `sample_201.png' not found on input line 29.


/tmp/tmpxequv4k4/tmp6kfc_xw8:29: Package pdftex.def Error: File `sample_201.png' not found: using draft setting.

See the pdftex.def package documentation for explanation.
Type  H <return>  for immediate help.
 ...                                              
                                                  
l.29 ...graphics[width=\linewidth]{sample_201.png}
                                                  

LaTeX Warning: File `sample_201.png' not found on input line 35.


/tmp/tmpxequv4k4/tmp6kfc_xw8:35: Package pdftex.def Error: File `sample_201.png' not found: using draft setting.

See the pdftex.def package documentation for explanation.
Type  H <return>  for immediate help.
 ...                                              
                                                  
l.35 ...graphics[width=\linewidth]{sample_201.png}
                                                  

LaTeX Warning: `h' float specifier changed to `ht'.


[1{/home/yuwenhan/Software/texlive/2025/texmf-var/fonts/map/pdftex/updmap/pdftex.map}]
[2] (./tmp6kfc_xw8.aux) )
(see the transcript file for additional information)</home/yuwenhan/Software/texlive/2025/texmf-dist/fonts/type1/public/amsfonts/cm/cmr10.pfb></home/yuwenhan/Software/texlive/2025/texmf-dist/fonts/type1/public/amsfonts/cm/cmr9.pfb></home/yuwenhan/Software/texlive/2025/texmf-dist/fonts/type1/public/amsfonts/cm/cmtt10.pfb>
Output written on tmp6kfc_xw8.pdf (2 pages, 38015 bytes).
Transcript written on tmp6kfc_xw8.log.
Latexmk: Getting log file 'tmp6kfc_xw8.log'
Latexmk: Examining 'tmp6kfc_xw8.fls'
Latexmk: Examining 'tmp6kfc_xw8.log'
Latexmk: Log file says output to 'tmp6kfc_xw8.pdf'
Latexmk: Errors, in force_mode: so I tried finishing targets
Collected error summary (may duplicate other messages):
  pdflatex: Command for 'pdflatex' gave return code 1
      Refer to 'tmp6kfc_xw8.log' and/or above output for details

