Rc files read:
  NONE
Latexmk: This is Latexmk, John Collins, 15 June 2025. Version 4.87.
No existing .aux file, so I'll make a simple one, and require run of *latex.
Latexmk: applying rule 'pdflatex'...
Rule 'pdflatex':  Reasons for rerun
Category 'other':
  Rerun of 'pdflatex' forced or previously required:
    Reason or flag: 'Initial setup'

------------
Run number 1 of rule 'pdflatex'
------------
------------
Running 'pdflatex  -file-line-error -interaction=nonstopmode -recorder  "/tmp/tmpbfp17wu2/tmpxbb1rvvd"'
------------
This is pdfTeX, Version 3.141592653-2.6-1.40.28 (TeX Live 2025) (preloaded format=pdflatex)
 restricted \write18 enabled.
entering extended mode
(/tmp/tmpbfp17wu2/tmpxbb1rvvd
LaTeX2e <2025-06-01> patch level 1
L3 programming layer <2025-06-30>

/tmp/tmpbfp17wu2/tmpxbb1rvvd:1: LaTeX Error: Missing \begin{document}.

See the LaTeX manual or LaTeX Companion for explanation.
Type  H <return>  for immediate help.
 ...                                              
                                                  
l.1 T
     o create a matrix filled with numbers from 1 to 10 using nested `\int_s...
Missing character: There is no T in font nullfont!
Missing character: There is no o in font nullfont!
Missing character: There is no c in font nullfont!
Missing character: There is no r in font nullfont!
Missing character: There is no e in font nullfont!
Missing character: There is no a in font nullfont!
Missing character: There is no t in font nullfont!
Missing character: There is no e in font nullfont!
Missing character: There is no a in font nullfont!
Missing character: There is no m in font nullfont!
Missing character: There is no a in font nullfont!
Missing character: There is no t in font nullfont!
Missing character: There is no r in font nullfont!
Missing character: There is no i in font nullfont!
Missing character: There is no x in font nullfont!
Missing character: There is no f in font nullfont!
Missing character: There is no i in font nullfont!
Missing character: There is no l in font nullfont!
Missing character: There is no l in font nullfont!
Missing character: There is no e in font nullfont!
Missing character: There is no d in font nullfont!
Missing character: There is no w in font nullfont!
Missing character: There is no i in font nullfont!
Missing character: There is no t in font nullfont!
Missing character: There is no h in font nullfont!
Missing character: There is no n in font nullfont!
Missing character: There is no u in font nullfont!
Missing character: There is no m in font nullfont!
Missing character: There is no b in font nullfont!
Missing character: There is no e in font nullfont!
Missing character: There is no r in font nullfont!
Missing character: There is no s in font nullfont!
Missing character: There is no f in font nullfont!
Missing character: There is no r in font nullfont!
Missing character: There is no o in font nullfont!
Missing character: There is no m in font nullfont!
Missing character: There is no 1 in font nullfont!
Missing character: There is no t in font nullfont!
Missing character: There is no o in font nullfont!
Missing character: There is no 1 in font nullfont!
Missing character: There is no 0 in font nullfont!
Missing character: There is no u in font nullfont!
Missing character: There is no s in font nullfont!
Missing character: There is no i in font nullfont!
Missing character: There is no n in font nullfont!
Missing character: There is no g in font nullfont!
Missing character: There is no n in font nullfont!
Missing character: There is no e in font nullfont!
Missing character: There is no s in font nullfont!
Missing character: There is no t in font nullfont!
Missing character: There is no e in font nullfont!
Missing character: There is no d in font nullfont!
Missing character: There is no ` in font nullfont!
/tmp/tmpbfp17wu2/tmpxbb1rvvd:1: Missing $ inserted.
<inserted text> 
                $
l.1 ...ith numbers from 1 to 10 using nested `\int
                                                  _step_inline:nnnn` command...
/tmp/tmpbfp17wu2/tmpxbb1rvvd:3: Missing $ inserted.
<inserted text> 
                $
l.3 
    

Overfull \hbox (20.0pt too wide) in paragraph at lines 1--3
[]

Overfull \hbox (56.13326pt too wide) in paragraph at lines 1--3
[][] \OML/cmm/m/it/10 tep[]nline \OT1/cmr/m/n/10 :

Overfull \hbox (446.67043pt too wide) in paragraph at lines 1--3
\OML/cmm/m/it/10 nnnn\OT1/cmr/m/n/10 `\OML/cmm/m/it/10 commandsinLaTeX; wecanusethe\OT1/cmr/m/n/10 `\OML/cmm/m/it/10 expl\OT1/cmr/m/n/10 3`\OML/cmm/m/it/10 package:Belowisanexampleofhowyoucanachievethis \OT1/cmr/m/n/10 :$ 

/tmp/tmpbfp17wu2/tmpxbb1rvvd:4: LaTeX Error: Missing \begin{document}.

See the LaTeX manual or LaTeX Companion for explanation.
Type  H <return>  for immediate help.
 ...                                              
                                                  
l.4 `
     ``latex
Missing character: There is no ` in font nullfont!
Missing character: There is no ` in font nullfont!
Missing character: There is no ` in font nullfont!
Missing character: There is no l in font nullfont!
Missing character: There is no a in font nullfont!
Missing character: There is no t in font nullfont!
Missing character: There is no e in font nullfont!
Missing character: There is no x in font nullfont!
(/home/yuwenhan/Software/texlive/2025/texmf-dist/tex/latex/base/article.cls
Document Class: article 2025/01/22 v1.4n Standard LaTeX document class
(/home/yuwenhan/Software/texlive/2025/texmf-dist/tex/latex/base/size10.clo)
Overfull \hbox (20.0pt too wide) in paragraph at lines 4--274
[]

[1{/home/yuwenhan/Software/texlive/2025/texmf-var/fonts/map/pdftex/updmap/pdftex.map}]) (/home/yuwenhan/Software/texlive/2025/texmf-dist/tex/latex/l3packages/xparse/xparse.sty (/home/yuwenhan/Software/texlive/2025/texmf-dist/tex/latex/l3kernel/expl3.sty (/home/yuwenhan/Software/texlive/2025/texmf-dist/tex/latex/l3backend/l3backend-pdftex.def))))
Runaway argument?
{\clist_map_inline:nn {##1}{\int_step_inline:nnnn {1}{1}{10}{\int_compare:nTF \ETC.
! File ended while scanning use of \NewExpandableDocumentCommand.
<inserted text> 
                \par 
<*> /tmp/tmpbfp17wu2/tmpxbb1rvvd^^M
                                   
! Emergency stop.
<*> /tmp/tmpbfp17wu2/tmpxbb1rvvd^^M
                                   
!  ==> Fatal error occurred, no output PDF file produced!
Transcript written on tmpxbb1rvvd.log.
Latexmk: Getting log file 'tmpxbb1rvvd.log'
Latexmk: Examining 'tmpxbb1rvvd.fls'
Latexmk: Examining 'tmpxbb1rvvd.log'
Latexmk: Summary of warnings from last run of *latex:
  =====Latex reported missing or unavailable character(s).
=====See log file for details.
Latexmk: Errors, in force_mode: so I tried finishing targets
Collected error summary (may duplicate other messages):
  pdflatex: Command for 'pdflatex' gave return code 1
      Refer to 'tmpxbb1rvvd.log' and/or above output for details

