Rc files read:
  NONE
Latexmk: This is Latexmk, John Collins, 15 June 2025. Version 4.87.
No existing .aux file, so I'll make a simple one, and require run of *latex.
Latexmk: applying rule 'pdflatex'...
Rule 'pdflatex':  Reasons for rerun
Category 'other':
  Rerun of 'pdflatex' forced or previously required:
    Reason or flag: 'Initial setup'

------------
Run number 1 of rule 'pdflatex'
------------
------------
Running 'pdflatex  -file-line-error -interaction=nonstopmode -recorder  "/tmp/tmpcvudv_q3/tmpxtjeemc7"'
------------
This is pdfTeX, Version 3.141592653-2.6-1.40.28 (TeX Live 2025) (preloaded format=pdflatex)
 restricted \write18 enabled.
entering extended mode
(/tmp/tmpcvudv_q3/tmpxtjeemc7
LaTeX2e <2025-06-01> patch level 1
L3 programming layer <2025-06-30>

/tmp/tmpcvudv_q3/tmpxtjeemc7:1: LaTeX Error: Missing \begin{document}.

See the LaTeX manual or LaTeX Companion for explanation.
Type  H <return>  for immediate help.
 ...                                              
                                                  
l.1 x
     _0
Missing character: There is no x in font nullfont!
/tmp/tmpcvudv_q3/tmpxtjeemc7:1: Missing $ inserted.
<inserted text> 
                $
l.1 x_
      0
)
! Emergency stop.
<*> /tmp/tmpcvudv_q3/tmpxtjeemc7
                                
!  ==> Fatal error occurred, no output PDF file produced!
Transcript written on tmpxtjeemc7.log.
Latexmk: Getting log file 'tmpxtjeemc7.log'
Latexmk: Examining 'tmpxtjeemc7.fls'
Latexmk: Examining 'tmpxtjeemc7.log'
Latexmk: Summary of warnings from last run of *latex:
  =====Latex reported missing or unavailable character(s).
=====See log file for details.
Latexmk: Errors, in force_mode: so I tried finishing targets
Collected error summary (may duplicate other messages):
  pdflatex: Command for 'pdflatex' gave return code 1
      Refer to 'tmpxtjeemc7.log' and/or above output for details

