Rc files read:
  NONE
Latexmk: This is Latexmk, John Collins, 15 June 2025. Version 4.87.
No existing .aux file, so I'll make a simple one, and require run of *latex.
Latexmk: applying rule 'pdflatex'...
Rule 'pdflatex':  Reasons for rerun
Category 'other':
  Rerun of 'pdflatex' forced or previously required:
    Reason or flag: 'Initial setup'

------------
Run number 1 of rule 'pdflatex'
------------
------------
Running 'pdflatex  -file-line-error -interaction=nonstopmode -recorder  "/tmp/tmp856iy4j8/tmp035mi4d0"'
------------
This is pdfTeX, Version 3.141592653-2.6-1.40.28 (TeX Live 2025) (preloaded format=pdflatex)
 restricted \write18 enabled.
entering extended mode
(/tmp/tmp856iy4j8/tmp035mi4d0
LaTeX2e <2025-06-01> patch level 1
L3 programming layer <2025-06-30>

/tmp/tmp856iy4j8/tmp035mi4d0:1: LaTeX Error: Missing \begin{document}.

See the LaTeX manual or LaTeX Companion for explanation.
Type  H <return>  for immediate help.
 ...                                              
                                                  
l.1 p
     ython
Missing character: There is no p in font nullfont!
Missing character: There is no y in font nullfont!
Missing character: There is no t in font nullfont!
Missing character: There is no h in font nullfont!
Missing character: There is no o in font nullfont!
Missing character: There is no n in font nullfont!
Missing character: There is no d in font nullfont!
Missing character: There is no e in font nullfont!
Missing character: There is no f in font nullfont!
Missing character: There is no l in font nullfont!
Missing character: There is no o in font nullfont!
Missing character: There is no o in font nullfont!
Missing character: There is no p in font nullfont!
/tmp/tmp856iy4j8/tmp035mi4d0:3: Missing $ inserted.
<inserted text> 
                $
l.3 def loop_
             game(start_node, end_node):
/tmp/tmp856iy4j8/tmp035mi4d0:4: You can't use `macro parameter character #' in math mode.
l.4     #
          Define the game structure
/tmp/tmp856iy4j8/tmp035mi4d0:10: You can't use `macro parameter character #' in math mode.
l.10         'E': {'value': 5, 'next': []}  #
                                              End node
/tmp/tmp856iy4j8/tmp035mi4d0:12: Missing $ inserted.
<inserted text> 
                $
l.12 
     

Overfull \hbox (20.0pt too wide) in paragraph at lines 1--12
[]

Overfull \hbox (119.30429pt too wide) in paragraph at lines 1--12
[]\OML/cmm/m/it/10 ame\OT1/cmr/m/n/10 (\OML/cmm/m/it/10 start[]ode; end[]ode\OT1/cmr/m/n/10 ) :

Overfull \hbox (189.00491pt too wide) in paragraph at lines 1--12
\OML/cmm/m/it/10 Definethegamestructuregame[]tructure \OT1/cmr/m/n/10 =

Overfull \hbox (711.42818pt too wide) in paragraph at lines 1--12
[]$ 

/tmp/tmp856iy4j8/tmp035mi4d0:13: LaTeX Error: Missing \begin{document}.

See the LaTeX manual or LaTeX Companion for explanation.
Type  H <return>  for immediate help.
 ...                                              
                                                  
l.13     c
          urrent_node = start_node
Missing character: There is no c in font nullfont!
Missing character: There is no u in font nullfont!
Missing character: There is no r in font nullfont!
Missing character: There is no r in font nullfont!
Missing character: There is no e in font nullfont!
Missing character: There is no n in font nullfont!
Missing character: There is no t in font nullfont!
/tmp/tmp856iy4j8/tmp035mi4d0:13: Missing $ inserted.
<inserted text> 
                $
l.13     current_
                 node = start_node
/tmp/tmp856iy4j8/tmp035mi4d0:16: Missing $ inserted.
<inserted text> 
                $
l.16 
     

Overfull \hbox (50.7072pt too wide) in paragraph at lines 13--16
[]$[]\OML/cmm/m/it/10 ode \OT1/cmr/m/n/10 =

Overfull \hbox (94.56683pt too wide) in paragraph at lines 13--16
\OML/cmm/m/it/10 start[]odewhileTrue \OT1/cmr/m/n/10 :

Overfull \hbox (104.56474pt too wide) in paragraph at lines 13--16
\OML/cmm/m/it/10 print\OT1/cmr/m/n/10 (\OML/cmm/m/it/10 f\OT1/cmr/m/n/10 "\OML/cmm/m/it/10 CurrentNode \OT1/cmr/m/n/10 :

Overfull \hbox (90.95506pt too wide) in paragraph at lines 13--16
[]\OML/cmm/m/it/10 ; Value \OT1/cmr/m/n/10 :

Overfull \hbox (169.0758pt too wide) in paragraph at lines 13--16
[]\OT1/cmr/m/n/10 ")$ 

/tmp/tmp856iy4j8/tmp035mi4d0:17: LaTeX Error: Missing \begin{document}.

See the LaTeX manual or LaTeX Companion for explanation.
Type  H <return>  for immediate help.
 ...                                              
                                                  
l.17         i
              f current_node == end_node:
Missing character: There is no i in font nullfont!
Missing character: There is no f in font nullfont!
Missing character: There is no c in font nullfont!
Missing character: There is no u in font nullfont!
Missing character: There is no r in font nullfont!
Missing character: There is no r in font nullfont!
Missing character: There is no e in font nullfont!
Missing character: There is no n in font nullfont!
Missing character: There is no t in font nullfont!
/tmp/tmp856iy4j8/tmp035mi4d0:17: Missing $ inserted.
<inserted text> 
                $
l.17         if current_
                        node == end_node:
/tmp/tmp856iy4j8/tmp035mi4d0:20: Missing $ inserted.
<inserted text> 
                $
l.20 
     

Overfull \hbox (20.0pt too wide) in paragraph at lines 17--20
[]

Overfull \hbox (38.485pt too wide) in paragraph at lines 17--20
[]\OML/cmm/m/it/10 ode \OT1/cmr/m/n/10 ==

Overfull \hbox (41.57066pt too wide) in paragraph at lines 17--20
\OML/cmm/m/it/10 end[]ode \OT1/cmr/m/n/10 :

Overfull \hbox (221.19061pt too wide) in paragraph at lines 17--20
\OML/cmm/m/it/10 print\OT1/cmr/m/n/10 (\OML/cmm/m/it/10 f\OT1/cmr/m/n/10 "\OML/cmm/m/it/10 Win\OT1/cmr/m/n/10 !\OML/cmm/m/it/10 Reachedtheendnode[]:\OT1/cmr/m/n/10 ")\OML/cmm/m/it/10 break$ 

/tmp/tmp856iy4j8/tmp035mi4d0:21: LaTeX Error: Missing \begin{document}.

See the LaTeX manual or LaTeX Companion for explanation.
Type  H <return>  for immediate help.
 ...                                              
                                                  
l.21         n
              ext_nodes = game_structure[current_node]['next']
Missing character: There is no n in font nullfont!
Missing character: There is no e in font nullfont!
Missing character: There is no x in font nullfont!
Missing character: There is no t in font nullfont!
/tmp/tmp856iy4j8/tmp035mi4d0:21: Missing $ inserted.
<inserted text> 
                $
l.21         next_
                  nodes = game_structure[current_node]['next']
/tmp/tmp856iy4j8/tmp035mi4d0:25: Missing $ inserted.
<inserted text> 
                $
l.25 
     

Overfull \hbox (55.3947pt too wide) in paragraph at lines 21--25
[]$[]\OML/cmm/m/it/10 odes \OT1/cmr/m/n/10 =

Overfull \hbox (230.37634pt too wide) in paragraph at lines 21--25
\OML/cmm/m/it/10 game[]tructure\OT1/cmr/m/n/10 [\OML/cmm/m/it/10 current[]ode\OT1/cmr/m/n/10 ][[]\OML/cmm/m/it/10 next[]\OT1/cmr/m/n/10 ]\OML/cmm/m/it/10 ifnotnext[]odes \OT1/cmr/m/n/10 :

Overfull \hbox (240.66978pt too wide) in paragraph at lines 21--25
\OML/cmm/m/it/10 print\OT1/cmr/m/n/10 (\OML/cmm/m/it/10 f\OT1/cmr/m/n/10 "\OML/cmm/m/it/10 Loss\OT1/cmr/m/n/10 !\OML/cmm/m/it/10 Novalidmovesfrom[]:\OT1/cmr/m/n/10 ")\OML/cmm/m/it/10 break$ 
/tmp/tmp856iy4j8/tmp035mi4d0:26: You can't use `macro parameter character #' in vertical mode.
l.26         #
               Choose the next node randomly or based on some rule

/tmp/tmp856iy4j8/tmp035mi4d0:26: LaTeX Error: Missing \begin{document}.

See the LaTeX manual or LaTeX Companion for explanation.
Type  H <return>  for immediate help.
 ...                                              
                                                  
l.26         # C
                hoose the next node randomly or based on some rule
Missing character: There is no C in font nullfont!
Missing character: There is no h in font nullfont!
Missing character: There is no o in font nullfont!
Missing character: There is no o in font nullfont!
Missing character: There is no s in font nullfont!
Missing character: There is no e in font nullfont!
Missing character: There is no t in font nullfont!
Missing character: There is no h in font nullfont!
Missing character: There is no e in font nullfont!
Missing character: There is no n in font nullfont!
Missing character: There is no e in font nullfont!
Missing character: There is no x in font nullfont!
Missing character: There is no t in font nullfont!
Missing character: There is no n in font nullfont!
Missing character: There is no o in font nullfont!
Missing character: There is no d in font nullfont!
Missing character: There is no e in font nullfont!
Missing character: There is no r in font nullfont!
Missing character: There is no a in font nullfont!
Missing character: There is no n in font nullfont!
Missing character: There is no d in font nullfont!
Missing character: There is no o in font nullfont!
Missing character: There is no m in font nullfont!
Missing character: There is no l in font nullfont!
Missing character: There is no y in font nullfont!
Missing character: There is no o in font nullfont!
Missing character: There is no r in font nullfont!
Missing character: There is no b in font nullfont!
Missing character: There is no a in font nullfont!
Missing character: There is no s in font nullfont!
Missing character: There is no e in font nullfont!
Missing character: There is no d in font nullfont!
Missing character: There is no o in font nullfont!
Missing character: There is no n in font nullfont!
Missing character: There is no s in font nullfont!
Missing character: There is no o in font nullfont!
Missing character: There is no m in font nullfont!
Missing character: There is no e in font nullfont!
Missing character: There is no r in font nullfont!
Missing character: There is no u in font nullfont!
Missing character: There is no l in font nullfont!
Missing character: There is no e in font nullfont!
Missing character: There is no i in font nullfont!
Missing character: There is no m in font nullfont!
Missing character: There is no p in font nullfont!
Missing character: There is no o in font nullfont!
Missing character: There is no r in font nullfont!
Missing character: There is no t in font nullfont!
Missing character: There is no r in font nullfont!
Missing character: There is no a in font nullfont!
Missing character: There is no n in font nullfont!
Missing character: There is no d in font nullfont!
Missing character: There is no o in font nullfont!
Missing character: There is no m in font nullfont!
Missing character: There is no n in font nullfont!
Missing character: There is no e in font nullfont!
Missing character: There is no x in font nullfont!
Missing character: There is no t in font nullfont!
/tmp/tmp856iy4j8/tmp035mi4d0:28: Missing $ inserted.
<inserted text> 
                $
l.28         next_
                  node = random.choice(next_nodes)
/tmp/tmp856iy4j8/tmp035mi4d0:30: Missing $ inserted.
<inserted text> 
                $
l.30 
     

Overfull \hbox (20.0pt too wide) in paragraph at lines 26--30
[]

Overfull \hbox (30.7072pt too wide) in paragraph at lines 26--30
[]\OML/cmm/m/it/10 ode \OT1/cmr/m/n/10 =

Overfull \hbox (182.26274pt too wide) in paragraph at lines 26--30
\OML/cmm/m/it/10 random:choice\OT1/cmr/m/n/10 (\OML/cmm/m/it/10 next[]odes\OT1/cmr/m/n/10 )\OML/cmm/m/it/10 current[]ode \OT1/cmr/m/n/10 =

Overfull \hbox (40.13669pt too wide) in paragraph at lines 26--30
\OML/cmm/m/it/10 next[]ode$ 
/tmp/tmp856iy4j8/tmp035mi4d0:31: You can't use `macro parameter character #' in vertical mode.
l.31 #
       Example usage

/tmp/tmp856iy4j8/tmp035mi4d0:31: LaTeX Error: Missing \begin{document}.

See the LaTeX manual or LaTeX Companion for explanation.
Type  H <return>  for immediate help.
 ...                                              
                                                  
l.31 # E
        xample usage
Missing character: There is no E in font nullfont!
Missing character: There is no x in font nullfont!
Missing character: There is no a in font nullfont!
Missing character: There is no m in font nullfont!
Missing character: There is no p in font nullfont!
Missing character: There is no l in font nullfont!
Missing character: There is no e in font nullfont!
Missing character: There is no u in font nullfont!
Missing character: There is no s in font nullfont!
Missing character: There is no a in font nullfont!
Missing character: There is no g in font nullfont!
Missing character: There is no e in font nullfont!
Missing character: There is no l in font nullfont!
Missing character: There is no o in font nullfont!
Missing character: There is no o in font nullfont!
Missing character: There is no p in font nullfont!
/tmp/tmp856iy4j8/tmp035mi4d0:32: Missing $ inserted.
<inserted text> 
                $
l.32 loop_
          game('A', 'E')
)
! Emergency stop.
<*> /tmp/tmp856iy4j8/tmp035mi4d0
                                
!  ==> Fatal error occurred, no output PDF file produced!
Transcript written on tmp035mi4d0.log.
Latexmk: Getting log file 'tmp035mi4d0.log'
Latexmk: Examining 'tmp035mi4d0.fls'
Latexmk: Examining 'tmp035mi4d0.log'
Latexmk: Summary of warnings from last run of *latex:
  =====Latex reported missing or unavailable character(s).
=====See log file for details.
Latexmk: Errors, in force_mode: so I tried finishing targets
Collected error summary (may duplicate other messages):
  pdflatex: Command for 'pdflatex' gave return code 1
      Refer to 'tmp035mi4d0.log' and/or above output for details

