Rc files read:
  NONE
Latexmk: This is Latexmk, John Collins, 15 June 2025. Version 4.87.
No existing .aux file, so I'll make a simple one, and require run of *latex.
Latexmk: applying rule 'pdflatex'...
Rule 'pdflatex':  Reasons for rerun
Category 'other':
  Rerun of 'pdflatex' forced or previously required:
    Reason or flag: 'Initial setup'

------------
Run number 1 of rule 'pdflatex'
------------
------------
Running 'pdflatex  -file-line-error -interaction=nonstopmode -recorder  "/tmp/tmpynewqfc4/tmpq1mhou9l"'
------------
This is pdfTeX, Version 3.141592653-2.6-1.40.28 (TeX Live 2025) (preloaded format=pdflatex)
 restricted \write18 enabled.
entering extended mode
(/tmp/tmpynewqfc4/tmpq1mhou9l
LaTeX2e <2025-06-01> patch level 1
L3 programming layer <2025-06-30>
(/home/yuwenhan/Software/texlive/2025/texmf-dist/tex/latex/base/article.cls
Document Class: article 2025/01/22 v1.4n Standard LaTeX document class
(/home/yuwenhan/Software/texlive/2025/texmf-dist/tex/latex/base/size10.clo)) (/home/yuwenhan/Software/texlive/2025/texmf-dist/tex/latex/pgf/frontendlayer/tikz.sty (/home/yuwenhan/Software/texlive/2025/texmf-dist/tex/latex/pgf/basiclayer/pgf.sty (/home/yuwenhan/Software/texlive/2025/texmf-dist/tex/latex/pgf/utilities/pgfrcs.sty (/home/yuwenhan/Software/texlive/2025/texmf-dist/tex/generic/pgf/utilities/pgfutil-common.tex) (/home/yuwenhan/Software/texlive/2025/texmf-dist/tex/generic/pgf/utilities/pgfutil-latex.def) (/home/yuwenhan/Software/texlive/2025/texmf-dist/tex/generic/pgf/utilities/pgfrcs.code.tex (/home/yuwenhan/Software/texlive/2025/texmf-dist/tex/generic/pgf/pgf.revision.tex))) (/home/yuwenhan/Software/texlive/2025/texmf-dist/tex/latex/pgf/basiclayer/pgfcore.sty (/home/yuwenhan/Software/texlive/2025/texmf-dist/tex/latex/graphics/graphicx.sty (/home/yuwenhan/Software/texlive/2025/texmf-dist/tex/latex/graphics/keyval.sty)
(/home/yuwenhan/Software/texlive/2025/texmf-dist/tex/latex/graphics/graphics.sty (/home/yuwenhan/Software/texlive/2025/texmf-dist/tex/latex/graphics/trig.sty) (/home/yuwenhan/Software/texlive/2025/texmf-dist/tex/latex/graphics-cfg/graphics.cfg) (/home/yuwenhan/Software/texlive/2025/texmf-dist/tex/latex/graphics-def/pdftex.def))) (/home/yuwenhan/Software/texlive/2025/texmf-dist/tex/latex/pgf/systemlayer/pgfsys.sty (/home/yuwenhan/Software/texlive/2025/texmf-dist/tex/generic/pgf/systemlayer/pgfsys.code.tex (/home/yuwenhan/Software/texlive/2025/texmf-dist/tex/generic/pgf/utilities/pgfkeys.code.tex (/home/yuwenhan/Software/texlive/2025/texmf-dist/tex/generic/pgf/utilities/pgfkeyslibraryfiltered.code.tex)) (/home/yuwenhan/Software/texlive/2025/texmf-dist/tex/generic/pgf/systemlayer/pgf.cfg) (/home/yuwenhan/Software/texlive/2025/texmf-dist/tex/generic/pgf/systemlayer/pgfsys-pdftex.def (/home/yuwenhan/Software/texlive/2025/texmf-dist/tex/generic/pgf/systemlayer/pgfsys-common-pdf.def)))
(/home/yuwenhan/Software/texlive/2025/texmf-dist/tex/generic/pgf/systemlayer/pgfsyssoftpath.code.tex) (/home/yuwenhan/Software/texlive/2025/texmf-dist/tex/generic/pgf/systemlayer/pgfsysprotocol.code.tex)) (/home/yuwenhan/Software/texlive/2025/texmf-dist/tex/latex/xcolor/xcolor.sty (/home/yuwenhan/Software/texlive/2025/texmf-dist/tex/latex/graphics-cfg/color.cfg) (/home/yuwenhan/Software/texlive/2025/texmf-dist/tex/latex/graphics/mathcolor.ltx)) (/home/yuwenhan/Software/texlive/2025/texmf-dist/tex/generic/pgf/basiclayer/pgfcore.code.tex (/home/yuwenhan/Software/texlive/2025/texmf-dist/tex/generic/pgf/math/pgfmath.code.tex (/home/yuwenhan/Software/texlive/2025/texmf-dist/tex/generic/pgf/math/pgfmathutil.code.tex) (/home/yuwenhan/Software/texlive/2025/texmf-dist/tex/generic/pgf/math/pgfmathparser.code.tex) (/home/yuwenhan/Software/texlive/2025/texmf-dist/tex/generic/pgf/math/pgfmathfunctions.code.tex)
(/home/yuwenhan/Software/texlive/2025/texmf-dist/tex/generic/pgf/math/pgfmathfunctions.basic.code.tex) (/home/yuwenhan/Software/texlive/2025/texmf-dist/tex/generic/pgf/math/pgfmathfunctions.trigonometric.code.tex) (/home/yuwenhan/Software/texlive/2025/texmf-dist/tex/generic/pgf/math/pgfmathfunctions.random.code.tex) (/home/yuwenhan/Software/texlive/2025/texmf-dist/tex/generic/pgf/math/pgfmathfunctions.comparison.code.tex) (/home/yuwenhan/Software/texlive/2025/texmf-dist/tex/generic/pgf/math/pgfmathfunctions.base.code.tex) (/home/yuwenhan/Software/texlive/2025/texmf-dist/tex/generic/pgf/math/pgfmathfunctions.round.code.tex) (/home/yuwenhan/Software/texlive/2025/texmf-dist/tex/generic/pgf/math/pgfmathfunctions.misc.code.tex) (/home/yuwenhan/Software/texlive/2025/texmf-dist/tex/generic/pgf/math/pgfmathfunctions.integerarithmetics.code.tex) (/home/yuwenhan/Software/texlive/2025/texmf-dist/tex/generic/pgf/math/pgfmathcalc.code.tex)
(/home/yuwenhan/Software/texlive/2025/texmf-dist/tex/generic/pgf/math/pgfmathfloat.code.tex)) (/home/yuwenhan/Software/texlive/2025/texmf-dist/tex/generic/pgf/math/pgfint.code.tex) (/home/yuwenhan/Software/texlive/2025/texmf-dist/tex/generic/pgf/basiclayer/pgfcorepoints.code.tex) (/home/yuwenhan/Software/texlive/2025/texmf-dist/tex/generic/pgf/basiclayer/pgfcorepathconstruct.code.tex) (/home/yuwenhan/Software/texlive/2025/texmf-dist/tex/generic/pgf/basiclayer/pgfcorepathusage.code.tex) (/home/yuwenhan/Software/texlive/2025/texmf-dist/tex/generic/pgf/basiclayer/pgfcorescopes.code.tex) (/home/yuwenhan/Software/texlive/2025/texmf-dist/tex/generic/pgf/basiclayer/pgfcoregraphicstate.code.tex) (/home/yuwenhan/Software/texlive/2025/texmf-dist/tex/generic/pgf/basiclayer/pgfcoretransformations.code.tex) (/home/yuwenhan/Software/texlive/2025/texmf-dist/tex/generic/pgf/basiclayer/pgfcorequick.code.tex)
(/home/yuwenhan/Software/texlive/2025/texmf-dist/tex/generic/pgf/basiclayer/pgfcoreobjects.code.tex) (/home/yuwenhan/Software/texlive/2025/texmf-dist/tex/generic/pgf/basiclayer/pgfcorepathprocessing.code.tex) (/home/yuwenhan/Software/texlive/2025/texmf-dist/tex/generic/pgf/basiclayer/pgfcorearrows.code.tex) (/home/yuwenhan/Software/texlive/2025/texmf-dist/tex/generic/pgf/basiclayer/pgfcoreshade.code.tex) (/home/yuwenhan/Software/texlive/2025/texmf-dist/tex/generic/pgf/basiclayer/pgfcoreimage.code.tex) (/home/yuwenhan/Software/texlive/2025/texmf-dist/tex/generic/pgf/basiclayer/pgfcoreexternal.code.tex) (/home/yuwenhan/Software/texlive/2025/texmf-dist/tex/generic/pgf/basiclayer/pgfcorelayers.code.tex) (/home/yuwenhan/Software/texlive/2025/texmf-dist/tex/generic/pgf/basiclayer/pgfcoretransparency.code.tex) (/home/yuwenhan/Software/texlive/2025/texmf-dist/tex/generic/pgf/basiclayer/pgfcorepatterns.code.tex)
(/home/yuwenhan/Software/texlive/2025/texmf-dist/tex/generic/pgf/basiclayer/pgfcorerdf.code.tex))) (/home/yuwenhan/Software/texlive/2025/texmf-dist/tex/generic/pgf/modules/pgfmoduleshapes.code.tex) (/home/yuwenhan/Software/texlive/2025/texmf-dist/tex/generic/pgf/modules/pgfmoduleplot.code.tex) (/home/yuwenhan/Software/texlive/2025/texmf-dist/tex/latex/pgf/compatibility/pgfcomp-version-0-65.sty) (/home/yuwenhan/Software/texlive/2025/texmf-dist/tex/latex/pgf/compatibility/pgfcomp-version-1-18.sty)) (/home/yuwenhan/Software/texlive/2025/texmf-dist/tex/latex/pgf/utilities/pgffor.sty (/home/yuwenhan/Software/texlive/2025/texmf-dist/tex/latex/pgf/utilities/pgfkeys.sty (/home/yuwenhan/Software/texlive/2025/texmf-dist/tex/generic/pgf/utilities/pgfkeys.code.tex)) (/home/yuwenhan/Software/texlive/2025/texmf-dist/tex/latex/pgf/math/pgfmath.sty (/home/yuwenhan/Software/texlive/2025/texmf-dist/tex/generic/pgf/math/pgfmath.code.tex))
(/home/yuwenhan/Software/texlive/2025/texmf-dist/tex/generic/pgf/utilities/pgffor.code.tex)) (/home/yuwenhan/Software/texlive/2025/texmf-dist/tex/generic/pgf/frontendlayer/tikz/tikz.code.tex (/home/yuwenhan/Software/texlive/2025/texmf-dist/tex/generic/pgf/libraries/pgflibraryplothandlers.code.tex) (/home/yuwenhan/Software/texlive/2025/texmf-dist/tex/generic/pgf/modules/pgfmodulematrix.code.tex) (/home/yuwenhan/Software/texlive/2025/texmf-dist/tex/generic/pgf/frontendlayer/tikz/libraries/tikzlibrarytopaths.code.tex))) (/home/yuwenhan/Software/texlive/2025/texmf-dist/tex/latex/l3backend/l3backend-pdftex.def) (./tmpq1mhou9l.aux) (/home/yuwenhan/Software/texlive/2025/texmf-dist/tex/context/base/mkii/supp-pdf.mkii
[Loading MPS to PDF converter (version 2006.09.02).]
) (/home/yuwenhan/Software/texlive/2025/texmf-dist/tex/latex/epstopdf-pkg/epstopdf-base.sty (/home/yuwenhan/Software/texlive/2025/texmf-dist/tex/latex/latexconfig/epstopdf-sys.cfg))

/tmp/tmpynewqfc4/tmpq1mhou9l:28: LaTeX Error: Environment scope undefined.

See the LaTeX manual or LaTeX Companion for explanation.
Type  H <return>  for immediate help.
 ...                                              
                                                  
l.28     \drawCycle{0}{6}{1}{red}
                                 
/tmp/tmpynewqfc4/tmpq1mhou9l:28: Undefined control sequence.
\pgffor@body -> \node 
                      [circle, draw, fill=white, inner sep=2pt] (\i ) at ({3...
l.28     \drawCycle{0}{6}{1}{red}
                                 
/tmp/tmpynewqfc4/tmpq1mhou9l:28: Undefined control sequence.
\pgffor@body -> \node 
                      [circle, draw, fill=white, inner sep=2pt] (\i ) at ({3...
l.28     \drawCycle{0}{6}{1}{red}
                                 
/tmp/tmpynewqfc4/tmpq1mhou9l:28: Undefined control sequence.
\pgffor@body -> \node 
                      [circle, draw, fill=white, inner sep=2pt] (\i ) at ({3...
l.28     \drawCycle{0}{6}{1}{red}
                                 
/tmp/tmpynewqfc4/tmpq1mhou9l:28: Undefined control sequence.
\pgffor@body -> \node 
                      [circle, draw, fill=white, inner sep=2pt] (\i ) at ({3...
l.28     \drawCycle{0}{6}{1}{red}
                                 
/tmp/tmpynewqfc4/tmpq1mhou9l:28: Undefined control sequence.
\pgffor@body -> \node 
                      [circle, draw, fill=white, inner sep=2pt] (\i ) at ({3...
l.28     \drawCycle{0}{6}{1}{red}
                                 
/tmp/tmpynewqfc4/tmpq1mhou9l:28: Undefined control sequence.
\pgffor@body -> \node 
                      [circle, draw, fill=white, inner sep=2pt] (\i ) at ({3...
l.28     \drawCycle{0}{6}{1}{red}
                                 
/tmp/tmpynewqfc4/tmpq1mhou9l:28: Undefined control sequence.
\pgffor@body -> \node 
                      [circle, draw, fill=white, inner sep=2pt] (\i ) at ({3...
l.28     \drawCycle{0}{6}{1}{red}
                                 
/tmp/tmpynewqfc4/tmpq1mhou9l:28: Undefined control sequence.
\pgffor@body ...enelse(\i == 6, 0, \i + 1)} \draw 
                                                  [thick, red] (\i ) -- (\ne...
l.28     \drawCycle{0}{6}{1}{red}
                                 
/tmp/tmpynewqfc4/tmpq1mhou9l:28: Undefined control sequence.
\pgffor@body ...enelse(\i == 6, 0, \i + 1)} \draw 
                                                  [thick, red] (\i ) -- (\ne...
l.28     \drawCycle{0}{6}{1}{red}
                                 
/tmp/tmpynewqfc4/tmpq1mhou9l:28: Undefined control sequence.
\pgffor@body ...enelse(\i == 6, 0, \i + 1)} \draw 
                                                  [thick, red] (\i ) -- (\ne...
l.28     \drawCycle{0}{6}{1}{red}
                                 
/tmp/tmpynewqfc4/tmpq1mhou9l:28: Undefined control sequence.
\pgffor@body ...enelse(\i == 6, 0, \i + 1)} \draw 
                                                  [thick, red] (\i ) -- (\ne...
l.28     \drawCycle{0}{6}{1}{red}
                                 
/tmp/tmpynewqfc4/tmpq1mhou9l:28: Undefined control sequence.
\pgffor@body ...enelse(\i == 6, 0, \i + 1)} \draw 
                                                  [thick, red] (\i ) -- (\ne...
l.28     \drawCycle{0}{6}{1}{red}
                                 
/tmp/tmpynewqfc4/tmpq1mhou9l:28: Undefined control sequence.
\pgffor@body ...enelse(\i == 6, 0, \i + 1)} \draw 
                                                  [thick, red] (\i ) -- (\ne...
l.28     \drawCycle{0}{6}{1}{red}
                                 
/tmp/tmpynewqfc4/tmpq1mhou9l:28: Undefined control sequence.
\pgffor@body ...enelse(\i == 6, 0, \i + 1)} \draw 
                                                  [thick, red] (\i ) -- (\ne...
l.28     \drawCycle{0}{6}{1}{red}
                                 

/tmp/tmpynewqfc4/tmpq1mhou9l:28: LaTeX Error: \begin{figure} on input line 26 ended by \end{scope}.

See the LaTeX manual or LaTeX Companion for explanation.
Type  H <return>  for immediate help.
 ...                                              
                                                  
l.28     \drawCycle{0}{6}{1}{red}
                                 

/tmp/tmpynewqfc4/tmpq1mhou9l:29: LaTeX Error: Environment scope undefined.

See the LaTeX manual or LaTeX Companion for explanation.
Type  H <return>  for immediate help.
 ...                                              
                                                  
l.29     \drawCycle{5}{6}{1}{green}
                                   
/tmp/tmpynewqfc4/tmpq1mhou9l:29: Undefined control sequence.
\pgffor@body -> \node 
                      [circle, draw, fill=white, inner sep=2pt] (\i ) at ({3...
l.29     \drawCycle{5}{6}{1}{green}
                                   
/tmp/tmpynewqfc4/tmpq1mhou9l:29: Undefined control sequence.
\pgffor@body -> \node 
                      [circle, draw, fill=white, inner sep=2pt] (\i ) at ({3...
l.29     \drawCycle{5}{6}{1}{green}
                                   
/tmp/tmpynewqfc4/tmpq1mhou9l:29: Undefined control sequence.
\pgffor@body -> \node 
                      [circle, draw, fill=white, inner sep=2pt] (\i ) at ({3...
l.29     \drawCycle{5}{6}{1}{green}
                                   
/tmp/tmpynewqfc4/tmpq1mhou9l:29: Undefined control sequence.
\pgffor@body -> \node 
                      [circle, draw, fill=white, inner sep=2pt] (\i ) at ({3...
l.29     \drawCycle{5}{6}{1}{green}
                                   
/tmp/tmpynewqfc4/tmpq1mhou9l:29: Undefined control sequence.
\pgffor@body -> \node 
                      [circle, draw, fill=white, inner sep=2pt] (\i ) at ({3...
l.29     \drawCycle{5}{6}{1}{green}
                                   
/tmp/tmpynewqfc4/tmpq1mhou9l:29: Undefined control sequence.
\pgffor@body -> \node 
                      [circle, draw, fill=white, inner sep=2pt] (\i ) at ({3...
l.29     \drawCycle{5}{6}{1}{green}
                                   
/tmp/tmpynewqfc4/tmpq1mhou9l:29: Undefined control sequence.
\pgffor@body -> \node 
                      [circle, draw, fill=white, inner sep=2pt] (\i ) at ({3...
l.29     \drawCycle{5}{6}{1}{green}
                                   
/tmp/tmpynewqfc4/tmpq1mhou9l:29: Undefined control sequence.
\pgffor@body ...enelse(\i == 6, 0, \i + 1)} \draw 
                                                  [thick, green] (\i ) -- (\...
l.29     \drawCycle{5}{6}{1}{green}
                                   
/tmp/tmpynewqfc4/tmpq1mhou9l:29: Undefined control sequence.
\pgffor@body ...enelse(\i == 6, 0, \i + 1)} \draw 
                                                  [thick, green] (\i ) -- (\...
l.29     \drawCycle{5}{6}{1}{green}
                                   
/tmp/tmpynewqfc4/tmpq1mhou9l:29: Undefined control sequence.
\pgffor@body ...enelse(\i == 6, 0, \i + 1)} \draw 
                                                  [thick, green] (\i ) -- (\...
l.29     \drawCycle{5}{6}{1}{green}
                                   
/tmp/tmpynewqfc4/tmpq1mhou9l:29: Undefined control sequence.
\pgffor@body ...enelse(\i == 6, 0, \i + 1)} \draw 
                                                  [thick, green] (\i ) -- (\...
l.29     \drawCycle{5}{6}{1}{green}
                                   
/tmp/tmpynewqfc4/tmpq1mhou9l:29: Undefined control sequence.
\pgffor@body ...enelse(\i == 6, 0, \i + 1)} \draw 
                                                  [thick, green] (\i ) -- (\...
l.29     \drawCycle{5}{6}{1}{green}
                                   
/tmp/tmpynewqfc4/tmpq1mhou9l:29: Undefined control sequence.
\pgffor@body ...enelse(\i == 6, 0, \i + 1)} \draw 
                                                  [thick, green] (\i ) -- (\...
l.29     \drawCycle{5}{6}{1}{green}
                                   
/tmp/tmpynewqfc4/tmpq1mhou9l:29: Undefined control sequence.
\pgffor@body ...enelse(\i == 6, 0, \i + 1)} \draw 
                                                  [thick, green] (\i ) -- (\...
l.29     \drawCycle{5}{6}{1}{green}
                                   

/tmp/tmpynewqfc4/tmpq1mhou9l:29: LaTeX Error: \begin{figure} on input line 26 ended by \end{scope}.

See the LaTeX manual or LaTeX Companion for explanation.
Type  H <return>  for immediate help.
 ...                                              
                                                  
l.29     \drawCycle{5}{6}{1}{green}
                                   

/tmp/tmpynewqfc4/tmpq1mhou9l:30: LaTeX Error: Environment scope undefined.

See the LaTeX manual or LaTeX Companion for explanation.
Type  H <return>  for immediate help.
 ...                                              
                                                  
l.30     \drawCycle{10}{6}{1}{blue}
                                   
/tmp/tmpynewqfc4/tmpq1mhou9l:30: Undefined control sequence.
\pgffor@body -> \node 
                      [circle, draw, fill=white, inner sep=2pt] (\i ) at ({3...
l.30     \drawCycle{10}{6}{1}{blue}
                                   
/tmp/tmpynewqfc4/tmpq1mhou9l:30: Undefined control sequence.
\pgffor@body -> \node 
                      [circle, draw, fill=white, inner sep=2pt] (\i ) at ({3...
l.30     \drawCycle{10}{6}{1}{blue}
                                   
/tmp/tmpynewqfc4/tmpq1mhou9l:30: Undefined control sequence.
\pgffor@body -> \node 
                      [circle, draw, fill=white, inner sep=2pt] (\i ) at ({3...
l.30     \drawCycle{10}{6}{1}{blue}
                                   
/tmp/tmpynewqfc4/tmpq1mhou9l:30: Undefined control sequence.
\pgffor@body -> \node 
                      [circle, draw, fill=white, inner sep=2pt] (\i ) at ({3...
l.30     \drawCycle{10}{6}{1}{blue}
                                   
/tmp/tmpynewqfc4/tmpq1mhou9l:30: Undefined control sequence.
\pgffor@body -> \node 
                      [circle, draw, fill=white, inner sep=2pt] (\i ) at ({3...
l.30     \drawCycle{10}{6}{1}{blue}
                                   
/tmp/tmpynewqfc4/tmpq1mhou9l:30: Undefined control sequence.
\pgffor@body -> \node 
                      [circle, draw, fill=white, inner sep=2pt] (\i ) at ({3...
l.30     \drawCycle{10}{6}{1}{blue}
                                   
/tmp/tmpynewqfc4/tmpq1mhou9l:30: Undefined control sequence.
\pgffor@body -> \node 
                      [circle, draw, fill=white, inner sep=2pt] (\i ) at ({3...
l.30     \drawCycle{10}{6}{1}{blue}
                                   
/tmp/tmpynewqfc4/tmpq1mhou9l:30: Undefined control sequence.
\pgffor@body ...enelse(\i == 6, 0, \i + 1)} \draw 
                                                  [thick, blue] (\i ) -- (\n...
l.30     \drawCycle{10}{6}{1}{blue}
                                   
/tmp/tmpynewqfc4/tmpq1mhou9l:30: Undefined control sequence.
\pgffor@body ...enelse(\i == 6, 0, \i + 1)} \draw 
                                                  [thick, blue] (\i ) -- (\n...
l.30     \drawCycle{10}{6}{1}{blue}
                                   
/tmp/tmpynewqfc4/tmpq1mhou9l:30: Undefined control sequence.
\pgffor@body ...enelse(\i == 6, 0, \i + 1)} \draw 
                                                  [thick, blue] (\i ) -- (\n...
l.30     \drawCycle{10}{6}{1}{blue}
                                   
/tmp/tmpynewqfc4/tmpq1mhou9l:30: Undefined control sequence.
\pgffor@body ...enelse(\i == 6, 0, \i + 1)} \draw 
                                                  [thick, blue] (\i ) -- (\n...
l.30     \drawCycle{10}{6}{1}{blue}
                                   
/tmp/tmpynewqfc4/tmpq1mhou9l:30: Undefined control sequence.
\pgffor@body ...enelse(\i == 6, 0, \i + 1)} \draw 
                                                  [thick, blue] (\i ) -- (\n...
l.30     \drawCycle{10}{6}{1}{blue}
                                   
/tmp/tmpynewqfc4/tmpq1mhou9l:30: Undefined control sequence.
\pgffor@body ...enelse(\i == 6, 0, \i + 1)} \draw 
                                                  [thick, blue] (\i ) -- (\n...
l.30     \drawCycle{10}{6}{1}{blue}
                                   
/tmp/tmpynewqfc4/tmpq1mhou9l:30: Undefined control sequence.
\pgffor@body ...enelse(\i == 6, 0, \i + 1)} \draw 
                                                  [thick, blue] (\i ) -- (\n...
l.30     \drawCycle{10}{6}{1}{blue}
                                   

/tmp/tmpynewqfc4/tmpq1mhou9l:30: LaTeX Error: \begin{figure} on input line 26 ended by \end{scope}.

See the LaTeX manual or LaTeX Companion for explanation.
Type  H <return>  for immediate help.
 ...                                              
                                                  
l.30     \drawCycle{10}{6}{1}{blue}
                                   

/tmp/tmpynewqfc4/tmpq1mhou9l:38: LaTeX Error: Environment scope undefined.

See the LaTeX manual or LaTeX Companion for explanation.
Type  H <return>  for immediate help.
 ...                                              
                                                  
l.38     \drawCycle{0}{7}{1}{red}
                                 
/tmp/tmpynewqfc4/tmpq1mhou9l:38: Undefined control sequence.
\pgffor@body -> \node 
                      [circle, draw, fill=white, inner sep=2pt] (\i ) at ({3...
l.38     \drawCycle{0}{7}{1}{red}
                                 
/tmp/tmpynewqfc4/tmpq1mhou9l:38: Undefined control sequence.
\pgffor@body -> \node 
                      [circle, draw, fill=white, inner sep=2pt] (\i ) at ({3...
l.38     \drawCycle{0}{7}{1}{red}
                                 
/tmp/tmpynewqfc4/tmpq1mhou9l:38: Undefined control sequence.
\pgffor@body -> \node 
                      [circle, draw, fill=white, inner sep=2pt] (\i ) at ({3...
l.38     \drawCycle{0}{7}{1}{red}
                                 
/tmp/tmpynewqfc4/tmpq1mhou9l:38: Undefined control sequence.
\pgffor@body -> \node 
                      [circle, draw, fill=white, inner sep=2pt] (\i ) at ({3...
l.38     \drawCycle{0}{7}{1}{red}
                                 
/tmp/tmpynewqfc4/tmpq1mhou9l:38: Undefined control sequence.
\pgffor@body -> \node 
                      [circle, draw, fill=white, inner sep=2pt] (\i ) at ({3...
l.38     \drawCycle{0}{7}{1}{red}
                                 
/tmp/tmpynewqfc4/tmpq1mhou9l:38: Undefined control sequence.
\pgffor@body -> \node 
                      [circle, draw, fill=white, inner sep=2pt] (\i ) at ({3...
l.38     \drawCycle{0}{7}{1}{red}
                                 
/tmp/tmpynewqfc4/tmpq1mhou9l:38: Undefined control sequence.
\pgffor@body -> \node 
                      [circle, draw, fill=white, inner sep=2pt] (\i ) at ({3...
l.38     \drawCycle{0}{7}{1}{red}
                                 
/tmp/tmpynewqfc4/tmpq1mhou9l:38: Undefined control sequence.
\pgffor@body -> \node 
                      [circle, draw, fill=white, inner sep=2pt] (\i ) at ({3...
l.38     \drawCycle{0}{7}{1}{red}
                                 
/tmp/tmpynewqfc4/tmpq1mhou9l:38: Undefined control sequence.
\pgffor@body ...enelse(\i == 7, 0, \i + 1)} \draw 
                                                  [thick, red] (\i ) -- (\ne...
l.38     \drawCycle{0}{7}{1}{red}
                                 
/tmp/tmpynewqfc4/tmpq1mhou9l:38: Undefined control sequence.
\pgffor@body ...enelse(\i == 7, 0, \i + 1)} \draw 
                                                  [thick, red] (\i ) -- (\ne...
l.38     \drawCycle{0}{7}{1}{red}
                                 
/tmp/tmpynewqfc4/tmpq1mhou9l:38: Undefined control sequence.
\pgffor@body ...enelse(\i == 7, 0, \i + 1)} \draw 
                                                  [thick, red] (\i ) -- (\ne...
l.38     \drawCycle{0}{7}{1}{red}
                                 
/tmp/tmpynewqfc4/tmpq1mhou9l:38: Undefined control sequence.
\pgffor@body ...enelse(\i == 7, 0, \i + 1)} \draw 
                                                  [thick, red] (\i ) -- (\ne...
l.38     \drawCycle{0}{7}{1}{red}
                                 
/tmp/tmpynewqfc4/tmpq1mhou9l:38: Undefined control sequence.
\pgffor@body ...enelse(\i == 7, 0, \i + 1)} \draw 
                                                  [thick, red] (\i ) -- (\ne...
l.38     \drawCycle{0}{7}{1}{red}
                                 
/tmp/tmpynewqfc4/tmpq1mhou9l:38: Undefined control sequence.
\pgffor@body ...enelse(\i == 7, 0, \i + 1)} \draw 
                                                  [thick, red] (\i ) -- (\ne...
l.38     \drawCycle{0}{7}{1}{red}
                                 
/tmp/tmpynewqfc4/tmpq1mhou9l:38: Undefined control sequence.
\pgffor@body ...enelse(\i == 7, 0, \i + 1)} \draw 
                                                  [thick, red] (\i ) -- (\ne...
l.38     \drawCycle{0}{7}{1}{red}
                                 
/tmp/tmpynewqfc4/tmpq1mhou9l:38: Undefined control sequence.
\pgffor@body ...enelse(\i == 7, 0, \i + 1)} \draw 
                                                  [thick, red] (\i ) -- (\ne...
l.38     \drawCycle{0}{7}{1}{red}
                                 

/tmp/tmpynewqfc4/tmpq1mhou9l:38: LaTeX Error: \begin{figure} on input line 36 ended by \end{scope}.

See the LaTeX manual or LaTeX Companion for explanation.
Type  H <return>  for immediate help.
 ...                                              
                                                  
l.38     \drawCycle{0}{7}{1}{red}
                                 

/tmp/tmpynewqfc4/tmpq1mhou9l:39: LaTeX Error: Environment scope undefined.

See the LaTeX manual or LaTeX Companion for explanation.
Type  H <return>  for immediate help.
 ...                                              
                                                  
l.39     \drawCycle{5}{7}{1}{green}
                                   
/tmp/tmpynewqfc4/tmpq1mhou9l:39: Undefined control sequence.
\pgffor@body -> \node 
                      [circle, draw, fill=white, inner sep=2pt] (\i ) at ({3...
l.39     \drawCycle{5}{7}{1}{green}
                                   
/tmp/tmpynewqfc4/tmpq1mhou9l:39: Undefined control sequence.
\pgffor@body -> \node 
                      [circle, draw, fill=white, inner sep=2pt] (\i ) at ({3...
l.39     \drawCycle{5}{7}{1}{green}
                                   
/tmp/tmpynewqfc4/tmpq1mhou9l:39: Undefined control sequence.
\pgffor@body -> \node 
                      [circle, draw, fill=white, inner sep=2pt] (\i ) at ({3...
l.39     \drawCycle{5}{7}{1}{green}
                                   
/tmp/tmpynewqfc4/tmpq1mhou9l:39: Undefined control sequence.
\pgffor@body -> \node 
                      [circle, draw, fill=white, inner sep=2pt] (\i ) at ({3...
l.39     \drawCycle{5}{7}{1}{green}
                                   
/tmp/tmpynewqfc4/tmpq1mhou9l:39: Undefined control sequence.
\pgffor@body -> \node 
                      [circle, draw, fill=white, inner sep=2pt] (\i ) at ({3...
l.39     \drawCycle{5}{7}{1}{green}
                                   
/tmp/tmpynewqfc4/tmpq1mhou9l:39: Undefined control sequence.
\pgffor@body -> \node 
                      [circle, draw, fill=white, inner sep=2pt] (\i ) at ({3...
l.39     \drawCycle{5}{7}{1}{green}
                                   
/tmp/tmpynewqfc4/tmpq1mhou9l:39: Undefined control sequence.
\pgffor@body -> \node 
                      [circle, draw, fill=white, inner sep=2pt] (\i ) at ({3...
l.39     \drawCycle{5}{7}{1}{green}
                                   
/tmp/tmpynewqfc4/tmpq1mhou9l:39: Undefined control sequence.
\pgffor@body -> \node 
                      [circle, draw, fill=white, inner sep=2pt] (\i ) at ({3...
l.39     \drawCycle{5}{7}{1}{green}
                                   
/tmp/tmpynewqfc4/tmpq1mhou9l:39: Undefined control sequence.
\pgffor@body ...enelse(\i == 7, 0, \i + 1)} \draw 
                                                  [thick, green] (\i ) -- (\...
l.39     \drawCycle{5}{7}{1}{green}
                                   
/tmp/tmpynewqfc4/tmpq1mhou9l:39: Undefined control sequence.
\pgffor@body ...enelse(\i == 7, 0, \i + 1)} \draw 
                                                  [thick, green] (\i ) -- (\...
l.39     \drawCycle{5}{7}{1}{green}
                                   
/tmp/tmpynewqfc4/tmpq1mhou9l:39: Undefined control sequence.
\pgffor@body ...enelse(\i == 7, 0, \i + 1)} \draw 
                                                  [thick, green] (\i ) -- (\...
l.39     \drawCycle{5}{7}{1}{green}
                                   
/tmp/tmpynewqfc4/tmpq1mhou9l:39: Undefined control sequence.
\pgffor@body ...enelse(\i == 7, 0, \i + 1)} \draw 
                                                  [thick, green] (\i ) -- (\...
l.39     \drawCycle{5}{7}{1}{green}
                                   
/tmp/tmpynewqfc4/tmpq1mhou9l:39: Undefined control sequence.
\pgffor@body ...enelse(\i == 7, 0, \i + 1)} \draw 
                                                  [thick, green] (\i ) -- (\...
l.39     \drawCycle{5}{7}{1}{green}
                                   
/tmp/tmpynewqfc4/tmpq1mhou9l:39: Undefined control sequence.
\pgffor@body ...enelse(\i == 7, 0, \i + 1)} \draw 
                                                  [thick, green] (\i ) -- (\...
l.39     \drawCycle{5}{7}{1}{green}
                                   
/tmp/tmpynewqfc4/tmpq1mhou9l:39: Undefined control sequence.
\pgffor@body ...enelse(\i == 7, 0, \i + 1)} \draw 
                                                  [thick, green] (\i ) -- (\...
l.39     \drawCycle{5}{7}{1}{green}
                                   
/tmp/tmpynewqfc4/tmpq1mhou9l:39: Undefined control sequence.
\pgffor@body ...enelse(\i == 7, 0, \i + 1)} \draw 
                                                  [thick, green] (\i ) -- (\...
l.39     \drawCycle{5}{7}{1}{green}
                                   

/tmp/tmpynewqfc4/tmpq1mhou9l:39: LaTeX Error: \begin{figure} on input line 36 ended by \end{scope}.

See the LaTeX manual or LaTeX Companion for explanation.
Type  H <return>  for immediate help.
 ...                                              
                                                  
l.39     \drawCycle{5}{7}{1}{green}
                                   

/tmp/tmpynewqfc4/tmpq1mhou9l:40: LaTeX Error: Environment scope undefined.

See the LaTeX manual or LaTeX Companion for explanation.
Type  H <return>  for immediate help.
 ...                                              
                                                  
l.40     \drawCycle{10}{7}{1}{blue}
                                   
/tmp/tmpynewqfc4/tmpq1mhou9l:40: Undefined control sequence.
\pgffor@body -> \node 
                      [circle, draw, fill=white, inner sep=2pt] (\i ) at ({3...
l.40     \drawCycle{10}{7}{1}{blue}
                                   
/tmp/tmpynewqfc4/tmpq1mhou9l:40: Undefined control sequence.
\pgffor@body -> \node 
                      [circle, draw, fill=white, inner sep=2pt] (\i ) at ({3...
l.40     \drawCycle{10}{7}{1}{blue}
                                   
/tmp/tmpynewqfc4/tmpq1mhou9l:40: Undefined control sequence.
\pgffor@body -> \node 
                      [circle, draw, fill=white, inner sep=2pt] (\i ) at ({3...
l.40     \drawCycle{10}{7}{1}{blue}
                                   
/tmp/tmpynewqfc4/tmpq1mhou9l:40: Undefined control sequence.
\pgffor@body -> \node 
                      [circle, draw, fill=white, inner sep=2pt] (\i ) at ({3...
l.40     \drawCycle{10}{7}{1}{blue}
                                   
/tmp/tmpynewqfc4/tmpq1mhou9l:40: Undefined control sequence.
\pgffor@body -> \node 
                      [circle, draw, fill=white, inner sep=2pt] (\i ) at ({3...
l.40     \drawCycle{10}{7}{1}{blue}
                                   
/tmp/tmpynewqfc4/tmpq1mhou9l:40: Undefined control sequence.
\pgffor@body -> \node 
                      [circle, draw, fill=white, inner sep=2pt] (\i ) at ({3...
l.40     \drawCycle{10}{7}{1}{blue}
                                   
/tmp/tmpynewqfc4/tmpq1mhou9l:40: Undefined control sequence.
\pgffor@body -> \node 
                      [circle, draw, fill=white, inner sep=2pt] (\i ) at ({3...
l.40     \drawCycle{10}{7}{1}{blue}
                                   
/tmp/tmpynewqfc4/tmpq1mhou9l:40: Undefined control sequence.
\pgffor@body -> \node 
                      [circle, draw, fill=white, inner sep=2pt] (\i ) at ({3...
l.40     \drawCycle{10}{7}{1}{blue}
                                   
/tmp/tmpynewqfc4/tmpq1mhou9l:40: Undefined control sequence.
\pgffor@body ...enelse(\i == 7, 0, \i + 1)} \draw 
                                                  [thick, blue] (\i ) -- (\n...
l.40     \drawCycle{10}{7}{1}{blue}
                                   
/tmp/tmpynewqfc4/tmpq1mhou9l:40: Undefined control sequence.
\pgffor@body ...enelse(\i == 7, 0, \i + 1)} \draw 
                                                  [thick, blue] (\i ) -- (\n...
l.40     \drawCycle{10}{7}{1}{blue}
                                   
/tmp/tmpynewqfc4/tmpq1mhou9l:40: Undefined control sequence.
\pgffor@body ...enelse(\i == 7, 0, \i + 1)} \draw 
                                                  [thick, blue] (\i ) -- (\n...
l.40     \drawCycle{10}{7}{1}{blue}
                                   
/tmp/tmpynewqfc4/tmpq1mhou9l:40: Undefined control sequence.
\pgffor@body ...enelse(\i == 7, 0, \i + 1)} \draw 
                                                  [thick, blue] (\i ) -- (\n...
l.40     \drawCycle{10}{7}{1}{blue}
                                   
/tmp/tmpynewqfc4/tmpq1mhou9l:40: Undefined control sequence.
\pgffor@body ...enelse(\i == 7, 0, \i + 1)} \draw 
                                                  [thick, blue] (\i ) -- (\n...
l.40     \drawCycle{10}{7}{1}{blue}
                                   
/tmp/tmpynewqfc4/tmpq1mhou9l:40: Undefined control sequence.
\pgffor@body ...enelse(\i == 7, 0, \i + 1)} \draw 
                                                  [thick, blue] (\i ) -- (\n...
l.40     \drawCycle{10}{7}{1}{blue}
                                   
/tmp/tmpynewqfc4/tmpq1mhou9l:40: Undefined control sequence.
\pgffor@body ...enelse(\i == 7, 0, \i + 1)} \draw 
                                                  [thick, blue] (\i ) -- (\n...
l.40     \drawCycle{10}{7}{1}{blue}
                                   
/tmp/tmpynewqfc4/tmpq1mhou9l:40: Undefined control sequence.
\pgffor@body ...enelse(\i == 7, 0, \i + 1)} \draw 
                                                  [thick, blue] (\i ) -- (\n...
l.40     \drawCycle{10}{7}{1}{blue}
                                   

/tmp/tmpynewqfc4/tmpq1mhou9l:40: LaTeX Error: \begin{figure} on input line 36 ended by \end{scope}.

See the LaTeX manual or LaTeX Companion for explanation.
Type  H <return>  for immediate help.
 ...                                              
                                                  
l.40     \drawCycle{10}{7}{1}{blue}
                                   

LaTeX Warning: `h' float specifier changed to `ht'.


[1{/home/yuwenhan/Software/texlive/2025/texmf-var/fonts/map/pdftex/updmap/pdftex.map}]
[2] (./tmpq1mhou9l.aux)

LaTeX Warning: Label(s) may have changed. Rerun to get cross-references right.

 )
(see the transcript file for additional information)</home/yuwenhan/Software/texlive/2025/texmf-dist/fonts/type1/public/amsfonts/cm/cmmi10.pfb></home/yuwenhan/Software/texlive/2025/texmf-dist/fonts/type1/public/amsfonts/cm/cmr10.pfb></home/yuwenhan/Software/texlive/2025/texmf-dist/fonts/type1/public/amsfonts/cm/cmr7.pfb>
Output written on tmpq1mhou9l.pdf (2 pages, 37717 bytes).
Transcript written on tmpq1mhou9l.log.
Latexmk: Getting log file 'tmpq1mhou9l.log'
Latexmk: Examining 'tmpq1mhou9l.fls'
Latexmk: Examining 'tmpq1mhou9l.log'
Latexmk: References changed.
Latexmk: Log file says output to 'tmpq1mhou9l.pdf'
Latexmk: applying rule 'pdflatex'...
Rule 'pdflatex':  Reasons for rerun
Changed files or newly in use/created:
  tmpq1mhou9l.aux

------------
Run number 2 of rule 'pdflatex'
------------
------------
Running 'pdflatex  -file-line-error -interaction=nonstopmode -recorder  "/tmp/tmpynewqfc4/tmpq1mhou9l"'
------------
This is pdfTeX, Version 3.141592653-2.6-1.40.28 (TeX Live 2025) (preloaded format=pdflatex)
 restricted \write18 enabled.
entering extended mode
(/tmp/tmpynewqfc4/tmpq1mhou9l
LaTeX2e <2025-06-01> patch level 1
L3 programming layer <2025-06-30>
(/home/yuwenhan/Software/texlive/2025/texmf-dist/tex/latex/base/article.cls
Document Class: article 2025/01/22 v1.4n Standard LaTeX document class
(/home/yuwenhan/Software/texlive/2025/texmf-dist/tex/latex/base/size10.clo)) (/home/yuwenhan/Software/texlive/2025/texmf-dist/tex/latex/pgf/frontendlayer/tikz.sty (/home/yuwenhan/Software/texlive/2025/texmf-dist/tex/latex/pgf/basiclayer/pgf.sty (/home/yuwenhan/Software/texlive/2025/texmf-dist/tex/latex/pgf/utilities/pgfrcs.sty (/home/yuwenhan/Software/texlive/2025/texmf-dist/tex/generic/pgf/utilities/pgfutil-common.tex) (/home/yuwenhan/Software/texlive/2025/texmf-dist/tex/generic/pgf/utilities/pgfutil-latex.def) (/home/yuwenhan/Software/texlive/2025/texmf-dist/tex/generic/pgf/utilities/pgfrcs.code.tex (/home/yuwenhan/Software/texlive/2025/texmf-dist/tex/generic/pgf/pgf.revision.tex))) (/home/yuwenhan/Software/texlive/2025/texmf-dist/tex/latex/pgf/basiclayer/pgfcore.sty (/home/yuwenhan/Software/texlive/2025/texmf-dist/tex/latex/graphics/graphicx.sty (/home/yuwenhan/Software/texlive/2025/texmf-dist/tex/latex/graphics/keyval.sty)
(/home/yuwenhan/Software/texlive/2025/texmf-dist/tex/latex/graphics/graphics.sty (/home/yuwenhan/Software/texlive/2025/texmf-dist/tex/latex/graphics/trig.sty) (/home/yuwenhan/Software/texlive/2025/texmf-dist/tex/latex/graphics-cfg/graphics.cfg) (/home/yuwenhan/Software/texlive/2025/texmf-dist/tex/latex/graphics-def/pdftex.def))) (/home/yuwenhan/Software/texlive/2025/texmf-dist/tex/latex/pgf/systemlayer/pgfsys.sty (/home/yuwenhan/Software/texlive/2025/texmf-dist/tex/generic/pgf/systemlayer/pgfsys.code.tex (/home/yuwenhan/Software/texlive/2025/texmf-dist/tex/generic/pgf/utilities/pgfkeys.code.tex (/home/yuwenhan/Software/texlive/2025/texmf-dist/tex/generic/pgf/utilities/pgfkeyslibraryfiltered.code.tex)) (/home/yuwenhan/Software/texlive/2025/texmf-dist/tex/generic/pgf/systemlayer/pgf.cfg) (/home/yuwenhan/Software/texlive/2025/texmf-dist/tex/generic/pgf/systemlayer/pgfsys-pdftex.def (/home/yuwenhan/Software/texlive/2025/texmf-dist/tex/generic/pgf/systemlayer/pgfsys-common-pdf.def)))
(/home/yuwenhan/Software/texlive/2025/texmf-dist/tex/generic/pgf/systemlayer/pgfsyssoftpath.code.tex) (/home/yuwenhan/Software/texlive/2025/texmf-dist/tex/generic/pgf/systemlayer/pgfsysprotocol.code.tex)) (/home/yuwenhan/Software/texlive/2025/texmf-dist/tex/latex/xcolor/xcolor.sty (/home/yuwenhan/Software/texlive/2025/texmf-dist/tex/latex/graphics-cfg/color.cfg) (/home/yuwenhan/Software/texlive/2025/texmf-dist/tex/latex/graphics/mathcolor.ltx)) (/home/yuwenhan/Software/texlive/2025/texmf-dist/tex/generic/pgf/basiclayer/pgfcore.code.tex (/home/yuwenhan/Software/texlive/2025/texmf-dist/tex/generic/pgf/math/pgfmath.code.tex (/home/yuwenhan/Software/texlive/2025/texmf-dist/tex/generic/pgf/math/pgfmathutil.code.tex) (/home/yuwenhan/Software/texlive/2025/texmf-dist/tex/generic/pgf/math/pgfmathparser.code.tex) (/home/yuwenhan/Software/texlive/2025/texmf-dist/tex/generic/pgf/math/pgfmathfunctions.code.tex)
(/home/yuwenhan/Software/texlive/2025/texmf-dist/tex/generic/pgf/math/pgfmathfunctions.basic.code.tex) (/home/yuwenhan/Software/texlive/2025/texmf-dist/tex/generic/pgf/math/pgfmathfunctions.trigonometric.code.tex) (/home/yuwenhan/Software/texlive/2025/texmf-dist/tex/generic/pgf/math/pgfmathfunctions.random.code.tex) (/home/yuwenhan/Software/texlive/2025/texmf-dist/tex/generic/pgf/math/pgfmathfunctions.comparison.code.tex) (/home/yuwenhan/Software/texlive/2025/texmf-dist/tex/generic/pgf/math/pgfmathfunctions.base.code.tex) (/home/yuwenhan/Software/texlive/2025/texmf-dist/tex/generic/pgf/math/pgfmathfunctions.round.code.tex) (/home/yuwenhan/Software/texlive/2025/texmf-dist/tex/generic/pgf/math/pgfmathfunctions.misc.code.tex) (/home/yuwenhan/Software/texlive/2025/texmf-dist/tex/generic/pgf/math/pgfmathfunctions.integerarithmetics.code.tex) (/home/yuwenhan/Software/texlive/2025/texmf-dist/tex/generic/pgf/math/pgfmathcalc.code.tex)
(/home/yuwenhan/Software/texlive/2025/texmf-dist/tex/generic/pgf/math/pgfmathfloat.code.tex)) (/home/yuwenhan/Software/texlive/2025/texmf-dist/tex/generic/pgf/math/pgfint.code.tex) (/home/yuwenhan/Software/texlive/2025/texmf-dist/tex/generic/pgf/basiclayer/pgfcorepoints.code.tex) (/home/yuwenhan/Software/texlive/2025/texmf-dist/tex/generic/pgf/basiclayer/pgfcorepathconstruct.code.tex) (/home/yuwenhan/Software/texlive/2025/texmf-dist/tex/generic/pgf/basiclayer/pgfcorepathusage.code.tex) (/home/yuwenhan/Software/texlive/2025/texmf-dist/tex/generic/pgf/basiclayer/pgfcorescopes.code.tex) (/home/yuwenhan/Software/texlive/2025/texmf-dist/tex/generic/pgf/basiclayer/pgfcoregraphicstate.code.tex) (/home/yuwenhan/Software/texlive/2025/texmf-dist/tex/generic/pgf/basiclayer/pgfcoretransformations.code.tex) (/home/yuwenhan/Software/texlive/2025/texmf-dist/tex/generic/pgf/basiclayer/pgfcorequick.code.tex)
(/home/yuwenhan/Software/texlive/2025/texmf-dist/tex/generic/pgf/basiclayer/pgfcoreobjects.code.tex) (/home/yuwenhan/Software/texlive/2025/texmf-dist/tex/generic/pgf/basiclayer/pgfcorepathprocessing.code.tex) (/home/yuwenhan/Software/texlive/2025/texmf-dist/tex/generic/pgf/basiclayer/pgfcorearrows.code.tex) (/home/yuwenhan/Software/texlive/2025/texmf-dist/tex/generic/pgf/basiclayer/pgfcoreshade.code.tex) (/home/yuwenhan/Software/texlive/2025/texmf-dist/tex/generic/pgf/basiclayer/pgfcoreimage.code.tex) (/home/yuwenhan/Software/texlive/2025/texmf-dist/tex/generic/pgf/basiclayer/pgfcoreexternal.code.tex) (/home/yuwenhan/Software/texlive/2025/texmf-dist/tex/generic/pgf/basiclayer/pgfcorelayers.code.tex) (/home/yuwenhan/Software/texlive/2025/texmf-dist/tex/generic/pgf/basiclayer/pgfcoretransparency.code.tex) (/home/yuwenhan/Software/texlive/2025/texmf-dist/tex/generic/pgf/basiclayer/pgfcorepatterns.code.tex)
(/home/yuwenhan/Software/texlive/2025/texmf-dist/tex/generic/pgf/basiclayer/pgfcorerdf.code.tex))) (/home/yuwenhan/Software/texlive/2025/texmf-dist/tex/generic/pgf/modules/pgfmoduleshapes.code.tex) (/home/yuwenhan/Software/texlive/2025/texmf-dist/tex/generic/pgf/modules/pgfmoduleplot.code.tex) (/home/yuwenhan/Software/texlive/2025/texmf-dist/tex/latex/pgf/compatibility/pgfcomp-version-0-65.sty) (/home/yuwenhan/Software/texlive/2025/texmf-dist/tex/latex/pgf/compatibility/pgfcomp-version-1-18.sty)) (/home/yuwenhan/Software/texlive/2025/texmf-dist/tex/latex/pgf/utilities/pgffor.sty (/home/yuwenhan/Software/texlive/2025/texmf-dist/tex/latex/pgf/utilities/pgfkeys.sty (/home/yuwenhan/Software/texlive/2025/texmf-dist/tex/generic/pgf/utilities/pgfkeys.code.tex)) (/home/yuwenhan/Software/texlive/2025/texmf-dist/tex/latex/pgf/math/pgfmath.sty (/home/yuwenhan/Software/texlive/2025/texmf-dist/tex/generic/pgf/math/pgfmath.code.tex))
(/home/yuwenhan/Software/texlive/2025/texmf-dist/tex/generic/pgf/utilities/pgffor.code.tex)) (/home/yuwenhan/Software/texlive/2025/texmf-dist/tex/generic/pgf/frontendlayer/tikz/tikz.code.tex (/home/yuwenhan/Software/texlive/2025/texmf-dist/tex/generic/pgf/libraries/pgflibraryplothandlers.code.tex) (/home/yuwenhan/Software/texlive/2025/texmf-dist/tex/generic/pgf/modules/pgfmodulematrix.code.tex) (/home/yuwenhan/Software/texlive/2025/texmf-dist/tex/generic/pgf/frontendlayer/tikz/libraries/tikzlibrarytopaths.code.tex))) (/home/yuwenhan/Software/texlive/2025/texmf-dist/tex/latex/l3backend/l3backend-pdftex.def) (./tmpq1mhou9l.aux) (/home/yuwenhan/Software/texlive/2025/texmf-dist/tex/context/base/mkii/supp-pdf.mkii
[Loading MPS to PDF converter (version 2006.09.02).]
) (/home/yuwenhan/Software/texlive/2025/texmf-dist/tex/latex/epstopdf-pkg/epstopdf-base.sty (/home/yuwenhan/Software/texlive/2025/texmf-dist/tex/latex/latexconfig/epstopdf-sys.cfg))

/tmp/tmpynewqfc4/tmpq1mhou9l:28: LaTeX Error: Environment scope undefined.

See the LaTeX manual or LaTeX Companion for explanation.
Type  H <return>  for immediate help.
 ...                                              
                                                  
l.28     \drawCycle{0}{6}{1}{red}
                                 
/tmp/tmpynewqfc4/tmpq1mhou9l:28: Undefined control sequence.
\pgffor@body -> \node 
                      [circle, draw, fill=white, inner sep=2pt] (\i ) at ({3...
l.28     \drawCycle{0}{6}{1}{red}
                                 
/tmp/tmpynewqfc4/tmpq1mhou9l:28: Undefined control sequence.
\pgffor@body -> \node 
                      [circle, draw, fill=white, inner sep=2pt] (\i ) at ({3...
l.28     \drawCycle{0}{6}{1}{red}
                                 
/tmp/tmpynewqfc4/tmpq1mhou9l:28: Undefined control sequence.
\pgffor@body -> \node 
                      [circle, draw, fill=white, inner sep=2pt] (\i ) at ({3...
l.28     \drawCycle{0}{6}{1}{red}
                                 
/tmp/tmpynewqfc4/tmpq1mhou9l:28: Undefined control sequence.
\pgffor@body -> \node 
                      [circle, draw, fill=white, inner sep=2pt] (\i ) at ({3...
l.28     \drawCycle{0}{6}{1}{red}
                                 
/tmp/tmpynewqfc4/tmpq1mhou9l:28: Undefined control sequence.
\pgffor@body -> \node 
                      [circle, draw, fill=white, inner sep=2pt] (\i ) at ({3...
l.28     \drawCycle{0}{6}{1}{red}
                                 
/tmp/tmpynewqfc4/tmpq1mhou9l:28: Undefined control sequence.
\pgffor@body -> \node 
                      [circle, draw, fill=white, inner sep=2pt] (\i ) at ({3...
l.28     \drawCycle{0}{6}{1}{red}
                                 
/tmp/tmpynewqfc4/tmpq1mhou9l:28: Undefined control sequence.
\pgffor@body -> \node 
                      [circle, draw, fill=white, inner sep=2pt] (\i ) at ({3...
l.28     \drawCycle{0}{6}{1}{red}
                                 
/tmp/tmpynewqfc4/tmpq1mhou9l:28: Undefined control sequence.
\pgffor@body ...enelse(\i == 6, 0, \i + 1)} \draw 
                                                  [thick, red] (\i ) -- (\ne...
l.28     \drawCycle{0}{6}{1}{red}
                                 
/tmp/tmpynewqfc4/tmpq1mhou9l:28: Undefined control sequence.
\pgffor@body ...enelse(\i == 6, 0, \i + 1)} \draw 
                                                  [thick, red] (\i ) -- (\ne...
l.28     \drawCycle{0}{6}{1}{red}
                                 
/tmp/tmpynewqfc4/tmpq1mhou9l:28: Undefined control sequence.
\pgffor@body ...enelse(\i == 6, 0, \i + 1)} \draw 
                                                  [thick, red] (\i ) -- (\ne...
l.28     \drawCycle{0}{6}{1}{red}
                                 
/tmp/tmpynewqfc4/tmpq1mhou9l:28: Undefined control sequence.
\pgffor@body ...enelse(\i == 6, 0, \i + 1)} \draw 
                                                  [thick, red] (\i ) -- (\ne...
l.28     \drawCycle{0}{6}{1}{red}
                                 
/tmp/tmpynewqfc4/tmpq1mhou9l:28: Undefined control sequence.
\pgffor@body ...enelse(\i == 6, 0, \i + 1)} \draw 
                                                  [thick, red] (\i ) -- (\ne...
l.28     \drawCycle{0}{6}{1}{red}
                                 
/tmp/tmpynewqfc4/tmpq1mhou9l:28: Undefined control sequence.
\pgffor@body ...enelse(\i == 6, 0, \i + 1)} \draw 
                                                  [thick, red] (\i ) -- (\ne...
l.28     \drawCycle{0}{6}{1}{red}
                                 
/tmp/tmpynewqfc4/tmpq1mhou9l:28: Undefined control sequence.
\pgffor@body ...enelse(\i == 6, 0, \i + 1)} \draw 
                                                  [thick, red] (\i ) -- (\ne...
l.28     \drawCycle{0}{6}{1}{red}
                                 

/tmp/tmpynewqfc4/tmpq1mhou9l:28: LaTeX Error: \begin{figure} on input line 26 ended by \end{scope}.

See the LaTeX manual or LaTeX Companion for explanation.
Type  H <return>  for immediate help.
 ...                                              
                                                  
l.28     \drawCycle{0}{6}{1}{red}
                                 

/tmp/tmpynewqfc4/tmpq1mhou9l:29: LaTeX Error: Environment scope undefined.

See the LaTeX manual or LaTeX Companion for explanation.
Type  H <return>  for immediate help.
 ...                                              
                                                  
l.29     \drawCycle{5}{6}{1}{green}
                                   
/tmp/tmpynewqfc4/tmpq1mhou9l:29: Undefined control sequence.
\pgffor@body -> \node 
                      [circle, draw, fill=white, inner sep=2pt] (\i ) at ({3...
l.29     \drawCycle{5}{6}{1}{green}
                                   
/tmp/tmpynewqfc4/tmpq1mhou9l:29: Undefined control sequence.
\pgffor@body -> \node 
                      [circle, draw, fill=white, inner sep=2pt] (\i ) at ({3...
l.29     \drawCycle{5}{6}{1}{green}
                                   
/tmp/tmpynewqfc4/tmpq1mhou9l:29: Undefined control sequence.
\pgffor@body -> \node 
                      [circle, draw, fill=white, inner sep=2pt] (\i ) at ({3...
l.29     \drawCycle{5}{6}{1}{green}
                                   
/tmp/tmpynewqfc4/tmpq1mhou9l:29: Undefined control sequence.
\pgffor@body -> \node 
                      [circle, draw, fill=white, inner sep=2pt] (\i ) at ({3...
l.29     \drawCycle{5}{6}{1}{green}
                                   
/tmp/tmpynewqfc4/tmpq1mhou9l:29: Undefined control sequence.
\pgffor@body -> \node 
                      [circle, draw, fill=white, inner sep=2pt] (\i ) at ({3...
l.29     \drawCycle{5}{6}{1}{green}
                                   
/tmp/tmpynewqfc4/tmpq1mhou9l:29: Undefined control sequence.
\pgffor@body -> \node 
                      [circle, draw, fill=white, inner sep=2pt] (\i ) at ({3...
l.29     \drawCycle{5}{6}{1}{green}
                                   
/tmp/tmpynewqfc4/tmpq1mhou9l:29: Undefined control sequence.
\pgffor@body -> \node 
                      [circle, draw, fill=white, inner sep=2pt] (\i ) at ({3...
l.29     \drawCycle{5}{6}{1}{green}
                                   
/tmp/tmpynewqfc4/tmpq1mhou9l:29: Undefined control sequence.
\pgffor@body ...enelse(\i == 6, 0, \i + 1)} \draw 
                                                  [thick, green] (\i ) -- (\...
l.29     \drawCycle{5}{6}{1}{green}
                                   
/tmp/tmpynewqfc4/tmpq1mhou9l:29: Undefined control sequence.
\pgffor@body ...enelse(\i == 6, 0, \i + 1)} \draw 
                                                  [thick, green] (\i ) -- (\...
l.29     \drawCycle{5}{6}{1}{green}
                                   
/tmp/tmpynewqfc4/tmpq1mhou9l:29: Undefined control sequence.
\pgffor@body ...enelse(\i == 6, 0, \i + 1)} \draw 
                                                  [thick, green] (\i ) -- (\...
l.29     \drawCycle{5}{6}{1}{green}
                                   
/tmp/tmpynewqfc4/tmpq1mhou9l:29: Undefined control sequence.
\pgffor@body ...enelse(\i == 6, 0, \i + 1)} \draw 
                                                  [thick, green] (\i ) -- (\...
l.29     \drawCycle{5}{6}{1}{green}
                                   
/tmp/tmpynewqfc4/tmpq1mhou9l:29: Undefined control sequence.
\pgffor@body ...enelse(\i == 6, 0, \i + 1)} \draw 
                                                  [thick, green] (\i ) -- (\...
l.29     \drawCycle{5}{6}{1}{green}
                                   
/tmp/tmpynewqfc4/tmpq1mhou9l:29: Undefined control sequence.
\pgffor@body ...enelse(\i == 6, 0, \i + 1)} \draw 
                                                  [thick, green] (\i ) -- (\...
l.29     \drawCycle{5}{6}{1}{green}
                                   
/tmp/tmpynewqfc4/tmpq1mhou9l:29: Undefined control sequence.
\pgffor@body ...enelse(\i == 6, 0, \i + 1)} \draw 
                                                  [thick, green] (\i ) -- (\...
l.29     \drawCycle{5}{6}{1}{green}
                                   

/tmp/tmpynewqfc4/tmpq1mhou9l:29: LaTeX Error: \begin{figure} on input line 26 ended by \end{scope}.

See the LaTeX manual or LaTeX Companion for explanation.
Type  H <return>  for immediate help.
 ...                                              
                                                  
l.29     \drawCycle{5}{6}{1}{green}
                                   

/tmp/tmpynewqfc4/tmpq1mhou9l:30: LaTeX Error: Environment scope undefined.

See the LaTeX manual or LaTeX Companion for explanation.
Type  H <return>  for immediate help.
 ...                                              
                                                  
l.30     \drawCycle{10}{6}{1}{blue}
                                   
/tmp/tmpynewqfc4/tmpq1mhou9l:30: Undefined control sequence.
\pgffor@body -> \node 
                      [circle, draw, fill=white, inner sep=2pt] (\i ) at ({3...
l.30     \drawCycle{10}{6}{1}{blue}
                                   
/tmp/tmpynewqfc4/tmpq1mhou9l:30: Undefined control sequence.
\pgffor@body -> \node 
                      [circle, draw, fill=white, inner sep=2pt] (\i ) at ({3...
l.30     \drawCycle{10}{6}{1}{blue}
                                   
/tmp/tmpynewqfc4/tmpq1mhou9l:30: Undefined control sequence.
\pgffor@body -> \node 
                      [circle, draw, fill=white, inner sep=2pt] (\i ) at ({3...
l.30     \drawCycle{10}{6}{1}{blue}
                                   
/tmp/tmpynewqfc4/tmpq1mhou9l:30: Undefined control sequence.
\pgffor@body -> \node 
                      [circle, draw, fill=white, inner sep=2pt] (\i ) at ({3...
l.30     \drawCycle{10}{6}{1}{blue}
                                   
/tmp/tmpynewqfc4/tmpq1mhou9l:30: Undefined control sequence.
\pgffor@body -> \node 
                      [circle, draw, fill=white, inner sep=2pt] (\i ) at ({3...
l.30     \drawCycle{10}{6}{1}{blue}
                                   
/tmp/tmpynewqfc4/tmpq1mhou9l:30: Undefined control sequence.
\pgffor@body -> \node 
                      [circle, draw, fill=white, inner sep=2pt] (\i ) at ({3...
l.30     \drawCycle{10}{6}{1}{blue}
                                   
/tmp/tmpynewqfc4/tmpq1mhou9l:30: Undefined control sequence.
\pgffor@body -> \node 
                      [circle, draw, fill=white, inner sep=2pt] (\i ) at ({3...
l.30     \drawCycle{10}{6}{1}{blue}
                                   
/tmp/tmpynewqfc4/tmpq1mhou9l:30: Undefined control sequence.
\pgffor@body ...enelse(\i == 6, 0, \i + 1)} \draw 
                                                  [thick, blue] (\i ) -- (\n...
l.30     \drawCycle{10}{6}{1}{blue}
                                   
/tmp/tmpynewqfc4/tmpq1mhou9l:30: Undefined control sequence.
\pgffor@body ...enelse(\i == 6, 0, \i + 1)} \draw 
                                                  [thick, blue] (\i ) -- (\n...
l.30     \drawCycle{10}{6}{1}{blue}
                                   
/tmp/tmpynewqfc4/tmpq1mhou9l:30: Undefined control sequence.
\pgffor@body ...enelse(\i == 6, 0, \i + 1)} \draw 
                                                  [thick, blue] (\i ) -- (\n...
l.30     \drawCycle{10}{6}{1}{blue}
                                   
/tmp/tmpynewqfc4/tmpq1mhou9l:30: Undefined control sequence.
\pgffor@body ...enelse(\i == 6, 0, \i + 1)} \draw 
                                                  [thick, blue] (\i ) -- (\n...
l.30     \drawCycle{10}{6}{1}{blue}
                                   
/tmp/tmpynewqfc4/tmpq1mhou9l:30: Undefined control sequence.
\pgffor@body ...enelse(\i == 6, 0, \i + 1)} \draw 
                                                  [thick, blue] (\i ) -- (\n...
l.30     \drawCycle{10}{6}{1}{blue}
                                   
/tmp/tmpynewqfc4/tmpq1mhou9l:30: Undefined control sequence.
\pgffor@body ...enelse(\i == 6, 0, \i + 1)} \draw 
                                                  [thick, blue] (\i ) -- (\n...
l.30     \drawCycle{10}{6}{1}{blue}
                                   
/tmp/tmpynewqfc4/tmpq1mhou9l:30: Undefined control sequence.
\pgffor@body ...enelse(\i == 6, 0, \i + 1)} \draw 
                                                  [thick, blue] (\i ) -- (\n...
l.30     \drawCycle{10}{6}{1}{blue}
                                   

/tmp/tmpynewqfc4/tmpq1mhou9l:30: LaTeX Error: \begin{figure} on input line 26 ended by \end{scope}.

See the LaTeX manual or LaTeX Companion for explanation.
Type  H <return>  for immediate help.
 ...                                              
                                                  
l.30     \drawCycle{10}{6}{1}{blue}
                                   

/tmp/tmpynewqfc4/tmpq1mhou9l:38: LaTeX Error: Environment scope undefined.

See the LaTeX manual or LaTeX Companion for explanation.
Type  H <return>  for immediate help.
 ...                                              
                                                  
l.38     \drawCycle{0}{7}{1}{red}
                                 
/tmp/tmpynewqfc4/tmpq1mhou9l:38: Undefined control sequence.
\pgffor@body -> \node 
                      [circle, draw, fill=white, inner sep=2pt] (\i ) at ({3...
l.38     \drawCycle{0}{7}{1}{red}
                                 
/tmp/tmpynewqfc4/tmpq1mhou9l:38: Undefined control sequence.
\pgffor@body -> \node 
                      [circle, draw, fill=white, inner sep=2pt] (\i ) at ({3...
l.38     \drawCycle{0}{7}{1}{red}
                                 
/tmp/tmpynewqfc4/tmpq1mhou9l:38: Undefined control sequence.
\pgffor@body -> \node 
                      [circle, draw, fill=white, inner sep=2pt] (\i ) at ({3...
l.38     \drawCycle{0}{7}{1}{red}
                                 
/tmp/tmpynewqfc4/tmpq1mhou9l:38: Undefined control sequence.
\pgffor@body -> \node 
                      [circle, draw, fill=white, inner sep=2pt] (\i ) at ({3...
l.38     \drawCycle{0}{7}{1}{red}
                                 
/tmp/tmpynewqfc4/tmpq1mhou9l:38: Undefined control sequence.
\pgffor@body -> \node 
                      [circle, draw, fill=white, inner sep=2pt] (\i ) at ({3...
l.38     \drawCycle{0}{7}{1}{red}
                                 
/tmp/tmpynewqfc4/tmpq1mhou9l:38: Undefined control sequence.
\pgffor@body -> \node 
                      [circle, draw, fill=white, inner sep=2pt] (\i ) at ({3...
l.38     \drawCycle{0}{7}{1}{red}
                                 
/tmp/tmpynewqfc4/tmpq1mhou9l:38: Undefined control sequence.
\pgffor@body -> \node 
                      [circle, draw, fill=white, inner sep=2pt] (\i ) at ({3...
l.38     \drawCycle{0}{7}{1}{red}
                                 
/tmp/tmpynewqfc4/tmpq1mhou9l:38: Undefined control sequence.
\pgffor@body -> \node 
                      [circle, draw, fill=white, inner sep=2pt] (\i ) at ({3...
l.38     \drawCycle{0}{7}{1}{red}
                                 
/tmp/tmpynewqfc4/tmpq1mhou9l:38: Undefined control sequence.
\pgffor@body ...enelse(\i == 7, 0, \i + 1)} \draw 
                                                  [thick, red] (\i ) -- (\ne...
l.38     \drawCycle{0}{7}{1}{red}
                                 
/tmp/tmpynewqfc4/tmpq1mhou9l:38: Undefined control sequence.
\pgffor@body ...enelse(\i == 7, 0, \i + 1)} \draw 
                                                  [thick, red] (\i ) -- (\ne...
l.38     \drawCycle{0}{7}{1}{red}
                                 
/tmp/tmpynewqfc4/tmpq1mhou9l:38: Undefined control sequence.
\pgffor@body ...enelse(\i == 7, 0, \i + 1)} \draw 
                                                  [thick, red] (\i ) -- (\ne...
l.38     \drawCycle{0}{7}{1}{red}
                                 
/tmp/tmpynewqfc4/tmpq1mhou9l:38: Undefined control sequence.
\pgffor@body ...enelse(\i == 7, 0, \i + 1)} \draw 
                                                  [thick, red] (\i ) -- (\ne...
l.38     \drawCycle{0}{7}{1}{red}
                                 
/tmp/tmpynewqfc4/tmpq1mhou9l:38: Undefined control sequence.
\pgffor@body ...enelse(\i == 7, 0, \i + 1)} \draw 
                                                  [thick, red] (\i ) -- (\ne...
l.38     \drawCycle{0}{7}{1}{red}
                                 
/tmp/tmpynewqfc4/tmpq1mhou9l:38: Undefined control sequence.
\pgffor@body ...enelse(\i == 7, 0, \i + 1)} \draw 
                                                  [thick, red] (\i ) -- (\ne...
l.38     \drawCycle{0}{7}{1}{red}
                                 
/tmp/tmpynewqfc4/tmpq1mhou9l:38: Undefined control sequence.
\pgffor@body ...enelse(\i == 7, 0, \i + 1)} \draw 
                                                  [thick, red] (\i ) -- (\ne...
l.38     \drawCycle{0}{7}{1}{red}
                                 
/tmp/tmpynewqfc4/tmpq1mhou9l:38: Undefined control sequence.
\pgffor@body ...enelse(\i == 7, 0, \i + 1)} \draw 
                                                  [thick, red] (\i ) -- (\ne...
l.38     \drawCycle{0}{7}{1}{red}
                                 

/tmp/tmpynewqfc4/tmpq1mhou9l:38: LaTeX Error: \begin{figure} on input line 36 ended by \end{scope}.

See the LaTeX manual or LaTeX Companion for explanation.
Type  H <return>  for immediate help.
 ...                                              
                                                  
l.38     \drawCycle{0}{7}{1}{red}
                                 

/tmp/tmpynewqfc4/tmpq1mhou9l:39: LaTeX Error: Environment scope undefined.

See the LaTeX manual or LaTeX Companion for explanation.
Type  H <return>  for immediate help.
 ...                                              
                                                  
l.39     \drawCycle{5}{7}{1}{green}
                                   
/tmp/tmpynewqfc4/tmpq1mhou9l:39: Undefined control sequence.
\pgffor@body -> \node 
                      [circle, draw, fill=white, inner sep=2pt] (\i ) at ({3...
l.39     \drawCycle{5}{7}{1}{green}
                                   
/tmp/tmpynewqfc4/tmpq1mhou9l:39: Undefined control sequence.
\pgffor@body -> \node 
                      [circle, draw, fill=white, inner sep=2pt] (\i ) at ({3...
l.39     \drawCycle{5}{7}{1}{green}
                                   
/tmp/tmpynewqfc4/tmpq1mhou9l:39: Undefined control sequence.
\pgffor@body -> \node 
                      [circle, draw, fill=white, inner sep=2pt] (\i ) at ({3...
l.39     \drawCycle{5}{7}{1}{green}
                                   
/tmp/tmpynewqfc4/tmpq1mhou9l:39: Undefined control sequence.
\pgffor@body -> \node 
                      [circle, draw, fill=white, inner sep=2pt] (\i ) at ({3...
l.39     \drawCycle{5}{7}{1}{green}
                                   
/tmp/tmpynewqfc4/tmpq1mhou9l:39: Undefined control sequence.
\pgffor@body -> \node 
                      [circle, draw, fill=white, inner sep=2pt] (\i ) at ({3...
l.39     \drawCycle{5}{7}{1}{green}
                                   
/tmp/tmpynewqfc4/tmpq1mhou9l:39: Undefined control sequence.
\pgffor@body -> \node 
                      [circle, draw, fill=white, inner sep=2pt] (\i ) at ({3...
l.39     \drawCycle{5}{7}{1}{green}
                                   
/tmp/tmpynewqfc4/tmpq1mhou9l:39: Undefined control sequence.
\pgffor@body -> \node 
                      [circle, draw, fill=white, inner sep=2pt] (\i ) at ({3...
l.39     \drawCycle{5}{7}{1}{green}
                                   
/tmp/tmpynewqfc4/tmpq1mhou9l:39: Undefined control sequence.
\pgffor@body -> \node 
                      [circle, draw, fill=white, inner sep=2pt] (\i ) at ({3...
l.39     \drawCycle{5}{7}{1}{green}
                                   
/tmp/tmpynewqfc4/tmpq1mhou9l:39: Undefined control sequence.
\pgffor@body ...enelse(\i == 7, 0, \i + 1)} \draw 
                                                  [thick, green] (\i ) -- (\...
l.39     \drawCycle{5}{7}{1}{green}
                                   
/tmp/tmpynewqfc4/tmpq1mhou9l:39: Undefined control sequence.
\pgffor@body ...enelse(\i == 7, 0, \i + 1)} \draw 
                                                  [thick, green] (\i ) -- (\...
l.39     \drawCycle{5}{7}{1}{green}
                                   
/tmp/tmpynewqfc4/tmpq1mhou9l:39: Undefined control sequence.
\pgffor@body ...enelse(\i == 7, 0, \i + 1)} \draw 
                                                  [thick, green] (\i ) -- (\...
l.39     \drawCycle{5}{7}{1}{green}
                                   
/tmp/tmpynewqfc4/tmpq1mhou9l:39: Undefined control sequence.
\pgffor@body ...enelse(\i == 7, 0, \i + 1)} \draw 
                                                  [thick, green] (\i ) -- (\...
l.39     \drawCycle{5}{7}{1}{green}
                                   
/tmp/tmpynewqfc4/tmpq1mhou9l:39: Undefined control sequence.
\pgffor@body ...enelse(\i == 7, 0, \i + 1)} \draw 
                                                  [thick, green] (\i ) -- (\...
l.39     \drawCycle{5}{7}{1}{green}
                                   
/tmp/tmpynewqfc4/tmpq1mhou9l:39: Undefined control sequence.
\pgffor@body ...enelse(\i == 7, 0, \i + 1)} \draw 
                                                  [thick, green] (\i ) -- (\...
l.39     \drawCycle{5}{7}{1}{green}
                                   
/tmp/tmpynewqfc4/tmpq1mhou9l:39: Undefined control sequence.
\pgffor@body ...enelse(\i == 7, 0, \i + 1)} \draw 
                                                  [thick, green] (\i ) -- (\...
l.39     \drawCycle{5}{7}{1}{green}
                                   
/tmp/tmpynewqfc4/tmpq1mhou9l:39: Undefined control sequence.
\pgffor@body ...enelse(\i == 7, 0, \i + 1)} \draw 
                                                  [thick, green] (\i ) -- (\...
l.39     \drawCycle{5}{7}{1}{green}
                                   

/tmp/tmpynewqfc4/tmpq1mhou9l:39: LaTeX Error: \begin{figure} on input line 36 ended by \end{scope}.

See the LaTeX manual or LaTeX Companion for explanation.
Type  H <return>  for immediate help.
 ...                                              
                                                  
l.39     \drawCycle{5}{7}{1}{green}
                                   

/tmp/tmpynewqfc4/tmpq1mhou9l:40: LaTeX Error: Environment scope undefined.

See the LaTeX manual or LaTeX Companion for explanation.
Type  H <return>  for immediate help.
 ...                                              
                                                  
l.40     \drawCycle{10}{7}{1}{blue}
                                   
/tmp/tmpynewqfc4/tmpq1mhou9l:40: Undefined control sequence.
\pgffor@body -> \node 
                      [circle, draw, fill=white, inner sep=2pt] (\i ) at ({3...
l.40     \drawCycle{10}{7}{1}{blue}
                                   
/tmp/tmpynewqfc4/tmpq1mhou9l:40: Undefined control sequence.
\pgffor@body -> \node 
                      [circle, draw, fill=white, inner sep=2pt] (\i ) at ({3...
l.40     \drawCycle{10}{7}{1}{blue}
                                   
/tmp/tmpynewqfc4/tmpq1mhou9l:40: Undefined control sequence.
\pgffor@body -> \node 
                      [circle, draw, fill=white, inner sep=2pt] (\i ) at ({3...
l.40     \drawCycle{10}{7}{1}{blue}
                                   
/tmp/tmpynewqfc4/tmpq1mhou9l:40: Undefined control sequence.
\pgffor@body -> \node 
                      [circle, draw, fill=white, inner sep=2pt] (\i ) at ({3...
l.40     \drawCycle{10}{7}{1}{blue}
                                   
/tmp/tmpynewqfc4/tmpq1mhou9l:40: Undefined control sequence.
\pgffor@body -> \node 
                      [circle, draw, fill=white, inner sep=2pt] (\i ) at ({3...
l.40     \drawCycle{10}{7}{1}{blue}
                                   
/tmp/tmpynewqfc4/tmpq1mhou9l:40: Undefined control sequence.
\pgffor@body -> \node 
                      [circle, draw, fill=white, inner sep=2pt] (\i ) at ({3...
l.40     \drawCycle{10}{7}{1}{blue}
                                   
/tmp/tmpynewqfc4/tmpq1mhou9l:40: Undefined control sequence.
\pgffor@body -> \node 
                      [circle, draw, fill=white, inner sep=2pt] (\i ) at ({3...
l.40     \drawCycle{10}{7}{1}{blue}
                                   
/tmp/tmpynewqfc4/tmpq1mhou9l:40: Undefined control sequence.
\pgffor@body -> \node 
                      [circle, draw, fill=white, inner sep=2pt] (\i ) at ({3...
l.40     \drawCycle{10}{7}{1}{blue}
                                   
/tmp/tmpynewqfc4/tmpq1mhou9l:40: Undefined control sequence.
\pgffor@body ...enelse(\i == 7, 0, \i + 1)} \draw 
                                                  [thick, blue] (\i ) -- (\n...
l.40     \drawCycle{10}{7}{1}{blue}
                                   
/tmp/tmpynewqfc4/tmpq1mhou9l:40: Undefined control sequence.
\pgffor@body ...enelse(\i == 7, 0, \i + 1)} \draw 
                                                  [thick, blue] (\i ) -- (\n...
l.40     \drawCycle{10}{7}{1}{blue}
                                   
/tmp/tmpynewqfc4/tmpq1mhou9l:40: Undefined control sequence.
\pgffor@body ...enelse(\i == 7, 0, \i + 1)} \draw 
                                                  [thick, blue] (\i ) -- (\n...
l.40     \drawCycle{10}{7}{1}{blue}
                                   
/tmp/tmpynewqfc4/tmpq1mhou9l:40: Undefined control sequence.
\pgffor@body ...enelse(\i == 7, 0, \i + 1)} \draw 
                                                  [thick, blue] (\i ) -- (\n...
l.40     \drawCycle{10}{7}{1}{blue}
                                   
/tmp/tmpynewqfc4/tmpq1mhou9l:40: Undefined control sequence.
\pgffor@body ...enelse(\i == 7, 0, \i + 1)} \draw 
                                                  [thick, blue] (\i ) -- (\n...
l.40     \drawCycle{10}{7}{1}{blue}
                                   
/tmp/tmpynewqfc4/tmpq1mhou9l:40: Undefined control sequence.
\pgffor@body ...enelse(\i == 7, 0, \i + 1)} \draw 
                                                  [thick, blue] (\i ) -- (\n...
l.40     \drawCycle{10}{7}{1}{blue}
                                   
/tmp/tmpynewqfc4/tmpq1mhou9l:40: Undefined control sequence.
\pgffor@body ...enelse(\i == 7, 0, \i + 1)} \draw 
                                                  [thick, blue] (\i ) -- (\n...
l.40     \drawCycle{10}{7}{1}{blue}
                                   
/tmp/tmpynewqfc4/tmpq1mhou9l:40: Undefined control sequence.
\pgffor@body ...enelse(\i == 7, 0, \i + 1)} \draw 
                                                  [thick, blue] (\i ) -- (\n...
l.40     \drawCycle{10}{7}{1}{blue}
                                   

/tmp/tmpynewqfc4/tmpq1mhou9l:40: LaTeX Error: \begin{figure} on input line 36 ended by \end{scope}.

See the LaTeX manual or LaTeX Companion for explanation.
Type  H <return>  for immediate help.
 ...                                              
                                                  
l.40     \drawCycle{10}{7}{1}{blue}
                                   

LaTeX Warning: `h' float specifier changed to `ht'.


[1{/home/yuwenhan/Software/texlive/2025/texmf-var/fonts/map/pdftex/updmap/pdftex.map}]
[2] (./tmpq1mhou9l.aux) )
(see the transcript file for additional information)</home/yuwenhan/Software/texlive/2025/texmf-dist/fonts/type1/public/amsfonts/cm/cmmi10.pfb></home/yuwenhan/Software/texlive/2025/texmf-dist/fonts/type1/public/amsfonts/cm/cmr10.pfb></home/yuwenhan/Software/texlive/2025/texmf-dist/fonts/type1/public/amsfonts/cm/cmr7.pfb>
Output written on tmpq1mhou9l.pdf (2 pages, 37717 bytes).
Transcript written on tmpq1mhou9l.log.
Latexmk: Getting log file 'tmpq1mhou9l.log'
Latexmk: Examining 'tmpq1mhou9l.fls'
Latexmk: Examining 'tmpq1mhou9l.log'
Latexmk: Log file says output to 'tmpq1mhou9l.pdf'
Latexmk: Errors, in force_mode: so I tried finishing targets
Collected error summary (may duplicate other messages):
  pdflatex: Command for 'pdflatex' gave return code 1
      Refer to 'tmpq1mhou9l.log' and/or above output for details

