Rc files read:
  NONE
Latexmk: This is Latexmk, John Collins, 15 June 2025. Version 4.87.
No existing .aux file, so I'll make a simple one, and require run of *latex.
Latexmk: applying rule 'pdflatex'...
Rule 'pdflatex':  Reasons for rerun
Category 'other':
  Rerun of 'pdflatex' forced or previously required:
    Reason or flag: 'Initial setup'

------------
Run number 1 of rule 'pdflatex'
------------
------------
Running 'pdflatex  -file-line-error -interaction=nonstopmode -recorder  "/tmp/tmp78md_6rm/tmp7q3qfzfy"'
------------
This is pdfTeX, Version 3.141592653-2.6-1.40.28 (TeX Live 2025) (preloaded format=pdflatex)
 restricted \write18 enabled.
entering extended mode
(/tmp/tmp78md_6rm/tmp7q3qfzfy
LaTeX2e <2025-06-01> patch level 1
L3 programming layer <2025-06-30>
(/home/yuwenhan/Software/texlive/2025/texmf-dist/tex/latex/base/article.cls
Document Class: article 2025/01/22 v1.4n Standard LaTeX document class
(/home/yuwenhan/Software/texlive/2025/texmf-dist/tex/latex/base/size10.clo)) (/home/yuwenhan/Software/texlive/2025/texmf-dist/tex/latex/amsmath/amsmath.sty
For additional information on amsmath, use the `?' option.
(/home/yuwenhan/Software/texlive/2025/texmf-dist/tex/latex/amsmath/amstext.sty (/home/yuwenhan/Software/texlive/2025/texmf-dist/tex/latex/amsmath/amsgen.sty)) (/home/yuwenhan/Software/texlive/2025/texmf-dist/tex/latex/amsmath/amsbsy.sty) (/home/yuwenhan/Software/texlive/2025/texmf-dist/tex/latex/amsmath/amsopn.sty)) (/home/yuwenhan/Software/texlive/2025/texmf-dist/tex/latex/amsfonts/amssymb.sty (/home/yuwenhan/Software/texlive/2025/texmf-dist/tex/latex/amsfonts/amsfonts.sty)) (/home/yuwenhan/Software/texlive/2025/texmf-dist/tex/latex/pgf/frontendlayer/tikz.sty (/home/yuwenhan/Software/texlive/2025/texmf-dist/tex/latex/pgf/basiclayer/pgf.sty (/home/yuwenhan/Software/texlive/2025/texmf-dist/tex/latex/pgf/utilities/pgfrcs.sty (/home/yuwenhan/Software/texlive/2025/texmf-dist/tex/generic/pgf/utilities/pgfutil-common.tex) (/home/yuwenhan/Software/texlive/2025/texmf-dist/tex/generic/pgf/utilities/pgfutil-latex.def)
(/home/yuwenhan/Software/texlive/2025/texmf-dist/tex/generic/pgf/utilities/pgfrcs.code.tex (/home/yuwenhan/Software/texlive/2025/texmf-dist/tex/generic/pgf/pgf.revision.tex))) (/home/yuwenhan/Software/texlive/2025/texmf-dist/tex/latex/pgf/basiclayer/pgfcore.sty (/home/yuwenhan/Software/texlive/2025/texmf-dist/tex/latex/graphics/graphicx.sty (/home/yuwenhan/Software/texlive/2025/texmf-dist/tex/latex/graphics/keyval.sty) (/home/yuwenhan/Software/texlive/2025/texmf-dist/tex/latex/graphics/graphics.sty (/home/yuwenhan/Software/texlive/2025/texmf-dist/tex/latex/graphics/trig.sty) (/home/yuwenhan/Software/texlive/2025/texmf-dist/tex/latex/graphics-cfg/graphics.cfg) (/home/yuwenhan/Software/texlive/2025/texmf-dist/tex/latex/graphics-def/pdftex.def))) (/home/yuwenhan/Software/texlive/2025/texmf-dist/tex/latex/pgf/systemlayer/pgfsys.sty (/home/yuwenhan/Software/texlive/2025/texmf-dist/tex/generic/pgf/systemlayer/pgfsys.code.tex
(/home/yuwenhan/Software/texlive/2025/texmf-dist/tex/generic/pgf/utilities/pgfkeys.code.tex (/home/yuwenhan/Software/texlive/2025/texmf-dist/tex/generic/pgf/utilities/pgfkeyslibraryfiltered.code.tex)) (/home/yuwenhan/Software/texlive/2025/texmf-dist/tex/generic/pgf/systemlayer/pgf.cfg) (/home/yuwenhan/Software/texlive/2025/texmf-dist/tex/generic/pgf/systemlayer/pgfsys-pdftex.def (/home/yuwenhan/Software/texlive/2025/texmf-dist/tex/generic/pgf/systemlayer/pgfsys-common-pdf.def))) (/home/yuwenhan/Software/texlive/2025/texmf-dist/tex/generic/pgf/systemlayer/pgfsyssoftpath.code.tex) (/home/yuwenhan/Software/texlive/2025/texmf-dist/tex/generic/pgf/systemlayer/pgfsysprotocol.code.tex)) (/home/yuwenhan/Software/texlive/2025/texmf-dist/tex/latex/xcolor/xcolor.sty (/home/yuwenhan/Software/texlive/2025/texmf-dist/tex/latex/graphics-cfg/color.cfg) (/home/yuwenhan/Software/texlive/2025/texmf-dist/tex/latex/graphics/mathcolor.ltx))
(/home/yuwenhan/Software/texlive/2025/texmf-dist/tex/generic/pgf/basiclayer/pgfcore.code.tex (/home/yuwenhan/Software/texlive/2025/texmf-dist/tex/generic/pgf/math/pgfmath.code.tex (/home/yuwenhan/Software/texlive/2025/texmf-dist/tex/generic/pgf/math/pgfmathutil.code.tex) (/home/yuwenhan/Software/texlive/2025/texmf-dist/tex/generic/pgf/math/pgfmathparser.code.tex) (/home/yuwenhan/Software/texlive/2025/texmf-dist/tex/generic/pgf/math/pgfmathfunctions.code.tex) (/home/yuwenhan/Software/texlive/2025/texmf-dist/tex/generic/pgf/math/pgfmathfunctions.basic.code.tex) (/home/yuwenhan/Software/texlive/2025/texmf-dist/tex/generic/pgf/math/pgfmathfunctions.trigonometric.code.tex) (/home/yuwenhan/Software/texlive/2025/texmf-dist/tex/generic/pgf/math/pgfmathfunctions.random.code.tex) (/home/yuwenhan/Software/texlive/2025/texmf-dist/tex/generic/pgf/math/pgfmathfunctions.comparison.code.tex) (/home/yuwenhan/Software/texlive/2025/texmf-dist/tex/generic/pgf/math/pgfmathfunctions.base.code.tex)
(/home/yuwenhan/Software/texlive/2025/texmf-dist/tex/generic/pgf/math/pgfmathfunctions.round.code.tex) (/home/yuwenhan/Software/texlive/2025/texmf-dist/tex/generic/pgf/math/pgfmathfunctions.misc.code.tex) (/home/yuwenhan/Software/texlive/2025/texmf-dist/tex/generic/pgf/math/pgfmathfunctions.integerarithmetics.code.tex) (/home/yuwenhan/Software/texlive/2025/texmf-dist/tex/generic/pgf/math/pgfmathcalc.code.tex) (/home/yuwenhan/Software/texlive/2025/texmf-dist/tex/generic/pgf/math/pgfmathfloat.code.tex)) (/home/yuwenhan/Software/texlive/2025/texmf-dist/tex/generic/pgf/math/pgfint.code.tex) (/home/yuwenhan/Software/texlive/2025/texmf-dist/tex/generic/pgf/basiclayer/pgfcorepoints.code.tex) (/home/yuwenhan/Software/texlive/2025/texmf-dist/tex/generic/pgf/basiclayer/pgfcorepathconstruct.code.tex) (/home/yuwenhan/Software/texlive/2025/texmf-dist/tex/generic/pgf/basiclayer/pgfcorepathusage.code.tex)
(/home/yuwenhan/Software/texlive/2025/texmf-dist/tex/generic/pgf/basiclayer/pgfcorescopes.code.tex) (/home/yuwenhan/Software/texlive/2025/texmf-dist/tex/generic/pgf/basiclayer/pgfcoregraphicstate.code.tex) (/home/yuwenhan/Software/texlive/2025/texmf-dist/tex/generic/pgf/basiclayer/pgfcoretransformations.code.tex) (/home/yuwenhan/Software/texlive/2025/texmf-dist/tex/generic/pgf/basiclayer/pgfcorequick.code.tex) (/home/yuwenhan/Software/texlive/2025/texmf-dist/tex/generic/pgf/basiclayer/pgfcoreobjects.code.tex) (/home/yuwenhan/Software/texlive/2025/texmf-dist/tex/generic/pgf/basiclayer/pgfcorepathprocessing.code.tex) (/home/yuwenhan/Software/texlive/2025/texmf-dist/tex/generic/pgf/basiclayer/pgfcorearrows.code.tex) (/home/yuwenhan/Software/texlive/2025/texmf-dist/tex/generic/pgf/basiclayer/pgfcoreshade.code.tex) (/home/yuwenhan/Software/texlive/2025/texmf-dist/tex/generic/pgf/basiclayer/pgfcoreimage.code.tex)
(/home/yuwenhan/Software/texlive/2025/texmf-dist/tex/generic/pgf/basiclayer/pgfcoreexternal.code.tex) (/home/yuwenhan/Software/texlive/2025/texmf-dist/tex/generic/pgf/basiclayer/pgfcorelayers.code.tex) (/home/yuwenhan/Software/texlive/2025/texmf-dist/tex/generic/pgf/basiclayer/pgfcoretransparency.code.tex) (/home/yuwenhan/Software/texlive/2025/texmf-dist/tex/generic/pgf/basiclayer/pgfcorepatterns.code.tex) (/home/yuwenhan/Software/texlive/2025/texmf-dist/tex/generic/pgf/basiclayer/pgfcorerdf.code.tex))) (/home/yuwenhan/Software/texlive/2025/texmf-dist/tex/generic/pgf/modules/pgfmoduleshapes.code.tex) (/home/yuwenhan/Software/texlive/2025/texmf-dist/tex/generic/pgf/modules/pgfmoduleplot.code.tex) (/home/yuwenhan/Software/texlive/2025/texmf-dist/tex/latex/pgf/compatibility/pgfcomp-version-0-65.sty) (/home/yuwenhan/Software/texlive/2025/texmf-dist/tex/latex/pgf/compatibility/pgfcomp-version-1-18.sty)) (/home/yuwenhan/Software/texlive/2025/texmf-dist/tex/latex/pgf/utilities/pgffor.sty
(/home/yuwenhan/Software/texlive/2025/texmf-dist/tex/latex/pgf/utilities/pgfkeys.sty (/home/yuwenhan/Software/texlive/2025/texmf-dist/tex/generic/pgf/utilities/pgfkeys.code.tex)) (/home/yuwenhan/Software/texlive/2025/texmf-dist/tex/latex/pgf/math/pgfmath.sty (/home/yuwenhan/Software/texlive/2025/texmf-dist/tex/generic/pgf/math/pgfmath.code.tex)) (/home/yuwenhan/Software/texlive/2025/texmf-dist/tex/generic/pgf/utilities/pgffor.code.tex)) (/home/yuwenhan/Software/texlive/2025/texmf-dist/tex/generic/pgf/frontendlayer/tikz/tikz.code.tex (/home/yuwenhan/Software/texlive/2025/texmf-dist/tex/generic/pgf/libraries/pgflibraryplothandlers.code.tex) (/home/yuwenhan/Software/texlive/2025/texmf-dist/tex/generic/pgf/modules/pgfmodulematrix.code.tex) (/home/yuwenhan/Software/texlive/2025/texmf-dist/tex/generic/pgf/frontendlayer/tikz/libraries/tikzlibrarytopaths.code.tex))) (/home/yuwenhan/Software/texlive/2025/texmf-dist/tex/latex/l3backend/l3backend-pdftex.def) (./tmp7q3qfzfy.aux)
(/home/yuwenhan/Software/texlive/2025/texmf-dist/tex/context/base/mkii/supp-pdf.mkii
[Loading MPS to PDF converter (version 2006.09.02).]
) (/home/yuwenhan/Software/texlive/2025/texmf-dist/tex/latex/epstopdf-pkg/epstopdf-base.sty (/home/yuwenhan/Software/texlive/2025/texmf-dist/tex/latex/latexconfig/epstopdf-sys.cfg)) (/home/yuwenhan/Software/texlive/2025/texmf-dist/tex/latex/amsfonts/umsa.fd) (/home/yuwenhan/Software/texlive/2025/texmf-dist/tex/latex/amsfonts/umsb.fd)
/tmp/tmp78md_6rm/tmp7q3qfzfy:73: Missing $ inserted.
<inserted text> 
                $
l.73 ...lor{black}{\textbf{\underline{M}_0(K,-K)}}
                                                  };
/tmp/tmp78md_6rm/tmp7q3qfzfy:73: Extra }, or forgotten $.
<recently read> \egroup 
                        
l.73 ...lor{black}{\textbf{\underline{M}_0(K,-K)}}
                                                  };
/tmp/tmp78md_6rm/tmp7q3qfzfy:73: Extra }, or forgotten $.
\@textcolor ...otect \leavevmode {\color #1{#2}#3}
                                                  
l.73 ...lor{black}{\textbf{\underline{M}_0(K,-K)}}
                                                  };
/tmp/tmp78md_6rm/tmp7q3qfzfy:73: Extra }, or forgotten $.
l.73 ...or{black}{\textbf{\underline{M}_0(K,-K)}}}
                                                  ;
/tmp/tmp78md_6rm/tmp7q3qfzfy:74: Undefined control sequence.
l.74         \node
                   at (0.75,4.8) {\textcolor{black}{\textbf{\overline{M}_1(K...
/tmp/tmp78md_6rm/tmp7q3qfzfy:74: Missing $ inserted.
<inserted text> 
                $
l.74 ...olor{black}{\textbf{\overline{M}_1(K,-K)}}
                                                  };
/tmp/tmp78md_6rm/tmp7q3qfzfy:74: Extra }, or forgotten $.
\textdef@ ...th {#1}\let \f@size #2\selectfont #3}
                                                  }
l.74 ...olor{black}{\textbf{\overline{M}_1(K,-K)}}
                                                  };
/tmp/tmp78md_6rm/tmp7q3qfzfy:74: Extra }, or forgotten $.
\textdef@ ...h {#1}\let \f@size #2\selectfont #3}}
                                                  
l.74 ...olor{black}{\textbf{\overline{M}_1(K,-K)}}
                                                  };
/tmp/tmp78md_6rm/tmp7q3qfzfy:74: Extra }, or forgotten $.
\text@ ...e {\textdef@ \displaystyle \f@size {#1}}
                                                  {\textdef@ \textstyle \f@s...
l.74 ...olor{black}{\textbf{\overline{M}_1(K,-K)}}
                                                  };
/tmp/tmp78md_6rm/tmp7q3qfzfy:74: Missing $ inserted.
<inserted text> 
                $
l.74 ...olor{black}{\textbf{\overline{M}_1(K,-K)}}
                                                  };
/tmp/tmp78md_6rm/tmp7q3qfzfy:74: Extra }, or forgotten $.
\textdef@ ...th {#1}\let \f@size #2\selectfont #3}
                                                  }
l.74 ...olor{black}{\textbf{\overline{M}_1(K,-K)}}
                                                  };
/tmp/tmp78md_6rm/tmp7q3qfzfy:74: Extra }, or forgotten $.
\textdef@ ...h {#1}\let \f@size #2\selectfont #3}}
                                                  
l.74 ...olor{black}{\textbf{\overline{M}_1(K,-K)}}
                                                  };
/tmp/tmp78md_6rm/tmp7q3qfzfy:74: Extra }, or forgotten $.
\text@ ...xtstyle \f@size {\firstchoice@false #1}}
                                                  {\textdef@ \textstyle \sf@...
l.74 ...olor{black}{\textbf{\overline{M}_1(K,-K)}}
                                                  };
/tmp/tmp78md_6rm/tmp7q3qfzfy:74: Missing $ inserted.
<inserted text> 
                $
l.74 ...olor{black}{\textbf{\overline{M}_1(K,-K)}}
                                                  };
/tmp/tmp78md_6rm/tmp7q3qfzfy:74: Extra }, or forgotten $.
\textdef@ ...th {#1}\let \f@size #2\selectfont #3}
                                                  }
l.74 ...olor{black}{\textbf{\overline{M}_1(K,-K)}}
                                                  };
/tmp/tmp78md_6rm/tmp7q3qfzfy:74: Extra }, or forgotten $.
\textdef@ ...h {#1}\let \f@size #2\selectfont #3}}
                                                  
l.74 ...olor{black}{\textbf{\overline{M}_1(K,-K)}}
                                                  };
/tmp/tmp78md_6rm/tmp7q3qfzfy:74: Extra }, or forgotten $.
\text@ ...tstyle \sf@size {\firstchoice@false #1}}
                                                  {\textdef@ \textstyle \ssf...
l.74 ...olor{black}{\textbf{\overline{M}_1(K,-K)}}
                                                  };
/tmp/tmp78md_6rm/tmp7q3qfzfy:74: Missing $ inserted.
<inserted text> 
                $
l.74 ...olor{black}{\textbf{\overline{M}_1(K,-K)}}
                                                  };
/tmp/tmp78md_6rm/tmp7q3qfzfy:74: Extra }, or forgotten $.
\textdef@ ...th {#1}\let \f@size #2\selectfont #3}
                                                  }
l.74 ...olor{black}{\textbf{\overline{M}_1(K,-K)}}
                                                  };
/tmp/tmp78md_6rm/tmp7q3qfzfy:74: Extra }, or forgotten $.
\textdef@ ...h {#1}\let \f@size #2\selectfont #3}}
                                                  
l.74 ...olor{black}{\textbf{\overline{M}_1(K,-K)}}
                                                  };
/tmp/tmp78md_6rm/tmp7q3qfzfy:74: Extra }, or forgotten $.
\text@ ...style \ssf@size {\firstchoice@false #1}}
                                                  \check@mathfonts }
l.74 ...olor{black}{\textbf{\overline{M}_1(K,-K)}}
                                                  };
/tmp/tmp78md_6rm/tmp7q3qfzfy:74: Extra }, or forgotten $.
\text@ ...firstchoice@false #1}}\check@mathfonts }
                                                  
l.74 ...olor{black}{\textbf{\overline{M}_1(K,-K)}}
                                                  };
/tmp/tmp78md_6rm/tmp7q3qfzfy:74: Extra }, or forgotten $.
\@textcolor ...otect \leavevmode {\color #1{#2}#3}
                                                  
l.74 ...olor{black}{\textbf{\overline{M}_1(K,-K)}}
                                                  };
/tmp/tmp78md_6rm/tmp7q3qfzfy:74: Extra }, or forgotten $.
l.74 ...lor{black}{\textbf{\overline{M}_1(K,-K)}}}
                                                  ;
/tmp/tmp78md_6rm/tmp7q3qfzfy:75: Undefined control sequence.
l.75         \node
                   at (0.75,5.4) {\textcolor{black}{\textbf{\overline{M}_3(K...
/tmp/tmp78md_6rm/tmp7q3qfzfy:75: Missing $ inserted.
<inserted text> 
                $
l.75 ...olor{black}{\textbf{\overline{M}_3(K,-K)}}
                                                  };
/tmp/tmp78md_6rm/tmp7q3qfzfy:75: Extra }, or forgotten $.
\textdef@ ...th {#1}\let \f@size #2\selectfont #3}
                                                  }
l.75 ...olor{black}{\textbf{\overline{M}_3(K,-K)}}
                                                  };
/tmp/tmp78md_6rm/tmp7q3qfzfy:75: Extra }, or forgotten $.
\textdef@ ...h {#1}\let \f@size #2\selectfont #3}}
                                                  
l.75 ...olor{black}{\textbf{\overline{M}_3(K,-K)}}
                                                  };
/tmp/tmp78md_6rm/tmp7q3qfzfy:75: Extra }, or forgotten $.
\text@ ...e {\textdef@ \displaystyle \f@size {#1}}
                                                  {\textdef@ \textstyle \f@s...
l.75 ...olor{black}{\textbf{\overline{M}_3(K,-K)}}
                                                  };
/tmp/tmp78md_6rm/tmp7q3qfzfy:75: Missing $ inserted.
<inserted text> 
                $
l.75 ...olor{black}{\textbf{\overline{M}_3(K,-K)}}
                                                  };
/tmp/tmp78md_6rm/tmp7q3qfzfy:75: Extra }, or forgotten $.
\textdef@ ...th {#1}\let \f@size #2\selectfont #3}
                                                  }
l.75 ...olor{black}{\textbf{\overline{M}_3(K,-K)}}
                                                  };
/tmp/tmp78md_6rm/tmp7q3qfzfy:75: Extra }, or forgotten $.
\textdef@ ...h {#1}\let \f@size #2\selectfont #3}}
                                                  
l.75 ...olor{black}{\textbf{\overline{M}_3(K,-K)}}
                                                  };
/tmp/tmp78md_6rm/tmp7q3qfzfy:75: Extra }, or forgotten $.
\text@ ...xtstyle \f@size {\firstchoice@false #1}}
                                                  {\textdef@ \textstyle \sf@...
l.75 ...olor{black}{\textbf{\overline{M}_3(K,-K)}}
                                                  };
/tmp/tmp78md_6rm/tmp7q3qfzfy:75: Missing $ inserted.
<inserted text> 
                $
l.75 ...olor{black}{\textbf{\overline{M}_3(K,-K)}}
                                                  };
/tmp/tmp78md_6rm/tmp7q3qfzfy:75: Extra }, or forgotten $.
\textdef@ ...th {#1}\let \f@size #2\selectfont #3}
                                                  }
l.75 ...olor{black}{\textbf{\overline{M}_3(K,-K)}}
                                                  };
/tmp/tmp78md_6rm/tmp7q3qfzfy:75: Extra }, or forgotten $.
\textdef@ ...h {#1}\let \f@size #2\selectfont #3}}
                                                  
l.75 ...olor{black}{\textbf{\overline{M}_3(K,-K)}}
                                                  };
/tmp/tmp78md_6rm/tmp7q3qfzfy:75: Extra }, or forgotten $.
\text@ ...tstyle \sf@size {\firstchoice@false #1}}
                                                  {\textdef@ \textstyle \ssf...
l.75 ...olor{black}{\textbf{\overline{M}_3(K,-K)}}
                                                  };
/tmp/tmp78md_6rm/tmp7q3qfzfy:75: Missing $ inserted.
<inserted text> 
                $
l.75 ...olor{black}{\textbf{\overline{M}_3(K,-K)}}
                                                  };
/tmp/tmp78md_6rm/tmp7q3qfzfy:75: Extra }, or forgotten $.
\textdef@ ...th {#1}\let \f@size #2\selectfont #3}
                                                  }
l.75 ...olor{black}{\textbf{\overline{M}_3(K,-K)}}
                                                  };
/tmp/tmp78md_6rm/tmp7q3qfzfy:75: Extra }, or forgotten $.
\textdef@ ...h {#1}\let \f@size #2\selectfont #3}}
                                                  
l.75 ...olor{black}{\textbf{\overline{M}_3(K,-K)}}
                                                  };
/tmp/tmp78md_6rm/tmp7q3qfzfy:75: Extra }, or forgotten $.
\text@ ...style \ssf@size {\firstchoice@false #1}}
                                                  \check@mathfonts }
l.75 ...olor{black}{\textbf{\overline{M}_3(K,-K)}}
                                                  };
/tmp/tmp78md_6rm/tmp7q3qfzfy:75: Extra }, or forgotten $.
\text@ ...firstchoice@false #1}}\check@mathfonts }
                                                  
l.75 ...olor{black}{\textbf{\overline{M}_3(K,-K)}}
                                                  };
/tmp/tmp78md_6rm/tmp7q3qfzfy:75: Extra }, or forgotten $.
\@textcolor ...otect \leavevmode {\color #1{#2}#3}
                                                  
l.75 ...olor{black}{\textbf{\overline{M}_3(K,-K)}}
                                                  };
/tmp/tmp78md_6rm/tmp7q3qfzfy:75: Extra }, or forgotten $.
l.75 ...lor{black}{\textbf{\overline{M}_3(K,-K)}}}
                                                  ;
/tmp/tmp78md_6rm/tmp7q3qfzfy:76: Undefined control sequence.
l.76         \node
                   at (0.75,6) {\textcolor{black}{\textbf{\overline{M}_\inft...
/tmp/tmp78md_6rm/tmp7q3qfzfy:76: Missing $ inserted.
<inserted text> 
                $
l.76 ...black}{\textbf{\overline{M}_\infty(K,-K)}}
                                                  };
/tmp/tmp78md_6rm/tmp7q3qfzfy:76: Extra }, or forgotten $.
\textdef@ ...th {#1}\let \f@size #2\selectfont #3}
                                                  }
l.76 ...black}{\textbf{\overline{M}_\infty(K,-K)}}
                                                  };
/tmp/tmp78md_6rm/tmp7q3qfzfy:76: Extra }, or forgotten $.
\textdef@ ...h {#1}\let \f@size #2\selectfont #3}}
                                                  
l.76 ...black}{\textbf{\overline{M}_\infty(K,-K)}}
                                                  };
/tmp/tmp78md_6rm/tmp7q3qfzfy:76: Extra }, or forgotten $.
\text@ ...e {\textdef@ \displaystyle \f@size {#1}}
                                                  {\textdef@ \textstyle \f@s...
l.76 ...black}{\textbf{\overline{M}_\infty(K,-K)}}
                                                  };
/tmp/tmp78md_6rm/tmp7q3qfzfy:76: Missing $ inserted.
<inserted text> 
                $
l.76 ...black}{\textbf{\overline{M}_\infty(K,-K)}}
                                                  };
/tmp/tmp78md_6rm/tmp7q3qfzfy:76: Extra }, or forgotten $.
\textdef@ ...th {#1}\let \f@size #2\selectfont #3}
                                                  }
l.76 ...black}{\textbf{\overline{M}_\infty(K,-K)}}
                                                  };
/tmp/tmp78md_6rm/tmp7q3qfzfy:76: Extra }, or forgotten $.
\textdef@ ...h {#1}\let \f@size #2\selectfont #3}}
                                                  
l.76 ...black}{\textbf{\overline{M}_\infty(K,-K)}}
                                                  };
/tmp/tmp78md_6rm/tmp7q3qfzfy:76: Extra }, or forgotten $.
\text@ ...xtstyle \f@size {\firstchoice@false #1}}
                                                  {\textdef@ \textstyle \sf@...
l.76 ...black}{\textbf{\overline{M}_\infty(K,-K)}}
                                                  };
/tmp/tmp78md_6rm/tmp7q3qfzfy:76: Missing $ inserted.
<inserted text> 
                $
l.76 ...black}{\textbf{\overline{M}_\infty(K,-K)}}
                                                  };
/tmp/tmp78md_6rm/tmp7q3qfzfy:76: Extra }, or forgotten $.
\textdef@ ...th {#1}\let \f@size #2\selectfont #3}
                                                  }
l.76 ...black}{\textbf{\overline{M}_\infty(K,-K)}}
                                                  };
/tmp/tmp78md_6rm/tmp7q3qfzfy:76: Extra }, or forgotten $.
\textdef@ ...h {#1}\let \f@size #2\selectfont #3}}
                                                  
l.76 ...black}{\textbf{\overline{M}_\infty(K,-K)}}
                                                  };
/tmp/tmp78md_6rm/tmp7q3qfzfy:76: Extra }, or forgotten $.
\text@ ...tstyle \sf@size {\firstchoice@false #1}}
                                                  {\textdef@ \textstyle \ssf...
l.76 ...black}{\textbf{\overline{M}_\infty(K,-K)}}
                                                  };
/tmp/tmp78md_6rm/tmp7q3qfzfy:76: Missing $ inserted.
<inserted text> 
                $
l.76 ...black}{\textbf{\overline{M}_\infty(K,-K)}}
                                                  };
/tmp/tmp78md_6rm/tmp7q3qfzfy:76: Extra }, or forgotten $.
\textdef@ ...th {#1}\let \f@size #2\selectfont #3}
                                                  }
l.76 ...black}{\textbf{\overline{M}_\infty(K,-K)}}
                                                  };
/tmp/tmp78md_6rm/tmp7q3qfzfy:76: Extra }, or forgotten $.
\textdef@ ...h {#1}\let \f@size #2\selectfont #3}}
                                                  
l.76 ...black}{\textbf{\overline{M}_\infty(K,-K)}}
                                                  };
/tmp/tmp78md_6rm/tmp7q3qfzfy:76: Extra }, or forgotten $.
\text@ ...style \ssf@size {\firstchoice@false #1}}
                                                  \check@mathfonts }
l.76 ...black}{\textbf{\overline{M}_\infty(K,-K)}}
                                                  };
/tmp/tmp78md_6rm/tmp7q3qfzfy:76: Extra }, or forgotten $.
\text@ ...firstchoice@false #1}}\check@mathfonts }
                                                  
l.76 ...black}{\textbf{\overline{M}_\infty(K,-K)}}
                                                  };
/tmp/tmp78md_6rm/tmp7q3qfzfy:76: Extra }, or forgotten $.
\@textcolor ...otect \leavevmode {\color #1{#2}#3}
                                                  
l.76 ...black}{\textbf{\overline{M}_\infty(K,-K)}}
                                                  };
/tmp/tmp78md_6rm/tmp7q3qfzfy:76: Extra }, or forgotten $.
l.76 ...lack}{\textbf{\overline{M}_\infty(K,-K)}}}
                                                  ;
/tmp/tmp78md_6rm/tmp7q3qfzfy:77: Undefined control sequence.
\endtikzpicture ...r@layerlist@globally \endscope 
                                                  \let \pgf@baseline =\pgf@s...
l.77     \end{tikzpicture}
                          
/tmp/tmp78md_6rm/tmp7q3qfzfy:77: Missing $ inserted.
<inserted text> 
                $
l.77     \end{tikzpicture}
                          
/tmp/tmp78md_6rm/tmp7q3qfzfy:77: Missing } inserted.
<inserted text> 
                }
l.77     \end{tikzpicture}
                          
/tmp/tmp78md_6rm/tmp7q3qfzfy:77: Missing } inserted.
<inserted text> 
                }
l.77     \end{tikzpicture}
                          
/tmp/tmp78md_6rm/tmp7q3qfzfy:77: Missing } inserted.
<inserted text> 
                }
l.77     \end{tikzpicture}
                          
/tmp/tmp78md_6rm/tmp7q3qfzfy:77: Missing $ inserted.
<inserted text> 
                $
l.77     \end{tikzpicture}
                          
/tmp/tmp78md_6rm/tmp7q3qfzfy:77: Missing } inserted.
<inserted text> 
                }
l.77     \end{tikzpicture}
                          
/tmp/tmp78md_6rm/tmp7q3qfzfy:77: Missing } inserted.
<inserted text> 
                }
l.77     \end{tikzpicture}
                          
/tmp/tmp78md_6rm/tmp7q3qfzfy:77: Missing } inserted.
<inserted text> 
                }
l.77     \end{tikzpicture}
                          
/tmp/tmp78md_6rm/tmp7q3qfzfy:77: Missing $ inserted.
<inserted text> 
                $
l.77     \end{tikzpicture}
                          
/tmp/tmp78md_6rm/tmp7q3qfzfy:77: Missing } inserted.
<inserted text> 
                }
l.77     \end{tikzpicture}
                          
/tmp/tmp78md_6rm/tmp7q3qfzfy:77: Missing } inserted.
<inserted text> 
                }
l.77     \end{tikzpicture}
                          
/tmp/tmp78md_6rm/tmp7q3qfzfy:77: Missing } inserted.
<inserted text> 
                }
l.77     \end{tikzpicture}
                          
/tmp/tmp78md_6rm/tmp7q3qfzfy:77: Missing $ inserted.
<inserted text> 
                $
l.77     \end{tikzpicture}
                          
/tmp/tmp78md_6rm/tmp7q3qfzfy:77: Missing } inserted.
<inserted text> 
                }
l.77     \end{tikzpicture}
                          
/tmp/tmp78md_6rm/tmp7q3qfzfy:77: Missing } inserted.
<inserted text> 
                }
l.77     \end{tikzpicture}
                          
/tmp/tmp78md_6rm/tmp7q3qfzfy:77: Missing } inserted.
<inserted text> 
                }
l.77     \end{tikzpicture}
                          
/tmp/tmp78md_6rm/tmp7q3qfzfy:77: Missing { inserted.
<to be read again> 
                   \endgroup 
l.77     \end{tikzpicture}
                          
/tmp/tmp78md_6rm/tmp7q3qfzfy:77: Missing } inserted.
<inserted text> 
                }
l.77     \end{tikzpicture}
                          
/tmp/tmp78md_6rm/tmp7q3qfzfy:77: Missing { inserted.
<to be read again> 
                   \endgroup 
l.77     \end{tikzpicture}
                          
/tmp/tmp78md_6rm/tmp7q3qfzfy:77: Missing } inserted.
<inserted text> 
                }
l.77     \end{tikzpicture}
                          
/tmp/tmp78md_6rm/tmp7q3qfzfy:77: Missing { inserted.
<to be read again> 
                   \endgroup 
l.77     \end{tikzpicture}
                          
/tmp/tmp78md_6rm/tmp7q3qfzfy:77: Missing } inserted.
<inserted text> 
                }
l.77     \end{tikzpicture}
                          
/tmp/tmp78md_6rm/tmp7q3qfzfy:77: Missing } inserted.
<inserted text> 
                }
l.77     \end{tikzpicture}
                          
/tmp/tmp78md_6rm/tmp7q3qfzfy:77: Missing } inserted.
<inserted text> 
                }
l.77     \end{tikzpicture}
                          
/tmp/tmp78md_6rm/tmp7q3qfzfy:77: Missing } inserted.
<inserted text> 
                }
l.77     \end{tikzpicture}
                          
/tmp/tmp78md_6rm/tmp7q3qfzfy:77: Missing $ inserted.
<inserted text> 
                $
l.77     \end{tikzpicture}
                          
/tmp/tmp78md_6rm/tmp7q3qfzfy:77: Missing } inserted.
<inserted text> 
                }
l.77     \end{tikzpicture}
                          
/tmp/tmp78md_6rm/tmp7q3qfzfy:77: Missing } inserted.
<inserted text> 
                }
l.77     \end{tikzpicture}
                          
/tmp/tmp78md_6rm/tmp7q3qfzfy:77: Missing } inserted.
<inserted text> 
                }
l.77     \end{tikzpicture}
                          
/tmp/tmp78md_6rm/tmp7q3qfzfy:77: Missing $ inserted.
<inserted text> 
                $
l.77     \end{tikzpicture}
                          
/tmp/tmp78md_6rm/tmp7q3qfzfy:77: Missing } inserted.
<inserted text> 
                }
l.77     \end{tikzpicture}
                          
/tmp/tmp78md_6rm/tmp7q3qfzfy:77: Missing } inserted.
<inserted text> 
                }
l.77     \end{tikzpicture}
                          
/tmp/tmp78md_6rm/tmp7q3qfzfy:77: Missing } inserted.
<inserted text> 
                }
l.77     \end{tikzpicture}
                          
/tmp/tmp78md_6rm/tmp7q3qfzfy:77: Missing $ inserted.
<inserted text> 
                $
l.77     \end{tikzpicture}
                          
/tmp/tmp78md_6rm/tmp7q3qfzfy:77: Missing } inserted.
<inserted text> 
                }
l.77     \end{tikzpicture}
                          
(That makes 100 errors; please try again.)
/tmp/tmp78md_6rm/tmp7q3qfzfy:77:  ==> Fatal error occurred, no output PDF file produced!
Transcript written on tmp7q3qfzfy.log.
Latexmk: Getting log file 'tmp7q3qfzfy.log'
Latexmk: Examining 'tmp7q3qfzfy.fls'
Latexmk: Examining 'tmp7q3qfzfy.log'
Latexmk: applying rule 'pdflatex'...
Rule 'pdflatex':  Reasons for rerun
Changed files or newly in use/created:
  tmp7q3qfzfy.aux

------------
Run number 2 of rule 'pdflatex'
------------
------------
Running 'pdflatex  -file-line-error -interaction=nonstopmode -recorder  "/tmp/tmp78md_6rm/tmp7q3qfzfy"'
------------
This is pdfTeX, Version 3.141592653-2.6-1.40.28 (TeX Live 2025) (preloaded format=pdflatex)
 restricted \write18 enabled.
entering extended mode
(/tmp/tmp78md_6rm/tmp7q3qfzfy
LaTeX2e <2025-06-01> patch level 1
L3 programming layer <2025-06-30>
(/home/yuwenhan/Software/texlive/2025/texmf-dist/tex/latex/base/article.cls
Document Class: article 2025/01/22 v1.4n Standard LaTeX document class
(/home/yuwenhan/Software/texlive/2025/texmf-dist/tex/latex/base/size10.clo)) (/home/yuwenhan/Software/texlive/2025/texmf-dist/tex/latex/amsmath/amsmath.sty
For additional information on amsmath, use the `?' option.
(/home/yuwenhan/Software/texlive/2025/texmf-dist/tex/latex/amsmath/amstext.sty (/home/yuwenhan/Software/texlive/2025/texmf-dist/tex/latex/amsmath/amsgen.sty)) (/home/yuwenhan/Software/texlive/2025/texmf-dist/tex/latex/amsmath/amsbsy.sty) (/home/yuwenhan/Software/texlive/2025/texmf-dist/tex/latex/amsmath/amsopn.sty)) (/home/yuwenhan/Software/texlive/2025/texmf-dist/tex/latex/amsfonts/amssymb.sty (/home/yuwenhan/Software/texlive/2025/texmf-dist/tex/latex/amsfonts/amsfonts.sty)) (/home/yuwenhan/Software/texlive/2025/texmf-dist/tex/latex/pgf/frontendlayer/tikz.sty (/home/yuwenhan/Software/texlive/2025/texmf-dist/tex/latex/pgf/basiclayer/pgf.sty (/home/yuwenhan/Software/texlive/2025/texmf-dist/tex/latex/pgf/utilities/pgfrcs.sty (/home/yuwenhan/Software/texlive/2025/texmf-dist/tex/generic/pgf/utilities/pgfutil-common.tex) (/home/yuwenhan/Software/texlive/2025/texmf-dist/tex/generic/pgf/utilities/pgfutil-latex.def)
(/home/yuwenhan/Software/texlive/2025/texmf-dist/tex/generic/pgf/utilities/pgfrcs.code.tex (/home/yuwenhan/Software/texlive/2025/texmf-dist/tex/generic/pgf/pgf.revision.tex))) (/home/yuwenhan/Software/texlive/2025/texmf-dist/tex/latex/pgf/basiclayer/pgfcore.sty (/home/yuwenhan/Software/texlive/2025/texmf-dist/tex/latex/graphics/graphicx.sty (/home/yuwenhan/Software/texlive/2025/texmf-dist/tex/latex/graphics/keyval.sty) (/home/yuwenhan/Software/texlive/2025/texmf-dist/tex/latex/graphics/graphics.sty (/home/yuwenhan/Software/texlive/2025/texmf-dist/tex/latex/graphics/trig.sty) (/home/yuwenhan/Software/texlive/2025/texmf-dist/tex/latex/graphics-cfg/graphics.cfg) (/home/yuwenhan/Software/texlive/2025/texmf-dist/tex/latex/graphics-def/pdftex.def))) (/home/yuwenhan/Software/texlive/2025/texmf-dist/tex/latex/pgf/systemlayer/pgfsys.sty (/home/yuwenhan/Software/texlive/2025/texmf-dist/tex/generic/pgf/systemlayer/pgfsys.code.tex
(/home/yuwenhan/Software/texlive/2025/texmf-dist/tex/generic/pgf/utilities/pgfkeys.code.tex (/home/yuwenhan/Software/texlive/2025/texmf-dist/tex/generic/pgf/utilities/pgfkeyslibraryfiltered.code.tex)) (/home/yuwenhan/Software/texlive/2025/texmf-dist/tex/generic/pgf/systemlayer/pgf.cfg) (/home/yuwenhan/Software/texlive/2025/texmf-dist/tex/generic/pgf/systemlayer/pgfsys-pdftex.def (/home/yuwenhan/Software/texlive/2025/texmf-dist/tex/generic/pgf/systemlayer/pgfsys-common-pdf.def))) (/home/yuwenhan/Software/texlive/2025/texmf-dist/tex/generic/pgf/systemlayer/pgfsyssoftpath.code.tex) (/home/yuwenhan/Software/texlive/2025/texmf-dist/tex/generic/pgf/systemlayer/pgfsysprotocol.code.tex)) (/home/yuwenhan/Software/texlive/2025/texmf-dist/tex/latex/xcolor/xcolor.sty (/home/yuwenhan/Software/texlive/2025/texmf-dist/tex/latex/graphics-cfg/color.cfg) (/home/yuwenhan/Software/texlive/2025/texmf-dist/tex/latex/graphics/mathcolor.ltx))
(/home/yuwenhan/Software/texlive/2025/texmf-dist/tex/generic/pgf/basiclayer/pgfcore.code.tex (/home/yuwenhan/Software/texlive/2025/texmf-dist/tex/generic/pgf/math/pgfmath.code.tex (/home/yuwenhan/Software/texlive/2025/texmf-dist/tex/generic/pgf/math/pgfmathutil.code.tex) (/home/yuwenhan/Software/texlive/2025/texmf-dist/tex/generic/pgf/math/pgfmathparser.code.tex) (/home/yuwenhan/Software/texlive/2025/texmf-dist/tex/generic/pgf/math/pgfmathfunctions.code.tex) (/home/yuwenhan/Software/texlive/2025/texmf-dist/tex/generic/pgf/math/pgfmathfunctions.basic.code.tex) (/home/yuwenhan/Software/texlive/2025/texmf-dist/tex/generic/pgf/math/pgfmathfunctions.trigonometric.code.tex) (/home/yuwenhan/Software/texlive/2025/texmf-dist/tex/generic/pgf/math/pgfmathfunctions.random.code.tex) (/home/yuwenhan/Software/texlive/2025/texmf-dist/tex/generic/pgf/math/pgfmathfunctions.comparison.code.tex) (/home/yuwenhan/Software/texlive/2025/texmf-dist/tex/generic/pgf/math/pgfmathfunctions.base.code.tex)
(/home/yuwenhan/Software/texlive/2025/texmf-dist/tex/generic/pgf/math/pgfmathfunctions.round.code.tex) (/home/yuwenhan/Software/texlive/2025/texmf-dist/tex/generic/pgf/math/pgfmathfunctions.misc.code.tex) (/home/yuwenhan/Software/texlive/2025/texmf-dist/tex/generic/pgf/math/pgfmathfunctions.integerarithmetics.code.tex) (/home/yuwenhan/Software/texlive/2025/texmf-dist/tex/generic/pgf/math/pgfmathcalc.code.tex) (/home/yuwenhan/Software/texlive/2025/texmf-dist/tex/generic/pgf/math/pgfmathfloat.code.tex)) (/home/yuwenhan/Software/texlive/2025/texmf-dist/tex/generic/pgf/math/pgfint.code.tex) (/home/yuwenhan/Software/texlive/2025/texmf-dist/tex/generic/pgf/basiclayer/pgfcorepoints.code.tex) (/home/yuwenhan/Software/texlive/2025/texmf-dist/tex/generic/pgf/basiclayer/pgfcorepathconstruct.code.tex) (/home/yuwenhan/Software/texlive/2025/texmf-dist/tex/generic/pgf/basiclayer/pgfcorepathusage.code.tex)
(/home/yuwenhan/Software/texlive/2025/texmf-dist/tex/generic/pgf/basiclayer/pgfcorescopes.code.tex) (/home/yuwenhan/Software/texlive/2025/texmf-dist/tex/generic/pgf/basiclayer/pgfcoregraphicstate.code.tex) (/home/yuwenhan/Software/texlive/2025/texmf-dist/tex/generic/pgf/basiclayer/pgfcoretransformations.code.tex) (/home/yuwenhan/Software/texlive/2025/texmf-dist/tex/generic/pgf/basiclayer/pgfcorequick.code.tex) (/home/yuwenhan/Software/texlive/2025/texmf-dist/tex/generic/pgf/basiclayer/pgfcoreobjects.code.tex) (/home/yuwenhan/Software/texlive/2025/texmf-dist/tex/generic/pgf/basiclayer/pgfcorepathprocessing.code.tex) (/home/yuwenhan/Software/texlive/2025/texmf-dist/tex/generic/pgf/basiclayer/pgfcorearrows.code.tex) (/home/yuwenhan/Software/texlive/2025/texmf-dist/tex/generic/pgf/basiclayer/pgfcoreshade.code.tex) (/home/yuwenhan/Software/texlive/2025/texmf-dist/tex/generic/pgf/basiclayer/pgfcoreimage.code.tex)
(/home/yuwenhan/Software/texlive/2025/texmf-dist/tex/generic/pgf/basiclayer/pgfcoreexternal.code.tex) (/home/yuwenhan/Software/texlive/2025/texmf-dist/tex/generic/pgf/basiclayer/pgfcorelayers.code.tex) (/home/yuwenhan/Software/texlive/2025/texmf-dist/tex/generic/pgf/basiclayer/pgfcoretransparency.code.tex) (/home/yuwenhan/Software/texlive/2025/texmf-dist/tex/generic/pgf/basiclayer/pgfcorepatterns.code.tex) (/home/yuwenhan/Software/texlive/2025/texmf-dist/tex/generic/pgf/basiclayer/pgfcorerdf.code.tex))) (/home/yuwenhan/Software/texlive/2025/texmf-dist/tex/generic/pgf/modules/pgfmoduleshapes.code.tex) (/home/yuwenhan/Software/texlive/2025/texmf-dist/tex/generic/pgf/modules/pgfmoduleplot.code.tex) (/home/yuwenhan/Software/texlive/2025/texmf-dist/tex/latex/pgf/compatibility/pgfcomp-version-0-65.sty) (/home/yuwenhan/Software/texlive/2025/texmf-dist/tex/latex/pgf/compatibility/pgfcomp-version-1-18.sty)) (/home/yuwenhan/Software/texlive/2025/texmf-dist/tex/latex/pgf/utilities/pgffor.sty
(/home/yuwenhan/Software/texlive/2025/texmf-dist/tex/latex/pgf/utilities/pgfkeys.sty (/home/yuwenhan/Software/texlive/2025/texmf-dist/tex/generic/pgf/utilities/pgfkeys.code.tex)) (/home/yuwenhan/Software/texlive/2025/texmf-dist/tex/latex/pgf/math/pgfmath.sty (/home/yuwenhan/Software/texlive/2025/texmf-dist/tex/generic/pgf/math/pgfmath.code.tex)) (/home/yuwenhan/Software/texlive/2025/texmf-dist/tex/generic/pgf/utilities/pgffor.code.tex)) (/home/yuwenhan/Software/texlive/2025/texmf-dist/tex/generic/pgf/frontendlayer/tikz/tikz.code.tex (/home/yuwenhan/Software/texlive/2025/texmf-dist/tex/generic/pgf/libraries/pgflibraryplothandlers.code.tex) (/home/yuwenhan/Software/texlive/2025/texmf-dist/tex/generic/pgf/modules/pgfmodulematrix.code.tex) (/home/yuwenhan/Software/texlive/2025/texmf-dist/tex/generic/pgf/frontendlayer/tikz/libraries/tikzlibrarytopaths.code.tex))) (/home/yuwenhan/Software/texlive/2025/texmf-dist/tex/latex/l3backend/l3backend-pdftex.def) (./tmp7q3qfzfy.aux)
(/home/yuwenhan/Software/texlive/2025/texmf-dist/tex/context/base/mkii/supp-pdf.mkii
[Loading MPS to PDF converter (version 2006.09.02).]
) (/home/yuwenhan/Software/texlive/2025/texmf-dist/tex/latex/epstopdf-pkg/epstopdf-base.sty (/home/yuwenhan/Software/texlive/2025/texmf-dist/tex/latex/latexconfig/epstopdf-sys.cfg)) (/home/yuwenhan/Software/texlive/2025/texmf-dist/tex/latex/amsfonts/umsa.fd) (/home/yuwenhan/Software/texlive/2025/texmf-dist/tex/latex/amsfonts/umsb.fd)
/tmp/tmp78md_6rm/tmp7q3qfzfy:73: Missing $ inserted.
<inserted text> 
                $
l.73 ...lor{black}{\textbf{\underline{M}_0(K,-K)}}
                                                  };
/tmp/tmp78md_6rm/tmp7q3qfzfy:73: Extra }, or forgotten $.
<recently read> \egroup 
                        
l.73 ...lor{black}{\textbf{\underline{M}_0(K,-K)}}
                                                  };
/tmp/tmp78md_6rm/tmp7q3qfzfy:73: Extra }, or forgotten $.
\@textcolor ...otect \leavevmode {\color #1{#2}#3}
                                                  
l.73 ...lor{black}{\textbf{\underline{M}_0(K,-K)}}
                                                  };
/tmp/tmp78md_6rm/tmp7q3qfzfy:73: Extra }, or forgotten $.
l.73 ...or{black}{\textbf{\underline{M}_0(K,-K)}}}
                                                  ;
/tmp/tmp78md_6rm/tmp7q3qfzfy:74: Undefined control sequence.
l.74         \node
                   at (0.75,4.8) {\textcolor{black}{\textbf{\overline{M}_1(K...
/tmp/tmp78md_6rm/tmp7q3qfzfy:74: Missing $ inserted.
<inserted text> 
                $
l.74 ...olor{black}{\textbf{\overline{M}_1(K,-K)}}
                                                  };
/tmp/tmp78md_6rm/tmp7q3qfzfy:74: Extra }, or forgotten $.
\textdef@ ...th {#1}\let \f@size #2\selectfont #3}
                                                  }
l.74 ...olor{black}{\textbf{\overline{M}_1(K,-K)}}
                                                  };
/tmp/tmp78md_6rm/tmp7q3qfzfy:74: Extra }, or forgotten $.
\textdef@ ...h {#1}\let \f@size #2\selectfont #3}}
                                                  
l.74 ...olor{black}{\textbf{\overline{M}_1(K,-K)}}
                                                  };
/tmp/tmp78md_6rm/tmp7q3qfzfy:74: Extra }, or forgotten $.
\text@ ...e {\textdef@ \displaystyle \f@size {#1}}
                                                  {\textdef@ \textstyle \f@s...
l.74 ...olor{black}{\textbf{\overline{M}_1(K,-K)}}
                                                  };
/tmp/tmp78md_6rm/tmp7q3qfzfy:74: Missing $ inserted.
<inserted text> 
                $
l.74 ...olor{black}{\textbf{\overline{M}_1(K,-K)}}
                                                  };
/tmp/tmp78md_6rm/tmp7q3qfzfy:74: Extra }, or forgotten $.
\textdef@ ...th {#1}\let \f@size #2\selectfont #3}
                                                  }
l.74 ...olor{black}{\textbf{\overline{M}_1(K,-K)}}
                                                  };
/tmp/tmp78md_6rm/tmp7q3qfzfy:74: Extra }, or forgotten $.
\textdef@ ...h {#1}\let \f@size #2\selectfont #3}}
                                                  
l.74 ...olor{black}{\textbf{\overline{M}_1(K,-K)}}
                                                  };
/tmp/tmp78md_6rm/tmp7q3qfzfy:74: Extra }, or forgotten $.
\text@ ...xtstyle \f@size {\firstchoice@false #1}}
                                                  {\textdef@ \textstyle \sf@...
l.74 ...olor{black}{\textbf{\overline{M}_1(K,-K)}}
                                                  };
/tmp/tmp78md_6rm/tmp7q3qfzfy:74: Missing $ inserted.
<inserted text> 
                $
l.74 ...olor{black}{\textbf{\overline{M}_1(K,-K)}}
                                                  };
/tmp/tmp78md_6rm/tmp7q3qfzfy:74: Extra }, or forgotten $.
\textdef@ ...th {#1}\let \f@size #2\selectfont #3}
                                                  }
l.74 ...olor{black}{\textbf{\overline{M}_1(K,-K)}}
                                                  };
/tmp/tmp78md_6rm/tmp7q3qfzfy:74: Extra }, or forgotten $.
\textdef@ ...h {#1}\let \f@size #2\selectfont #3}}
                                                  
l.74 ...olor{black}{\textbf{\overline{M}_1(K,-K)}}
                                                  };
/tmp/tmp78md_6rm/tmp7q3qfzfy:74: Extra }, or forgotten $.
\text@ ...tstyle \sf@size {\firstchoice@false #1}}
                                                  {\textdef@ \textstyle \ssf...
l.74 ...olor{black}{\textbf{\overline{M}_1(K,-K)}}
                                                  };
/tmp/tmp78md_6rm/tmp7q3qfzfy:74: Missing $ inserted.
<inserted text> 
                $
l.74 ...olor{black}{\textbf{\overline{M}_1(K,-K)}}
                                                  };
/tmp/tmp78md_6rm/tmp7q3qfzfy:74: Extra }, or forgotten $.
\textdef@ ...th {#1}\let \f@size #2\selectfont #3}
                                                  }
l.74 ...olor{black}{\textbf{\overline{M}_1(K,-K)}}
                                                  };
/tmp/tmp78md_6rm/tmp7q3qfzfy:74: Extra }, or forgotten $.
\textdef@ ...h {#1}\let \f@size #2\selectfont #3}}
                                                  
l.74 ...olor{black}{\textbf{\overline{M}_1(K,-K)}}
                                                  };
/tmp/tmp78md_6rm/tmp7q3qfzfy:74: Extra }, or forgotten $.
\text@ ...style \ssf@size {\firstchoice@false #1}}
                                                  \check@mathfonts }
l.74 ...olor{black}{\textbf{\overline{M}_1(K,-K)}}
                                                  };
/tmp/tmp78md_6rm/tmp7q3qfzfy:74: Extra }, or forgotten $.
\text@ ...firstchoice@false #1}}\check@mathfonts }
                                                  
l.74 ...olor{black}{\textbf{\overline{M}_1(K,-K)}}
                                                  };
/tmp/tmp78md_6rm/tmp7q3qfzfy:74: Extra }, or forgotten $.
\@textcolor ...otect \leavevmode {\color #1{#2}#3}
                                                  
l.74 ...olor{black}{\textbf{\overline{M}_1(K,-K)}}
                                                  };
/tmp/tmp78md_6rm/tmp7q3qfzfy:74: Extra }, or forgotten $.
l.74 ...lor{black}{\textbf{\overline{M}_1(K,-K)}}}
                                                  ;
/tmp/tmp78md_6rm/tmp7q3qfzfy:75: Undefined control sequence.
l.75         \node
                   at (0.75,5.4) {\textcolor{black}{\textbf{\overline{M}_3(K...
/tmp/tmp78md_6rm/tmp7q3qfzfy:75: Missing $ inserted.
<inserted text> 
                $
l.75 ...olor{black}{\textbf{\overline{M}_3(K,-K)}}
                                                  };
/tmp/tmp78md_6rm/tmp7q3qfzfy:75: Extra }, or forgotten $.
\textdef@ ...th {#1}\let \f@size #2\selectfont #3}
                                                  }
l.75 ...olor{black}{\textbf{\overline{M}_3(K,-K)}}
                                                  };
/tmp/tmp78md_6rm/tmp7q3qfzfy:75: Extra }, or forgotten $.
\textdef@ ...h {#1}\let \f@size #2\selectfont #3}}
                                                  
l.75 ...olor{black}{\textbf{\overline{M}_3(K,-K)}}
                                                  };
/tmp/tmp78md_6rm/tmp7q3qfzfy:75: Extra }, or forgotten $.
\text@ ...e {\textdef@ \displaystyle \f@size {#1}}
                                                  {\textdef@ \textstyle \f@s...
l.75 ...olor{black}{\textbf{\overline{M}_3(K,-K)}}
                                                  };
/tmp/tmp78md_6rm/tmp7q3qfzfy:75: Missing $ inserted.
<inserted text> 
                $
l.75 ...olor{black}{\textbf{\overline{M}_3(K,-K)}}
                                                  };
/tmp/tmp78md_6rm/tmp7q3qfzfy:75: Extra }, or forgotten $.
\textdef@ ...th {#1}\let \f@size #2\selectfont #3}
                                                  }
l.75 ...olor{black}{\textbf{\overline{M}_3(K,-K)}}
                                                  };
/tmp/tmp78md_6rm/tmp7q3qfzfy:75: Extra }, or forgotten $.
\textdef@ ...h {#1}\let \f@size #2\selectfont #3}}
                                                  
l.75 ...olor{black}{\textbf{\overline{M}_3(K,-K)}}
                                                  };
/tmp/tmp78md_6rm/tmp7q3qfzfy:75: Extra }, or forgotten $.
\text@ ...xtstyle \f@size {\firstchoice@false #1}}
                                                  {\textdef@ \textstyle \sf@...
l.75 ...olor{black}{\textbf{\overline{M}_3(K,-K)}}
                                                  };
/tmp/tmp78md_6rm/tmp7q3qfzfy:75: Missing $ inserted.
<inserted text> 
                $
l.75 ...olor{black}{\textbf{\overline{M}_3(K,-K)}}
                                                  };
/tmp/tmp78md_6rm/tmp7q3qfzfy:75: Extra }, or forgotten $.
\textdef@ ...th {#1}\let \f@size #2\selectfont #3}
                                                  }
l.75 ...olor{black}{\textbf{\overline{M}_3(K,-K)}}
                                                  };
/tmp/tmp78md_6rm/tmp7q3qfzfy:75: Extra }, or forgotten $.
\textdef@ ...h {#1}\let \f@size #2\selectfont #3}}
                                                  
l.75 ...olor{black}{\textbf{\overline{M}_3(K,-K)}}
                                                  };
/tmp/tmp78md_6rm/tmp7q3qfzfy:75: Extra }, or forgotten $.
\text@ ...tstyle \sf@size {\firstchoice@false #1}}
                                                  {\textdef@ \textstyle \ssf...
l.75 ...olor{black}{\textbf{\overline{M}_3(K,-K)}}
                                                  };
/tmp/tmp78md_6rm/tmp7q3qfzfy:75: Missing $ inserted.
<inserted text> 
                $
l.75 ...olor{black}{\textbf{\overline{M}_3(K,-K)}}
                                                  };
/tmp/tmp78md_6rm/tmp7q3qfzfy:75: Extra }, or forgotten $.
\textdef@ ...th {#1}\let \f@size #2\selectfont #3}
                                                  }
l.75 ...olor{black}{\textbf{\overline{M}_3(K,-K)}}
                                                  };
/tmp/tmp78md_6rm/tmp7q3qfzfy:75: Extra }, or forgotten $.
\textdef@ ...h {#1}\let \f@size #2\selectfont #3}}
                                                  
l.75 ...olor{black}{\textbf{\overline{M}_3(K,-K)}}
                                                  };
/tmp/tmp78md_6rm/tmp7q3qfzfy:75: Extra }, or forgotten $.
\text@ ...style \ssf@size {\firstchoice@false #1}}
                                                  \check@mathfonts }
l.75 ...olor{black}{\textbf{\overline{M}_3(K,-K)}}
                                                  };
/tmp/tmp78md_6rm/tmp7q3qfzfy:75: Extra }, or forgotten $.
\text@ ...firstchoice@false #1}}\check@mathfonts }
                                                  
l.75 ...olor{black}{\textbf{\overline{M}_3(K,-K)}}
                                                  };
/tmp/tmp78md_6rm/tmp7q3qfzfy:75: Extra }, or forgotten $.
\@textcolor ...otect \leavevmode {\color #1{#2}#3}
                                                  
l.75 ...olor{black}{\textbf{\overline{M}_3(K,-K)}}
                                                  };
/tmp/tmp78md_6rm/tmp7q3qfzfy:75: Extra }, or forgotten $.
l.75 ...lor{black}{\textbf{\overline{M}_3(K,-K)}}}
                                                  ;
/tmp/tmp78md_6rm/tmp7q3qfzfy:76: Undefined control sequence.
l.76         \node
                   at (0.75,6) {\textcolor{black}{\textbf{\overline{M}_\inft...
/tmp/tmp78md_6rm/tmp7q3qfzfy:76: Missing $ inserted.
<inserted text> 
                $
l.76 ...black}{\textbf{\overline{M}_\infty(K,-K)}}
                                                  };
/tmp/tmp78md_6rm/tmp7q3qfzfy:76: Extra }, or forgotten $.
\textdef@ ...th {#1}\let \f@size #2\selectfont #3}
                                                  }
l.76 ...black}{\textbf{\overline{M}_\infty(K,-K)}}
                                                  };
/tmp/tmp78md_6rm/tmp7q3qfzfy:76: Extra }, or forgotten $.
\textdef@ ...h {#1}\let \f@size #2\selectfont #3}}
                                                  
l.76 ...black}{\textbf{\overline{M}_\infty(K,-K)}}
                                                  };
/tmp/tmp78md_6rm/tmp7q3qfzfy:76: Extra }, or forgotten $.
\text@ ...e {\textdef@ \displaystyle \f@size {#1}}
                                                  {\textdef@ \textstyle \f@s...
l.76 ...black}{\textbf{\overline{M}_\infty(K,-K)}}
                                                  };
/tmp/tmp78md_6rm/tmp7q3qfzfy:76: Missing $ inserted.
<inserted text> 
                $
l.76 ...black}{\textbf{\overline{M}_\infty(K,-K)}}
                                                  };
/tmp/tmp78md_6rm/tmp7q3qfzfy:76: Extra }, or forgotten $.
\textdef@ ...th {#1}\let \f@size #2\selectfont #3}
                                                  }
l.76 ...black}{\textbf{\overline{M}_\infty(K,-K)}}
                                                  };
/tmp/tmp78md_6rm/tmp7q3qfzfy:76: Extra }, or forgotten $.
\textdef@ ...h {#1}\let \f@size #2\selectfont #3}}
                                                  
l.76 ...black}{\textbf{\overline{M}_\infty(K,-K)}}
                                                  };
/tmp/tmp78md_6rm/tmp7q3qfzfy:76: Extra }, or forgotten $.
\text@ ...xtstyle \f@size {\firstchoice@false #1}}
                                                  {\textdef@ \textstyle \sf@...
l.76 ...black}{\textbf{\overline{M}_\infty(K,-K)}}
                                                  };
/tmp/tmp78md_6rm/tmp7q3qfzfy:76: Missing $ inserted.
<inserted text> 
                $
l.76 ...black}{\textbf{\overline{M}_\infty(K,-K)}}
                                                  };
/tmp/tmp78md_6rm/tmp7q3qfzfy:76: Extra }, or forgotten $.
\textdef@ ...th {#1}\let \f@size #2\selectfont #3}
                                                  }
l.76 ...black}{\textbf{\overline{M}_\infty(K,-K)}}
                                                  };
/tmp/tmp78md_6rm/tmp7q3qfzfy:76: Extra }, or forgotten $.
\textdef@ ...h {#1}\let \f@size #2\selectfont #3}}
                                                  
l.76 ...black}{\textbf{\overline{M}_\infty(K,-K)}}
                                                  };
/tmp/tmp78md_6rm/tmp7q3qfzfy:76: Extra }, or forgotten $.
\text@ ...tstyle \sf@size {\firstchoice@false #1}}
                                                  {\textdef@ \textstyle \ssf...
l.76 ...black}{\textbf{\overline{M}_\infty(K,-K)}}
                                                  };
/tmp/tmp78md_6rm/tmp7q3qfzfy:76: Missing $ inserted.
<inserted text> 
                $
l.76 ...black}{\textbf{\overline{M}_\infty(K,-K)}}
                                                  };
/tmp/tmp78md_6rm/tmp7q3qfzfy:76: Extra }, or forgotten $.
\textdef@ ...th {#1}\let \f@size #2\selectfont #3}
                                                  }
l.76 ...black}{\textbf{\overline{M}_\infty(K,-K)}}
                                                  };
/tmp/tmp78md_6rm/tmp7q3qfzfy:76: Extra }, or forgotten $.
\textdef@ ...h {#1}\let \f@size #2\selectfont #3}}
                                                  
l.76 ...black}{\textbf{\overline{M}_\infty(K,-K)}}
                                                  };
/tmp/tmp78md_6rm/tmp7q3qfzfy:76: Extra }, or forgotten $.
\text@ ...style \ssf@size {\firstchoice@false #1}}
                                                  \check@mathfonts }
l.76 ...black}{\textbf{\overline{M}_\infty(K,-K)}}
                                                  };
/tmp/tmp78md_6rm/tmp7q3qfzfy:76: Extra }, or forgotten $.
\text@ ...firstchoice@false #1}}\check@mathfonts }
                                                  
l.76 ...black}{\textbf{\overline{M}_\infty(K,-K)}}
                                                  };
/tmp/tmp78md_6rm/tmp7q3qfzfy:76: Extra }, or forgotten $.
\@textcolor ...otect \leavevmode {\color #1{#2}#3}
                                                  
l.76 ...black}{\textbf{\overline{M}_\infty(K,-K)}}
                                                  };
/tmp/tmp78md_6rm/tmp7q3qfzfy:76: Extra }, or forgotten $.
l.76 ...lack}{\textbf{\overline{M}_\infty(K,-K)}}}
                                                  ;
/tmp/tmp78md_6rm/tmp7q3qfzfy:77: Undefined control sequence.
\endtikzpicture ...r@layerlist@globally \endscope 
                                                  \let \pgf@baseline =\pgf@s...
l.77     \end{tikzpicture}
                          
/tmp/tmp78md_6rm/tmp7q3qfzfy:77: Missing $ inserted.
<inserted text> 
                $
l.77     \end{tikzpicture}
                          
/tmp/tmp78md_6rm/tmp7q3qfzfy:77: Missing } inserted.
<inserted text> 
                }
l.77     \end{tikzpicture}
                          
/tmp/tmp78md_6rm/tmp7q3qfzfy:77: Missing } inserted.
<inserted text> 
                }
l.77     \end{tikzpicture}
                          
/tmp/tmp78md_6rm/tmp7q3qfzfy:77: Missing } inserted.
<inserted text> 
                }
l.77     \end{tikzpicture}
                          
/tmp/tmp78md_6rm/tmp7q3qfzfy:77: Missing $ inserted.
<inserted text> 
                $
l.77     \end{tikzpicture}
                          
/tmp/tmp78md_6rm/tmp7q3qfzfy:77: Missing } inserted.
<inserted text> 
                }
l.77     \end{tikzpicture}
                          
/tmp/tmp78md_6rm/tmp7q3qfzfy:77: Missing } inserted.
<inserted text> 
                }
l.77     \end{tikzpicture}
                          
/tmp/tmp78md_6rm/tmp7q3qfzfy:77: Missing } inserted.
<inserted text> 
                }
l.77     \end{tikzpicture}
                          
/tmp/tmp78md_6rm/tmp7q3qfzfy:77: Missing $ inserted.
<inserted text> 
                $
l.77     \end{tikzpicture}
                          
/tmp/tmp78md_6rm/tmp7q3qfzfy:77: Missing } inserted.
<inserted text> 
                }
l.77     \end{tikzpicture}
                          
/tmp/tmp78md_6rm/tmp7q3qfzfy:77: Missing } inserted.
<inserted text> 
                }
l.77     \end{tikzpicture}
                          
/tmp/tmp78md_6rm/tmp7q3qfzfy:77: Missing } inserted.
<inserted text> 
                }
l.77     \end{tikzpicture}
                          
/tmp/tmp78md_6rm/tmp7q3qfzfy:77: Missing $ inserted.
<inserted text> 
                $
l.77     \end{tikzpicture}
                          
/tmp/tmp78md_6rm/tmp7q3qfzfy:77: Missing } inserted.
<inserted text> 
                }
l.77     \end{tikzpicture}
                          
/tmp/tmp78md_6rm/tmp7q3qfzfy:77: Missing } inserted.
<inserted text> 
                }
l.77     \end{tikzpicture}
                          
/tmp/tmp78md_6rm/tmp7q3qfzfy:77: Missing } inserted.
<inserted text> 
                }
l.77     \end{tikzpicture}
                          
/tmp/tmp78md_6rm/tmp7q3qfzfy:77: Missing { inserted.
<to be read again> 
                   \endgroup 
l.77     \end{tikzpicture}
                          
/tmp/tmp78md_6rm/tmp7q3qfzfy:77: Missing } inserted.
<inserted text> 
                }
l.77     \end{tikzpicture}
                          
/tmp/tmp78md_6rm/tmp7q3qfzfy:77: Missing { inserted.
<to be read again> 
                   \endgroup 
l.77     \end{tikzpicture}
                          
/tmp/tmp78md_6rm/tmp7q3qfzfy:77: Missing } inserted.
<inserted text> 
                }
l.77     \end{tikzpicture}
                          
/tmp/tmp78md_6rm/tmp7q3qfzfy:77: Missing { inserted.
<to be read again> 
                   \endgroup 
l.77     \end{tikzpicture}
                          
/tmp/tmp78md_6rm/tmp7q3qfzfy:77: Missing } inserted.
<inserted text> 
                }
l.77     \end{tikzpicture}
                          
/tmp/tmp78md_6rm/tmp7q3qfzfy:77: Missing } inserted.
<inserted text> 
                }
l.77     \end{tikzpicture}
                          
/tmp/tmp78md_6rm/tmp7q3qfzfy:77: Missing } inserted.
<inserted text> 
                }
l.77     \end{tikzpicture}
                          
/tmp/tmp78md_6rm/tmp7q3qfzfy:77: Missing } inserted.
<inserted text> 
                }
l.77     \end{tikzpicture}
                          
/tmp/tmp78md_6rm/tmp7q3qfzfy:77: Missing $ inserted.
<inserted text> 
                $
l.77     \end{tikzpicture}
                          
/tmp/tmp78md_6rm/tmp7q3qfzfy:77: Missing } inserted.
<inserted text> 
                }
l.77     \end{tikzpicture}
                          
/tmp/tmp78md_6rm/tmp7q3qfzfy:77: Missing } inserted.
<inserted text> 
                }
l.77     \end{tikzpicture}
                          
/tmp/tmp78md_6rm/tmp7q3qfzfy:77: Missing } inserted.
<inserted text> 
                }
l.77     \end{tikzpicture}
                          
/tmp/tmp78md_6rm/tmp7q3qfzfy:77: Missing $ inserted.
<inserted text> 
                $
l.77     \end{tikzpicture}
                          
/tmp/tmp78md_6rm/tmp7q3qfzfy:77: Missing } inserted.
<inserted text> 
                }
l.77     \end{tikzpicture}
                          
/tmp/tmp78md_6rm/tmp7q3qfzfy:77: Missing } inserted.
<inserted text> 
                }
l.77     \end{tikzpicture}
                          
/tmp/tmp78md_6rm/tmp7q3qfzfy:77: Missing } inserted.
<inserted text> 
                }
l.77     \end{tikzpicture}
                          
/tmp/tmp78md_6rm/tmp7q3qfzfy:77: Missing $ inserted.
<inserted text> 
                $
l.77     \end{tikzpicture}
                          
/tmp/tmp78md_6rm/tmp7q3qfzfy:77: Missing } inserted.
<inserted text> 
                }
l.77     \end{tikzpicture}
                          
(That makes 100 errors; please try again.)
/tmp/tmp78md_6rm/tmp7q3qfzfy:77:  ==> Fatal error occurred, no output PDF file produced!
Transcript written on tmp7q3qfzfy.log.
Latexmk: Getting log file 'tmp7q3qfzfy.log'
Latexmk: Examining 'tmp7q3qfzfy.fls'
Latexmk: Examining 'tmp7q3qfzfy.log'
Latexmk: Errors, in force_mode: so I tried finishing targets
Collected error summary (may duplicate other messages):
  pdflatex: Command for 'pdflatex' gave return code 1
      Refer to 'tmp7q3qfzfy.log' and/or above output for details

