Rc files read:
  NONE
Latexmk: This is Latexmk, John Collins, 15 June 2025. Version 4.87.
No existing .aux file, so I'll make a simple one, and require run of *latex.
Latexmk: applying rule 'pdflatex'...
Rule 'pdflatex':  Reasons for rerun
Category 'other':
  Rerun of 'pdflatex' forced or previously required:
    Reason or flag: 'Initial setup'

------------
Run number 1 of rule 'pdflatex'
------------
------------
Running 'pdflatex  -file-line-error -interaction=nonstopmode -recorder  "/tmp/tmpjpsltu1v/tmp8sb_l3jy"'
------------
This is pdfTeX, Version 3.141592653-2.6-1.40.28 (TeX Live 2025) (preloaded format=pdflatex)
 restricted \write18 enabled.
entering extended mode
(/tmp/tmpjpsltu1v/tmp8sb_l3jy
LaTeX2e <2025-06-01> patch level 1
L3 programming layer <2025-06-30>

/tmp/tmpjpsltu1v/tmp8sb_l3jy:1: LaTeX Error: Missing \begin{document}.

See the LaTeX manual or LaTeX Companion for explanation.
Type  H <return>  for immediate help.
 ...                                              
                                                  
l.1 p
     ython
Missing character: There is no p in font nullfont!
Missing character: There is no y in font nullfont!
Missing character: There is no t in font nullfont!
Missing character: There is no h in font nullfont!
Missing character: There is no o in font nullfont!
Missing character: There is no n in font nullfont!
Missing character: There is no i in font nullfont!
Missing character: There is no m in font nullfont!
Missing character: There is no p in font nullfont!
Missing character: There is no o in font nullfont!
Missing character: There is no r in font nullfont!
Missing character: There is no t in font nullfont!
Missing character: There is no m in font nullfont!
Missing character: There is no a in font nullfont!
Missing character: There is no t in font nullfont!
Missing character: There is no p in font nullfont!
Missing character: There is no l in font nullfont!
Missing character: There is no o in font nullfont!
Missing character: There is no t in font nullfont!
Missing character: There is no l in font nullfont!
Missing character: There is no i in font nullfont!
Missing character: There is no b in font nullfont!
Missing character: There is no . in font nullfont!
Missing character: There is no p in font nullfont!
Missing character: There is no y in font nullfont!
Missing character: There is no p in font nullfont!
Missing character: There is no l in font nullfont!
Missing character: There is no o in font nullfont!
Missing character: There is no t in font nullfont!
Missing character: There is no a in font nullfont!
Missing character: There is no s in font nullfont!
Missing character: There is no p in font nullfont!
Missing character: There is no l in font nullfont!
Missing character: There is no t in font nullfont!
Missing character: There is no f in font nullfont!
Missing character: There is no r in font nullfont!
Missing character: There is no o in font nullfont!
Missing character: There is no m in font nullfont!
Missing character: There is no f in font nullfont!
Missing character: There is no r in font nullfont!
Missing character: There is no a in font nullfont!
Missing character: There is no c in font nullfont!
Missing character: There is no t in font nullfont!
Missing character: There is no i in font nullfont!
Missing character: There is no o in font nullfont!
Missing character: There is no n in font nullfont!
Missing character: There is no s in font nullfont!
Missing character: There is no i in font nullfont!
Missing character: There is no m in font nullfont!
Missing character: There is no p in font nullfont!
Missing character: There is no o in font nullfont!
Missing character: There is no r in font nullfont!
Missing character: There is no t in font nullfont!
Missing character: There is no F in font nullfont!
Missing character: There is no r in font nullfont!
Missing character: There is no a in font nullfont!
Missing character: There is no c in font nullfont!
Missing character: There is no t in font nullfont!
Missing character: There is no i in font nullfont!
Missing character: There is no o in font nullfont!
Missing character: There is no n in font nullfont!
/tmp/tmpjpsltu1v/tmp8sb_l3jy:4: You can't use `macro parameter character #' in horizontal mode.
l.4 from fractions import Fraction  #
                                      For handling fractions
Missing character: There is no F in font nullfont!
Missing character: There is no o in font nullfont!
Missing character: There is no r in font nullfont!
Missing character: There is no h in font nullfont!
Missing character: There is no a in font nullfont!
Missing character: There is no n in font nullfont!
Missing character: There is no d in font nullfont!
Missing character: There is no l in font nullfont!
Missing character: There is no i in font nullfont!
Missing character: There is no n in font nullfont!
Missing character: There is no g in font nullfont!
Missing character: There is no f in font nullfont!
Missing character: There is no r in font nullfont!
Missing character: There is no a in font nullfont!
Missing character: There is no c in font nullfont!
Missing character: There is no t in font nullfont!
Missing character: There is no i in font nullfont!
Missing character: There is no o in font nullfont!
Missing character: There is no n in font nullfont!
Missing character: There is no s in font nullfont!

Overfull \hbox (20.0pt too wide) in paragraph at lines 1--5
[]
/tmp/tmpjpsltu1v/tmp8sb_l3jy:6: You can't use `macro parameter character #' in vertical mode.
l.6 #
      Define the fractions to display (as numerator/denominator tuples)

/tmp/tmpjpsltu1v/tmp8sb_l3jy:6: LaTeX Error: Missing \begin{document}.

See the LaTeX manual or LaTeX Companion for explanation.
Type  H <return>  for immediate help.
 ...                                              
                                                  
l.6 # D
       efine the fractions to display (as numerator/denominator tuples)
Missing character: There is no D in font nullfont!
Missing character: There is no e in font nullfont!
Missing character: There is no f in font nullfont!
Missing character: There is no i in font nullfont!
Missing character: There is no n in font nullfont!
Missing character: There is no e in font nullfont!
Missing character: There is no t in font nullfont!
Missing character: There is no h in font nullfont!
Missing character: There is no e in font nullfont!
Missing character: There is no f in font nullfont!
Missing character: There is no r in font nullfont!
Missing character: There is no a in font nullfont!
Missing character: There is no c in font nullfont!
Missing character: There is no t in font nullfont!
Missing character: There is no i in font nullfont!
Missing character: There is no o in font nullfont!
Missing character: There is no n in font nullfont!
Missing character: There is no s in font nullfont!
Missing character: There is no t in font nullfont!
Missing character: There is no o in font nullfont!
Missing character: There is no d in font nullfont!
Missing character: There is no i in font nullfont!
Missing character: There is no s in font nullfont!
Missing character: There is no p in font nullfont!
Missing character: There is no l in font nullfont!
Missing character: There is no a in font nullfont!
Missing character: There is no y in font nullfont!
Missing character: There is no ( in font nullfont!
Missing character: There is no a in font nullfont!
Missing character: There is no s in font nullfont!
Missing character: There is no n in font nullfont!
Missing character: There is no u in font nullfont!
Missing character: There is no m in font nullfont!
Missing character: There is no e in font nullfont!
Missing character: There is no r in font nullfont!
Missing character: There is no a in font nullfont!
Missing character: There is no t in font nullfont!
Missing character: There is no o in font nullfont!
Missing character: There is no r in font nullfont!
Missing character: There is no / in font nullfont!
Missing character: There is no d in font nullfont!
Missing character: There is no e in font nullfont!
Missing character: There is no n in font nullfont!
Missing character: There is no o in font nullfont!
Missing character: There is no m in font nullfont!
Missing character: There is no i in font nullfont!
Missing character: There is no n in font nullfont!
Missing character: There is no a in font nullfont!
Missing character: There is no t in font nullfont!
Missing character: There is no o in font nullfont!
Missing character: There is no r in font nullfont!
Missing character: There is no t in font nullfont!
Missing character: There is no u in font nullfont!
Missing character: There is no p in font nullfont!
Missing character: There is no l in font nullfont!
Missing character: There is no e in font nullfont!
Missing character: There is no s in font nullfont!
Missing character: There is no ) in font nullfont!
Missing character: There is no f in font nullfont!
Missing character: There is no r in font nullfont!
Missing character: There is no a in font nullfont!
Missing character: There is no c in font nullfont!
Missing character: There is no t in font nullfont!
Missing character: There is no i in font nullfont!
Missing character: There is no o in font nullfont!
Missing character: There is no n in font nullfont!
Missing character: There is no s in font nullfont!
Missing character: There is no = in font nullfont!
Missing character: There is no [ in font nullfont!
Missing character: There is no ( in font nullfont!
Missing character: There is no 3 in font nullfont!
Missing character: There is no , in font nullfont!
Missing character: There is no 2 in font nullfont!
Missing character: There is no 0 in font nullfont!
Missing character: There is no ) in font nullfont!
Missing character: There is no , in font nullfont!
Missing character: There is no ( in font nullfont!
Missing character: There is no 4 in font nullfont!
Missing character: There is no , in font nullfont!
Missing character: There is no 9 in font nullfont!
Missing character: There is no ) in font nullfont!
Missing character: There is no , in font nullfont!
Missing character: There is no ( in font nullfont!
Missing character: There is no 1 in font nullfont!
Missing character: There is no , in font nullfont!
Missing character: There is no 3 in font nullfont!
Missing character: There is no ) in font nullfont!
Missing character: There is no , in font nullfont!
Missing character: There is no ( in font nullfont!
Missing character: There is no 1 in font nullfont!
Missing character: There is no , in font nullfont!
Missing character: There is no 2 in font nullfont!
Missing character: There is no ) in font nullfont!
Missing character: There is no , in font nullfont!
Missing character: There is no ( in font nullfont!
Missing character: There is no 5 in font nullfont!
Missing character: There is no , in font nullfont!
Missing character: There is no 1 in font nullfont!
Missing character: There is no 2 in font nullfont!
Missing character: There is no ) in font nullfont!
Missing character: There is no ] in font nullfont!
/tmp/tmpjpsltu1v/tmp8sb_l3jy:7: You can't use `macro parameter character #' in horizontal mode.
l.7 ...3, 20), (4, 9), (1, 3), (1, 2), (5, 12)]  #
                                                   Example fractions
Missing character: There is no E in font nullfont!
Missing character: There is no x in font nullfont!
Missing character: There is no a in font nullfont!
Missing character: There is no m in font nullfont!
Missing character: There is no p in font nullfont!
Missing character: There is no l in font nullfont!
Missing character: There is no e in font nullfont!
Missing character: There is no f in font nullfont!
Missing character: There is no r in font nullfont!
Missing character: There is no a in font nullfont!
Missing character: There is no c in font nullfont!
Missing character: There is no t in font nullfont!
Missing character: There is no i in font nullfont!
Missing character: There is no o in font nullfont!
Missing character: There is no n in font nullfont!
Missing character: There is no s in font nullfont!
Missing character: There is no f in font nullfont!
Missing character: There is no r in font nullfont!
Missing character: There is no a in font nullfont!
Missing character: There is no c in font nullfont!
Missing character: There is no t in font nullfont!
Missing character: There is no i in font nullfont!
Missing character: There is no o in font nullfont!
Missing character: There is no n in font nullfont!
/tmp/tmpjpsltu1v/tmp8sb_l3jy:8: Missing $ inserted.
<inserted text> 
                $
l.8 fraction_
             objects = [Fraction(n, d) for n, d in fractions]  # Convert to ...
/tmp/tmpjpsltu1v/tmp8sb_l3jy:8: You can't use `macro parameter character #' in math mode.
l.8 ...= [Fraction(n, d) for n, d in fractions]  #
                                                   Convert to Fraction objects
/tmp/tmpjpsltu1v/tmp8sb_l3jy:9: You can't use `macro parameter character #' in math mode.
l.9 ...f.denominator for f in fraction_objects]  #
                                                   Decimal equivalents
/tmp/tmpjpsltu1v/tmp8sb_l3jy:10: Missing $ inserted.
<inserted text> 
                $
l.10 
     

Overfull \hbox (20.0pt too wide) in paragraph at lines 6--10
[]

Overfull \hbox (41.26732pt too wide) in paragraph at lines 6--10
[]\OML/cmm/m/it/10 bjects \OT1/cmr/m/n/10 =

Overfull \hbox (357.32487pt too wide) in paragraph at lines 6--10
\OT1/cmr/m/n/10 [\OML/cmm/m/it/10 Fraction\OT1/cmr/m/n/10 (\OML/cmm/m/it/10 n; d\OT1/cmr/m/n/10 )\OML/cmm/m/it/10 forn; dinfractions\OT1/cmr/m/n/10 ]\OML/cmm/m/it/10 ConverttoFractionobjectsfraction[]ecimals \OT1/cmr/m/n/10 =

Overfull \hbox (322.43517pt too wide) in paragraph at lines 6--10
\OT1/cmr/m/n/10 [\OML/cmm/m/it/10 f:numerator=f:denominatorforfinfraction[]bjects\OT1/cmr/m/n/10 ]\OML/cmm/m/it/10 Decimalequivalents$ 
/tmp/tmpjpsltu1v/tmp8sb_l3jy:11: You can't use `macro parameter character #' in vertical mode.
l.11 #
       Create the plot

/tmp/tmpjpsltu1v/tmp8sb_l3jy:11: LaTeX Error: Missing \begin{document}.

See the LaTeX manual or LaTeX Companion for explanation.
Type  H <return>  for immediate help.
 ...                                              
                                                  
l.11 # C
        reate the plot
Missing character: There is no C in font nullfont!
Missing character: There is no r in font nullfont!
Missing character: There is no e in font nullfont!
Missing character: There is no a in font nullfont!
Missing character: There is no t in font nullfont!
Missing character: There is no e in font nullfont!
Missing character: There is no t in font nullfont!
Missing character: There is no h in font nullfont!
Missing character: There is no e in font nullfont!
Missing character: There is no p in font nullfont!
Missing character: There is no l in font nullfont!
Missing character: There is no o in font nullfont!
Missing character: There is no t in font nullfont!
Missing character: There is no f in font nullfont!
Missing character: There is no i in font nullfont!
Missing character: There is no g in font nullfont!
Missing character: There is no , in font nullfont!
Missing character: There is no a in font nullfont!
Missing character: There is no x in font nullfont!
Missing character: There is no = in font nullfont!
Missing character: There is no p in font nullfont!
Missing character: There is no l in font nullfont!
Missing character: There is no t in font nullfont!
Missing character: There is no . in font nullfont!
Missing character: There is no s in font nullfont!
Missing character: There is no u in font nullfont!
Missing character: There is no b in font nullfont!
Missing character: There is no p in font nullfont!
Missing character: There is no l in font nullfont!
Missing character: There is no o in font nullfont!
Missing character: There is no t in font nullfont!
Missing character: There is no s in font nullfont!
Missing character: There is no ( in font nullfont!
Missing character: There is no f in font nullfont!
Missing character: There is no i in font nullfont!
Missing character: There is no g in font nullfont!
Missing character: There is no s in font nullfont!
Missing character: There is no i in font nullfont!
Missing character: There is no z in font nullfont!
Missing character: There is no e in font nullfont!
Missing character: There is no = in font nullfont!
Missing character: There is no ( in font nullfont!
Missing character: There is no 1 in font nullfont!
Missing character: There is no 0 in font nullfont!
Missing character: There is no , in font nullfont!
Missing character: There is no 2 in font nullfont!
Missing character: There is no ) in font nullfont!
Missing character: There is no ) in font nullfont!
Missing character: There is no a in font nullfont!
Missing character: There is no x in font nullfont!
Missing character: There is no . in font nullfont!
Missing character: There is no s in font nullfont!
Missing character: There is no e in font nullfont!
Missing character: There is no t in font nullfont!
/tmp/tmpjpsltu1v/tmp8sb_l3jy:13: Missing $ inserted.
<inserted text> 
                $
l.13 ax.set_
            xlim(0, 1)  # Axis range from 0 to 1
/tmp/tmpjpsltu1v/tmp8sb_l3jy:13: You can't use `macro parameter character #' in math mode.
l.13 ax.set_xlim(0, 1)  #
                          Axis range from 0 to 1
/tmp/tmpjpsltu1v/tmp8sb_l3jy:14: You can't use `macro parameter character #' in math mode.
l.14 ax.set_ylim(0, 0.1)  #
                            Adjust y-axis to center the axis line
/tmp/tmpjpsltu1v/tmp8sb_l3jy:15: You can't use `macro parameter character #' in math mode.
l.15 ...ine(y=0.05, color='black', linewidth=1)  #
                                                   Horizontal axis line
/tmp/tmpjpsltu1v/tmp8sb_l3jy:17: Missing $ inserted.
<inserted text> 
                $
l.17 
     

Overfull \hbox (20.0pt too wide) in paragraph at lines 11--17
[]

Overfull \hbox (253.01372pt too wide) in paragraph at lines 11--17
[]\OML/cmm/m/it/10 lim\OT1/cmr/m/n/10 (0\OML/cmm/m/it/10 ; \OT1/cmr/m/n/10 1)\OML/cmm/m/it/10 Axisrangefrom\OT1/cmr/m/n/10 0\OML/cmm/m/it/10 to\OT1/cmr/m/n/10 1\OML/cmm/m/it/10 ax:set[]lim\OT1/cmr/m/n/10 (0\OML/cmm/m/it/10 ; \OT1/cmr/m/n/10 0\OML/cmm/m/it/10 :\OT1/cmr/m/n/10 1)\OML/cmm/m/it/10 Adjusty \OMS/cmsy/m/n/10 ^^@

Overfull \hbox (173.61414pt too wide) in paragraph at lines 11--17
\OML/cmm/m/it/10 axistocentertheaxislineax:axhline\OT1/cmr/m/n/10 (\OML/cmm/m/it/10 y \OT1/cmr/m/n/10 =

Overfull \hbox (57.57527pt too wide) in paragraph at lines 11--17
\OT1/cmr/m/n/10 0\OML/cmm/m/it/10 :\OT1/cmr/m/n/10 05\OML/cmm/m/it/10 ; color \OT1/cmr/m/n/10 =[]

Overfull \hbox (83.14726pt too wide) in paragraph at lines 11--17
\OML/cmm/m/it/10 black[]; linewidth \OT1/cmr/m/n/10 =

Overfull \hbox (231.22607pt too wide) in paragraph at lines 11--17
\OT1/cmr/m/n/10 1)\OML/cmm/m/it/10 Horizontalaxislineax:set[]label\OT1/cmr/m/n/10 ([]\OML/cmm/m/it/10 FractionalAxis[]\OT1/cmr/m/n/10 )$ 
/tmp/tmpjpsltu1v/tmp8sb_l3jy:18: You can't use `macro parameter character #' in vertical mode.
l.18 #
       Add vertical ticks at fractional positions

/tmp/tmpjpsltu1v/tmp8sb_l3jy:18: LaTeX Error: Missing \begin{document}.

See the LaTeX manual or LaTeX Companion for explanation.
Type  H <return>  for immediate help.
 ...                                              
                                                  
l.18 # A
        dd vertical ticks at fractional positions
Missing character: There is no A in font nullfont!
Missing character: There is no d in font nullfont!
Missing character: There is no d in font nullfont!
Missing character: There is no v in font nullfont!
Missing character: There is no e in font nullfont!
Missing character: There is no r in font nullfont!
Missing character: There is no t in font nullfont!
Missing character: There is no i in font nullfont!
Missing character: There is no c in font nullfont!
Missing character: There is no a in font nullfont!
Missing character: There is no l in font nullfont!
Missing character: There is no t in font nullfont!
Missing character: There is no i in font nullfont!
Missing character: There is no c in font nullfont!
Missing character: There is no k in font nullfont!
Missing character: There is no s in font nullfont!
Missing character: There is no a in font nullfont!
Missing character: There is no t in font nullfont!
Missing character: There is no f in font nullfont!
Missing character: There is no r in font nullfont!
Missing character: There is no a in font nullfont!
Missing character: There is no c in font nullfont!
Missing character: There is no t in font nullfont!
Missing character: There is no i in font nullfont!
Missing character: There is no o in font nullfont!
Missing character: There is no n in font nullfont!
Missing character: There is no a in font nullfont!
Missing character: There is no l in font nullfont!
Missing character: There is no p in font nullfont!
Missing character: There is no o in font nullfont!
Missing character: There is no s in font nullfont!
Missing character: There is no i in font nullfont!
Missing character: There is no t in font nullfont!
Missing character: There is no i in font nullfont!
Missing character: There is no o in font nullfont!
Missing character: There is no n in font nullfont!
Missing character: There is no s in font nullfont!
Missing character: There is no f in font nullfont!
Missing character: There is no o in font nullfont!
Missing character: There is no r in font nullfont!
Missing character: There is no v in font nullfont!
Missing character: There is no a in font nullfont!
Missing character: There is no l in font nullfont!
Missing character: There is no u in font nullfont!
Missing character: There is no e in font nullfont!
Missing character: There is no i in font nullfont!
Missing character: There is no n in font nullfont!
Missing character: There is no f in font nullfont!
Missing character: There is no r in font nullfont!
Missing character: There is no a in font nullfont!
Missing character: There is no c in font nullfont!
Missing character: There is no t in font nullfont!
Missing character: There is no i in font nullfont!
Missing character: There is no o in font nullfont!
Missing character: There is no n in font nullfont!
/tmp/tmpjpsltu1v/tmp8sb_l3jy:19: Missing $ inserted.
<inserted text> 
                $
l.19 for value in fraction_
                           decimals:
/tmp/tmpjpsltu1v/tmp8sb_l3jy:20: You can't use `macro parameter character #' in math mode.
l.20 ...color='gray', linestyle='-', alpha=0.7)  #
                                                   Vertical tick marks
/tmp/tmpjpsltu1v/tmp8sb_l3jy:21: You can't use `macro parameter character #' in math mode.
l.21     #
           Label each tick with the fraction
/tmp/tmpjpsltu1v/tmp8sb_l3jy:24: Missing $ inserted.
<inserted text> 
                $
l.24 
     

Overfull \hbox (20.0pt too wide) in paragraph at lines 18--24
[]

Overfull \hbox (44.58142pt too wide) in paragraph at lines 18--24
[]\OML/cmm/m/it/10 ecimals \OT1/cmr/m/n/10 :

Overfull \hbox (67.43011pt too wide) in paragraph at lines 18--24
\OML/cmm/m/it/10 ax:axvline\OT1/cmr/m/n/10 (\OML/cmm/m/it/10 x \OT1/cmr/m/n/10 =

Overfull \hbox (63.85075pt too wide) in paragraph at lines 18--24
\OML/cmm/m/it/10 value; color \OT1/cmr/m/n/10 =[]

Overfull \hbox (79.75772pt too wide) in paragraph at lines 18--24
\OML/cmm/m/it/10 gray[]; linestyle \OT1/cmr/m/n/10 =[]

Overfull \hbox (50.12846pt too wide) in paragraph at lines 18--24
\OMS/cmsy/m/n/10 ^^@[]\OML/cmm/m/it/10 ; alpha \OT1/cmr/m/n/10 =

Overfull \hbox (899.60588pt too wide) in paragraph at lines 18--24
\OT1/cmr/m/n/10 0\OML/cmm/m/it/10 :\OT1/cmr/m/n/10 7)\OML/cmm/m/it/10 VerticaltickmarksLabeleachtickwiththefractionax:text\OT1/cmr/m/n/10 (\OML/cmm/m/it/10 value; \OT1/cmr/m/n/10 0\OML/cmm/m/it/10 :\OT1/cmr/m/n/10 05\OML/cmm/m/it/10 ; f[][]=[][]; ha \OT1/cmr/m/n/10 =[]

Overfull \hbox (59.14586pt too wide) in paragraph at lines 18--24
\OML/cmm/m/it/10 center[]; va \OT1/cmr/m/n/10 =[]

Overfull \hbox (84.16055pt too wide) in paragraph at lines 18--24
\OML/cmm/m/it/10 center[]; fontsize \OT1/cmr/m/n/10 =

Overfull \hbox (13.88893pt too wide) in paragraph at lines 18--24
\OT1/cmr/m/n/10 10)$ 
/tmp/tmpjpsltu1v/tmp8sb_l3jy:25: You can't use `macro parameter character #' in vertical mode.
l.25 #
       Set x-ticks to show fractional labels

/tmp/tmpjpsltu1v/tmp8sb_l3jy:25: LaTeX Error: Missing \begin{document}.

See the LaTeX manual or LaTeX Companion for explanation.
Type  H <return>  for immediate help.
 ...                                              
                                                  
l.25 # S
        et x-ticks to show fractional labels
Missing character: There is no S in font nullfont!
Missing character: There is no e in font nullfont!
Missing character: There is no t in font nullfont!
Missing character: There is no x in font nullfont!
Missing character: There is no - in font nullfont!
Missing character: There is no t in font nullfont!
Missing character: There is no i in font nullfont!
Missing character: There is no c in font nullfont!
Missing character: There is no k in font nullfont!
Missing character: There is no s in font nullfont!
Missing character: There is no t in font nullfont!
Missing character: There is no o in font nullfont!
Missing character: There is no s in font nullfont!
Missing character: There is no h in font nullfont!
Missing character: There is no o in font nullfont!
Missing character: There is no w in font nullfont!
Missing character: There is no f in font nullfont!
Missing character: There is no r in font nullfont!
Missing character: There is no a in font nullfont!
Missing character: There is no c in font nullfont!
Missing character: There is no t in font nullfont!
Missing character: There is no i in font nullfont!
Missing character: There is no o in font nullfont!
Missing character: There is no n in font nullfont!
Missing character: There is no a in font nullfont!
Missing character: There is no l in font nullfont!
Missing character: There is no l in font nullfont!
Missing character: There is no a in font nullfont!
Missing character: There is no b in font nullfont!
Missing character: There is no e in font nullfont!
Missing character: There is no l in font nullfont!
Missing character: There is no s in font nullfont!
Missing character: There is no a in font nullfont!
Missing character: There is no x in font nullfont!
Missing character: There is no . in font nullfont!
Missing character: There is no s in font nullfont!
Missing character: There is no e in font nullfont!
Missing character: There is no t in font nullfont!
/tmp/tmpjpsltu1v/tmp8sb_l3jy:26: Missing $ inserted.
<inserted text> 
                $
l.26 ax.set_
            xticks(fraction_decimals)
/tmp/tmpjpsltu1v/tmp8sb_l3jy:27: You can't use `macro parameter character #' in math mode.
l.27 ...els([f'{n}/{d}' for n, d in fractions])  #
                                                   Format as "numerator/deno...
/tmp/tmpjpsltu1v/tmp8sb_l3jy:28: Missing $ inserted.
<inserted text> 
                $
l.28 
     

Overfull \hbox (20.0pt too wide) in paragraph at lines 25--28
[]

Overfull \hbox (476.53235pt too wide) in paragraph at lines 25--28
[]\OML/cmm/m/it/10 ticks\OT1/cmr/m/n/10 (\OML/cmm/m/it/10 fraction[]ecimals\OT1/cmr/m/n/10 )\OML/cmm/m/it/10 ax:set[]ticklabels\OT1/cmr/m/n/10 ([\OML/cmm/m/it/10 f[]n=d[]forn; dinfractions\OT1/cmr/m/n/10 ])\OML/cmm/m/it/10 Formatas\OT1/cmr/m/n/10 "\OML/cmm/m/it/10 numerator=denominator\OT1/cmr/m/n/10 "$ 
/tmp/tmpjpsltu1v/tmp8sb_l3jy:29: You can't use `macro parameter character #' in vertical mode.
l.29 #
       Add grid lines (optional, for better readability)

/tmp/tmpjpsltu1v/tmp8sb_l3jy:29: LaTeX Error: Missing \begin{document}.

See the LaTeX manual or LaTeX Companion for explanation.
Type  H <return>  for immediate help.
 ...                                              
                                                  
l.29 # A
        dd grid lines (optional, for better readability)
Missing character: There is no A in font nullfont!
Missing character: There is no d in font nullfont!
Missing character: There is no d in font nullfont!
Missing character: There is no g in font nullfont!
Missing character: There is no r in font nullfont!
Missing character: There is no i in font nullfont!
Missing character: There is no d in font nullfont!
Missing character: There is no l in font nullfont!
Missing character: There is no i in font nullfont!
Missing character: There is no n in font nullfont!
Missing character: There is no e in font nullfont!
Missing character: There is no s in font nullfont!
Missing character: There is no ( in font nullfont!
Missing character: There is no o in font nullfont!
Missing character: There is no p in font nullfont!
Missing character: There is no t in font nullfont!
Missing character: There is no i in font nullfont!
Missing character: There is no o in font nullfont!
Missing character: There is no n in font nullfont!
Missing character: There is no a in font nullfont!
Missing character: There is no l in font nullfont!
Missing character: There is no , in font nullfont!
Missing character: There is no f in font nullfont!
Missing character: There is no o in font nullfont!
Missing character: There is no r in font nullfont!
Missing character: There is no b in font nullfont!
Missing character: There is no e in font nullfont!
Missing character: There is no t in font nullfont!
Missing character: There is no t in font nullfont!
Missing character: There is no e in font nullfont!
Missing character: There is no r in font nullfont!
Missing character: There is no r in font nullfont!
Missing character: There is no e in font nullfont!
Missing character: There is no a in font nullfont!
Missing character: There is no d in font nullfont!
Missing character: There is no a in font nullfont!
Missing character: There is no b in font nullfont!
Missing character: There is no i in font nullfont!
Missing character: There is no l in font nullfont!
Missing character: There is no i in font nullfont!
Missing character: There is no t in font nullfont!
Missing character: There is no y in font nullfont!
Missing character: There is no ) in font nullfont!
Missing character: There is no a in font nullfont!
Missing character: There is no x in font nullfont!
Missing character: There is no . in font nullfont!
Missing character: There is no g in font nullfont!
Missing character: There is no r in font nullfont!
Missing character: There is no i in font nullfont!
Missing character: There is no d in font nullfont!
Missing character: There is no ( in font nullfont!
Missing character: There is no a in font nullfont!
Missing character: There is no x in font nullfont!
Missing character: There is no i in font nullfont!
Missing character: There is no s in font nullfont!
Missing character: There is no = in font nullfont!
Missing character: There is no ' in font nullfont!
Missing character: There is no x in font nullfont!
Missing character: There is no ' in font nullfont!
Missing character: There is no , in font nullfont!
Missing character: There is no l in font nullfont!
Missing character: There is no i in font nullfont!
Missing character: There is no n in font nullfont!
Missing character: There is no e in font nullfont!
Missing character: There is no s in font nullfont!
Missing character: There is no t in font nullfont!
Missing character: There is no y in font nullfont!
Missing character: There is no l in font nullfont!
Missing character: There is no e in font nullfont!
Missing character: There is no = in font nullfont!
Missing character: There is no ' in font nullfont!
Missing character: There is no - in font nullfont!
Missing character: There is no - in font nullfont!
Missing character: There is no ' in font nullfont!
Missing character: There is no , in font nullfont!
Missing character: There is no a in font nullfont!
Missing character: There is no l in font nullfont!
Missing character: There is no p in font nullfont!
Missing character: There is no h in font nullfont!
Missing character: There is no a in font nullfont!
Missing character: There is no = in font nullfont!
Missing character: There is no 0 in font nullfont!
Missing character: There is no . in font nullfont!
Missing character: There is no 5 in font nullfont!
Missing character: There is no ) in font nullfont!

Overfull \hbox (20.0pt too wide) in paragraph at lines 29--31
[]

/tmp/tmpjpsltu1v/tmp8sb_l3jy:32: LaTeX Error: Missing \begin{document}.

See the LaTeX manual or LaTeX Companion for explanation.
Type  H <return>  for immediate help.
 ...                                              
                                                  
l.32 p
      lt.tight_layout()
Missing character: There is no p in font nullfont!
Missing character: There is no l in font nullfont!
Missing character: There is no t in font nullfont!
Missing character: There is no . in font nullfont!
Missing character: There is no t in font nullfont!
Missing character: There is no i in font nullfont!
Missing character: There is no g in font nullfont!
Missing character: There is no h in font nullfont!
Missing character: There is no t in font nullfont!
/tmp/tmpjpsltu1v/tmp8sb_l3jy:32: Missing $ inserted.
<inserted text> 
                $
l.32 plt.tight_
               layout()
)
! Emergency stop.
<*> /tmp/tmpjpsltu1v/tmp8sb_l3jy
                                
!  ==> Fatal error occurred, no output PDF file produced!
Transcript written on tmp8sb_l3jy.log.
Latexmk: Getting log file 'tmp8sb_l3jy.log'
Latexmk: Examining 'tmp8sb_l3jy.fls'
Latexmk: Examining 'tmp8sb_l3jy.log'
Latexmk: Summary of warnings from last run of *latex:
  =====Latex reported missing or unavailable character(s).
=====See log file for details.
Latexmk: Errors, in force_mode: so I tried finishing targets
Collected error summary (may duplicate other messages):
  pdflatex: Command for 'pdflatex' gave return code 1
      Refer to 'tmp8sb_l3jy.log' and/or above output for details

