Rc files read:
  NONE
Latexmk: This is Latexmk, John Collins, 15 June 2025. Version 4.87.
Latexmk: applying rule 'lualatex'...
Rule 'lualatex':  Reasons for rerun
Changed files or newly in use/created:
  /tmp/tmp5920tb_x/tmpu5lwbahq
  tmpu5lwbahq.aux
Category 'changed_user':
  /tmp/tmp5920tb_x/tmpu5lwbahq
Category 'never_run':
  lualatex
Category 'no_dest':
  lualatex

------------
Run number 1 of rule 'lualatex'
------------
------------
Running 'lualatex  -file-line-error -interaction=nonstopmode -recorder  "/tmp/tmp5920tb_x/tmpu5lwbahq"'
------------
This is LuaHBTeX, Version 1.22.0 (TeX Live 2025) 
 restricted system commands enabled.
(/tmp/tmp5920tb_x/tmpu5lwbahq
LaTeX2e <2025-06-01> patch level 1
L3 programming layer <2025-06-30>
 (/home/yuwenhan/Software/texlive/2025/texmf-dist/tex/latex/base/article.cls
Document Class: article 2025/01/22 v1.4n Standard LaTeX document class
(/home/yuwenhan/Software/texlive/2025/texmf-dist/tex/latex/base/size10.clo)) (/home/yuwenhan/Software/texlive/2025/texmf-dist/tex/latex/pgfplots/pgfplots.sty (/home/yuwenhan/Software/texlive/2025/texmf-dist/tex/generic/pgfplots/pgfplots.revision.tex) (/home/yuwenhan/Software/texlive/2025/texmf-dist/tex/latex/graphics/graphicx.sty (/home/yuwenhan/Software/texlive/2025/texmf-dist/tex/latex/graphics/keyval.sty) (/home/yuwenhan/Software/texlive/2025/texmf-dist/tex/latex/graphics/graphics.sty (/home/yuwenhan/Software/texlive/2025/texmf-dist/tex/latex/graphics/trig.sty) (/home/yuwenhan/Software/texlive/2025/texmf-dist/tex/latex/graphics-cfg/graphics.cfg) (/home/yuwenhan/Software/texlive/2025/texmf-dist/tex/latex/graphics-def/luatex.def))) (/home/yuwenhan/Software/texlive/2025/texmf-dist/tex/latex/pgf/frontendlayer/tikz.sty (/home/yuwenhan/Software/texlive/2025/texmf-dist/tex/latex/pgf/basiclayer/pgf.sty (/home/yuwenhan/Software/texlive/2025/texmf-dist/tex/latex/pgf/utilities/pgfrcs.sty
(/home/yuwenhan/Software/texlive/2025/texmf-dist/tex/generic/pgf/utilities/pgfutil-common.tex) (/home/yuwenhan/Software/texlive/2025/texmf-dist/tex/generic/pgf/utilities/pgfutil-latex.def) (/home/yuwenhan/Software/texlive/2025/texmf-dist/tex/generic/pgf/utilities/pgfrcs.code.tex (/home/yuwenhan/Software/texlive/2025/texmf-dist/tex/generic/pgf/pgf.revision.tex))) (/home/yuwenhan/Software/texlive/2025/texmf-dist/tex/latex/pgf/basiclayer/pgfcore.sty (/home/yuwenhan/Software/texlive/2025/texmf-dist/tex/latex/pgf/systemlayer/pgfsys.sty (/home/yuwenhan/Software/texlive/2025/texmf-dist/tex/generic/pgf/systemlayer/pgfsys.code.tex (/home/yuwenhan/Software/texlive/2025/texmf-dist/tex/generic/pgf/utilities/pgfkeys.code.tex (/home/yuwenhan/Software/texlive/2025/texmf-dist/tex/generic/pgf/utilities/pgfkeyslibraryfiltered.code.tex)) (/home/yuwenhan/Software/texlive/2025/texmf-dist/tex/generic/pgf/systemlayer/pgf.cfg)
(/home/yuwenhan/Software/texlive/2025/texmf-dist/tex/generic/pgf/systemlayer/pgfsys-luatex.def (/home/yuwenhan/Software/texlive/2025/texmf-dist/tex/generic/pgf/systemlayer/pgfsys-common-pdf.def))) (/home/yuwenhan/Software/texlive/2025/texmf-dist/tex/generic/pgf/systemlayer/pgfsyssoftpath.code.tex) (/home/yuwenhan/Software/texlive/2025/texmf-dist/tex/generic/pgf/systemlayer/pgfsysprotocol.code.tex)) (/home/yuwenhan/Software/texlive/2025/texmf-dist/tex/latex/xcolor/xcolor.sty (/home/yuwenhan/Software/texlive/2025/texmf-dist/tex/latex/graphics-cfg/color.cfg) (/home/yuwenhan/Software/texlive/2025/texmf-dist/tex/latex/graphics/mathcolor.ltx)) (/home/yuwenhan/Software/texlive/2025/texmf-dist/tex/generic/pgf/basiclayer/pgfcore.code.tex (/home/yuwenhan/Software/texlive/2025/texmf-dist/tex/generic/pgf/math/pgfmath.code.tex (/home/yuwenhan/Software/texlive/2025/texmf-dist/tex/generic/pgf/math/pgfmathutil.code.tex)
(/home/yuwenhan/Software/texlive/2025/texmf-dist/tex/generic/pgf/math/pgfmathparser.code.tex) (/home/yuwenhan/Software/texlive/2025/texmf-dist/tex/generic/pgf/math/pgfmathfunctions.code.tex) (/home/yuwenhan/Software/texlive/2025/texmf-dist/tex/generic/pgf/math/pgfmathfunctions.basic.code.tex) (/home/yuwenhan/Software/texlive/2025/texmf-dist/tex/generic/pgf/math/pgfmathfunctions.trigonometric.code.tex) (/home/yuwenhan/Software/texlive/2025/texmf-dist/tex/generic/pgf/math/pgfmathfunctions.random.code.tex) (/home/yuwenhan/Software/texlive/2025/texmf-dist/tex/generic/pgf/math/pgfmathfunctions.comparison.code.tex) (/home/yuwenhan/Software/texlive/2025/texmf-dist/tex/generic/pgf/math/pgfmathfunctions.base.code.tex) (/home/yuwenhan/Software/texlive/2025/texmf-dist/tex/generic/pgf/math/pgfmathfunctions.round.code.tex) (/home/yuwenhan/Software/texlive/2025/texmf-dist/tex/generic/pgf/math/pgfmathfunctions.misc.code.tex)
(/home/yuwenhan/Software/texlive/2025/texmf-dist/tex/generic/pgf/math/pgfmathfunctions.integerarithmetics.code.tex) (/home/yuwenhan/Software/texlive/2025/texmf-dist/tex/generic/pgf/math/pgfmathcalc.code.tex) (/home/yuwenhan/Software/texlive/2025/texmf-dist/tex/generic/pgf/math/pgfmathfloat.code.tex)) (/home/yuwenhan/Software/texlive/2025/texmf-dist/tex/generic/pgf/math/pgfint.code.tex) (/home/yuwenhan/Software/texlive/2025/texmf-dist/tex/generic/pgf/basiclayer/pgfcorepoints.code.tex) (/home/yuwenhan/Software/texlive/2025/texmf-dist/tex/generic/pgf/basiclayer/pgfcorepathconstruct.code.tex) (/home/yuwenhan/Software/texlive/2025/texmf-dist/tex/generic/pgf/basiclayer/pgfcorepathusage.code.tex) (/home/yuwenhan/Software/texlive/2025/texmf-dist/tex/generic/pgf/basiclayer/pgfcorescopes.code.tex) (/home/yuwenhan/Software/texlive/2025/texmf-dist/tex/generic/pgf/basiclayer/pgfcoregraphicstate.code.tex)
(/home/yuwenhan/Software/texlive/2025/texmf-dist/tex/generic/pgf/basiclayer/pgfcoretransformations.code.tex) (/home/yuwenhan/Software/texlive/2025/texmf-dist/tex/generic/pgf/basiclayer/pgfcorequick.code.tex) (/home/yuwenhan/Software/texlive/2025/texmf-dist/tex/generic/pgf/basiclayer/pgfcoreobjects.code.tex) (/home/yuwenhan/Software/texlive/2025/texmf-dist/tex/generic/pgf/basiclayer/pgfcorepathprocessing.code.tex) (/home/yuwenhan/Software/texlive/2025/texmf-dist/tex/generic/pgf/basiclayer/pgfcorearrows.code.tex) (/home/yuwenhan/Software/texlive/2025/texmf-dist/tex/generic/pgf/basiclayer/pgfcoreshade.code.tex) (/home/yuwenhan/Software/texlive/2025/texmf-dist/tex/generic/pgf/basiclayer/pgfcoreimage.code.tex) (/home/yuwenhan/Software/texlive/2025/texmf-dist/tex/generic/pgf/basiclayer/pgfcoreexternal.code.tex) (/home/yuwenhan/Software/texlive/2025/texmf-dist/tex/generic/pgf/basiclayer/pgfcorelayers.code.tex)
(/home/yuwenhan/Software/texlive/2025/texmf-dist/tex/generic/pgf/basiclayer/pgfcoretransparency.code.tex) (/home/yuwenhan/Software/texlive/2025/texmf-dist/tex/generic/pgf/basiclayer/pgfcorepatterns.code.tex) (/home/yuwenhan/Software/texlive/2025/texmf-dist/tex/generic/pgf/basiclayer/pgfcorerdf.code.tex))) (/home/yuwenhan/Software/texlive/2025/texmf-dist/tex/generic/pgf/modules/pgfmoduleshapes.code.tex) (/home/yuwenhan/Software/texlive/2025/texmf-dist/tex/generic/pgf/modules/pgfmoduleplot.code.tex) (/home/yuwenhan/Software/texlive/2025/texmf-dist/tex/latex/pgf/compatibility/pgfcomp-version-0-65.sty) (/home/yuwenhan/Software/texlive/2025/texmf-dist/tex/latex/pgf/compatibility/pgfcomp-version-1-18.sty)) (/home/yuwenhan/Software/texlive/2025/texmf-dist/tex/latex/pgf/utilities/pgffor.sty (/home/yuwenhan/Software/texlive/2025/texmf-dist/tex/latex/pgf/utilities/pgfkeys.sty (/home/yuwenhan/Software/texlive/2025/texmf-dist/tex/generic/pgf/utilities/pgfkeys.code.tex))
(/home/yuwenhan/Software/texlive/2025/texmf-dist/tex/latex/pgf/math/pgfmath.sty (/home/yuwenhan/Software/texlive/2025/texmf-dist/tex/generic/pgf/math/pgfmath.code.tex)) (/home/yuwenhan/Software/texlive/2025/texmf-dist/tex/generic/pgf/utilities/pgffor.code.tex)) (/home/yuwenhan/Software/texlive/2025/texmf-dist/tex/generic/pgf/frontendlayer/tikz/tikz.code.tex (/home/yuwenhan/Software/texlive/2025/texmf-dist/tex/generic/pgf/libraries/pgflibraryplothandlers.code.tex) (/home/yuwenhan/Software/texlive/2025/texmf-dist/tex/generic/pgf/modules/pgfmodulematrix.code.tex) (/home/yuwenhan/Software/texlive/2025/texmf-dist/tex/generic/pgf/frontendlayer/tikz/libraries/tikzlibrarytopaths.code.tex))) (/home/yuwenhan/Software/texlive/2025/texmf-dist/tex/generic/pgfplots/pgfplots.code.tex (/home/yuwenhan/Software/texlive/2025/texmf-dist/tex/generic/pgfplots/pgfplotscore.code.tex (/home/yuwenhan/Software/texlive/2025/texmf-dist/tex/generic/pgfplots/sys/pgfplotssysgeneric.code.tex))
(/home/yuwenhan/Software/texlive/2025/texmf-dist/tex/generic/pgfplots/libs/pgfplotslibrary.code.tex) (/home/yuwenhan/Software/texlive/2025/texmf-dist/tex/generic/pgfplots/oldpgfcompatib/pgfplotsoldpgfsupp_loader.code.tex (/home/yuwenhan/Software/texlive/2025/texmf-dist/tex/generic/pgf/libraries/pgflibraryfpu.code.tex)
Package pgfplots: loading complementary utilities for your pgf version...
(/home/yuwenhan/Software/texlive/2025/texmf-dist/tex/generic/pgfplots/oldpgfcompatib/pgfplotsoldpgfsupp_pgfutil-common-lists.tex) (/home/yuwenhan/Software/texlive/2025/texmf-dist/tex/generic/pgf/libraries/luamath/pgflibraryluamath.code.tex)) (/home/yuwenhan/Software/texlive/2025/texmf-dist/tex/generic/pgfplots/util/pgfplotsutil.code.tex (/home/yuwenhan/Software/texlive/2025/texmf-dist/tex/generic/pgfplots/liststructure/pgfplotsliststructure.code.tex) (/home/yuwenhan/Software/texlive/2025/texmf-dist/tex/generic/pgfplots/liststructure/pgfplotsliststructureext.code.tex) (/home/yuwenhan/Software/texlive/2025/texmf-dist/tex/generic/pgfplots/liststructure/pgfplotsarray.code.tex) (/home/yuwenhan/Software/texlive/2025/texmf-dist/tex/generic/pgfplots/liststructure/pgfplotsmatrix.code.tex) (/home/yuwenhan/Software/texlive/2025/texmf-dist/tex/generic/pgfplots/numtable/pgfplotstableshared.code.tex)
(/home/yuwenhan/Software/texlive/2025/texmf-dist/tex/generic/pgfplots/liststructure/pgfplotsdeque.code.tex) (/home/yuwenhan/Software/texlive/2025/texmf-dist/tex/generic/pgfplots/util/pgfplotsbinary.code.tex (/home/yuwenhan/Software/texlive/2025/texmf-dist/tex/generic/pgfplots/util/pgfplotsbinary.data.code.tex)) (/home/yuwenhan/Software/texlive/2025/texmf-dist/tex/generic/pgfplots/util/pgfplotsutil.verb.code.tex) (/home/yuwenhan/Software/texlive/2025/texmf-dist/tex/generic/pgfplots/libs/pgflibrarypgfplots.surfshading.code.tex (/home/yuwenhan/Software/texlive/2025/texmf-dist/tex/generic/pgfplots/sys/pgflibrarypgfplots.surfshading.pgfsys-luatex.def))) (/home/yuwenhan/Software/texlive/2025/texmf-dist/tex/generic/pgfplots/util/pgfplotscolormap.code.tex (/home/yuwenhan/Software/texlive/2025/texmf-dist/tex/generic/pgfplots/util/pgfplotscolor.code.tex)) (/home/yuwenhan/Software/texlive/2025/texmf-dist/tex/generic/pgfplots/pgfplotsstackedplots.code.tex)
(/home/yuwenhan/Software/texlive/2025/texmf-dist/tex/generic/pgfplots/pgfplotsplothandlers.code.tex (/home/yuwenhan/Software/texlive/2025/texmf-dist/tex/generic/pgfplots/pgfplotsmeshplothandler.code.tex (/home/yuwenhan/Software/texlive/2025/texmf-dist/tex/generic/pgfplots/pgfplotsmeshplotimage.code.tex))) (/home/yuwenhan/Software/texlive/2025/texmf-dist/tex/generic/pgfplots/pgfplots.scaling.code.tex) (/home/yuwenhan/Software/texlive/2025/texmf-dist/tex/generic/pgfplots/pgfplotscoordprocessing.code.tex) (/home/yuwenhan/Software/texlive/2025/texmf-dist/tex/generic/pgfplots/pgfplots.errorbars.code.tex) (/home/yuwenhan/Software/texlive/2025/texmf-dist/tex/generic/pgfplots/pgfplots.markers.code.tex) (/home/yuwenhan/Software/texlive/2025/texmf-dist/tex/generic/pgfplots/pgfplotsticks.code.tex) (/home/yuwenhan/Software/texlive/2025/texmf-dist/tex/generic/pgfplots/pgfplots.paths.code.tex)
(/home/yuwenhan/Software/texlive/2025/texmf-dist/tex/generic/pgf/frontendlayer/tikz/libraries/tikzlibrarydecorations.code.tex (/home/yuwenhan/Software/texlive/2025/texmf-dist/tex/generic/pgf/modules/pgfmoduledecorations.code.tex)) (/home/yuwenhan/Software/texlive/2025/texmf-dist/tex/generic/pgf/frontendlayer/tikz/libraries/tikzlibrarydecorations.pathmorphing.code.tex (/home/yuwenhan/Software/texlive/2025/texmf-dist/tex/generic/pgf/libraries/decorations/pgflibrarydecorations.pathmorphing.code.tex)) (/home/yuwenhan/Software/texlive/2025/texmf-dist/tex/generic/pgf/frontendlayer/tikz/libraries/tikzlibrarydecorations.pathreplacing.code.tex (/home/yuwenhan/Software/texlive/2025/texmf-dist/tex/generic/pgf/libraries/decorations/pgflibrarydecorations.pathreplacing.code.tex)) (/home/yuwenhan/Software/texlive/2025/texmf-dist/tex/generic/pgfplots/libs/tikzlibrarypgfplots.contourlua.code.tex))
(/home/yuwenhan/Software/texlive/2025/texmf-dist/tex/generic/pgf/frontendlayer/tikz/libraries/tikzlibraryplotmarks.code.tex (/home/yuwenhan/Software/texlive/2025/texmf-dist/tex/generic/pgf/libraries/pgflibraryplotmarks.code.tex))) (/home/yuwenhan/Software/texlive/2025/texmf-dist/tex/latex/l3backend/l3backend-luatex.def) (./tmpu5lwbahq.aux) (/home/yuwenhan/Software/texlive/2025/texmf-dist/tex/context/base/mkii/supp-pdf.mkii
[Loading MPS to PDF converter (version 2006.09.02).]
) (/home/yuwenhan/Software/texlive/2025/texmf-dist/tex/latex/epstopdf-pkg/epstopdf-base.sty (/home/yuwenhan/Software/texlive/2025/texmf-dist/tex/latex/latexconfig/epstopdf-sys.cfg))
Package pgfplots notification 'compat/show suggested version=true': you might benefit from \pgfplotsset{compat=1.18} (current compat level: 1.16).

NOTE: coordinate (--,--,--) [--](was ({1Y1.0e0]}{1Y2.0e0]}{1Y3.0e0]}{1Y4.0e0]}{1Y5.0e0]},{1Y2.0e0]}{1Y4.0e0]}{1Y6.0e0]}{1Y8.0e0]}{1Y1.0e1]},--) [--]) has been dropped because of a coordinate filter.

Package pgfplots Warning: the current plot has no coordinates (or all have been filtered away) on input line 22.


Package pgfplots Warning: You have an axis with empty range (in direction y). Replacing it with a default range and clearing all plots. on input line 23.

/tmp/tmp5920tb_x/tmpu5lwbahq:26: Missing \endcsname inserted.
<to be read again> 
                   \pgfcrdmth@x 
l.26         \draw[->, thick, blue] (axis cs:1,2)
                                                  -- ++(0.5,-0.5) node[midwa...
/tmp/tmp5920tb_x/tmpu5lwbahq:26: Extra \endcsname.
\pgfplotscoordmath ...@#1\endcsname @#2\endcsname 
                                                  
l.26         \draw[->, thick, blue] (axis cs:1,2)
                                                  -- ++(0.5,-0.5) node[midwa...
/tmp/tmp5920tb_x/tmpu5lwbahq:26: Missing \endcsname inserted.
<to be read again> 
                   \pgfcrdmth@y 
l.26         \draw[->, thick, blue] (axis cs:1,2)
                                                  -- ++(0.5,-0.5) node[midwa...
/tmp/tmp5920tb_x/tmpu5lwbahq:26: Extra \endcsname.
\pgfplotscoordmath ...@#1\endcsname @#2\endcsname 
                                                  
l.26         \draw[->, thick, blue] (axis cs:1,2)
                                                  -- ++(0.5,-0.5) node[midwa...
/tmp/tmp5920tb_x/tmpu5lwbahq:26: Illegal unit of measure (pt inserted).
<to be read again> 
                   Y
l.26         \draw[->, thick, blue] (axis cs:1,2)
                                                  -- ++(0.5,-0.5) node[midwa...
/tmp/tmp5920tb_x/tmpu5lwbahq:26: Missing number, treated as zero.
<to be read again> 
                   \global 
l.26         \draw[->, thick, blue] (axis cs:1,2)
                                                  -- ++(0.5,-0.5) node[midwa...
/tmp/tmp5920tb_x/tmpu5lwbahq:26: Illegal unit of measure (pt inserted).
<to be read again> 
                   \global 
l.26         \draw[->, thick, blue] (axis cs:1,2)
                                                  -- ++(0.5,-0.5) node[midwa...
/tmp/tmp5920tb_x/tmpu5lwbahq:26: Illegal unit of measure (pt inserted).
<to be read again> 
                   Y
l.26         \draw[->, thick, blue] (axis cs:1,2)
                                                  -- ++(0.5,-0.5) node[midwa...
/tmp/tmp5920tb_x/tmpu5lwbahq:26: Missing number, treated as zero.
<to be read again> 
                   \global 
l.26         \draw[->, thick, blue] (axis cs:1,2)
                                                  -- ++(0.5,-0.5) node[midwa...
/tmp/tmp5920tb_x/tmpu5lwbahq:26: Illegal unit of measure (pt inserted).
<to be read again> 
                   \global 
l.26         \draw[->, thick, blue] (axis cs:1,2)
                                                  -- ++(0.5,-0.5) node[midwa...
/tmp/tmp5920tb_x/tmpu5lwbahq:26: Illegal unit of measure (pt inserted).
<to be read again> 
                   Y
l.26         \draw[->, thick, blue] (axis cs:1,2)
                                                  -- ++(0.5,-0.5) node[midwa...
/tmp/tmp5920tb_x/tmpu5lwbahq:26: Missing number, treated as zero.
<to be read again> 
                   \global 
l.26         \draw[->, thick, blue] (axis cs:1,2)
                                                  -- ++(0.5,-0.5) node[midwa...
/tmp/tmp5920tb_x/tmpu5lwbahq:26: Illegal unit of measure (pt inserted).
<to be read again> 
                   \global 
l.26         \draw[->, thick, blue] (axis cs:1,2)
                                                  -- ++(0.5,-0.5) node[midwa...
/tmp/tmp5920tb_x/tmpu5lwbahq:26: Illegal unit of measure (pt inserted).
<to be read again> 
                   Y
l.26         \draw[->, thick, blue] (axis cs:1,2)
                                                  -- ++(0.5,-0.5) node[midwa...
/tmp/tmp5920tb_x/tmpu5lwbahq:26: Missing number, treated as zero.
<to be read again> 
                   \global 
l.26         \draw[->, thick, blue] (axis cs:1,2)
                                                  -- ++(0.5,-0.5) node[midwa...
/tmp/tmp5920tb_x/tmpu5lwbahq:26: Illegal unit of measure (pt inserted).
<to be read again> 
                   \global 
l.26         \draw[->, thick, blue] (axis cs:1,2)
                                                  -- ++(0.5,-0.5) node[midwa...

[1{/home/yuwenhan/Software/texlive/2025/texmf-var/fonts/map/pdftex/updmap/pdftex.map}
Missing character: There is no @ (U+0040) in font nullfont!
Missing character: There is no p (U+0070) in font nullfont!
Missing character: There is no a (U+0061) in font nullfont!
Missing character: There is no r (U+0072) in font nullfont!
Missing character: There is no s (U+0073) in font nullfont!
Missing character: There is no e (U+0065) in font nullfont!
Missing character: There is no n (U+006E) in font nullfont!
Missing character: There is no u (U+0075) in font nullfont!
Missing character: There is no m (U+006D) in font nullfont!
Missing character: There is no b (U+0062) in font nullfont!
Missing character: There is no e (U+0065) in font nullfont!
Missing character: There is no r (U+0072) in font nullfont!
Missing character: There is no 1 (U+0031) in font nullfont!
Missing character: There is no Y (U+0059) in font nullfont!
Missing character: There is no 1 (U+0031) in font nullfont!
Missing character: There is no . (U+002E) in font nullfont!
Missing character: There is no 0 (U+0030) in font nullfont!
Missing character: There is no e (U+0065) in font nullfont!
Missing character: There is no 0 (U+0030) in font nullfont!
Missing character: There is no ] (U+005D) in font nullfont!
Missing character: There is no @ (U+0040) in font nullfont!
Missing character: There is no p (U+0070) in font nullfont!
Missing character: There is no a (U+0061) in font nullfont!
Missing character: There is no r (U+0072) in font nullfont!
Missing character: There is no s (U+0073) in font nullfont!
Missing character: There is no e (U+0065) in font nullfont!
Missing character: There is no n (U+006E) in font nullfont!
Missing character: There is no u (U+0075) in font nullfont!
Missing character: There is no m (U+006D) in font nullfont!
Missing character: There is no b (U+0062) in font nullfont!
Missing character: There is no e (U+0065) in font nullfont!
Missing character: There is no r (U+0072) in font nullfont!
Missing character: There is no 1 (U+0031) in font nullfont!
Missing character: There is no Y (U+0059) in font nullfont!
Missing character: There is no 2 (U+0032) in font nullfont!
Missing character: There is no . (U+002E) in font nullfont!
Missing character: There is no 0 (U+0030) in font nullfont!
Missing character: There is no e (U+0065) in font nullfont!
Missing character: There is no 0 (U+0030) in font nullfont!
Missing character: There is no ] (U+005D) in font nullfont!
Missing character: There is no Y (U+0059) in font nullfont!
Missing character: There is no 1 (U+0031) in font nullfont!
Missing character: There is no . (U+002E) in font nullfont!
Missing character: There is no 0 (U+0030) in font nullfont!
Missing character: There is no e (U+0065) in font nullfont!
Missing character: There is no 0 (U+0030) in font nullfont!
Missing character: There is no ] (U+005D) in font nullfont!
Missing character: There is no Y (U+0059) in font nullfont!
Missing character: There is no 2 (U+0032) in font nullfont!
Missing character: There is no . (U+002E) in font nullfont!
Missing character: There is no 0 (U+0030) in font nullfont!
Missing character: There is no e (U+0065) in font nullfont!
Missing character: There is no 0 (U+0030) in font nullfont!
Missing character: There is no ] (U+005D) in font nullfont!
Missing character: There is no Y (U+0059) in font nullfont!
Missing character: There is no 1 (U+0031) in font nullfont!
Missing character: There is no . (U+002E) in font nullfont!
Missing character: There is no 0 (U+0030) in font nullfont!
Missing character: There is no e (U+0065) in font nullfont!
Missing character: There is no 0 (U+0030) in font nullfont!
Missing character: There is no ] (U+005D) in font nullfont!
Missing character: There is no Y (U+0059) in font nullfont!
Missing character: There is no 2 (U+0032) in font nullfont!
Missing character: There is no . (U+002E) in font nullfont!
Missing character: There is no 0 (U+0030) in font nullfont!
Missing character: There is no e (U+0065) in font nullfont!
Missing character: There is no 0 (U+0030) in font nullfont!
Missing character: There is no ] (U+005D) in font nullfont!
] (./tmpu5lwbahq.aux))
(see the transcript file for additional information)
 413 words of node memory still in use:
   3 hlist, 1 vlist, 1 rule, 2 glue, 3 kern, 1 glyph, 5 attribute, 48 glue_spec, 5 attribute_list, 2 write nodes
   avail lists: 2:1220,3:627,4:46,5:32,6:2,7:948,8:3,9:280,11:8
</home/yuwenhan/Software/texlive/2025/texmf-dist/fonts/opentype/public/lm/lmroman10-regular.otf></home/yuwenhan/Software/texlive/2025/texmf-dist/fonts/type1/public/amsfonts/cm/cmmi10.pfb></home/yuwenhan/Software/texlive/2025/texmf-dist/fonts/type1/public/amsfonts/cm/cmr10.pfb>
Output written on tmpu5lwbahq.pdf (1 page, 21409 bytes).
Transcript written on tmpu5lwbahq.log.
Latexmk: Getting log file 'tmpu5lwbahq.log'
Latexmk: Examining 'tmpu5lwbahq.fls'
Latexmk: Examining 'tmpu5lwbahq.log'
Latexmk: Log file says output to 'tmpu5lwbahq.pdf'
Latexmk: applying rule 'lualatex'...
Rule 'lualatex':  Reasons for rerun
Changed files or newly in use/created:
  tmpu5lwbahq.aux

------------
Run number 2 of rule 'lualatex'
------------
------------
Running 'lualatex  -file-line-error -interaction=nonstopmode -recorder  "/tmp/tmp5920tb_x/tmpu5lwbahq"'
------------
This is LuaHBTeX, Version 1.22.0 (TeX Live 2025) 
 restricted system commands enabled.
(/tmp/tmp5920tb_x/tmpu5lwbahq
LaTeX2e <2025-06-01> patch level 1
L3 programming layer <2025-06-30>
 (/home/yuwenhan/Software/texlive/2025/texmf-dist/tex/latex/base/article.cls
Document Class: article 2025/01/22 v1.4n Standard LaTeX document class
(/home/yuwenhan/Software/texlive/2025/texmf-dist/tex/latex/base/size10.clo)) (/home/yuwenhan/Software/texlive/2025/texmf-dist/tex/latex/pgfplots/pgfplots.sty (/home/yuwenhan/Software/texlive/2025/texmf-dist/tex/generic/pgfplots/pgfplots.revision.tex) (/home/yuwenhan/Software/texlive/2025/texmf-dist/tex/latex/graphics/graphicx.sty (/home/yuwenhan/Software/texlive/2025/texmf-dist/tex/latex/graphics/keyval.sty) (/home/yuwenhan/Software/texlive/2025/texmf-dist/tex/latex/graphics/graphics.sty (/home/yuwenhan/Software/texlive/2025/texmf-dist/tex/latex/graphics/trig.sty) (/home/yuwenhan/Software/texlive/2025/texmf-dist/tex/latex/graphics-cfg/graphics.cfg) (/home/yuwenhan/Software/texlive/2025/texmf-dist/tex/latex/graphics-def/luatex.def))) (/home/yuwenhan/Software/texlive/2025/texmf-dist/tex/latex/pgf/frontendlayer/tikz.sty (/home/yuwenhan/Software/texlive/2025/texmf-dist/tex/latex/pgf/basiclayer/pgf.sty (/home/yuwenhan/Software/texlive/2025/texmf-dist/tex/latex/pgf/utilities/pgfrcs.sty
(/home/yuwenhan/Software/texlive/2025/texmf-dist/tex/generic/pgf/utilities/pgfutil-common.tex) (/home/yuwenhan/Software/texlive/2025/texmf-dist/tex/generic/pgf/utilities/pgfutil-latex.def) (/home/yuwenhan/Software/texlive/2025/texmf-dist/tex/generic/pgf/utilities/pgfrcs.code.tex (/home/yuwenhan/Software/texlive/2025/texmf-dist/tex/generic/pgf/pgf.revision.tex))) (/home/yuwenhan/Software/texlive/2025/texmf-dist/tex/latex/pgf/basiclayer/pgfcore.sty (/home/yuwenhan/Software/texlive/2025/texmf-dist/tex/latex/pgf/systemlayer/pgfsys.sty (/home/yuwenhan/Software/texlive/2025/texmf-dist/tex/generic/pgf/systemlayer/pgfsys.code.tex (/home/yuwenhan/Software/texlive/2025/texmf-dist/tex/generic/pgf/utilities/pgfkeys.code.tex (/home/yuwenhan/Software/texlive/2025/texmf-dist/tex/generic/pgf/utilities/pgfkeyslibraryfiltered.code.tex)) (/home/yuwenhan/Software/texlive/2025/texmf-dist/tex/generic/pgf/systemlayer/pgf.cfg)
(/home/yuwenhan/Software/texlive/2025/texmf-dist/tex/generic/pgf/systemlayer/pgfsys-luatex.def (/home/yuwenhan/Software/texlive/2025/texmf-dist/tex/generic/pgf/systemlayer/pgfsys-common-pdf.def))) (/home/yuwenhan/Software/texlive/2025/texmf-dist/tex/generic/pgf/systemlayer/pgfsyssoftpath.code.tex) (/home/yuwenhan/Software/texlive/2025/texmf-dist/tex/generic/pgf/systemlayer/pgfsysprotocol.code.tex)) (/home/yuwenhan/Software/texlive/2025/texmf-dist/tex/latex/xcolor/xcolor.sty (/home/yuwenhan/Software/texlive/2025/texmf-dist/tex/latex/graphics-cfg/color.cfg) (/home/yuwenhan/Software/texlive/2025/texmf-dist/tex/latex/graphics/mathcolor.ltx)) (/home/yuwenhan/Software/texlive/2025/texmf-dist/tex/generic/pgf/basiclayer/pgfcore.code.tex (/home/yuwenhan/Software/texlive/2025/texmf-dist/tex/generic/pgf/math/pgfmath.code.tex (/home/yuwenhan/Software/texlive/2025/texmf-dist/tex/generic/pgf/math/pgfmathutil.code.tex)
(/home/yuwenhan/Software/texlive/2025/texmf-dist/tex/generic/pgf/math/pgfmathparser.code.tex) (/home/yuwenhan/Software/texlive/2025/texmf-dist/tex/generic/pgf/math/pgfmathfunctions.code.tex) (/home/yuwenhan/Software/texlive/2025/texmf-dist/tex/generic/pgf/math/pgfmathfunctions.basic.code.tex) (/home/yuwenhan/Software/texlive/2025/texmf-dist/tex/generic/pgf/math/pgfmathfunctions.trigonometric.code.tex) (/home/yuwenhan/Software/texlive/2025/texmf-dist/tex/generic/pgf/math/pgfmathfunctions.random.code.tex) (/home/yuwenhan/Software/texlive/2025/texmf-dist/tex/generic/pgf/math/pgfmathfunctions.comparison.code.tex) (/home/yuwenhan/Software/texlive/2025/texmf-dist/tex/generic/pgf/math/pgfmathfunctions.base.code.tex) (/home/yuwenhan/Software/texlive/2025/texmf-dist/tex/generic/pgf/math/pgfmathfunctions.round.code.tex) (/home/yuwenhan/Software/texlive/2025/texmf-dist/tex/generic/pgf/math/pgfmathfunctions.misc.code.tex)
(/home/yuwenhan/Software/texlive/2025/texmf-dist/tex/generic/pgf/math/pgfmathfunctions.integerarithmetics.code.tex) (/home/yuwenhan/Software/texlive/2025/texmf-dist/tex/generic/pgf/math/pgfmathcalc.code.tex) (/home/yuwenhan/Software/texlive/2025/texmf-dist/tex/generic/pgf/math/pgfmathfloat.code.tex)) (/home/yuwenhan/Software/texlive/2025/texmf-dist/tex/generic/pgf/math/pgfint.code.tex) (/home/yuwenhan/Software/texlive/2025/texmf-dist/tex/generic/pgf/basiclayer/pgfcorepoints.code.tex) (/home/yuwenhan/Software/texlive/2025/texmf-dist/tex/generic/pgf/basiclayer/pgfcorepathconstruct.code.tex) (/home/yuwenhan/Software/texlive/2025/texmf-dist/tex/generic/pgf/basiclayer/pgfcorepathusage.code.tex) (/home/yuwenhan/Software/texlive/2025/texmf-dist/tex/generic/pgf/basiclayer/pgfcorescopes.code.tex) (/home/yuwenhan/Software/texlive/2025/texmf-dist/tex/generic/pgf/basiclayer/pgfcoregraphicstate.code.tex)
(/home/yuwenhan/Software/texlive/2025/texmf-dist/tex/generic/pgf/basiclayer/pgfcoretransformations.code.tex) (/home/yuwenhan/Software/texlive/2025/texmf-dist/tex/generic/pgf/basiclayer/pgfcorequick.code.tex) (/home/yuwenhan/Software/texlive/2025/texmf-dist/tex/generic/pgf/basiclayer/pgfcoreobjects.code.tex) (/home/yuwenhan/Software/texlive/2025/texmf-dist/tex/generic/pgf/basiclayer/pgfcorepathprocessing.code.tex) (/home/yuwenhan/Software/texlive/2025/texmf-dist/tex/generic/pgf/basiclayer/pgfcorearrows.code.tex) (/home/yuwenhan/Software/texlive/2025/texmf-dist/tex/generic/pgf/basiclayer/pgfcoreshade.code.tex) (/home/yuwenhan/Software/texlive/2025/texmf-dist/tex/generic/pgf/basiclayer/pgfcoreimage.code.tex) (/home/yuwenhan/Software/texlive/2025/texmf-dist/tex/generic/pgf/basiclayer/pgfcoreexternal.code.tex) (/home/yuwenhan/Software/texlive/2025/texmf-dist/tex/generic/pgf/basiclayer/pgfcorelayers.code.tex)
(/home/yuwenhan/Software/texlive/2025/texmf-dist/tex/generic/pgf/basiclayer/pgfcoretransparency.code.tex) (/home/yuwenhan/Software/texlive/2025/texmf-dist/tex/generic/pgf/basiclayer/pgfcorepatterns.code.tex) (/home/yuwenhan/Software/texlive/2025/texmf-dist/tex/generic/pgf/basiclayer/pgfcorerdf.code.tex))) (/home/yuwenhan/Software/texlive/2025/texmf-dist/tex/generic/pgf/modules/pgfmoduleshapes.code.tex) (/home/yuwenhan/Software/texlive/2025/texmf-dist/tex/generic/pgf/modules/pgfmoduleplot.code.tex) (/home/yuwenhan/Software/texlive/2025/texmf-dist/tex/latex/pgf/compatibility/pgfcomp-version-0-65.sty) (/home/yuwenhan/Software/texlive/2025/texmf-dist/tex/latex/pgf/compatibility/pgfcomp-version-1-18.sty)) (/home/yuwenhan/Software/texlive/2025/texmf-dist/tex/latex/pgf/utilities/pgffor.sty (/home/yuwenhan/Software/texlive/2025/texmf-dist/tex/latex/pgf/utilities/pgfkeys.sty (/home/yuwenhan/Software/texlive/2025/texmf-dist/tex/generic/pgf/utilities/pgfkeys.code.tex))
(/home/yuwenhan/Software/texlive/2025/texmf-dist/tex/latex/pgf/math/pgfmath.sty (/home/yuwenhan/Software/texlive/2025/texmf-dist/tex/generic/pgf/math/pgfmath.code.tex)) (/home/yuwenhan/Software/texlive/2025/texmf-dist/tex/generic/pgf/utilities/pgffor.code.tex)) (/home/yuwenhan/Software/texlive/2025/texmf-dist/tex/generic/pgf/frontendlayer/tikz/tikz.code.tex (/home/yuwenhan/Software/texlive/2025/texmf-dist/tex/generic/pgf/libraries/pgflibraryplothandlers.code.tex) (/home/yuwenhan/Software/texlive/2025/texmf-dist/tex/generic/pgf/modules/pgfmodulematrix.code.tex) (/home/yuwenhan/Software/texlive/2025/texmf-dist/tex/generic/pgf/frontendlayer/tikz/libraries/tikzlibrarytopaths.code.tex))) (/home/yuwenhan/Software/texlive/2025/texmf-dist/tex/generic/pgfplots/pgfplots.code.tex (/home/yuwenhan/Software/texlive/2025/texmf-dist/tex/generic/pgfplots/pgfplotscore.code.tex (/home/yuwenhan/Software/texlive/2025/texmf-dist/tex/generic/pgfplots/sys/pgfplotssysgeneric.code.tex))
(/home/yuwenhan/Software/texlive/2025/texmf-dist/tex/generic/pgfplots/libs/pgfplotslibrary.code.tex) (/home/yuwenhan/Software/texlive/2025/texmf-dist/tex/generic/pgfplots/oldpgfcompatib/pgfplotsoldpgfsupp_loader.code.tex (/home/yuwenhan/Software/texlive/2025/texmf-dist/tex/generic/pgf/libraries/pgflibraryfpu.code.tex)
Package pgfplots: loading complementary utilities for your pgf version...
(/home/yuwenhan/Software/texlive/2025/texmf-dist/tex/generic/pgfplots/oldpgfcompatib/pgfplotsoldpgfsupp_pgfutil-common-lists.tex) (/home/yuwenhan/Software/texlive/2025/texmf-dist/tex/generic/pgf/libraries/luamath/pgflibraryluamath.code.tex)) (/home/yuwenhan/Software/texlive/2025/texmf-dist/tex/generic/pgfplots/util/pgfplotsutil.code.tex (/home/yuwenhan/Software/texlive/2025/texmf-dist/tex/generic/pgfplots/liststructure/pgfplotsliststructure.code.tex) (/home/yuwenhan/Software/texlive/2025/texmf-dist/tex/generic/pgfplots/liststructure/pgfplotsliststructureext.code.tex) (/home/yuwenhan/Software/texlive/2025/texmf-dist/tex/generic/pgfplots/liststructure/pgfplotsarray.code.tex) (/home/yuwenhan/Software/texlive/2025/texmf-dist/tex/generic/pgfplots/liststructure/pgfplotsmatrix.code.tex) (/home/yuwenhan/Software/texlive/2025/texmf-dist/tex/generic/pgfplots/numtable/pgfplotstableshared.code.tex)
(/home/yuwenhan/Software/texlive/2025/texmf-dist/tex/generic/pgfplots/liststructure/pgfplotsdeque.code.tex) (/home/yuwenhan/Software/texlive/2025/texmf-dist/tex/generic/pgfplots/util/pgfplotsbinary.code.tex (/home/yuwenhan/Software/texlive/2025/texmf-dist/tex/generic/pgfplots/util/pgfplotsbinary.data.code.tex)) (/home/yuwenhan/Software/texlive/2025/texmf-dist/tex/generic/pgfplots/util/pgfplotsutil.verb.code.tex) (/home/yuwenhan/Software/texlive/2025/texmf-dist/tex/generic/pgfplots/libs/pgflibrarypgfplots.surfshading.code.tex (/home/yuwenhan/Software/texlive/2025/texmf-dist/tex/generic/pgfplots/sys/pgflibrarypgfplots.surfshading.pgfsys-luatex.def))) (/home/yuwenhan/Software/texlive/2025/texmf-dist/tex/generic/pgfplots/util/pgfplotscolormap.code.tex (/home/yuwenhan/Software/texlive/2025/texmf-dist/tex/generic/pgfplots/util/pgfplotscolor.code.tex)) (/home/yuwenhan/Software/texlive/2025/texmf-dist/tex/generic/pgfplots/pgfplotsstackedplots.code.tex)
(/home/yuwenhan/Software/texlive/2025/texmf-dist/tex/generic/pgfplots/pgfplotsplothandlers.code.tex (/home/yuwenhan/Software/texlive/2025/texmf-dist/tex/generic/pgfplots/pgfplotsmeshplothandler.code.tex (/home/yuwenhan/Software/texlive/2025/texmf-dist/tex/generic/pgfplots/pgfplotsmeshplotimage.code.tex))) (/home/yuwenhan/Software/texlive/2025/texmf-dist/tex/generic/pgfplots/pgfplots.scaling.code.tex) (/home/yuwenhan/Software/texlive/2025/texmf-dist/tex/generic/pgfplots/pgfplotscoordprocessing.code.tex) (/home/yuwenhan/Software/texlive/2025/texmf-dist/tex/generic/pgfplots/pgfplots.errorbars.code.tex) (/home/yuwenhan/Software/texlive/2025/texmf-dist/tex/generic/pgfplots/pgfplots.markers.code.tex) (/home/yuwenhan/Software/texlive/2025/texmf-dist/tex/generic/pgfplots/pgfplotsticks.code.tex) (/home/yuwenhan/Software/texlive/2025/texmf-dist/tex/generic/pgfplots/pgfplots.paths.code.tex)
(/home/yuwenhan/Software/texlive/2025/texmf-dist/tex/generic/pgf/frontendlayer/tikz/libraries/tikzlibrarydecorations.code.tex (/home/yuwenhan/Software/texlive/2025/texmf-dist/tex/generic/pgf/modules/pgfmoduledecorations.code.tex)) (/home/yuwenhan/Software/texlive/2025/texmf-dist/tex/generic/pgf/frontendlayer/tikz/libraries/tikzlibrarydecorations.pathmorphing.code.tex (/home/yuwenhan/Software/texlive/2025/texmf-dist/tex/generic/pgf/libraries/decorations/pgflibrarydecorations.pathmorphing.code.tex)) (/home/yuwenhan/Software/texlive/2025/texmf-dist/tex/generic/pgf/frontendlayer/tikz/libraries/tikzlibrarydecorations.pathreplacing.code.tex (/home/yuwenhan/Software/texlive/2025/texmf-dist/tex/generic/pgf/libraries/decorations/pgflibrarydecorations.pathreplacing.code.tex)) (/home/yuwenhan/Software/texlive/2025/texmf-dist/tex/generic/pgfplots/libs/tikzlibrarypgfplots.contourlua.code.tex))
(/home/yuwenhan/Software/texlive/2025/texmf-dist/tex/generic/pgf/frontendlayer/tikz/libraries/tikzlibraryplotmarks.code.tex (/home/yuwenhan/Software/texlive/2025/texmf-dist/tex/generic/pgf/libraries/pgflibraryplotmarks.code.tex))) (/home/yuwenhan/Software/texlive/2025/texmf-dist/tex/latex/l3backend/l3backend-luatex.def) (./tmpu5lwbahq.aux) (/home/yuwenhan/Software/texlive/2025/texmf-dist/tex/context/base/mkii/supp-pdf.mkii
[Loading MPS to PDF converter (version 2006.09.02).]
) (/home/yuwenhan/Software/texlive/2025/texmf-dist/tex/latex/epstopdf-pkg/epstopdf-base.sty (/home/yuwenhan/Software/texlive/2025/texmf-dist/tex/latex/latexconfig/epstopdf-sys.cfg))
Package pgfplots notification 'compat/show suggested version=true': you might benefit from \pgfplotsset{compat=1.18} (current compat level: 1.16).

NOTE: coordinate (--,--,--) [--](was ({1Y1.0e0]}{1Y2.0e0]}{1Y3.0e0]}{1Y4.0e0]}{1Y5.0e0]},{1Y2.0e0]}{1Y4.0e0]}{1Y6.0e0]}{1Y8.0e0]}{1Y1.0e1]},--) [--]) has been dropped because of a coordinate filter.

Package pgfplots Warning: the current plot has no coordinates (or all have been filtered away) on input line 22.


Package pgfplots Warning: You have an axis with empty range (in direction y). Replacing it with a default range and clearing all plots. on input line 23.

/tmp/tmp5920tb_x/tmpu5lwbahq:26: Missing \endcsname inserted.
<to be read again> 
                   \pgfcrdmth@x 
l.26         \draw[->, thick, blue] (axis cs:1,2)
                                                  -- ++(0.5,-0.5) node[midwa...
/tmp/tmp5920tb_x/tmpu5lwbahq:26: Extra \endcsname.
\pgfplotscoordmath ...@#1\endcsname @#2\endcsname 
                                                  
l.26         \draw[->, thick, blue] (axis cs:1,2)
                                                  -- ++(0.5,-0.5) node[midwa...
/tmp/tmp5920tb_x/tmpu5lwbahq:26: Missing \endcsname inserted.
<to be read again> 
                   \pgfcrdmth@y 
l.26         \draw[->, thick, blue] (axis cs:1,2)
                                                  -- ++(0.5,-0.5) node[midwa...
/tmp/tmp5920tb_x/tmpu5lwbahq:26: Extra \endcsname.
\pgfplotscoordmath ...@#1\endcsname @#2\endcsname 
                                                  
l.26         \draw[->, thick, blue] (axis cs:1,2)
                                                  -- ++(0.5,-0.5) node[midwa...
/tmp/tmp5920tb_x/tmpu5lwbahq:26: Illegal unit of measure (pt inserted).
<to be read again> 
                   Y
l.26         \draw[->, thick, blue] (axis cs:1,2)
                                                  -- ++(0.5,-0.5) node[midwa...
/tmp/tmp5920tb_x/tmpu5lwbahq:26: Missing number, treated as zero.
<to be read again> 
                   \global 
l.26         \draw[->, thick, blue] (axis cs:1,2)
                                                  -- ++(0.5,-0.5) node[midwa...
/tmp/tmp5920tb_x/tmpu5lwbahq:26: Illegal unit of measure (pt inserted).
<to be read again> 
                   \global 
l.26         \draw[->, thick, blue] (axis cs:1,2)
                                                  -- ++(0.5,-0.5) node[midwa...
/tmp/tmp5920tb_x/tmpu5lwbahq:26: Illegal unit of measure (pt inserted).
<to be read again> 
                   Y
l.26         \draw[->, thick, blue] (axis cs:1,2)
                                                  -- ++(0.5,-0.5) node[midwa...
/tmp/tmp5920tb_x/tmpu5lwbahq:26: Missing number, treated as zero.
<to be read again> 
                   \global 
l.26         \draw[->, thick, blue] (axis cs:1,2)
                                                  -- ++(0.5,-0.5) node[midwa...
/tmp/tmp5920tb_x/tmpu5lwbahq:26: Illegal unit of measure (pt inserted).
<to be read again> 
                   \global 
l.26         \draw[->, thick, blue] (axis cs:1,2)
                                                  -- ++(0.5,-0.5) node[midwa...
/tmp/tmp5920tb_x/tmpu5lwbahq:26: Illegal unit of measure (pt inserted).
<to be read again> 
                   Y
l.26         \draw[->, thick, blue] (axis cs:1,2)
                                                  -- ++(0.5,-0.5) node[midwa...
/tmp/tmp5920tb_x/tmpu5lwbahq:26: Missing number, treated as zero.
<to be read again> 
                   \global 
l.26         \draw[->, thick, blue] (axis cs:1,2)
                                                  -- ++(0.5,-0.5) node[midwa...
/tmp/tmp5920tb_x/tmpu5lwbahq:26: Illegal unit of measure (pt inserted).
<to be read again> 
                   \global 
l.26         \draw[->, thick, blue] (axis cs:1,2)
                                                  -- ++(0.5,-0.5) node[midwa...
/tmp/tmp5920tb_x/tmpu5lwbahq:26: Illegal unit of measure (pt inserted).
<to be read again> 
                   Y
l.26         \draw[->, thick, blue] (axis cs:1,2)
                                                  -- ++(0.5,-0.5) node[midwa...
/tmp/tmp5920tb_x/tmpu5lwbahq:26: Missing number, treated as zero.
<to be read again> 
                   \global 
l.26         \draw[->, thick, blue] (axis cs:1,2)
                                                  -- ++(0.5,-0.5) node[midwa...
/tmp/tmp5920tb_x/tmpu5lwbahq:26: Illegal unit of measure (pt inserted).
<to be read again> 
                   \global 
l.26         \draw[->, thick, blue] (axis cs:1,2)
                                                  -- ++(0.5,-0.5) node[midwa...

[1{/home/yuwenhan/Software/texlive/2025/texmf-var/fonts/map/pdftex/updmap/pdftex.map}
Missing character: There is no @ (U+0040) in font nullfont!
Missing character: There is no p (U+0070) in font nullfont!
Missing character: There is no a (U+0061) in font nullfont!
Missing character: There is no r (U+0072) in font nullfont!
Missing character: There is no s (U+0073) in font nullfont!
Missing character: There is no e (U+0065) in font nullfont!
Missing character: There is no n (U+006E) in font nullfont!
Missing character: There is no u (U+0075) in font nullfont!
Missing character: There is no m (U+006D) in font nullfont!
Missing character: There is no b (U+0062) in font nullfont!
Missing character: There is no e (U+0065) in font nullfont!
Missing character: There is no r (U+0072) in font nullfont!
Missing character: There is no 1 (U+0031) in font nullfont!
Missing character: There is no Y (U+0059) in font nullfont!
Missing character: There is no 1 (U+0031) in font nullfont!
Missing character: There is no . (U+002E) in font nullfont!
Missing character: There is no 0 (U+0030) in font nullfont!
Missing character: There is no e (U+0065) in font nullfont!
Missing character: There is no 0 (U+0030) in font nullfont!
Missing character: There is no ] (U+005D) in font nullfont!
Missing character: There is no @ (U+0040) in font nullfont!
Missing character: There is no p (U+0070) in font nullfont!
Missing character: There is no a (U+0061) in font nullfont!
Missing character: There is no r (U+0072) in font nullfont!
Missing character: There is no s (U+0073) in font nullfont!
Missing character: There is no e (U+0065) in font nullfont!
Missing character: There is no n (U+006E) in font nullfont!
Missing character: There is no u (U+0075) in font nullfont!
Missing character: There is no m (U+006D) in font nullfont!
Missing character: There is no b (U+0062) in font nullfont!
Missing character: There is no e (U+0065) in font nullfont!
Missing character: There is no r (U+0072) in font nullfont!
Missing character: There is no 1 (U+0031) in font nullfont!
Missing character: There is no Y (U+0059) in font nullfont!
Missing character: There is no 2 (U+0032) in font nullfont!
Missing character: There is no . (U+002E) in font nullfont!
Missing character: There is no 0 (U+0030) in font nullfont!
Missing character: There is no e (U+0065) in font nullfont!
Missing character: There is no 0 (U+0030) in font nullfont!
Missing character: There is no ] (U+005D) in font nullfont!
Missing character: There is no Y (U+0059) in font nullfont!
Missing character: There is no 1 (U+0031) in font nullfont!
Missing character: There is no . (U+002E) in font nullfont!
Missing character: There is no 0 (U+0030) in font nullfont!
Missing character: There is no e (U+0065) in font nullfont!
Missing character: There is no 0 (U+0030) in font nullfont!
Missing character: There is no ] (U+005D) in font nullfont!
Missing character: There is no Y (U+0059) in font nullfont!
Missing character: There is no 2 (U+0032) in font nullfont!
Missing character: There is no . (U+002E) in font nullfont!
Missing character: There is no 0 (U+0030) in font nullfont!
Missing character: There is no e (U+0065) in font nullfont!
Missing character: There is no 0 (U+0030) in font nullfont!
Missing character: There is no ] (U+005D) in font nullfont!
Missing character: There is no Y (U+0059) in font nullfont!
Missing character: There is no 1 (U+0031) in font nullfont!
Missing character: There is no . (U+002E) in font nullfont!
Missing character: There is no 0 (U+0030) in font nullfont!
Missing character: There is no e (U+0065) in font nullfont!
Missing character: There is no 0 (U+0030) in font nullfont!
Missing character: There is no ] (U+005D) in font nullfont!
Missing character: There is no Y (U+0059) in font nullfont!
Missing character: There is no 2 (U+0032) in font nullfont!
Missing character: There is no . (U+002E) in font nullfont!
Missing character: There is no 0 (U+0030) in font nullfont!
Missing character: There is no e (U+0065) in font nullfont!
Missing character: There is no 0 (U+0030) in font nullfont!
Missing character: There is no ] (U+005D) in font nullfont!
] (./tmpu5lwbahq.aux))
(see the transcript file for additional information)
 413 words of node memory still in use:
   3 hlist, 1 vlist, 1 rule, 2 glue, 3 kern, 1 glyph, 5 attribute, 48 glue_spec, 5 attribute_list, 2 write nodes
   avail lists: 2:1220,3:627,4:46,5:32,6:2,7:948,8:3,9:280,11:8
</home/yuwenhan/Software/texlive/2025/texmf-dist/fonts/opentype/public/lm/lmroman10-regular.otf></home/yuwenhan/Software/texlive/2025/texmf-dist/fonts/type1/public/amsfonts/cm/cmmi10.pfb></home/yuwenhan/Software/texlive/2025/texmf-dist/fonts/type1/public/amsfonts/cm/cmr10.pfb>
Output written on tmpu5lwbahq.pdf (1 page, 21409 bytes).
Transcript written on tmpu5lwbahq.log.
Latexmk: Getting log file 'tmpu5lwbahq.log'
Latexmk: Examining 'tmpu5lwbahq.fls'
Latexmk: Examining 'tmpu5lwbahq.log'
Latexmk: Log file says output to 'tmpu5lwbahq.pdf'
Latexmk: Summary of warnings from last run of *latex:
  =====Latex reported missing or unavailable character(s).
=====See log file for details.
Latexmk: Errors, in force_mode: so I tried finishing targets
Collected error summary (may duplicate other messages):
  lualatex: Command for 'lualatex' gave return code 1
      Refer to 'tmpu5lwbahq.log' and/or above output for details

