Rc files read:
  NONE
Latexmk: This is Latexmk, John Collins, 15 June 2025. Version 4.87.
No existing .aux file, so I'll make a simple one, and require run of *latex.
Latexmk: applying rule 'pdflatex'...
Rule 'pdflatex':  Reasons for rerun
Category 'other':
  Rerun of 'pdflatex' forced or previously required:
    Reason or flag: 'Initial setup'

------------
Run number 1 of rule 'pdflatex'
------------
------------
Running 'pdflatex  -file-line-error -interaction=nonstopmode -recorder  "/tmp/tmps90tsrrs/tmpi9ye_wp8"'
------------
This is pdfTeX, Version 3.141592653-2.6-1.40.28 (TeX Live 2025) (preloaded format=pdflatex)
 restricted \write18 enabled.
entering extended mode
(/tmp/tmps90tsrrs/tmpi9ye_wp8
LaTeX2e <2025-06-01> patch level 1
L3 programming layer <2025-06-30>

/tmp/tmps90tsrrs/tmpi9ye_wp8:1: LaTeX Error: Missing \begin{document}.

See the LaTeX manual or LaTeX Companion for explanation.
Type  H <return>  for immediate help.
 ...                                              
                                                  
l.1 C
     ertainly! Below is a TikZ code that aligns a grid on a `pgfplots` axis....
Missing character: There is no C in font nullfont!
Missing character: There is no e in font nullfont!
Missing character: There is no r in font nullfont!
Missing character: There is no t in font nullfont!
Missing character: There is no a in font nullfont!
Missing character: There is no i in font nullfont!
Missing character: There is no n in font nullfont!
Missing character: There is no l in font nullfont!
Missing character: There is no y in font nullfont!
Missing character: There is no ! in font nullfont!
Missing character: There is no B in font nullfont!
Missing character: There is no e in font nullfont!
Missing character: There is no l in font nullfont!
Missing character: There is no o in font nullfont!
Missing character: There is no w in font nullfont!
Missing character: There is no i in font nullfont!
Missing character: There is no s in font nullfont!
Missing character: There is no a in font nullfont!
Missing character: There is no T in font nullfont!
Missing character: There is no i in font nullfont!
Missing character: There is no k in font nullfont!
Missing character: There is no Z in font nullfont!
Missing character: There is no c in font nullfont!
Missing character: There is no o in font nullfont!
Missing character: There is no d in font nullfont!
Missing character: There is no e in font nullfont!
Missing character: There is no t in font nullfont!
Missing character: There is no h in font nullfont!
Missing character: There is no a in font nullfont!
Missing character: There is no t in font nullfont!
Missing character: There is no a in font nullfont!
Missing character: There is no l in font nullfont!
Missing character: There is no i in font nullfont!
Missing character: There is no g in font nullfont!
Missing character: There is no n in font nullfont!
Missing character: There is no s in font nullfont!
Missing character: There is no a in font nullfont!
Missing character: There is no g in font nullfont!
Missing character: There is no r in font nullfont!
Missing character: There is no i in font nullfont!
Missing character: There is no d in font nullfont!
Missing character: There is no o in font nullfont!
Missing character: There is no n in font nullfont!
Missing character: There is no a in font nullfont!
Missing character: There is no ` in font nullfont!
Missing character: There is no p in font nullfont!
Missing character: There is no g in font nullfont!
Missing character: There is no f in font nullfont!
Missing character: There is no p in font nullfont!
Missing character: There is no l in font nullfont!
Missing character: There is no o in font nullfont!
Missing character: There is no t in font nullfont!
Missing character: There is no s in font nullfont!
Missing character: There is no ` in font nullfont!
Missing character: There is no a in font nullfont!
Missing character: There is no x in font nullfont!
Missing character: There is no i in font nullfont!
Missing character: There is no s in font nullfont!
Missing character: There is no . in font nullfont!
Missing character: There is no T in font nullfont!
Missing character: There is no h in font nullfont!
Missing character: There is no e in font nullfont!
Missing character: There is no g in font nullfont!
Missing character: There is no r in font nullfont!
Missing character: There is no i in font nullfont!
Missing character: There is no d in font nullfont!
Missing character: There is no c in font nullfont!
Missing character: There is no o in font nullfont!
Missing character: There is no n in font nullfont!
Missing character: There is no s in font nullfont!
Missing character: There is no i in font nullfont!
Missing character: There is no s in font nullfont!
Missing character: There is no t in font nullfont!
Missing character: There is no s in font nullfont!
Missing character: There is no o in font nullfont!
Missing character: There is no f in font nullfont!
Missing character: There is no 4 in font nullfont!
Missing character: There is no x in font nullfont!
Missing character: There is no 4 in font nullfont!
Missing character: There is no s in font nullfont!
Missing character: There is no m in font nullfont!
Missing character: There is no a in font nullfont!
Missing character: There is no l in font nullfont!
Missing character: There is no l in font nullfont!
Missing character: There is no e in font nullfont!
Missing character: There is no r in font nullfont!
Missing character: There is no s in font nullfont!
Missing character: There is no q in font nullfont!
Missing character: There is no u in font nullfont!
Missing character: There is no a in font nullfont!
Missing character: There is no r in font nullfont!
Missing character: There is no e in font nullfont!
Missing character: There is no s in font nullfont!
Missing character: There is no , in font nullfont!
Missing character: There is no e in font nullfont!
Missing character: There is no a in font nullfont!
Missing character: There is no c in font nullfont!
Missing character: There is no h in font nullfont!
Missing character: There is no l in font nullfont!
Missing character: There is no a in font nullfont!
Missing character: There is no b in font nullfont!
Missing character: There is no e in font nullfont!
Missing character: There is no l in font nullfont!
Missing character: There is no e in font nullfont!
Missing character: There is no d in font nullfont!
Missing character: There is no f in font nullfont!
Missing character: There is no r in font nullfont!
Missing character: There is no o in font nullfont!
Missing character: There is no m in font nullfont!
Missing character: There is no 1 in font nullfont!
Missing character: There is no t in font nullfont!
Missing character: There is no o in font nullfont!
Missing character: There is no 1 in font nullfont!
Missing character: There is no 6 in font nullfont!
Missing character: There is no , in font nullfont!
Missing character: There is no s in font nullfont!
Missing character: There is no t in font nullfont!
Missing character: There is no a in font nullfont!
Missing character: There is no r in font nullfont!
Missing character: There is no t in font nullfont!
Missing character: There is no i in font nullfont!
Missing character: There is no n in font nullfont!
Missing character: There is no g in font nullfont!
Missing character: There is no f in font nullfont!
Missing character: There is no r in font nullfont!
Missing character: There is no o in font nullfont!
Missing character: There is no m in font nullfont!
Missing character: There is no t in font nullfont!
Missing character: There is no h in font nullfont!
Missing character: There is no e in font nullfont!
Missing character: There is no t in font nullfont!
Missing character: There is no o in font nullfont!
Missing character: There is no p in font nullfont!
Missing character: There is no - in font nullfont!
Missing character: There is no l in font nullfont!
Missing character: There is no e in font nullfont!
Missing character: There is no f in font nullfont!
Missing character: There is no t in font nullfont!
Missing character: There is no c in font nullfont!
Missing character: There is no o in font nullfont!
Missing character: There is no r in font nullfont!
Missing character: There is no n in font nullfont!
Missing character: There is no e in font nullfont!
Missing character: There is no r in font nullfont!
Missing character: There is no a in font nullfont!
Missing character: There is no n in font nullfont!
Missing character: There is no d in font nullfont!
Missing character: There is no p in font nullfont!
Missing character: There is no r in font nullfont!
Missing character: There is no o in font nullfont!
Missing character: There is no c in font nullfont!
Missing character: There is no e in font nullfont!
Missing character: There is no e in font nullfont!
Missing character: There is no d in font nullfont!
Missing character: There is no i in font nullfont!
Missing character: There is no n in font nullfont!
Missing character: There is no g in font nullfont!
Missing character: There is no c in font nullfont!
Missing character: There is no l in font nullfont!
Missing character: There is no o in font nullfont!
Missing character: There is no c in font nullfont!
Missing character: There is no k in font nullfont!
Missing character: There is no w in font nullfont!
Missing character: There is no i in font nullfont!
Missing character: There is no s in font nullfont!
Missing character: There is no e in font nullfont!
Missing character: There is no . in font nullfont!

Overfull \hbox (20.0pt too wide) in paragraph at lines 1--3
[]

/tmp/tmps90tsrrs/tmpi9ye_wp8:4: LaTeX Error: Missing \begin{document}.

See the LaTeX manual or LaTeX Companion for explanation.
Type  H <return>  for immediate help.
 ...                                              
                                                  
l.4 `
     ``latex
Missing character: There is no ` in font nullfont!
Missing character: There is no ` in font nullfont!
Missing character: There is no ` in font nullfont!
Missing character: There is no l in font nullfont!
Missing character: There is no a in font nullfont!
Missing character: There is no t in font nullfont!
Missing character: There is no e in font nullfont!
Missing character: There is no x in font nullfont!
(/home/yuwenhan/Software/texlive/2025/texmf-dist/tex/latex/standalone/standalone.cls
Document Class: standalone 2025/02/22 v1.5a Class to compile TeX sub-files standalone
(/home/yuwenhan/Software/texlive/2025/texmf-dist/tex/latex/tools/shellesc.sty) (/home/yuwenhan/Software/texlive/2025/texmf-dist/tex/generic/iftex/ifluatex.sty
Overfull \hbox (20.0pt too wide) in paragraph at lines 4--2
[]
(/home/yuwenhan/Software/texlive/2025/texmf-dist/tex/generic/iftex/iftex.sty)) (/home/yuwenhan/Software/texlive/2025/texmf-dist/tex/latex/xkeyval/xkeyval.sty (/home/yuwenhan/Software/texlive/2025/texmf-dist/tex/generic/xkeyval/xkeyval.tex (/home/yuwenhan/Software/texlive/2025/texmf-dist/tex/generic/xkeyval/xkvutils.tex (/home/yuwenhan/Software/texlive/2025/texmf-dist/tex/generic/xkeyval/keyval.tex)))) (/home/yuwenhan/Software/texlive/2025/texmf-dist/tex/latex/standalone/standalone.cfg) (/home/yuwenhan/Software/texlive/2025/texmf-dist/tex/latex/base/article.cls
Document Class: article 2025/01/22 v1.4n Standard LaTeX document class
(/home/yuwenhan/Software/texlive/2025/texmf-dist/tex/latex/base/size10.clo)
[1])) (/home/yuwenhan/Software/texlive/2025/texmf-dist/tex/latex/pgf/frontendlayer/tikz.sty (/home/yuwenhan/Software/texlive/2025/texmf-dist/tex/latex/pgf/basiclayer/pgf.sty (/home/yuwenhan/Software/texlive/2025/texmf-dist/tex/latex/pgf/utilities/pgfrcs.sty (/home/yuwenhan/Software/texlive/2025/texmf-dist/tex/generic/pgf/utilities/pgfutil-common.tex) (/home/yuwenhan/Software/texlive/2025/texmf-dist/tex/generic/pgf/utilities/pgfutil-latex.def) (/home/yuwenhan/Software/texlive/2025/texmf-dist/tex/generic/pgf/utilities/pgfrcs.code.tex (/home/yuwenhan/Software/texlive/2025/texmf-dist/tex/generic/pgf/pgf.revision.tex))) (/home/yuwenhan/Software/texlive/2025/texmf-dist/tex/latex/pgf/basiclayer/pgfcore.sty (/home/yuwenhan/Software/texlive/2025/texmf-dist/tex/latex/graphics/graphicx.sty (/home/yuwenhan/Software/texlive/2025/texmf-dist/tex/latex/graphics/graphics.sty (/home/yuwenhan/Software/texlive/2025/texmf-dist/tex/latex/graphics/trig.sty)
(/home/yuwenhan/Software/texlive/2025/texmf-dist/tex/latex/graphics-cfg/graphics.cfg) (/home/yuwenhan/Software/texlive/2025/texmf-dist/tex/latex/graphics-def/pdftex.def))) (/home/yuwenhan/Software/texlive/2025/texmf-dist/tex/latex/pgf/systemlayer/pgfsys.sty (/home/yuwenhan/Software/texlive/2025/texmf-dist/tex/generic/pgf/systemlayer/pgfsys.code.tex (/home/yuwenhan/Software/texlive/2025/texmf-dist/tex/generic/pgf/utilities/pgfkeys.code.tex (/home/yuwenhan/Software/texlive/2025/texmf-dist/tex/generic/pgf/utilities/pgfkeyslibraryfiltered.code.tex)) (/home/yuwenhan/Software/texlive/2025/texmf-dist/tex/generic/pgf/systemlayer/pgf.cfg) (/home/yuwenhan/Software/texlive/2025/texmf-dist/tex/generic/pgf/systemlayer/pgfsys-pdftex.def (/home/yuwenhan/Software/texlive/2025/texmf-dist/tex/generic/pgf/systemlayer/pgfsys-common-pdf.def))) (/home/yuwenhan/Software/texlive/2025/texmf-dist/tex/generic/pgf/systemlayer/pgfsyssoftpath.code.tex)
(/home/yuwenhan/Software/texlive/2025/texmf-dist/tex/generic/pgf/systemlayer/pgfsysprotocol.code.tex)) (/home/yuwenhan/Software/texlive/2025/texmf-dist/tex/latex/xcolor/xcolor.sty (/home/yuwenhan/Software/texlive/2025/texmf-dist/tex/latex/graphics-cfg/color.cfg) (/home/yuwenhan/Software/texlive/2025/texmf-dist/tex/latex/graphics/mathcolor.ltx)) (/home/yuwenhan/Software/texlive/2025/texmf-dist/tex/generic/pgf/basiclayer/pgfcore.code.tex (/home/yuwenhan/Software/texlive/2025/texmf-dist/tex/generic/pgf/math/pgfmath.code.tex (/home/yuwenhan/Software/texlive/2025/texmf-dist/tex/generic/pgf/math/pgfmathutil.code.tex) (/home/yuwenhan/Software/texlive/2025/texmf-dist/tex/generic/pgf/math/pgfmathparser.code.tex) (/home/yuwenhan/Software/texlive/2025/texmf-dist/tex/generic/pgf/math/pgfmathfunctions.code.tex) (/home/yuwenhan/Software/texlive/2025/texmf-dist/tex/generic/pgf/math/pgfmathfunctions.basic.code.tex)
(/home/yuwenhan/Software/texlive/2025/texmf-dist/tex/generic/pgf/math/pgfmathfunctions.trigonometric.code.tex) (/home/yuwenhan/Software/texlive/2025/texmf-dist/tex/generic/pgf/math/pgfmathfunctions.random.code.tex) (/home/yuwenhan/Software/texlive/2025/texmf-dist/tex/generic/pgf/math/pgfmathfunctions.comparison.code.tex) (/home/yuwenhan/Software/texlive/2025/texmf-dist/tex/generic/pgf/math/pgfmathfunctions.base.code.tex) (/home/yuwenhan/Software/texlive/2025/texmf-dist/tex/generic/pgf/math/pgfmathfunctions.round.code.tex) (/home/yuwenhan/Software/texlive/2025/texmf-dist/tex/generic/pgf/math/pgfmathfunctions.misc.code.tex) (/home/yuwenhan/Software/texlive/2025/texmf-dist/tex/generic/pgf/math/pgfmathfunctions.integerarithmetics.code.tex) (/home/yuwenhan/Software/texlive/2025/texmf-dist/tex/generic/pgf/math/pgfmathcalc.code.tex) (/home/yuwenhan/Software/texlive/2025/texmf-dist/tex/generic/pgf/math/pgfmathfloat.code.tex))
(/home/yuwenhan/Software/texlive/2025/texmf-dist/tex/generic/pgf/math/pgfint.code.tex) (/home/yuwenhan/Software/texlive/2025/texmf-dist/tex/generic/pgf/basiclayer/pgfcorepoints.code.tex) (/home/yuwenhan/Software/texlive/2025/texmf-dist/tex/generic/pgf/basiclayer/pgfcorepathconstruct.code.tex) (/home/yuwenhan/Software/texlive/2025/texmf-dist/tex/generic/pgf/basiclayer/pgfcorepathusage.code.tex) (/home/yuwenhan/Software/texlive/2025/texmf-dist/tex/generic/pgf/basiclayer/pgfcorescopes.code.tex) (/home/yuwenhan/Software/texlive/2025/texmf-dist/tex/generic/pgf/basiclayer/pgfcoregraphicstate.code.tex) (/home/yuwenhan/Software/texlive/2025/texmf-dist/tex/generic/pgf/basiclayer/pgfcoretransformations.code.tex) (/home/yuwenhan/Software/texlive/2025/texmf-dist/tex/generic/pgf/basiclayer/pgfcorequick.code.tex) (/home/yuwenhan/Software/texlive/2025/texmf-dist/tex/generic/pgf/basiclayer/pgfcoreobjects.code.tex)
(/home/yuwenhan/Software/texlive/2025/texmf-dist/tex/generic/pgf/basiclayer/pgfcorepathprocessing.code.tex) (/home/yuwenhan/Software/texlive/2025/texmf-dist/tex/generic/pgf/basiclayer/pgfcorearrows.code.tex) (/home/yuwenhan/Software/texlive/2025/texmf-dist/tex/generic/pgf/basiclayer/pgfcoreshade.code.tex) (/home/yuwenhan/Software/texlive/2025/texmf-dist/tex/generic/pgf/basiclayer/pgfcoreimage.code.tex) (/home/yuwenhan/Software/texlive/2025/texmf-dist/tex/generic/pgf/basiclayer/pgfcoreexternal.code.tex) (/home/yuwenhan/Software/texlive/2025/texmf-dist/tex/generic/pgf/basiclayer/pgfcorelayers.code.tex) (/home/yuwenhan/Software/texlive/2025/texmf-dist/tex/generic/pgf/basiclayer/pgfcoretransparency.code.tex) (/home/yuwenhan/Software/texlive/2025/texmf-dist/tex/generic/pgf/basiclayer/pgfcorepatterns.code.tex) (/home/yuwenhan/Software/texlive/2025/texmf-dist/tex/generic/pgf/basiclayer/pgfcorerdf.code.tex)))
(/home/yuwenhan/Software/texlive/2025/texmf-dist/tex/generic/pgf/modules/pgfmoduleshapes.code.tex) (/home/yuwenhan/Software/texlive/2025/texmf-dist/tex/generic/pgf/modules/pgfmoduleplot.code.tex) (/home/yuwenhan/Software/texlive/2025/texmf-dist/tex/latex/pgf/compatibility/pgfcomp-version-0-65.sty) (/home/yuwenhan/Software/texlive/2025/texmf-dist/tex/latex/pgf/compatibility/pgfcomp-version-1-18.sty)) (/home/yuwenhan/Software/texlive/2025/texmf-dist/tex/latex/pgf/utilities/pgffor.sty (/home/yuwenhan/Software/texlive/2025/texmf-dist/tex/latex/pgf/utilities/pgfkeys.sty (/home/yuwenhan/Software/texlive/2025/texmf-dist/tex/generic/pgf/utilities/pgfkeys.code.tex)) (/home/yuwenhan/Software/texlive/2025/texmf-dist/tex/latex/pgf/math/pgfmath.sty (/home/yuwenhan/Software/texlive/2025/texmf-dist/tex/generic/pgf/math/pgfmath.code.tex)) (/home/yuwenhan/Software/texlive/2025/texmf-dist/tex/generic/pgf/utilities/pgffor.code.tex))
(/home/yuwenhan/Software/texlive/2025/texmf-dist/tex/generic/pgf/frontendlayer/tikz/tikz.code.tex (/home/yuwenhan/Software/texlive/2025/texmf-dist/tex/generic/pgf/libraries/pgflibraryplothandlers.code.tex) (/home/yuwenhan/Software/texlive/2025/texmf-dist/tex/generic/pgf/modules/pgfmodulematrix.code.tex) (/home/yuwenhan/Software/texlive/2025/texmf-dist/tex/generic/pgf/frontendlayer/tikz/libraries/tikzlibrarytopaths.code.tex))) (/home/yuwenhan/Software/texlive/2025/texmf-dist/tex/latex/pgfplots/pgfplots.sty (/home/yuwenhan/Software/texlive/2025/texmf-dist/tex/generic/pgfplots/pgfplots.revision.tex) (/home/yuwenhan/Software/texlive/2025/texmf-dist/tex/generic/pgfplots/pgfplots.code.tex (/home/yuwenhan/Software/texlive/2025/texmf-dist/tex/generic/pgfplots/pgfplotscore.code.tex (/home/yuwenhan/Software/texlive/2025/texmf-dist/tex/generic/pgfplots/sys/pgfplotssysgeneric.code.tex)) (/home/yuwenhan/Software/texlive/2025/texmf-dist/tex/generic/pgfplots/libs/pgfplotslibrary.code.tex)
(/home/yuwenhan/Software/texlive/2025/texmf-dist/tex/generic/pgfplots/oldpgfcompatib/pgfplotsoldpgfsupp_loader.code.tex (/home/yuwenhan/Software/texlive/2025/texmf-dist/tex/generic/pgf/libraries/pgflibraryfpu.code.tex)
Package pgfplots: loading complementary utilities for your pgf version...
(/home/yuwenhan/Software/texlive/2025/texmf-dist/tex/generic/pgfplots/oldpgfcompatib/pgfplotsoldpgfsupp_pgfutil-common-lists.tex)) (/home/yuwenhan/Software/texlive/2025/texmf-dist/tex/generic/pgfplots/util/pgfplotsutil.code.tex (/home/yuwenhan/Software/texlive/2025/texmf-dist/tex/generic/pgfplots/liststructure/pgfplotsliststructure.code.tex) (/home/yuwenhan/Software/texlive/2025/texmf-dist/tex/generic/pgfplots/liststructure/pgfplotsliststructureext.code.tex) (/home/yuwenhan/Software/texlive/2025/texmf-dist/tex/generic/pgfplots/liststructure/pgfplotsarray.code.tex) (/home/yuwenhan/Software/texlive/2025/texmf-dist/tex/generic/pgfplots/liststructure/pgfplotsmatrix.code.tex) (/home/yuwenhan/Software/texlive/2025/texmf-dist/tex/generic/pgfplots/numtable/pgfplotstableshared.code.tex) (/home/yuwenhan/Software/texlive/2025/texmf-dist/tex/generic/pgfplots/liststructure/pgfplotsdeque.code.tex) (/home/yuwenhan/Software/texlive/2025/texmf-dist/tex/generic/pgfplots/util/pgfplotsbinary.code.tex
(/home/yuwenhan/Software/texlive/2025/texmf-dist/tex/generic/pgfplots/util/pgfplotsbinary.data.code.tex)) (/home/yuwenhan/Software/texlive/2025/texmf-dist/tex/generic/pgfplots/util/pgfplotsutil.verb.code.tex) (/home/yuwenhan/Software/texlive/2025/texmf-dist/tex/generic/pgfplots/libs/pgflibrarypgfplots.surfshading.code.tex (/home/yuwenhan/Software/texlive/2025/texmf-dist/tex/generic/pgfplots/sys/pgflibrarypgfplots.surfshading.pgfsys-pdftex.def))) (/home/yuwenhan/Software/texlive/2025/texmf-dist/tex/generic/pgfplots/util/pgfplotscolormap.code.tex (/home/yuwenhan/Software/texlive/2025/texmf-dist/tex/generic/pgfplots/util/pgfplotscolor.code.tex)) (/home/yuwenhan/Software/texlive/2025/texmf-dist/tex/generic/pgfplots/pgfplotsstackedplots.code.tex) (/home/yuwenhan/Software/texlive/2025/texmf-dist/tex/generic/pgfplots/pgfplotsplothandlers.code.tex (/home/yuwenhan/Software/texlive/2025/texmf-dist/tex/generic/pgfplots/pgfplotsmeshplothandler.code.tex
(/home/yuwenhan/Software/texlive/2025/texmf-dist/tex/generic/pgfplots/pgfplotsmeshplotimage.code.tex))) (/home/yuwenhan/Software/texlive/2025/texmf-dist/tex/generic/pgfplots/pgfplots.scaling.code.tex) (/home/yuwenhan/Software/texlive/2025/texmf-dist/tex/generic/pgfplots/pgfplotscoordprocessing.code.tex) (/home/yuwenhan/Software/texlive/2025/texmf-dist/tex/generic/pgfplots/pgfplots.errorbars.code.tex) (/home/yuwenhan/Software/texlive/2025/texmf-dist/tex/generic/pgfplots/pgfplots.markers.code.tex) (/home/yuwenhan/Software/texlive/2025/texmf-dist/tex/generic/pgfplots/pgfplotsticks.code.tex) (/home/yuwenhan/Software/texlive/2025/texmf-dist/tex/generic/pgfplots/pgfplots.paths.code.tex) (/home/yuwenhan/Software/texlive/2025/texmf-dist/tex/generic/pgf/frontendlayer/tikz/libraries/tikzlibrarydecorations.code.tex (/home/yuwenhan/Software/texlive/2025/texmf-dist/tex/generic/pgf/modules/pgfmoduledecorations.code.tex))
(/home/yuwenhan/Software/texlive/2025/texmf-dist/tex/generic/pgf/frontendlayer/tikz/libraries/tikzlibrarydecorations.pathmorphing.code.tex (/home/yuwenhan/Software/texlive/2025/texmf-dist/tex/generic/pgf/libraries/decorations/pgflibrarydecorations.pathmorphing.code.tex)) (/home/yuwenhan/Software/texlive/2025/texmf-dist/tex/generic/pgf/frontendlayer/tikz/libraries/tikzlibrarydecorations.pathreplacing.code.tex (/home/yuwenhan/Software/texlive/2025/texmf-dist/tex/generic/pgf/libraries/decorations/pgflibrarydecorations.pathreplacing.code.tex)) (/home/yuwenhan/Software/texlive/2025/texmf-dist/tex/generic/pgfplots/libs/tikzlibrarypgfplots.contourlua.code.tex)) (/home/yuwenhan/Software/texlive/2025/texmf-dist/tex/generic/pgf/frontendlayer/tikz/libraries/tikzlibraryplotmarks.code.tex (/home/yuwenhan/Software/texlive/2025/texmf-dist/tex/generic/pgf/libraries/pgflibraryplotmarks.code.tex))) (/home/yuwenhan/Software/texlive/2025/texmf-dist/tex/latex/l3backend/l3backend-pdftex.def)
(./tmpi9ye_wp8.aux) (/home/yuwenhan/Software/texlive/2025/texmf-dist/tex/context/base/mkii/supp-pdf.mkii
[Loading MPS to PDF converter (version 2006.09.02).]
) (/home/yuwenhan/Software/texlive/2025/texmf-dist/tex/latex/epstopdf-pkg/epstopdf-base.sty (/home/yuwenhan/Software/texlive/2025/texmf-dist/tex/latex/latexconfig/epstopdf-sys.cfg))

Package pgfplots Warning: running in backwards compatibility mode (unsuitable tick labels; missing features). Consider writing \pgfplotsset{compat=1.18} into your preamble.
 on input line 9.

)
Runaway argument?
nodeat (0.5,2.5) [anchor=south west] {9 
! File ended while scanning use of \path.
<inserted text> 
                \par 
<*> /tmp/tmps90tsrrs/tmpi9ye_wp8
                                
! Emergency stop.
<*> /tmp/tmps90tsrrs/tmpi9ye_wp8
                                
!  ==> Fatal error occurred, no output PDF file produced!
Transcript written on tmpi9ye_wp8.log.
Latexmk: Getting log file 'tmpi9ye_wp8.log'
Latexmk: Examining 'tmpi9ye_wp8.fls'
Latexmk: Examining 'tmpi9ye_wp8.log'
Latexmk: applying rule 'pdflatex'...
Rule 'pdflatex':  Reasons for rerun
Changed files or newly in use/created:
  tmpi9ye_wp8.aux

------------
Run number 2 of rule 'pdflatex'
------------
------------
Running 'pdflatex  -file-line-error -interaction=nonstopmode -recorder  "/tmp/tmps90tsrrs/tmpi9ye_wp8"'
------------
This is pdfTeX, Version 3.141592653-2.6-1.40.28 (TeX Live 2025) (preloaded format=pdflatex)
 restricted \write18 enabled.
entering extended mode
(/tmp/tmps90tsrrs/tmpi9ye_wp8
LaTeX2e <2025-06-01> patch level 1
L3 programming layer <2025-06-30>

/tmp/tmps90tsrrs/tmpi9ye_wp8:1: LaTeX Error: Missing \begin{document}.

See the LaTeX manual or LaTeX Companion for explanation.
Type  H <return>  for immediate help.
 ...                                              
                                                  
l.1 C
     ertainly! Below is a TikZ code that aligns a grid on a `pgfplots` axis....
Missing character: There is no C in font nullfont!
Missing character: There is no e in font nullfont!
Missing character: There is no r in font nullfont!
Missing character: There is no t in font nullfont!
Missing character: There is no a in font nullfont!
Missing character: There is no i in font nullfont!
Missing character: There is no n in font nullfont!
Missing character: There is no l in font nullfont!
Missing character: There is no y in font nullfont!
Missing character: There is no ! in font nullfont!
Missing character: There is no B in font nullfont!
Missing character: There is no e in font nullfont!
Missing character: There is no l in font nullfont!
Missing character: There is no o in font nullfont!
Missing character: There is no w in font nullfont!
Missing character: There is no i in font nullfont!
Missing character: There is no s in font nullfont!
Missing character: There is no a in font nullfont!
Missing character: There is no T in font nullfont!
Missing character: There is no i in font nullfont!
Missing character: There is no k in font nullfont!
Missing character: There is no Z in font nullfont!
Missing character: There is no c in font nullfont!
Missing character: There is no o in font nullfont!
Missing character: There is no d in font nullfont!
Missing character: There is no e in font nullfont!
Missing character: There is no t in font nullfont!
Missing character: There is no h in font nullfont!
Missing character: There is no a in font nullfont!
Missing character: There is no t in font nullfont!
Missing character: There is no a in font nullfont!
Missing character: There is no l in font nullfont!
Missing character: There is no i in font nullfont!
Missing character: There is no g in font nullfont!
Missing character: There is no n in font nullfont!
Missing character: There is no s in font nullfont!
Missing character: There is no a in font nullfont!
Missing character: There is no g in font nullfont!
Missing character: There is no r in font nullfont!
Missing character: There is no i in font nullfont!
Missing character: There is no d in font nullfont!
Missing character: There is no o in font nullfont!
Missing character: There is no n in font nullfont!
Missing character: There is no a in font nullfont!
Missing character: There is no ` in font nullfont!
Missing character: There is no p in font nullfont!
Missing character: There is no g in font nullfont!
Missing character: There is no f in font nullfont!
Missing character: There is no p in font nullfont!
Missing character: There is no l in font nullfont!
Missing character: There is no o in font nullfont!
Missing character: There is no t in font nullfont!
Missing character: There is no s in font nullfont!
Missing character: There is no ` in font nullfont!
Missing character: There is no a in font nullfont!
Missing character: There is no x in font nullfont!
Missing character: There is no i in font nullfont!
Missing character: There is no s in font nullfont!
Missing character: There is no . in font nullfont!
Missing character: There is no T in font nullfont!
Missing character: There is no h in font nullfont!
Missing character: There is no e in font nullfont!
Missing character: There is no g in font nullfont!
Missing character: There is no r in font nullfont!
Missing character: There is no i in font nullfont!
Missing character: There is no d in font nullfont!
Missing character: There is no c in font nullfont!
Missing character: There is no o in font nullfont!
Missing character: There is no n in font nullfont!
Missing character: There is no s in font nullfont!
Missing character: There is no i in font nullfont!
Missing character: There is no s in font nullfont!
Missing character: There is no t in font nullfont!
Missing character: There is no s in font nullfont!
Missing character: There is no o in font nullfont!
Missing character: There is no f in font nullfont!
Missing character: There is no 4 in font nullfont!
Missing character: There is no x in font nullfont!
Missing character: There is no 4 in font nullfont!
Missing character: There is no s in font nullfont!
Missing character: There is no m in font nullfont!
Missing character: There is no a in font nullfont!
Missing character: There is no l in font nullfont!
Missing character: There is no l in font nullfont!
Missing character: There is no e in font nullfont!
Missing character: There is no r in font nullfont!
Missing character: There is no s in font nullfont!
Missing character: There is no q in font nullfont!
Missing character: There is no u in font nullfont!
Missing character: There is no a in font nullfont!
Missing character: There is no r in font nullfont!
Missing character: There is no e in font nullfont!
Missing character: There is no s in font nullfont!
Missing character: There is no , in font nullfont!
Missing character: There is no e in font nullfont!
Missing character: There is no a in font nullfont!
Missing character: There is no c in font nullfont!
Missing character: There is no h in font nullfont!
Missing character: There is no l in font nullfont!
Missing character: There is no a in font nullfont!
Missing character: There is no b in font nullfont!
Missing character: There is no e in font nullfont!
Missing character: There is no l in font nullfont!
Missing character: There is no e in font nullfont!
Missing character: There is no d in font nullfont!
Missing character: There is no f in font nullfont!
Missing character: There is no r in font nullfont!
Missing character: There is no o in font nullfont!
Missing character: There is no m in font nullfont!
Missing character: There is no 1 in font nullfont!
Missing character: There is no t in font nullfont!
Missing character: There is no o in font nullfont!
Missing character: There is no 1 in font nullfont!
Missing character: There is no 6 in font nullfont!
Missing character: There is no , in font nullfont!
Missing character: There is no s in font nullfont!
Missing character: There is no t in font nullfont!
Missing character: There is no a in font nullfont!
Missing character: There is no r in font nullfont!
Missing character: There is no t in font nullfont!
Missing character: There is no i in font nullfont!
Missing character: There is no n in font nullfont!
Missing character: There is no g in font nullfont!
Missing character: There is no f in font nullfont!
Missing character: There is no r in font nullfont!
Missing character: There is no o in font nullfont!
Missing character: There is no m in font nullfont!
Missing character: There is no t in font nullfont!
Missing character: There is no h in font nullfont!
Missing character: There is no e in font nullfont!
Missing character: There is no t in font nullfont!
Missing character: There is no o in font nullfont!
Missing character: There is no p in font nullfont!
Missing character: There is no - in font nullfont!
Missing character: There is no l in font nullfont!
Missing character: There is no e in font nullfont!
Missing character: There is no f in font nullfont!
Missing character: There is no t in font nullfont!
Missing character: There is no c in font nullfont!
Missing character: There is no o in font nullfont!
Missing character: There is no r in font nullfont!
Missing character: There is no n in font nullfont!
Missing character: There is no e in font nullfont!
Missing character: There is no r in font nullfont!
Missing character: There is no a in font nullfont!
Missing character: There is no n in font nullfont!
Missing character: There is no d in font nullfont!
Missing character: There is no p in font nullfont!
Missing character: There is no r in font nullfont!
Missing character: There is no o in font nullfont!
Missing character: There is no c in font nullfont!
Missing character: There is no e in font nullfont!
Missing character: There is no e in font nullfont!
Missing character: There is no d in font nullfont!
Missing character: There is no i in font nullfont!
Missing character: There is no n in font nullfont!
Missing character: There is no g in font nullfont!
Missing character: There is no c in font nullfont!
Missing character: There is no l in font nullfont!
Missing character: There is no o in font nullfont!
Missing character: There is no c in font nullfont!
Missing character: There is no k in font nullfont!
Missing character: There is no w in font nullfont!
Missing character: There is no i in font nullfont!
Missing character: There is no s in font nullfont!
Missing character: There is no e in font nullfont!
Missing character: There is no . in font nullfont!

Overfull \hbox (20.0pt too wide) in paragraph at lines 1--3
[]

/tmp/tmps90tsrrs/tmpi9ye_wp8:4: LaTeX Error: Missing \begin{document}.

See the LaTeX manual or LaTeX Companion for explanation.
Type  H <return>  for immediate help.
 ...                                              
                                                  
l.4 `
     ``latex
Missing character: There is no ` in font nullfont!
Missing character: There is no ` in font nullfont!
Missing character: There is no ` in font nullfont!
Missing character: There is no l in font nullfont!
Missing character: There is no a in font nullfont!
Missing character: There is no t in font nullfont!
Missing character: There is no e in font nullfont!
Missing character: There is no x in font nullfont!
(/home/yuwenhan/Software/texlive/2025/texmf-dist/tex/latex/standalone/standalone.cls
Document Class: standalone 2025/02/22 v1.5a Class to compile TeX sub-files standalone
(/home/yuwenhan/Software/texlive/2025/texmf-dist/tex/latex/tools/shellesc.sty) (/home/yuwenhan/Software/texlive/2025/texmf-dist/tex/generic/iftex/ifluatex.sty
Overfull \hbox (20.0pt too wide) in paragraph at lines 4--2
[]
(/home/yuwenhan/Software/texlive/2025/texmf-dist/tex/generic/iftex/iftex.sty)) (/home/yuwenhan/Software/texlive/2025/texmf-dist/tex/latex/xkeyval/xkeyval.sty (/home/yuwenhan/Software/texlive/2025/texmf-dist/tex/generic/xkeyval/xkeyval.tex (/home/yuwenhan/Software/texlive/2025/texmf-dist/tex/generic/xkeyval/xkvutils.tex (/home/yuwenhan/Software/texlive/2025/texmf-dist/tex/generic/xkeyval/keyval.tex)))) (/home/yuwenhan/Software/texlive/2025/texmf-dist/tex/latex/standalone/standalone.cfg) (/home/yuwenhan/Software/texlive/2025/texmf-dist/tex/latex/base/article.cls
Document Class: article 2025/01/22 v1.4n Standard LaTeX document class
(/home/yuwenhan/Software/texlive/2025/texmf-dist/tex/latex/base/size10.clo)
[1])) (/home/yuwenhan/Software/texlive/2025/texmf-dist/tex/latex/pgf/frontendlayer/tikz.sty (/home/yuwenhan/Software/texlive/2025/texmf-dist/tex/latex/pgf/basiclayer/pgf.sty (/home/yuwenhan/Software/texlive/2025/texmf-dist/tex/latex/pgf/utilities/pgfrcs.sty (/home/yuwenhan/Software/texlive/2025/texmf-dist/tex/generic/pgf/utilities/pgfutil-common.tex) (/home/yuwenhan/Software/texlive/2025/texmf-dist/tex/generic/pgf/utilities/pgfutil-latex.def) (/home/yuwenhan/Software/texlive/2025/texmf-dist/tex/generic/pgf/utilities/pgfrcs.code.tex (/home/yuwenhan/Software/texlive/2025/texmf-dist/tex/generic/pgf/pgf.revision.tex))) (/home/yuwenhan/Software/texlive/2025/texmf-dist/tex/latex/pgf/basiclayer/pgfcore.sty (/home/yuwenhan/Software/texlive/2025/texmf-dist/tex/latex/graphics/graphicx.sty (/home/yuwenhan/Software/texlive/2025/texmf-dist/tex/latex/graphics/graphics.sty (/home/yuwenhan/Software/texlive/2025/texmf-dist/tex/latex/graphics/trig.sty)
(/home/yuwenhan/Software/texlive/2025/texmf-dist/tex/latex/graphics-cfg/graphics.cfg) (/home/yuwenhan/Software/texlive/2025/texmf-dist/tex/latex/graphics-def/pdftex.def))) (/home/yuwenhan/Software/texlive/2025/texmf-dist/tex/latex/pgf/systemlayer/pgfsys.sty (/home/yuwenhan/Software/texlive/2025/texmf-dist/tex/generic/pgf/systemlayer/pgfsys.code.tex (/home/yuwenhan/Software/texlive/2025/texmf-dist/tex/generic/pgf/utilities/pgfkeys.code.tex (/home/yuwenhan/Software/texlive/2025/texmf-dist/tex/generic/pgf/utilities/pgfkeyslibraryfiltered.code.tex)) (/home/yuwenhan/Software/texlive/2025/texmf-dist/tex/generic/pgf/systemlayer/pgf.cfg) (/home/yuwenhan/Software/texlive/2025/texmf-dist/tex/generic/pgf/systemlayer/pgfsys-pdftex.def (/home/yuwenhan/Software/texlive/2025/texmf-dist/tex/generic/pgf/systemlayer/pgfsys-common-pdf.def))) (/home/yuwenhan/Software/texlive/2025/texmf-dist/tex/generic/pgf/systemlayer/pgfsyssoftpath.code.tex)
(/home/yuwenhan/Software/texlive/2025/texmf-dist/tex/generic/pgf/systemlayer/pgfsysprotocol.code.tex)) (/home/yuwenhan/Software/texlive/2025/texmf-dist/tex/latex/xcolor/xcolor.sty (/home/yuwenhan/Software/texlive/2025/texmf-dist/tex/latex/graphics-cfg/color.cfg) (/home/yuwenhan/Software/texlive/2025/texmf-dist/tex/latex/graphics/mathcolor.ltx)) (/home/yuwenhan/Software/texlive/2025/texmf-dist/tex/generic/pgf/basiclayer/pgfcore.code.tex (/home/yuwenhan/Software/texlive/2025/texmf-dist/tex/generic/pgf/math/pgfmath.code.tex (/home/yuwenhan/Software/texlive/2025/texmf-dist/tex/generic/pgf/math/pgfmathutil.code.tex) (/home/yuwenhan/Software/texlive/2025/texmf-dist/tex/generic/pgf/math/pgfmathparser.code.tex) (/home/yuwenhan/Software/texlive/2025/texmf-dist/tex/generic/pgf/math/pgfmathfunctions.code.tex) (/home/yuwenhan/Software/texlive/2025/texmf-dist/tex/generic/pgf/math/pgfmathfunctions.basic.code.tex)
(/home/yuwenhan/Software/texlive/2025/texmf-dist/tex/generic/pgf/math/pgfmathfunctions.trigonometric.code.tex) (/home/yuwenhan/Software/texlive/2025/texmf-dist/tex/generic/pgf/math/pgfmathfunctions.random.code.tex) (/home/yuwenhan/Software/texlive/2025/texmf-dist/tex/generic/pgf/math/pgfmathfunctions.comparison.code.tex) (/home/yuwenhan/Software/texlive/2025/texmf-dist/tex/generic/pgf/math/pgfmathfunctions.base.code.tex) (/home/yuwenhan/Software/texlive/2025/texmf-dist/tex/generic/pgf/math/pgfmathfunctions.round.code.tex) (/home/yuwenhan/Software/texlive/2025/texmf-dist/tex/generic/pgf/math/pgfmathfunctions.misc.code.tex) (/home/yuwenhan/Software/texlive/2025/texmf-dist/tex/generic/pgf/math/pgfmathfunctions.integerarithmetics.code.tex) (/home/yuwenhan/Software/texlive/2025/texmf-dist/tex/generic/pgf/math/pgfmathcalc.code.tex) (/home/yuwenhan/Software/texlive/2025/texmf-dist/tex/generic/pgf/math/pgfmathfloat.code.tex))
(/home/yuwenhan/Software/texlive/2025/texmf-dist/tex/generic/pgf/math/pgfint.code.tex) (/home/yuwenhan/Software/texlive/2025/texmf-dist/tex/generic/pgf/basiclayer/pgfcorepoints.code.tex) (/home/yuwenhan/Software/texlive/2025/texmf-dist/tex/generic/pgf/basiclayer/pgfcorepathconstruct.code.tex) (/home/yuwenhan/Software/texlive/2025/texmf-dist/tex/generic/pgf/basiclayer/pgfcorepathusage.code.tex) (/home/yuwenhan/Software/texlive/2025/texmf-dist/tex/generic/pgf/basiclayer/pgfcorescopes.code.tex) (/home/yuwenhan/Software/texlive/2025/texmf-dist/tex/generic/pgf/basiclayer/pgfcoregraphicstate.code.tex) (/home/yuwenhan/Software/texlive/2025/texmf-dist/tex/generic/pgf/basiclayer/pgfcoretransformations.code.tex) (/home/yuwenhan/Software/texlive/2025/texmf-dist/tex/generic/pgf/basiclayer/pgfcorequick.code.tex) (/home/yuwenhan/Software/texlive/2025/texmf-dist/tex/generic/pgf/basiclayer/pgfcoreobjects.code.tex)
(/home/yuwenhan/Software/texlive/2025/texmf-dist/tex/generic/pgf/basiclayer/pgfcorepathprocessing.code.tex) (/home/yuwenhan/Software/texlive/2025/texmf-dist/tex/generic/pgf/basiclayer/pgfcorearrows.code.tex) (/home/yuwenhan/Software/texlive/2025/texmf-dist/tex/generic/pgf/basiclayer/pgfcoreshade.code.tex) (/home/yuwenhan/Software/texlive/2025/texmf-dist/tex/generic/pgf/basiclayer/pgfcoreimage.code.tex) (/home/yuwenhan/Software/texlive/2025/texmf-dist/tex/generic/pgf/basiclayer/pgfcoreexternal.code.tex) (/home/yuwenhan/Software/texlive/2025/texmf-dist/tex/generic/pgf/basiclayer/pgfcorelayers.code.tex) (/home/yuwenhan/Software/texlive/2025/texmf-dist/tex/generic/pgf/basiclayer/pgfcoretransparency.code.tex) (/home/yuwenhan/Software/texlive/2025/texmf-dist/tex/generic/pgf/basiclayer/pgfcorepatterns.code.tex) (/home/yuwenhan/Software/texlive/2025/texmf-dist/tex/generic/pgf/basiclayer/pgfcorerdf.code.tex)))
(/home/yuwenhan/Software/texlive/2025/texmf-dist/tex/generic/pgf/modules/pgfmoduleshapes.code.tex) (/home/yuwenhan/Software/texlive/2025/texmf-dist/tex/generic/pgf/modules/pgfmoduleplot.code.tex) (/home/yuwenhan/Software/texlive/2025/texmf-dist/tex/latex/pgf/compatibility/pgfcomp-version-0-65.sty) (/home/yuwenhan/Software/texlive/2025/texmf-dist/tex/latex/pgf/compatibility/pgfcomp-version-1-18.sty)) (/home/yuwenhan/Software/texlive/2025/texmf-dist/tex/latex/pgf/utilities/pgffor.sty (/home/yuwenhan/Software/texlive/2025/texmf-dist/tex/latex/pgf/utilities/pgfkeys.sty (/home/yuwenhan/Software/texlive/2025/texmf-dist/tex/generic/pgf/utilities/pgfkeys.code.tex)) (/home/yuwenhan/Software/texlive/2025/texmf-dist/tex/latex/pgf/math/pgfmath.sty (/home/yuwenhan/Software/texlive/2025/texmf-dist/tex/generic/pgf/math/pgfmath.code.tex)) (/home/yuwenhan/Software/texlive/2025/texmf-dist/tex/generic/pgf/utilities/pgffor.code.tex))
(/home/yuwenhan/Software/texlive/2025/texmf-dist/tex/generic/pgf/frontendlayer/tikz/tikz.code.tex (/home/yuwenhan/Software/texlive/2025/texmf-dist/tex/generic/pgf/libraries/pgflibraryplothandlers.code.tex) (/home/yuwenhan/Software/texlive/2025/texmf-dist/tex/generic/pgf/modules/pgfmodulematrix.code.tex) (/home/yuwenhan/Software/texlive/2025/texmf-dist/tex/generic/pgf/frontendlayer/tikz/libraries/tikzlibrarytopaths.code.tex))) (/home/yuwenhan/Software/texlive/2025/texmf-dist/tex/latex/pgfplots/pgfplots.sty (/home/yuwenhan/Software/texlive/2025/texmf-dist/tex/generic/pgfplots/pgfplots.revision.tex) (/home/yuwenhan/Software/texlive/2025/texmf-dist/tex/generic/pgfplots/pgfplots.code.tex (/home/yuwenhan/Software/texlive/2025/texmf-dist/tex/generic/pgfplots/pgfplotscore.code.tex (/home/yuwenhan/Software/texlive/2025/texmf-dist/tex/generic/pgfplots/sys/pgfplotssysgeneric.code.tex)) (/home/yuwenhan/Software/texlive/2025/texmf-dist/tex/generic/pgfplots/libs/pgfplotslibrary.code.tex)
(/home/yuwenhan/Software/texlive/2025/texmf-dist/tex/generic/pgfplots/oldpgfcompatib/pgfplotsoldpgfsupp_loader.code.tex (/home/yuwenhan/Software/texlive/2025/texmf-dist/tex/generic/pgf/libraries/pgflibraryfpu.code.tex)
Package pgfplots: loading complementary utilities for your pgf version...
(/home/yuwenhan/Software/texlive/2025/texmf-dist/tex/generic/pgfplots/oldpgfcompatib/pgfplotsoldpgfsupp_pgfutil-common-lists.tex)) (/home/yuwenhan/Software/texlive/2025/texmf-dist/tex/generic/pgfplots/util/pgfplotsutil.code.tex (/home/yuwenhan/Software/texlive/2025/texmf-dist/tex/generic/pgfplots/liststructure/pgfplotsliststructure.code.tex) (/home/yuwenhan/Software/texlive/2025/texmf-dist/tex/generic/pgfplots/liststructure/pgfplotsliststructureext.code.tex) (/home/yuwenhan/Software/texlive/2025/texmf-dist/tex/generic/pgfplots/liststructure/pgfplotsarray.code.tex) (/home/yuwenhan/Software/texlive/2025/texmf-dist/tex/generic/pgfplots/liststructure/pgfplotsmatrix.code.tex) (/home/yuwenhan/Software/texlive/2025/texmf-dist/tex/generic/pgfplots/numtable/pgfplotstableshared.code.tex) (/home/yuwenhan/Software/texlive/2025/texmf-dist/tex/generic/pgfplots/liststructure/pgfplotsdeque.code.tex) (/home/yuwenhan/Software/texlive/2025/texmf-dist/tex/generic/pgfplots/util/pgfplotsbinary.code.tex
(/home/yuwenhan/Software/texlive/2025/texmf-dist/tex/generic/pgfplots/util/pgfplotsbinary.data.code.tex)) (/home/yuwenhan/Software/texlive/2025/texmf-dist/tex/generic/pgfplots/util/pgfplotsutil.verb.code.tex) (/home/yuwenhan/Software/texlive/2025/texmf-dist/tex/generic/pgfplots/libs/pgflibrarypgfplots.surfshading.code.tex (/home/yuwenhan/Software/texlive/2025/texmf-dist/tex/generic/pgfplots/sys/pgflibrarypgfplots.surfshading.pgfsys-pdftex.def))) (/home/yuwenhan/Software/texlive/2025/texmf-dist/tex/generic/pgfplots/util/pgfplotscolormap.code.tex (/home/yuwenhan/Software/texlive/2025/texmf-dist/tex/generic/pgfplots/util/pgfplotscolor.code.tex)) (/home/yuwenhan/Software/texlive/2025/texmf-dist/tex/generic/pgfplots/pgfplotsstackedplots.code.tex) (/home/yuwenhan/Software/texlive/2025/texmf-dist/tex/generic/pgfplots/pgfplotsplothandlers.code.tex (/home/yuwenhan/Software/texlive/2025/texmf-dist/tex/generic/pgfplots/pgfplotsmeshplothandler.code.tex
(/home/yuwenhan/Software/texlive/2025/texmf-dist/tex/generic/pgfplots/pgfplotsmeshplotimage.code.tex))) (/home/yuwenhan/Software/texlive/2025/texmf-dist/tex/generic/pgfplots/pgfplots.scaling.code.tex) (/home/yuwenhan/Software/texlive/2025/texmf-dist/tex/generic/pgfplots/pgfplotscoordprocessing.code.tex) (/home/yuwenhan/Software/texlive/2025/texmf-dist/tex/generic/pgfplots/pgfplots.errorbars.code.tex) (/home/yuwenhan/Software/texlive/2025/texmf-dist/tex/generic/pgfplots/pgfplots.markers.code.tex) (/home/yuwenhan/Software/texlive/2025/texmf-dist/tex/generic/pgfplots/pgfplotsticks.code.tex) (/home/yuwenhan/Software/texlive/2025/texmf-dist/tex/generic/pgfplots/pgfplots.paths.code.tex) (/home/yuwenhan/Software/texlive/2025/texmf-dist/tex/generic/pgf/frontendlayer/tikz/libraries/tikzlibrarydecorations.code.tex (/home/yuwenhan/Software/texlive/2025/texmf-dist/tex/generic/pgf/modules/pgfmoduledecorations.code.tex))
(/home/yuwenhan/Software/texlive/2025/texmf-dist/tex/generic/pgf/frontendlayer/tikz/libraries/tikzlibrarydecorations.pathmorphing.code.tex (/home/yuwenhan/Software/texlive/2025/texmf-dist/tex/generic/pgf/libraries/decorations/pgflibrarydecorations.pathmorphing.code.tex)) (/home/yuwenhan/Software/texlive/2025/texmf-dist/tex/generic/pgf/frontendlayer/tikz/libraries/tikzlibrarydecorations.pathreplacing.code.tex (/home/yuwenhan/Software/texlive/2025/texmf-dist/tex/generic/pgf/libraries/decorations/pgflibrarydecorations.pathreplacing.code.tex)) (/home/yuwenhan/Software/texlive/2025/texmf-dist/tex/generic/pgfplots/libs/tikzlibrarypgfplots.contourlua.code.tex)) (/home/yuwenhan/Software/texlive/2025/texmf-dist/tex/generic/pgf/frontendlayer/tikz/libraries/tikzlibraryplotmarks.code.tex (/home/yuwenhan/Software/texlive/2025/texmf-dist/tex/generic/pgf/libraries/pgflibraryplotmarks.code.tex))) (/home/yuwenhan/Software/texlive/2025/texmf-dist/tex/latex/l3backend/l3backend-pdftex.def)
(./tmpi9ye_wp8.aux) (/home/yuwenhan/Software/texlive/2025/texmf-dist/tex/context/base/mkii/supp-pdf.mkii
[Loading MPS to PDF converter (version 2006.09.02).]
) (/home/yuwenhan/Software/texlive/2025/texmf-dist/tex/latex/epstopdf-pkg/epstopdf-base.sty (/home/yuwenhan/Software/texlive/2025/texmf-dist/tex/latex/latexconfig/epstopdf-sys.cfg))

Package pgfplots Warning: running in backwards compatibility mode (unsuitable tick labels; missing features). Consider writing \pgfplotsset{compat=1.18} into your preamble.
 on input line 9.

)
Runaway argument?
nodeat (0.5,2.5) [anchor=south west] {9 
! File ended while scanning use of \path.
<inserted text> 
                \par 
<*> /tmp/tmps90tsrrs/tmpi9ye_wp8
                                
! Emergency stop.
<*> /tmp/tmps90tsrrs/tmpi9ye_wp8
                                
!  ==> Fatal error occurred, no output PDF file produced!
Transcript written on tmpi9ye_wp8.log.
Latexmk: Getting log file 'tmpi9ye_wp8.log'
Latexmk: Examining 'tmpi9ye_wp8.fls'
Latexmk: Examining 'tmpi9ye_wp8.log'
Latexmk: Summary of warnings from last run of *latex:
  =====Latex reported missing or unavailable character(s).
=====See log file for details.
Latexmk: Errors, in force_mode: so I tried finishing targets
Collected error summary (may duplicate other messages):
  pdflatex: Command for 'pdflatex' gave return code 1
      Refer to 'tmpi9ye_wp8.log' and/or above output for details

